[0.390s] Invoking command in '/home/sione/ros2_hull/build/wheeltec_gps_path': CMAKE_PREFIX_PATH=/opt/ros/humble /usr/bin/cmake /home/sione/ros2_hull/src/wheeltec_gps_path -DAMENT_CMAKE_SYMLINK_INSTALL=1 -DCMAKE_INSTALL_PREFIX=/home/sione/ros2_hull/install/wheeltec_gps_path
[0.401s] -- Found ament_cmake: 1.3.14 (/opt/ros/humble/share/ament_cmake/cmake)
[0.508s] -- Override CMake install command with custom implementation using symlinks instead of copying resources
[0.514s] -- Found geometry_msgs: 4.9.1 (/opt/ros/humble/share/geometry_msgs/cmake)
[0.538s] -- Found rosidl_generator_c: 3.1.8 (/opt/ros/humble/share/rosidl_generator_c/cmake)
[0.541s] -- Found rosidl_adapter: 3.1.8 (/opt/ros/humble/share/rosidl_adapter/cmake)
[0.549s] -- Found rosidl_generator_cpp: 3.1.8 (/opt/ros/humble/share/rosidl_generator_cpp/cmake)
[0.558s] -- Using all available rosidl_typesupport_c: rosidl_typesupport_fastrtps_c;rosidl_typesupport_introspection_c
[0.570s] -- Using all available rosidl_typesupport_cpp: rosidl_typesupport_fastrtps_cpp;rosidl_typesupport_introspection_cpp
[0.604s] -- Found nav_msgs: 4.9.1 (/opt/ros/humble/share/nav_msgs/cmake)
[0.620s] -- Found rclcpp: 16.0.19 (/opt/ros/humble/share/rclcpp/cmake)
[0.647s] -- Found rmw_implementation_cmake: 6.1.2 (/opt/ros/humble/share/rmw_implementation_cmake/cmake)
[0.648s] -- Found rmw_fastrtps_cpp: 6.2.10 (/opt/ros/humble/share/rmw_fastrtps_cpp/cmake)
[0.752s] -- Using RMW implementation 'rmw_fastrtps_cpp' as default
[0.807s] -- Found rclpy: 3.3.21 (/opt/ros/humble/share/rclpy/cmake)
[0.808s] -- Found sensor_msgs: 4.9.1 (/opt/ros/humble/share/sensor_msgs/cmake)
[0.824s] -- Found tf2_geometry_msgs: 0.25.20 (/opt/ros/humble/share/tf2_geometry_msgs/cmake)
[0.828s] -- Found eigen3_cmake_module: 0.1.1 (/opt/ros/humble/share/eigen3_cmake_module/cmake)
[0.829s] -- Ensuring Eigen3 include directory is part of orocos-kdl CMake target
[0.916s] -- Found ament_lint_auto: 0.12.15 (/opt/ros/humble/share/ament_lint_auto/cmake)
[0.986s] -- Added test 'copyright' to check source files copyright and LICENSE
[0.987s] -- Added test 'cppcheck' to perform static code analysis on C / C++ code
[0.987s] -- Configured cppcheck include dirs: /home/sione/ros2_hull/src/wheeltec_gps_path/include
[0.987s] -- Configured cppcheck exclude dirs and/or files: 
[0.988s] -- Added test 'cpplint' to check C / C++ code against the Google style
[0.988s] -- Configured cpplint exclude dirs and/or files: 
[0.989s] -- Added test 'flake8' to check Python code syntax and style conventions
[0.989s] -- Added test 'lint_cmake' to check CMake code style
[0.990s] -- Added test 'pep257' to check Python code against some of the docstring style conventions in PEP 257
[0.991s] -- Added test 'uncrustify' to check C / C++ code style
[0.991s] -- Configured uncrustify additional arguments: 
[0.991s] -- Added test 'xmllint' to check XML markup files
[0.992s] -- Configuring done
[1.007s] -- Generating done
[1.010s] -- Build files have been written to: /home/sione/ros2_hull/build/wheeltec_gps_path
