running egg_info
writing ../../build/hull_navigation/hull_navigation.egg-info/PKG-INFO
writing dependency_links to ../../build/hull_navigation/hull_navigation.egg-info/dependency_links.txt
writing entry points to ../../build/hull_navigation/hull_navigation.egg-info/entry_points.txt
writing requirements to ../../build/hull_navigation/hull_navigation.egg-info/requires.txt
writing top-level names to ../../build/hull_navigation/hull_navigation.egg-info/top_level.txt
reading manifest file '../../build/hull_navigation/hull_navigation.egg-info/SOURCES.txt'
writing manifest file '../../build/hull_navigation/hull_navigation.egg-info/SOURCES.txt'
running build
running build_py
copying hull_navigation/gps_imu_fusion_node.py -> /home/sione/ros2_hull/build/hull_navigation/build/lib/hull_navigation
running install
running install_lib
copying /home/sione/ros2_hull/build/hull_navigation/build/lib/hull_navigation/gps_imu_fusion_node.py -> /home/sione/ros2_hull/install/hull_navigation/lib/python3.10/site-packages/hull_navigation
byte-compiling /home/sione/ros2_hull/install/hull_navigation/lib/python3.10/site-packages/hull_navigation/gps_imu_fusion_node.py to gps_imu_fusion_node.cpython-310.pyc
running install_data
copying launch/navigation.launch.py -> /home/sione/ros2_hull/install/hull_navigation/share/hull_navigation/launch
running install_egg_info
removing '/home/sione/ros2_hull/install/hull_navigation/lib/python3.10/site-packages/hull_navigation-0.1.0-py3.10.egg-info' (and everything under it)
Copying ../../build/hull_navigation/hull_navigation.egg-info to /home/sione/ros2_hull/install/hull_navigation/lib/python3.10/site-packages/hull_navigation-0.1.0-py3.10.egg-info
running install_scripts
Installing gps_imu_fusion_node script to /home/sione/ros2_hull/install/hull_navigation/lib/hull_navigation
writing list of installed files to '/home/sione/ros2_hull/build/hull_navigation/install.log'
