[0.402s] Invoking command in '/home/sione/ros2_hull/src/hull_serial': PYTHONPATH=/home/sione/ros2_hull/build/hull_serial/prefix_override:/usr/lib/python3/dist-packages/colcon_core/task/python/colcon_distutils_commands:/home/sione/ros2_hull/install/hull_serial/lib/python3.10/site-packages:${PYTHONPATH} /usr/bin/python3 -W ignore:setup.py install is deprecated -W ignore:easy_install command is deprecated setup.py egg_info --egg-base ../../build/hull_serial build --build-base /home/sione/ros2_hull/build/hull_serial/build install --record /home/sione/ros2_hull/build/hull_serial/install.log --single-version-externally-managed install_data
[0.566s] running egg_info
[0.566s] writing ../../build/hull_serial/hull_serial.egg-info/PKG-INFO
[0.566s] writing dependency_links to ../../build/hull_serial/hull_serial.egg-info/dependency_links.txt
[0.566s] writing entry points to ../../build/hull_serial/hull_serial.egg-info/entry_points.txt
[0.566s] writing requirements to ../../build/hull_serial/hull_serial.egg-info/requires.txt
[0.566s] writing top-level names to ../../build/hull_serial/hull_serial.egg-info/top_level.txt
[0.568s] reading manifest file '../../build/hull_serial/hull_serial.egg-info/SOURCES.txt'
[0.570s] writing manifest file '../../build/hull_serial/hull_serial.egg-info/SOURCES.txt'
[0.570s] running build
[0.570s] running build_py
[0.570s] copying hull_serial/imu_odometry_integrator.py -> /home/sione/ros2_hull/build/hull_serial/build/lib/hull_serial
[0.570s] copying hull_serial/__init__.py -> /home/sione/ros2_hull/build/hull_serial/build/lib/hull_serial
[0.570s] copying hull_serial/gx_frame_parser.py -> /home/sione/ros2_hull/build/hull_serial/build/lib/hull_serial
[0.570s] copying hull_serial/imu_frame_adapter.py -> /home/sione/ros2_hull/build/hull_serial/build/lib/hull_serial
[0.570s] running install
[0.571s] running install_lib
[0.571s] copying /home/sione/ros2_hull/build/hull_serial/build/lib/hull_serial/imu_odometry_integrator.py -> /home/sione/ros2_hull/install/hull_serial/lib/python3.10/site-packages/hull_serial
[0.571s] copying /home/sione/ros2_hull/build/hull_serial/build/lib/hull_serial/__init__.py -> /home/sione/ros2_hull/install/hull_serial/lib/python3.10/site-packages/hull_serial
[0.571s] copying /home/sione/ros2_hull/build/hull_serial/build/lib/hull_serial/gx_frame_parser.py -> /home/sione/ros2_hull/install/hull_serial/lib/python3.10/site-packages/hull_serial
[0.571s] copying /home/sione/ros2_hull/build/hull_serial/build/lib/hull_serial/imu_frame_adapter.py -> /home/sione/ros2_hull/install/hull_serial/lib/python3.10/site-packages/hull_serial
[0.572s] byte-compiling /home/sione/ros2_hull/install/hull_serial/lib/python3.10/site-packages/hull_serial/imu_odometry_integrator.py to imu_odometry_integrator.cpython-310.pyc
[0.574s] byte-compiling /home/sione/ros2_hull/install/hull_serial/lib/python3.10/site-packages/hull_serial/__init__.py to __init__.cpython-310.pyc
[0.574s] byte-compiling /home/sione/ros2_hull/install/hull_serial/lib/python3.10/site-packages/hull_serial/gx_frame_parser.py to gx_frame_parser.cpython-310.pyc
[0.575s] byte-compiling /home/sione/ros2_hull/install/hull_serial/lib/python3.10/site-packages/hull_serial/imu_frame_adapter.py to imu_frame_adapter.cpython-310.pyc
[0.576s] running install_data
[0.576s] copying resource/hull_serial -> /home/sione/ros2_hull/install/hull_serial/share/ament_index/resource_index/packages
[0.577s] copying package.xml -> /home/sione/ros2_hull/install/hull_serial/share/hull_serial
[0.577s] copying launch/serial_imu.launch.py -> /home/sione/ros2_hull/install/hull_serial/share/hull_serial/launch
[0.577s] copying config/serial_imu.yaml -> /home/sione/ros2_hull/install/hull_serial/share/hull_serial/config
[0.577s] running install_egg_info
[0.579s] removing '/home/sione/ros2_hull/install/hull_serial/lib/python3.10/site-packages/hull_serial-0.1.0-py3.10.egg-info' (and everything under it)
[0.579s] Copying ../../build/hull_serial/hull_serial.egg-info to /home/sione/ros2_hull/install/hull_serial/lib/python3.10/site-packages/hull_serial-0.1.0-py3.10.egg-info
[0.579s] running install_scripts
[0.598s] Installing serial_imu_node script to /home/sione/ros2_hull/install/hull_serial/lib/hull_serial
[0.599s] writing list of installed files to '/home/sione/ros2_hull/build/hull_serial/install.log'
[0.625s] Invoked command in '/home/sione/ros2_hull/src/hull_serial' returned '0': PYTHONPATH=/home/sione/ros2_hull/build/hull_serial/prefix_override:/usr/lib/python3/dist-packages/colcon_core/task/python/colcon_distutils_commands:/home/sione/ros2_hull/install/hull_serial/lib/python3.10/site-packages:${PYTHONPATH} /usr/bin/python3 -W ignore:setup.py install is deprecated -W ignore:easy_install command is deprecated setup.py egg_info --egg-base ../../build/hull_serial build --build-base /home/sione/ros2_hull/build/hull_serial/build install --record /home/sione/ros2_hull/build/hull_serial/install.log --single-version-externally-managed install_data
