[0.589s] Invoking command in '/home/sione/ros2_hull/src/hull_serial': PYTHONPATH=/home/sione/ros2_hull/build/hull_serial/prefix_override:/usr/lib/python3/dist-packages/colcon_core/task/python/colcon_distutils_commands:/home/sione/ros2_hull/install/hull_serial/lib/python3.10/site-packages:${PYTHONPATH} /usr/bin/python3 -W ignore:setup.py install is deprecated -W ignore:easy_install command is deprecated setup.py egg_info --egg-base ../../build/hull_serial build --build-base /home/sione/ros2_hull/build/hull_serial/build install --record /home/sione/ros2_hull/build/hull_serial/install.log --single-version-externally-managed install_data
[0.805s] running egg_info
[0.805s] writing ../../build/hull_serial/hull_serial.egg-info/PKG-INFO
[0.806s] writing dependency_links to ../../build/hull_serial/hull_serial.egg-info/dependency_links.txt
[0.806s] writing entry points to ../../build/hull_serial/hull_serial.egg-info/entry_points.txt
[0.806s] writing requirements to ../../build/hull_serial/hull_serial.egg-info/requires.txt
[0.806s] writing top-level names to ../../build/hull_serial/hull_serial.egg-info/top_level.txt
[0.807s] reading manifest file '../../build/hull_serial/hull_serial.egg-info/SOURCES.txt'
[0.809s] writing manifest file '../../build/hull_serial/hull_serial.egg-info/SOURCES.txt'
[0.809s] running build
[0.809s] running build_py
[0.809s] copying hull_serial/imu_odometry_integrator.py -> /home/sione/ros2_hull/build/hull_serial/build/lib/hull_serial
[0.809s] copying hull_serial/serial_imu_node.py -> /home/sione/ros2_hull/build/hull_serial/build/lib/hull_serial
[0.809s] running install
[0.810s] running install_lib
[0.810s] copying /home/sione/ros2_hull/build/hull_serial/build/lib/hull_serial/imu_odometry_integrator.py -> /home/sione/ros2_hull/install/hull_serial/lib/python3.10/site-packages/hull_serial
[0.810s] copying /home/sione/ros2_hull/build/hull_serial/build/lib/hull_serial/serial_imu_node.py -> /home/sione/ros2_hull/install/hull_serial/lib/python3.10/site-packages/hull_serial
[0.811s] byte-compiling /home/sione/ros2_hull/install/hull_serial/lib/python3.10/site-packages/hull_serial/imu_odometry_integrator.py to imu_odometry_integrator.cpython-310.pyc
[0.812s] byte-compiling /home/sione/ros2_hull/install/hull_serial/lib/python3.10/site-packages/hull_serial/serial_imu_node.py to serial_imu_node.cpython-310.pyc
[0.814s] running install_data
[0.814s] copying config/serial_imu.yaml -> /home/sione/ros2_hull/install/hull_serial/share/hull_serial/config
[0.814s] copying config/serial_imu.rviz -> /home/sione/ros2_hull/install/hull_serial/share/hull_serial/config
[0.814s] running install_egg_info
[0.816s] removing '/home/sione/ros2_hull/install/hull_serial/lib/python3.10/site-packages/hull_serial-0.1.0-py3.10.egg-info' (and everything under it)
[0.816s] Copying ../../build/hull_serial/hull_serial.egg-info to /home/sione/ros2_hull/install/hull_serial/lib/python3.10/site-packages/hull_serial-0.1.0-py3.10.egg-info
[0.817s] running install_scripts
[0.838s] Installing serial_imu_node script to /home/sione/ros2_hull/install/hull_serial/lib/hull_serial
[0.838s] writing list of installed files to '/home/sione/ros2_hull/build/hull_serial/install.log'
[0.863s] Invoked command in '/home/sione/ros2_hull/src/hull_serial' returned '0': PYTHONPATH=/home/sione/ros2_hull/build/hull_serial/prefix_override:/usr/lib/python3/dist-packages/colcon_core/task/python/colcon_distutils_commands:/home/sione/ros2_hull/install/hull_serial/lib/python3.10/site-packages:${PYTHONPATH} /usr/bin/python3 -W ignore:setup.py install is deprecated -W ignore:easy_install command is deprecated setup.py egg_info --egg-base ../../build/hull_serial build --build-base /home/sione/ros2_hull/build/hull_serial/build install --record /home/sione/ros2_hull/build/hull_serial/install.log --single-version-externally-managed install_data
