/home/sione/ros2_hull/install/hull_serial/lib/python3.10/site-packages/hull_serial/imu_odometry_integrator.py
/home/sione/ros2_hull/install/hull_serial/lib/python3.10/site-packages/hull_serial/__init__.py
/home/sione/ros2_hull/install/hull_serial/lib/python3.10/site-packages/hull_serial/gx_frame_parser.py
/home/sione/ros2_hull/install/hull_serial/lib/python3.10/site-packages/hull_serial/imu_frame_adapter.py
/home/sione/ros2_hull/install/hull_serial/lib/python3.10/site-packages/hull_serial/serial_imu_node.py
/home/sione/ros2_hull/install/hull_serial/lib/python3.10/site-packages/hull_serial/__pycache__/imu_odometry_integrator.cpython-310.pyc
/home/sione/ros2_hull/install/hull_serial/lib/python3.10/site-packages/hull_serial/__pycache__/__init__.cpython-310.pyc
/home/sione/ros2_hull/install/hull_serial/lib/python3.10/site-packages/hull_serial/__pycache__/gx_frame_parser.cpython-310.pyc
/home/sione/ros2_hull/install/hull_serial/lib/python3.10/site-packages/hull_serial/__pycache__/imu_frame_adapter.cpython-310.pyc
/home/sione/ros2_hull/install/hull_serial/lib/python3.10/site-packages/hull_serial/__pycache__/serial_imu_node.cpython-310.pyc
/home/sione/ros2_hull/install/hull_serial/share/ament_index/resource_index/packages/hull_serial
/home/sione/ros2_hull/install/hull_serial/share/hull_serial/package.xml
/home/sione/ros2_hull/install/hull_serial/share/hull_serial/launch/serial_imu.launch.py
/home/sione/ros2_hull/install/hull_serial/share/hull_serial/config/serial_imu.yaml
/home/sione/ros2_hull/install/hull_serial/share/hull_serial/config/serial_imu.rviz
/home/sione/ros2_hull/install/hull_serial/share/hull_serial/config/serial_imu_nav.yaml
/home/sione/ros2_hull/install/hull_serial/lib/python3.10/site-packages/hull_serial-0.1.0-py3.10.egg-info/entry_points.txt
/home/sione/ros2_hull/install/hull_serial/lib/python3.10/site-packages/hull_serial-0.1.0-py3.10.egg-info/SOURCES.txt
/home/sione/ros2_hull/install/hull_serial/lib/python3.10/site-packages/hull_serial-0.1.0-py3.10.egg-info/top_level.txt
/home/sione/ros2_hull/install/hull_serial/lib/python3.10/site-packages/hull_serial-0.1.0-py3.10.egg-info/requires.txt
/home/sione/ros2_hull/install/hull_serial/lib/python3.10/site-packages/hull_serial-0.1.0-py3.10.egg-info/PKG-INFO
/home/sione/ros2_hull/install/hull_serial/lib/python3.10/site-packages/hull_serial-0.1.0-py3.10.egg-info/dependency_links.txt
/home/sione/ros2_hull/install/hull_serial/lib/python3.10/site-packages/hull_serial-0.1.0-py3.10.egg-info/zip-safe
/home/sione/ros2_hull/install/hull_serial/lib/hull_serial/serial_imu_node
