[0.494s] Invoking command in '/home/sione/ros2_hull/src/hull_navigation': AMENT_PREFIX_PATH=/home/sione/ros2_hull/install/nmea_navsat_driver:/home/sione/ros2_hull/install/hull_serial:/home/sione/ros2_hull/install/hull_navigation:/home/sione/ros2_hull/install/wheeltec_gps_path:/home/sione/ros2_hull/install/nmea_msgs:/opt/ros/humble PYTHONPATH=/home/sione/ros2_hull/build/hull_navigation/prefix_override:/usr/lib/python3/dist-packages/colcon_core/task/python/colcon_distutils_commands:/home/sione/ros2_hull/install/hull_navigation/lib/python3.10/site-packages:/home/sione/ros2_hull/build/nmea_navsat_driver/src:/home/sione/ros2_hull/install/nmea_navsat_driver/lib/python3.10/site-packages:/home/sione/ros2_hull/build/hull_serial:/home/sione/ros2_hull/install/hull_serial/lib/python3.10/site-packages:/home/sione/ros2_hull/install/hull_navigation/lib/python3.10/site-packages:/home/sione/ros2_hull/install/nmea_msgs/local/lib/python3.10/dist-packages:/opt/ros/humble/lib/python3.10/site-packages:/opt/ros/humble/local/lib/python3.10/dist-packages /usr/bin/python3 -W ignore:setup.py install is deprecated -W ignore:easy_install command is deprecated setup.py egg_info --egg-base ../../build/hull_navigation build --build-base /home/sione/ros2_hull/build/hull_navigation/build install --record /home/sione/ros2_hull/build/hull_navigation/install.log --single-version-externally-managed install_data
[0.672s] running egg_info
[0.673s] writing ../../build/hull_navigation/hull_navigation.egg-info/PKG-INFO
[0.673s] writing dependency_links to ../../build/hull_navigation/hull_navigation.egg-info/dependency_links.txt
[0.673s] writing entry points to ../../build/hull_navigation/hull_navigation.egg-info/entry_points.txt
[0.673s] writing requirements to ../../build/hull_navigation/hull_navigation.egg-info/requires.txt
[0.673s] writing top-level names to ../../build/hull_navigation/hull_navigation.egg-info/top_level.txt
[0.674s] reading manifest file '../../build/hull_navigation/hull_navigation.egg-info/SOURCES.txt'
[0.675s] writing manifest file '../../build/hull_navigation/hull_navigation.egg-info/SOURCES.txt'
[0.675s] running build
[0.675s] running build_py
[0.675s] copying hull_navigation/gps_goal_bridge_node.py -> /home/sione/ros2_hull/build/hull_navigation/build/lib/hull_navigation
[0.676s] copying hull_navigation/geo_utils.py -> /home/sione/ros2_hull/build/hull_navigation/build/lib/hull_navigation
[0.676s] running install
[0.676s] running install_lib
[0.677s] copying /home/sione/ros2_hull/build/hull_navigation/build/lib/hull_navigation/gps_goal_bridge_node.py -> /home/sione/ros2_hull/install/hull_navigation/lib/python3.10/site-packages/hull_navigation
[0.677s] copying /home/sione/ros2_hull/build/hull_navigation/build/lib/hull_navigation/geo_utils.py -> /home/sione/ros2_hull/install/hull_navigation/lib/python3.10/site-packages/hull_navigation
[0.678s] byte-compiling /home/sione/ros2_hull/install/hull_navigation/lib/python3.10/site-packages/hull_navigation/gps_goal_bridge_node.py to gps_goal_bridge_node.cpython-310.pyc
[0.680s] byte-compiling /home/sione/ros2_hull/install/hull_navigation/lib/python3.10/site-packages/hull_navigation/geo_utils.py to geo_utils.cpython-310.pyc
[0.681s] running install_data
[0.681s] copying config/navigation.yaml -> /home/sione/ros2_hull/install/hull_navigation/share/hull_navigation/config
[0.681s] running install_egg_info
[0.684s] removing '/home/sione/ros2_hull/install/hull_navigation/lib/python3.10/site-packages/hull_navigation-0.2.0-py3.10.egg-info' (and everything under it)
[0.684s] Copying ../../build/hull_navigation/hull_navigation.egg-info to /home/sione/ros2_hull/install/hull_navigation/lib/python3.10/site-packages/hull_navigation-0.2.0-py3.10.egg-info
[0.684s] running install_scripts
[0.702s] Installing cmd_vel_stub_node script to /home/sione/ros2_hull/install/hull_navigation/lib/hull_navigation
[0.702s] Installing gps_goal_bridge_node script to /home/sione/ros2_hull/install/hull_navigation/lib/hull_navigation
[0.702s] Installing gps_imu_fusion_node script to /home/sione/ros2_hull/install/hull_navigation/lib/hull_navigation
[0.703s] Installing gps_navigator_node script to /home/sione/ros2_hull/install/hull_navigation/lib/hull_navigation
[0.703s] Installing gps_velocity_adapter_node script to /home/sione/ros2_hull/install/hull_navigation/lib/hull_navigation
[0.703s] Installing send_nav_goal script to /home/sione/ros2_hull/install/hull_navigation/lib/hull_navigation
[0.703s] writing list of installed files to '/home/sione/ros2_hull/build/hull_navigation/install.log'
[0.727s] Invoked command in '/home/sione/ros2_hull/src/hull_navigation' returned '0': AMENT_PREFIX_PATH=/home/sione/ros2_hull/install/nmea_navsat_driver:/home/sione/ros2_hull/install/hull_serial:/home/sione/ros2_hull/install/hull_navigation:/home/sione/ros2_hull/install/wheeltec_gps_path:/home/sione/ros2_hull/install/nmea_msgs:/opt/ros/humble PYTHONPATH=/home/sione/ros2_hull/build/hull_navigation/prefix_override:/usr/lib/python3/dist-packages/colcon_core/task/python/colcon_distutils_commands:/home/sione/ros2_hull/install/hull_navigation/lib/python3.10/site-packages:/home/sione/ros2_hull/build/nmea_navsat_driver/src:/home/sione/ros2_hull/install/nmea_navsat_driver/lib/python3.10/site-packages:/home/sione/ros2_hull/build/hull_serial:/home/sione/ros2_hull/install/hull_serial/lib/python3.10/site-packages:/home/sione/ros2_hull/install/hull_navigation/lib/python3.10/site-packages:/home/sione/ros2_hull/install/nmea_msgs/local/lib/python3.10/dist-packages:/opt/ros/humble/lib/python3.10/site-packages:/opt/ros/humble/local/lib/python3.10/dist-packages /usr/bin/python3 -W ignore:setup.py install is deprecated -W ignore:easy_install command is deprecated setup.py egg_info --egg-base ../../build/hull_navigation build --build-base /home/sione/ros2_hull/build/hull_navigation/build install --record /home/sione/ros2_hull/build/hull_navigation/install.log --single-version-externally-managed install_data
