[0.080s] DEBUG:colcon:Command line arguments: ['/usr/bin/colcon', 'build', '--packages-select', 'wheeltec_gps_path']
[0.080s] DEBUG:colcon:Parsed command line arguments: Namespace(log_base=None, log_level=None, verb_name='build', build_base='build', install_base='install', merge_install=False, symlink_install=False, test_result_base=None, continue_on_error=False, executor='parallel', parallel_workers=16, event_handlers=None, ignore_user_meta=False, metas=['./colcon.meta'], base_paths=['.'], packages_ignore=None, packages_ignore_regex=None, paths=None, packages_up_to=None, packages_up_to_regex=None, packages_above=None, packages_above_and_dependencies=None, packages_above_depth=None, packages_select_by_dep=None, packages_skip_by_dep=None, packages_skip_up_to=None, packages_select_build_failed=False, packages_skip_build_finished=False, packages_select_test_failures=False, packages_skip_test_passed=False, packages_select=['wheeltec_gps_path'], packages_skip=None, packages_select_regex=None, packages_skip_regex=None, packages_start=None, packages_end=None, allow_overriding=[], cmake_args=None, cmake_target=None, cmake_target_skip_unavailable=False, cmake_clean_cache=False, cmake_clean_first=False, cmake_force_configure=False, ament_cmake_args=None, catkin_cmake_args=None, catkin_skip_building_tests=False, verb_parser=<colcon_defaults.argument_parser.defaults.DefaultArgumentsDecorator object at 0x7c43fbe60430>, verb_extension=<colcon_core.verb.build.BuildVerb object at 0x7c43fbe2fdf0>, main=<bound method BuildVerb.main of <colcon_core.verb.build.BuildVerb object at 0x7c43fbe2fdf0>>)
[0.193s] Level 1:colcon.colcon_core.package_discovery:discover_packages(colcon_meta) check parameters
[0.193s] Level 1:colcon.colcon_core.package_discovery:discover_packages(recursive) check parameters
[0.193s] Level 1:colcon.colcon_core.package_discovery:discover_packages(ignore) check parameters
[0.193s] Level 1:colcon.colcon_core.package_discovery:discover_packages(path) check parameters
[0.193s] Level 1:colcon.colcon_core.package_discovery:discover_packages(colcon_meta) discover
[0.194s] Level 1:colcon.colcon_core.package_discovery:discover_packages(recursive) discover
[0.194s] INFO:colcon.colcon_core.package_discovery:Crawling recursively for packages in '/home/sione/ros2_hull'
[0.194s] Level 1:colcon.colcon_core.package_identification:_identify(.) by extensions ['ignore', 'ignore_ament_install']
[0.194s] Level 1:colcon.colcon_core.package_identification:_identify(.) by extension 'ignore'
[0.194s] Level 1:colcon.colcon_core.package_identification:_identify(.) by extension 'ignore_ament_install'
[0.194s] Level 1:colcon.colcon_core.package_identification:_identify(.) by extensions ['colcon_pkg']
[0.194s] Level 1:colcon.colcon_core.package_identification:_identify(.) by extension 'colcon_pkg'
[0.194s] Level 1:colcon.colcon_core.package_identification:_identify(.) by extensions ['colcon_meta']
[0.194s] Level 1:colcon.colcon_core.package_identification:_identify(.) by extension 'colcon_meta'
[0.194s] Level 1:colcon.colcon_core.package_identification:_identify(.) by extensions ['ros']
[0.194s] Level 1:colcon.colcon_core.package_identification:_identify(.) by extension 'ros'
[0.204s] Level 1:colcon.colcon_core.package_identification:_identify(.) by extensions ['cmake', 'python']
[0.204s] Level 1:colcon.colcon_core.package_identification:_identify(.) by extension 'cmake'
[0.204s] Level 1:colcon.colcon_core.package_identification:_identify(.) by extension 'python'
[0.204s] Level 1:colcon.colcon_core.package_identification:_identify(.) by extensions ['python_setup_py']
[0.204s] Level 1:colcon.colcon_core.package_identification:_identify(.) by extension 'python_setup_py'
[0.204s] Level 1:colcon.colcon_core.package_identification:_identify(build) by extensions ['ignore', 'ignore_ament_install']
[0.204s] Level 1:colcon.colcon_core.package_identification:_identify(build) by extension 'ignore'
[0.204s] Level 1:colcon.colcon_core.package_identification:_identify(build) ignored
[0.204s] Level 1:colcon.colcon_core.package_identification:_identify(install) by extensions ['ignore', 'ignore_ament_install']
[0.204s] Level 1:colcon.colcon_core.package_identification:_identify(install) by extension 'ignore'
[0.204s] Level 1:colcon.colcon_core.package_identification:_identify(install) ignored
[0.204s] Level 1:colcon.colcon_core.package_identification:_identify(log) by extensions ['ignore', 'ignore_ament_install']
[0.204s] Level 1:colcon.colcon_core.package_identification:_identify(log) by extension 'ignore'
[0.204s] Level 1:colcon.colcon_core.package_identification:_identify(log) ignored
[0.204s] Level 1:colcon.colcon_core.package_identification:_identify(scripts) by extensions ['ignore', 'ignore_ament_install']
[0.204s] Level 1:colcon.colcon_core.package_identification:_identify(scripts) by extension 'ignore'
[0.204s] Level 1:colcon.colcon_core.package_identification:_identify(scripts) by extension 'ignore_ament_install'
[0.204s] Level 1:colcon.colcon_core.package_identification:_identify(scripts) by extensions ['colcon_pkg']
[0.205s] Level 1:colcon.colcon_core.package_identification:_identify(scripts) by extension 'colcon_pkg'
[0.205s] Level 1:colcon.colcon_core.package_identification:_identify(scripts) by extensions ['colcon_meta']
[0.205s] Level 1:colcon.colcon_core.package_identification:_identify(scripts) by extension 'colcon_meta'
[0.205s] Level 1:colcon.colcon_core.package_identification:_identify(scripts) by extensions ['ros']
[0.205s] Level 1:colcon.colcon_core.package_identification:_identify(scripts) by extension 'ros'
[0.205s] Level 1:colcon.colcon_core.package_identification:_identify(scripts) by extensions ['cmake', 'python']
[0.205s] Level 1:colcon.colcon_core.package_identification:_identify(scripts) by extension 'cmake'
[0.205s] Level 1:colcon.colcon_core.package_identification:_identify(scripts) by extension 'python'
[0.205s] Level 1:colcon.colcon_core.package_identification:_identify(scripts) by extensions ['python_setup_py']
[0.205s] Level 1:colcon.colcon_core.package_identification:_identify(scripts) by extension 'python_setup_py'
[0.205s] Level 1:colcon.colcon_core.package_identification:_identify(scripts/udev) by extensions ['ignore', 'ignore_ament_install']
[0.205s] Level 1:colcon.colcon_core.package_identification:_identify(scripts/udev) by extension 'ignore'
[0.205s] Level 1:colcon.colcon_core.package_identification:_identify(scripts/udev) by extension 'ignore_ament_install'
[0.205s] Level 1:colcon.colcon_core.package_identification:_identify(scripts/udev) by extensions ['colcon_pkg']
[0.205s] Level 1:colcon.colcon_core.package_identification:_identify(scripts/udev) by extension 'colcon_pkg'
[0.205s] Level 1:colcon.colcon_core.package_identification:_identify(scripts/udev) by extensions ['colcon_meta']
[0.205s] Level 1:colcon.colcon_core.package_identification:_identify(scripts/udev) by extension 'colcon_meta'
[0.205s] Level 1:colcon.colcon_core.package_identification:_identify(scripts/udev) by extensions ['ros']
[0.205s] Level 1:colcon.colcon_core.package_identification:_identify(scripts/udev) by extension 'ros'
[0.205s] Level 1:colcon.colcon_core.package_identification:_identify(scripts/udev) by extensions ['cmake', 'python']
[0.205s] Level 1:colcon.colcon_core.package_identification:_identify(scripts/udev) by extension 'cmake'
[0.205s] Level 1:colcon.colcon_core.package_identification:_identify(scripts/udev) by extension 'python'
[0.205s] Level 1:colcon.colcon_core.package_identification:_identify(scripts/udev) by extensions ['python_setup_py']
[0.205s] Level 1:colcon.colcon_core.package_identification:_identify(scripts/udev) by extension 'python_setup_py'
[0.205s] Level 1:colcon.colcon_core.package_identification:_identify(src) by extensions ['ignore', 'ignore_ament_install']
[0.205s] Level 1:colcon.colcon_core.package_identification:_identify(src) by extension 'ignore'
[0.205s] Level 1:colcon.colcon_core.package_identification:_identify(src) by extension 'ignore_ament_install'
[0.205s] Level 1:colcon.colcon_core.package_identification:_identify(src) by extensions ['colcon_pkg']
[0.205s] Level 1:colcon.colcon_core.package_identification:_identify(src) by extension 'colcon_pkg'
[0.205s] Level 1:colcon.colcon_core.package_identification:_identify(src) by extensions ['colcon_meta']
[0.205s] Level 1:colcon.colcon_core.package_identification:_identify(src) by extension 'colcon_meta'
[0.205s] Level 1:colcon.colcon_core.package_identification:_identify(src) by extensions ['ros']
[0.205s] Level 1:colcon.colcon_core.package_identification:_identify(src) by extension 'ros'
[0.206s] Level 1:colcon.colcon_core.package_identification:_identify(src) by extensions ['cmake', 'python']
[0.206s] Level 1:colcon.colcon_core.package_identification:_identify(src) by extension 'cmake'
[0.206s] Level 1:colcon.colcon_core.package_identification:_identify(src) by extension 'python'
[0.206s] Level 1:colcon.colcon_core.package_identification:_identify(src) by extensions ['python_setup_py']
[0.206s] Level 1:colcon.colcon_core.package_identification:_identify(src) by extension 'python_setup_py'
[0.206s] Level 1:colcon.colcon_core.package_identification:_identify(src/hull_serial) by extensions ['ignore', 'ignore_ament_install']
[0.206s] Level 1:colcon.colcon_core.package_identification:_identify(src/hull_serial) by extension 'ignore'
[0.206s] Level 1:colcon.colcon_core.package_identification:_identify(src/hull_serial) by extension 'ignore_ament_install'
[0.206s] Level 1:colcon.colcon_core.package_identification:_identify(src/hull_serial) by extensions ['colcon_pkg']
[0.206s] Level 1:colcon.colcon_core.package_identification:_identify(src/hull_serial) by extension 'colcon_pkg'
[0.206s] Level 1:colcon.colcon_core.package_identification:_identify(src/hull_serial) by extensions ['colcon_meta']
[0.206s] Level 1:colcon.colcon_core.package_identification:_identify(src/hull_serial) by extension 'colcon_meta'
[0.206s] Level 1:colcon.colcon_core.package_identification:_identify(src/hull_serial) by extensions ['ros']
[0.206s] Level 1:colcon.colcon_core.package_identification:_identify(src/hull_serial) by extension 'ros'
[0.209s] DEBUG:colcon.colcon_core.package_identification:Package 'src/hull_serial' with type 'ros.ament_python' and name 'hull_serial'
[0.210s] Level 1:colcon.colcon_core.package_identification:_identify(src/nmea_msgs) by extensions ['ignore', 'ignore_ament_install']
[0.210s] Level 1:colcon.colcon_core.package_identification:_identify(src/nmea_msgs) by extension 'ignore'
[0.210s] Level 1:colcon.colcon_core.package_identification:_identify(src/nmea_msgs) by extension 'ignore_ament_install'
[0.210s] Level 1:colcon.colcon_core.package_identification:_identify(src/nmea_msgs) by extensions ['colcon_pkg']
[0.210s] Level 1:colcon.colcon_core.package_identification:_identify(src/nmea_msgs) by extension 'colcon_pkg'
[0.210s] Level 1:colcon.colcon_core.package_identification:_identify(src/nmea_msgs) by extensions ['colcon_meta']
[0.210s] Level 1:colcon.colcon_core.package_identification:_identify(src/nmea_msgs) by extension 'colcon_meta'
[0.210s] Level 1:colcon.colcon_core.package_identification:_identify(src/nmea_msgs) by extensions ['ros']
[0.210s] Level 1:colcon.colcon_core.package_identification:_identify(src/nmea_msgs) by extension 'ros'
[0.211s] DEBUG:colcon.colcon_core.package_identification:Package 'src/nmea_msgs' with type 'ros.ament_cmake' and name 'nmea_msgs'
[0.211s] Level 1:colcon.colcon_core.package_identification:_identify(src/nmea_navsat_driver) by extensions ['ignore', 'ignore_ament_install']
[0.211s] Level 1:colcon.colcon_core.package_identification:_identify(src/nmea_navsat_driver) by extension 'ignore'
[0.211s] Level 1:colcon.colcon_core.package_identification:_identify(src/nmea_navsat_driver) by extension 'ignore_ament_install'
[0.211s] Level 1:colcon.colcon_core.package_identification:_identify(src/nmea_navsat_driver) by extensions ['colcon_pkg']
[0.211s] Level 1:colcon.colcon_core.package_identification:_identify(src/nmea_navsat_driver) by extension 'colcon_pkg'
[0.211s] Level 1:colcon.colcon_core.package_identification:_identify(src/nmea_navsat_driver) by extensions ['colcon_meta']
[0.211s] Level 1:colcon.colcon_core.package_identification:_identify(src/nmea_navsat_driver) by extension 'colcon_meta'
[0.211s] Level 1:colcon.colcon_core.package_identification:_identify(src/nmea_navsat_driver) by extensions ['ros']
[0.211s] Level 1:colcon.colcon_core.package_identification:_identify(src/nmea_navsat_driver) by extension 'ros'
[0.212s] DEBUG:colcon.colcon_core.package_identification:Package 'src/nmea_navsat_driver' with type 'ros.ament_python' and name 'nmea_navsat_driver'
[0.212s] Level 1:colcon.colcon_core.package_identification:_identify(src/wheeltec_gps_path) by extensions ['ignore', 'ignore_ament_install']
[0.212s] Level 1:colcon.colcon_core.package_identification:_identify(src/wheeltec_gps_path) by extension 'ignore'
[0.212s] Level 1:colcon.colcon_core.package_identification:_identify(src/wheeltec_gps_path) by extension 'ignore_ament_install'
[0.212s] Level 1:colcon.colcon_core.package_identification:_identify(src/wheeltec_gps_path) by extensions ['colcon_pkg']
[0.212s] Level 1:colcon.colcon_core.package_identification:_identify(src/wheeltec_gps_path) by extension 'colcon_pkg'
[0.212s] Level 1:colcon.colcon_core.package_identification:_identify(src/wheeltec_gps_path) by extensions ['colcon_meta']
[0.212s] Level 1:colcon.colcon_core.package_identification:_identify(src/wheeltec_gps_path) by extension 'colcon_meta'
[0.212s] Level 1:colcon.colcon_core.package_identification:_identify(src/wheeltec_gps_path) by extensions ['ros']
[0.212s] Level 1:colcon.colcon_core.package_identification:_identify(src/wheeltec_gps_path) by extension 'ros'
[0.213s] DEBUG:colcon.colcon_core.package_identification:Package 'src/wheeltec_gps_path' with type 'ros.ament_cmake' and name 'wheeltec_gps_path'
[0.213s] Level 1:colcon.colcon_core.package_discovery:discover_packages(recursive) using defaults
[0.213s] Level 1:colcon.colcon_core.package_discovery:discover_packages(ignore) discover
[0.213s] Level 1:colcon.colcon_core.package_discovery:discover_packages(ignore) using defaults
[0.213s] Level 1:colcon.colcon_core.package_discovery:discover_packages(path) discover
[0.213s] Level 1:colcon.colcon_core.package_discovery:discover_packages(path) using defaults
[0.237s] INFO:colcon.colcon_core.package_selection:Skipping not selected package 'hull_serial' in 'src/hull_serial'
[0.238s] INFO:colcon.colcon_core.package_selection:Skipping not selected package 'nmea_msgs' in 'src/nmea_msgs'
[0.238s] INFO:colcon.colcon_core.package_selection:Skipping not selected package 'nmea_navsat_driver' in 'src/nmea_navsat_driver'
[0.238s] Level 1:colcon.colcon_core.package_discovery:discover_packages(prefix_path) check parameters
[0.238s] Level 1:colcon.colcon_core.package_discovery:discover_packages(prefix_path) discover
[0.240s] DEBUG:colcon.colcon_installed_package_information.package_discovery:Found 294 installed packages in /opt/ros/humble
[0.241s] Level 1:colcon.colcon_core.package_discovery:discover_packages(prefix_path) using defaults
[0.268s] Level 5:colcon.colcon_core.verb:set package 'wheeltec_gps_path' build argument 'cmake_args' from command line to 'None'
[0.268s] Level 5:colcon.colcon_core.verb:set package 'wheeltec_gps_path' build argument 'cmake_target' from command line to 'None'
[0.268s] Level 5:colcon.colcon_core.verb:set package 'wheeltec_gps_path' build argument 'cmake_target_skip_unavailable' from command line to 'False'
[0.268s] Level 5:colcon.colcon_core.verb:set package 'wheeltec_gps_path' build argument 'cmake_clean_cache' from command line to 'False'
[0.268s] Level 5:colcon.colcon_core.verb:set package 'wheeltec_gps_path' build argument 'cmake_clean_first' from command line to 'False'
[0.268s] Level 5:colcon.colcon_core.verb:set package 'wheeltec_gps_path' build argument 'cmake_force_configure' from command line to 'False'
[0.268s] Level 5:colcon.colcon_core.verb:set package 'wheeltec_gps_path' build argument 'ament_cmake_args' from command line to 'None'
[0.268s] Level 5:colcon.colcon_core.verb:set package 'wheeltec_gps_path' build argument 'catkin_cmake_args' from command line to 'None'
[0.268s] Level 5:colcon.colcon_core.verb:set package 'wheeltec_gps_path' build argument 'catkin_skip_building_tests' from command line to 'False'
[0.268s] DEBUG:colcon.colcon_core.verb:Building package 'wheeltec_gps_path' with the following arguments: {'ament_cmake_args': None, 'build_base': '/home/sione/ros2_hull/build/wheeltec_gps_path', 'catkin_cmake_args': None, 'catkin_skip_building_tests': False, 'cmake_args': None, 'cmake_clean_cache': False, 'cmake_clean_first': False, 'cmake_force_configure': False, 'cmake_target': None, 'cmake_target_skip_unavailable': False, 'install_base': '/home/sione/ros2_hull/install/wheeltec_gps_path', 'merge_install': False, 'path': '/home/sione/ros2_hull/src/wheeltec_gps_path', 'symlink_install': False, 'test_result_base': None}
[0.268s] INFO:colcon.colcon_core.executor:Executing jobs using 'parallel' executor
[0.269s] DEBUG:colcon.colcon_parallel_executor.executor.parallel:run_until_complete
[0.270s] INFO:colcon.colcon_ros.task.ament_cmake.build:Building ROS package in '/home/sione/ros2_hull/src/wheeltec_gps_path' with build type 'ament_cmake'
[0.270s] INFO:colcon.colcon_cmake.task.cmake.build:Building CMake package in '/home/sione/ros2_hull/src/wheeltec_gps_path'
[0.271s] INFO:colcon.colcon_core.plugin_system:Skipping extension 'colcon_core.shell.bat': Not used on non-Windows systems
[0.271s] INFO:colcon.colcon_core.shell:Skip shell extension 'powershell' for command environment: Not usable outside of PowerShell
[0.271s] DEBUG:colcon.colcon_core.shell:Skip shell extension 'dsv' for command environment
[0.280s] DEBUG:colcon.colcon_core.event_handler.log_command:Invoking command in '/home/sione/ros2_hull/build/wheeltec_gps_path': CMAKE_PREFIX_PATH=/opt/ros/humble /usr/bin/cmake --build /home/sione/ros2_hull/build/wheeltec_gps_path -- -j16 -l16
[8.608s] DEBUG:colcon.colcon_core.event_handler.log_command:Invoked command in '/home/sione/ros2_hull/build/wheeltec_gps_path' returned '0': CMAKE_PREFIX_PATH=/opt/ros/humble /usr/bin/cmake --build /home/sione/ros2_hull/build/wheeltec_gps_path -- -j16 -l16
[8.618s] DEBUG:colcon.colcon_core.event_handler.log_command:Invoking command in '/home/sione/ros2_hull/build/wheeltec_gps_path': CMAKE_PREFIX_PATH=/opt/ros/humble /usr/bin/cmake --install /home/sione/ros2_hull/build/wheeltec_gps_path
[8.633s] Level 1:colcon.colcon_core.environment:create_environment_scripts_only(wheeltec_gps_path)
[8.634s] DEBUG:colcon.colcon_core.event_handler.log_command:Invoked command in '/home/sione/ros2_hull/build/wheeltec_gps_path' returned '0': CMAKE_PREFIX_PATH=/opt/ros/humble /usr/bin/cmake --install /home/sione/ros2_hull/build/wheeltec_gps_path
[8.636s] Level 1:colcon.colcon_core.environment:checking '/home/sione/ros2_hull/install/wheeltec_gps_path' for CMake module files
[8.637s] Level 1:colcon.colcon_core.environment:checking '/home/sione/ros2_hull/install/wheeltec_gps_path' for CMake config files
[8.637s] Level 1:colcon.colcon_core.shell:create_environment_hook('wheeltec_gps_path', 'cmake_prefix_path')
[8.637s] INFO:colcon.colcon_core.shell:Creating environment hook '/home/sione/ros2_hull/install/wheeltec_gps_path/share/wheeltec_gps_path/hook/cmake_prefix_path.ps1'
[8.638s] INFO:colcon.colcon_core.shell:Creating environment descriptor '/home/sione/ros2_hull/install/wheeltec_gps_path/share/wheeltec_gps_path/hook/cmake_prefix_path.dsv'
[8.638s] INFO:colcon.colcon_core.shell:Creating environment hook '/home/sione/ros2_hull/install/wheeltec_gps_path/share/wheeltec_gps_path/hook/cmake_prefix_path.sh'
[8.640s] Level 1:colcon.colcon_core.environment:checking '/home/sione/ros2_hull/install/wheeltec_gps_path/lib'
[8.640s] Level 1:colcon.colcon_core.environment:checking '/home/sione/ros2_hull/install/wheeltec_gps_path/bin'
[8.640s] Level 1:colcon.colcon_core.environment:checking '/home/sione/ros2_hull/install/wheeltec_gps_path/lib/pkgconfig/wheeltec_gps_path.pc'
[8.641s] Level 1:colcon.colcon_core.environment:checking '/home/sione/ros2_hull/install/wheeltec_gps_path/lib/python3.10/site-packages'
[8.641s] Level 1:colcon.colcon_core.environment:checking '/home/sione/ros2_hull/install/wheeltec_gps_path/bin'
[8.642s] INFO:colcon.colcon_core.shell:Creating package script '/home/sione/ros2_hull/install/wheeltec_gps_path/share/wheeltec_gps_path/package.ps1'
[8.642s] INFO:colcon.colcon_core.shell:Creating package descriptor '/home/sione/ros2_hull/install/wheeltec_gps_path/share/wheeltec_gps_path/package.dsv'
[8.643s] INFO:colcon.colcon_core.shell:Creating package script '/home/sione/ros2_hull/install/wheeltec_gps_path/share/wheeltec_gps_path/package.sh'
[8.644s] INFO:colcon.colcon_core.shell:Creating package script '/home/sione/ros2_hull/install/wheeltec_gps_path/share/wheeltec_gps_path/package.bash'
[8.645s] INFO:colcon.colcon_core.shell:Creating package script '/home/sione/ros2_hull/install/wheeltec_gps_path/share/wheeltec_gps_path/package.zsh'
[8.645s] Level 1:colcon.colcon_core.environment:create_file_with_runtime_dependencies(/home/sione/ros2_hull/install/wheeltec_gps_path/share/colcon-core/packages/wheeltec_gps_path)
[8.646s] Level 1:colcon.colcon_core.environment:create_environment_scripts_only(wheeltec_gps_path)
[8.646s] Level 1:colcon.colcon_core.environment:checking '/home/sione/ros2_hull/install/wheeltec_gps_path' for CMake module files
[8.646s] Level 1:colcon.colcon_core.environment:checking '/home/sione/ros2_hull/install/wheeltec_gps_path' for CMake config files
[8.646s] Level 1:colcon.colcon_core.shell:create_environment_hook('wheeltec_gps_path', 'cmake_prefix_path')
[8.646s] INFO:colcon.colcon_core.shell:Creating environment hook '/home/sione/ros2_hull/install/wheeltec_gps_path/share/wheeltec_gps_path/hook/cmake_prefix_path.ps1'
[8.646s] INFO:colcon.colcon_core.shell:Creating environment descriptor '/home/sione/ros2_hull/install/wheeltec_gps_path/share/wheeltec_gps_path/hook/cmake_prefix_path.dsv'
[8.647s] INFO:colcon.colcon_core.shell:Creating environment hook '/home/sione/ros2_hull/install/wheeltec_gps_path/share/wheeltec_gps_path/hook/cmake_prefix_path.sh'
[8.647s] Level 1:colcon.colcon_core.environment:checking '/home/sione/ros2_hull/install/wheeltec_gps_path/lib'
[8.647s] Level 1:colcon.colcon_core.environment:checking '/home/sione/ros2_hull/install/wheeltec_gps_path/bin'
[8.647s] Level 1:colcon.colcon_core.environment:checking '/home/sione/ros2_hull/install/wheeltec_gps_path/lib/pkgconfig/wheeltec_gps_path.pc'
[8.647s] Level 1:colcon.colcon_core.environment:checking '/home/sione/ros2_hull/install/wheeltec_gps_path/lib/python3.10/site-packages'
[8.647s] Level 1:colcon.colcon_core.environment:checking '/home/sione/ros2_hull/install/wheeltec_gps_path/bin'
[8.648s] INFO:colcon.colcon_core.shell:Creating package script '/home/sione/ros2_hull/install/wheeltec_gps_path/share/wheeltec_gps_path/package.ps1'
[8.648s] INFO:colcon.colcon_core.shell:Creating package descriptor '/home/sione/ros2_hull/install/wheeltec_gps_path/share/wheeltec_gps_path/package.dsv'
[8.648s] INFO:colcon.colcon_core.shell:Creating package script '/home/sione/ros2_hull/install/wheeltec_gps_path/share/wheeltec_gps_path/package.sh'
[8.649s] INFO:colcon.colcon_core.shell:Creating package script '/home/sione/ros2_hull/install/wheeltec_gps_path/share/wheeltec_gps_path/package.bash'
[8.649s] INFO:colcon.colcon_core.shell:Creating package script '/home/sione/ros2_hull/install/wheeltec_gps_path/share/wheeltec_gps_path/package.zsh'
[8.649s] Level 1:colcon.colcon_core.environment:create_file_with_runtime_dependencies(/home/sione/ros2_hull/install/wheeltec_gps_path/share/colcon-core/packages/wheeltec_gps_path)
[8.650s] DEBUG:colcon.colcon_parallel_executor.executor.parallel:closing loop
[8.650s] DEBUG:colcon.colcon_parallel_executor.executor.parallel:loop closed
[8.650s] DEBUG:colcon.colcon_parallel_executor.executor.parallel:run_until_complete finished with '0'
[8.650s] DEBUG:colcon.colcon_core.event_reactor:joining thread
[8.656s] INFO:colcon.colcon_core.plugin_system:Skipping extension 'colcon_notification.desktop_notification.terminal_notifier': Not used on non-Darwin systems
[8.656s] INFO:colcon.colcon_core.plugin_system:Skipping extension 'colcon_notification.desktop_notification.win32': Not used on non-Windows systems
[8.656s] INFO:colcon.colcon_notification.desktop_notification:Sending desktop notification using 'notify2'
[8.656s] DEBUG:colcon.colcon_notification.desktop_notification.notify2:Failed to initialize notify2: org.freedesktop.DBus.Error.FileNotFound: Failed to connect to socket /run/user/1000/bus: No such file or directory
[8.656s] DEBUG:colcon.colcon_core.event_reactor:joined thread
[8.657s] INFO:colcon.colcon_core.shell:Creating prefix script '/home/sione/ros2_hull/install/local_setup.ps1'
[8.657s] INFO:colcon.colcon_core.shell:Creating prefix util module '/home/sione/ros2_hull/install/_local_setup_util_ps1.py'
[8.658s] INFO:colcon.colcon_core.shell:Creating prefix chain script '/home/sione/ros2_hull/install/setup.ps1'
[8.659s] INFO:colcon.colcon_core.shell:Creating prefix script '/home/sione/ros2_hull/install/local_setup.sh'
[8.659s] INFO:colcon.colcon_core.shell:Creating prefix util module '/home/sione/ros2_hull/install/_local_setup_util_sh.py'
[8.659s] INFO:colcon.colcon_core.shell:Creating prefix chain script '/home/sione/ros2_hull/install/setup.sh'
[8.660s] INFO:colcon.colcon_core.shell:Creating prefix script '/home/sione/ros2_hull/install/local_setup.bash'
[8.660s] INFO:colcon.colcon_core.shell:Creating prefix chain script '/home/sione/ros2_hull/install/setup.bash'
[8.661s] INFO:colcon.colcon_core.shell:Creating prefix script '/home/sione/ros2_hull/install/local_setup.zsh'
[8.661s] INFO:colcon.colcon_core.shell:Creating prefix chain script '/home/sione/ros2_hull/install/setup.zsh'
