[0.000000] (-) TimerEvent: {}
[0.000218] (-) JobUnselected: {'identifier': 'hull_serial'}
[0.000699] (-) JobUnselected: {'identifier': 'nmea_msgs'}
[0.000759] (-) JobUnselected: {'identifier': 'nmea_navsat_driver'}
[0.001476] (-) JobUnselected: {'identifier': 'wheeltec_gps_path'}
[0.001774] (hull_navigation) JobQueued: {'identifier': 'hull_navigation', 'dependencies': OrderedDict([('hull_serial', '/home/sione/ros2_hull/install/hull_serial'), ('nmea_msgs', '/home/sione/ros2_hull/install/nmea_msgs'), ('wheeltec_gps_path', '/home/sione/ros2_hull/install/wheeltec_gps_path'), ('nmea_navsat_driver', '/home/sione/ros2_hull/install/nmea_navsat_driver')])}
[0.001899] (hull_navigation) JobStarted: {'identifier': 'hull_navigation'}
[0.099778] (-) TimerEvent: {}
[0.200025] (-) TimerEvent: {}
[0.300252] (-) TimerEvent: {}
[0.400653] (-) TimerEvent: {}
[0.500825] (-) TimerEvent: {}
[0.583772] (hull_navigation) Command: {'cmd': ['/usr/bin/python3', '-W', 'ignore:setup.py install is deprecated', '-W', 'ignore:easy_install command is deprecated', 'setup.py', 'egg_info', '--egg-base', '../../build/hull_navigation', 'build', '--build-base', '/home/sione/ros2_hull/build/hull_navigation/build', 'install', '--record', '/home/sione/ros2_hull/build/hull_navigation/install.log', '--single-version-externally-managed', 'install_data'], 'cwd': '/home/sione/ros2_hull/src/hull_navigation', 'env': {'npm_config_devdir': '/tmp/cursor-sandbox-cache/0ca367e49e2b14044aa92da06476cd17/node-gyp', 'LESSOPEN': '| /usr/bin/lesspipe %s', 'VSCODE_CWD': '/home/sione', 'CURSOR_EXTENSION_HOST_ROLE': 'agent-exec', 'VSCODE_ESM_ENTRYPOINT': 'vs/workbench/api/node/extensionHostProcess', 'PUPPETEER_CACHE_DIR': '/tmp/cursor-sandbox-cache/0ca367e49e2b14044aa92da06476cd17/puppeteer', 'LANGUAGE': 'zh_CN:zh:en_US:en', 'USER': 'sione', 'LC_TIME': 'zh_CN.UTF-8', 'VSCODE_NLS_CONFIG': '{"userLocale":"zh-cn","osLocale":"zh-cn","resolvedLanguage":"zh-cn","defaultMessagesFile":"/usr/share/cursor/resources/app/out/nls.messages.json","languagePack":{"translationsConfigFile":"/home/sione/.config/Cursor/clp/240dc842c4237de79e180860b02f2dde.zh-cn/tcf.json","messagesFile":"/home/sione/.config/Cursor/clp/240dc842c4237de79e180860b02f2dde.zh-cn/e48ee6102a199492b0c9964699bf011886708ba0/nls.messages.json","corruptMarkerFile":"/home/sione/.config/Cursor/clp/240dc842c4237de79e180860b02f2dde.zh-cn/corrupted.info"},"locale":"zh-cn","availableLanguages":{"*":"zh-cn"},"_languagePackId":"240dc842c4237de79e180860b02f2dde.zh-cn","_languagePackSupport":true,"_translationsConfigFile":"/home/sione/.config/Cursor/clp/240dc842c4237de79e180860b02f2dde.zh-cn/tcf.json","_cacheRoot":"/home/sione/.config/Cursor/clp/240dc842c4237de79e180860b02f2dde.zh-cn","_resolvedLanguagePackCoreLocation":"/home/sione/.config/Cursor/clp/240dc842c4237de79e180860b02f2dde.zh-cn/e48ee6102a199492b0c9964699bf011886708ba0","_corruptedFile":"/home/sione/.config/Cursor/clp/240dc842c4237de79e180860b02f2dde.zh-cn/corrupted.info"}', 'CARGO_TARGET_DIR': '/tmp/cursor-sandbox-cache/0ca367e49e2b14044aa92da06476cd17/cargo-target', 'CCACHE_DIR': '/tmp/cursor-sandbox-cache/0ca367e49e2b14044aa92da06476cd17/ccache', 'VSCODE_HANDLES_UNCAUGHT_ERRORS': 'true', 'XDG_SESSION_TYPE': 'wayland', 'CURSOR_RIPGREP_PATH': '/usr/share/cursor/resources/app/node_modules/@vscode/ripgrep/bin/rg', 'PIP_CACHE_DIR': '/tmp/cursor-sandbox-cache/0ca367e49e2b14044aa92da06476cd17/pip', 'STM32CubeMX_PATH': '/home/sione/STM32CubeMX', 'NUGET_PACKAGES': '/tmp/cursor-sandbox-cache/0ca367e49e2b14044aa92da06476cd17/nuget', 'HOMEBREW_CACHE': '/tmp/cursor-sandbox-cache/0ca367e49e2b14044aa92da06476cd17/homebrew', 'SHLVL': '2', 'LD_LIBRARY_PATH': '/home/sione/ros2_hull/install/nmea_msgs/lib:/opt/ros/humble/opt/rviz_ogre_vendor/lib:/opt/ros/humble/lib/x86_64-linux-gnu:/opt/ros/humble/lib', 'HOME': '/home/sione', 'CHROME_DESKTOP': 'cursor.desktop', 'OLDPWD': '/home/sione/ros2_hull', 'DESKTOP_SESSION': 'ubuntu', 'VSCODE_IPC_HOOK': '/run/user/1000/vscode-74b0d4d1-3.7.-main.sock', 'ROS_PYTHON_VERSION': '3', 'GNOME_SHELL_SESSION_MODE': 'ubuntu', 'GTK_MODULES': 'gail:atk-bridge', 'CURSOR_ORIG_UID': '1000', 'LC_MONETARY': 'zh_CN.UTF-8', 'CURSOR_WORKSPACE_LABEL': 'ros2_hull', 'SYSTEMD_EXEC_PID': '2612', 'IM_CONFIG_CHECK_ENV': '1', 'NO_COLOR': '1', 'CONDA_PKGS_DIRS': '/tmp/cursor-sandbox-cache/0ca367e49e2b14044aa92da06476cd17/conda', 'DBUS_SESSION_BUS_ADDRESS': 'unix:path=/run/user/1000/bus', 'COLORTERM': 'truecolor', 'VSCODE_CRASH_REPORTER_PROCESS_TYPE': 'extensionHost', 'COMPOSER_HOME': '/tmp/cursor-sandbox-cache/0ca367e49e2b14044aa92da06476cd17/composer', 'IM_CONFIG_PHASE': '1', 'WAYLAND_DISPLAY': 'wayland-0', 'COLCON_PREFIX_PATH': '/home/sione/ros2_hull/install', 'ROS_DISTRO': 'humble', 'LOGNAME': 'sione', 'FORCE_COLOR': '0', 'BUN_INSTALL_CACHE_DIR': '/tmp/cursor-sandbox-cache/0ca367e49e2b14044aa92da06476cd17/bun', '_': '/usr/bin/colcon', 'ROS_VERSION': '2', 'CURSOR_LAYOUT': 'unifiedAgent', 'GOMODCACHE': '/tmp/cursor-sandbox-cache/0ca367e49e2b14044aa92da06476cd17/go-mod', 'XDG_SESSION_CLASS': 'user', 'USERNAME': 'sione', 'CP_HOME_DIR': '/tmp/cursor-sandbox-cache/0ca367e49e2b14044aa92da06476cd17/cocoapods', 'TERM': 'dumb', 'GNOME_DESKTOP_SESSION_ID': 'this-is-deprecated', 'FC_FONTATIONS': '1', 'ROS_LOCALHOST_ONLY': '0', 'POETRY_CACHE_DIR': '/tmp/cursor-sandbox-cache/0ca367e49e2b14044aa92da06476cd17/poetry', 'PATH': '/home/sione/.local/bin:/usr/share/cursor/resources/app/node_modules/@vscode/ripgrep/bin:/opt/ros/humble/bin:/home/sione/.local/bin:/usr/local/sbin:/usr/local/bin:/usr/sbin:/usr/bin:/sbin:/bin:/usr/games:/usr/local/games:/snap/bin:/snap/bin', 'SESSION_MANAGER': 'local/sione-Redmi-Book-14:@/tmp/.ICE-unix/2233,unix/sione-Redmi-Book-14:/tmp/.ICE-unix/2233', 'YARN_CACHE_FOLDER': '/tmp/cursor-sandbox-cache/0ca367e49e2b14044aa92da06476cd17/yarn', 'UV_CACHE_DIR': '/tmp/cursor-sandbox-cache/0ca367e49e2b14044aa92da06476cd17/uv', 'XDG_MENU_PREFIX': 'gnome-', 'LC_ADDRESS': 'zh_CN.UTF-8', 'VSCODE_PROCESS_TITLE': 'extension-host (agent-exec) ros2_hull [2-7]', 'GNOME_TERMINAL_SCREEN': '/org/gnome/Terminal/screen/afa12662_fab5_4a7e_96b4_3319b922998a', 'PLAYWRIGHT_BROWSERS_PATH': '/tmp/cursor-sandbox-cache/0ca367e49e2b14044aa92da06476cd17/playwright', 'GNOME_SETUP_DISPLAY': ':1', 'XDG_RUNTIME_DIR': '/run/user/1000', 'BUNDLE_PATH': '/tmp/cursor-sandbox-cache/0ca367e49e2b14044aa92da06476cd17/bundle', 'GDK_BACKEND': 'wayland', 'AGENT_TRANSCRIPTS': '/home/sione/.cursor/projects/home-sione-ros2-hull/agent-transcripts', 'CURSOR_AGENT': '1', 'DISPLAY': ':0', 'LANG': 'zh_CN.UTF-8', 'XDG_CURRENT_DESKTOP': 'ubuntu:GNOME', 'NX_CACHE_DIRECTORY': '/tmp/cursor-sandbox-cache/0ca367e49e2b14044aa92da06476cd17/nx', 'LC_TELEPHONE': 'zh_CN.UTF-8', 'XMODIFIERS': '@im=ibus', 'XDG_SESSION_DESKTOP': 'ubuntu', 'XAUTHORITY': '/run/user/1000/.mutter-Xwaylandauth.P1H3Q3', 'LS_COLORS': '', 'CYPRESS_CACHE_FOLDER': '/tmp/cursor-sandbox-cache/0ca367e49e2b14044aa92da06476cd17/cypress', 'GNOME_TERMINAL_SERVICE': ':1.113', 'SSH_AGENT_LAUNCHER': 'gnome-keyring', 'SSH_AUTH_SOCK': '/run/user/1000/keyring/ssh', 'PNPM_STORE_PATH': '/tmp/cursor-sandbox-cache/0ca367e49e2b14044aa92da06476cd17/pnpm-store', 'AMENT_PREFIX_PATH': '/home/sione/ros2_hull/install/nmea_navsat_driver:/home/sione/ros2_hull/install/hull_serial:/home/sione/ros2_hull/install/hull_navigation:/home/sione/ros2_hull/install/wheeltec_gps_path:/home/sione/ros2_hull/install/nmea_msgs:/opt/ros/humble', 'CURSOR_CLI_MODE': 'local', 'SHELL': '/bin/bash', 'LC_NAME': 'zh_CN.UTF-8', 'GOCACHE': '/tmp/cursor-sandbox-cache/0ca367e49e2b14044aa92da06476cd17/go-build', 'QT_ACCESSIBILITY': '1', 'ELECTRON_RUN_AS_NODE': '1', 'CURSOR_CLI': 'ELECTRON_RUN_AS_NODE=1 "/usr/share/cursor/bin/../cursor" "/usr/share/cursor/bin/../resources/app/out/cli.js"', 'GDMSESSION': 'ubuntu', 'LESSCLOSE': '/usr/bin/lesspipe %s %s', 'LC_MEASUREMENT': 'zh_CN.UTF-8', 'LC_IDENTIFICATION': 'zh_CN.UTF-8', 'QT_IM_MODULE': 'ibus', 'NPM_CONFIG_CACHE': '/tmp/cursor-sandbox-cache/0ca367e49e2b14044aa92da06476cd17/npm', 'PWD': '/home/sione/ros2_hull/build/hull_navigation', 'VSCODE_CLI': '1', 'GRADLE_USER_HOME': '/tmp/cursor-sandbox-cache/0ca367e49e2b14044aa92da06476cd17/gradle', 'XDG_CONFIG_DIRS': '/etc/xdg/xdg-ubuntu:/etc/xdg', 'VSCODE_CODE_CACHE_PATH': '/home/sione/.config/Cursor/CachedData/e48ee6102a199492b0c9964699bf011886708ba0', 'CURSOR_ORIG_GID': '1000', 'XDG_DATA_DIRS': '/usr/share/ubuntu:/home/sione/.local/share/flatpak/exports/share:/var/lib/flatpak/exports/share:/usr/local/share/:/usr/share/:/var/lib/snapd/desktop', 'CURSOR_CONVERSATION_ID': '104ffe79-e65e-4a79-a93d-c5e8fd7105ed', 'PYTHONPATH': '/home/sione/ros2_hull/build/hull_navigation/prefix_override:/usr/lib/python3/dist-packages/colcon_core/task/python/colcon_distutils_commands:/home/sione/ros2_hull/install/hull_navigation/lib/python3.10/site-packages:/home/sione/ros2_hull/build/nmea_navsat_driver/src:/home/sione/ros2_hull/install/nmea_navsat_driver/lib/python3.10/site-packages:/home/sione/ros2_hull/install/hull_serial/lib/python3.10/site-packages:/home/sione/ros2_hull/install/hull_navigation/lib/python3.10/site-packages:/home/sione/ros2_hull/install/nmea_msgs/local/lib/python3.10/dist-packages:/opt/ros/humble/lib/python3.10/site-packages:/opt/ros/humble/local/lib/python3.10/dist-packages', 'LC_NUMERIC': 'zh_CN.UTF-8', 'TURBO_CACHE_DIR': '/tmp/cursor-sandbox-cache/0ca367e49e2b14044aa92da06476cd17/turbo', 'LC_PAPER': 'zh_CN.UTF-8', 'COLCON': '1', '_ZO_DOCTOR': '0', 'VTE_VERSION': '6800', 'GEM_SPEC_CACHE': '/tmp/cursor-sandbox-cache/0ca367e49e2b14044aa92da06476cd17/gem-specs', 'ELECTRON_NO_ATTACH_CONSOLE': '1', 'CMAKE_PREFIX_PATH': '/home/sione/ros2_hull/install/wheeltec_gps_path:/home/sione/ros2_hull/install/nmea_msgs', 'VSCODE_PID': '4163'}, 'shell': False}
[0.600935] (-) TimerEvent: {}
[0.701337] (-) TimerEvent: {}
[0.789049] (hull_navigation) StdoutLine: {'line': b'running egg_info\n'}
[0.790424] (hull_navigation) StdoutLine: {'line': b'writing ../../build/hull_navigation/hull_navigation.egg-info/PKG-INFO\n'}
[0.790604] (hull_navigation) StdoutLine: {'line': b'writing dependency_links to ../../build/hull_navigation/hull_navigation.egg-info/dependency_links.txt\n'}
[0.790782] (hull_navigation) StdoutLine: {'line': b'writing entry points to ../../build/hull_navigation/hull_navigation.egg-info/entry_points.txt\n'}
[0.790901] (hull_navigation) StdoutLine: {'line': b'writing requirements to ../../build/hull_navigation/hull_navigation.egg-info/requires.txt\n'}
[0.790981] (hull_navigation) StdoutLine: {'line': b'writing top-level names to ../../build/hull_navigation/hull_navigation.egg-info/top_level.txt\n'}
[0.792416] (hull_navigation) StdoutLine: {'line': b"reading manifest file '../../build/hull_navigation/hull_navigation.egg-info/SOURCES.txt'\n"}
[0.793603] (hull_navigation) StdoutLine: {'line': b"writing manifest file '../../build/hull_navigation/hull_navigation.egg-info/SOURCES.txt'\n"}
[0.793818] (hull_navigation) StdoutLine: {'line': b'running build\n'}
[0.793962] (hull_navigation) StdoutLine: {'line': b'running build_py\n'}
[0.794055] (hull_navigation) StdoutLine: {'line': b'copying hull_navigation/send_nav_goal.py -> /home/sione/ros2_hull/build/hull_navigation/build/lib/hull_navigation\n'}
[0.794372] (hull_navigation) StdoutLine: {'line': b'running install\n'}
[0.794678] (hull_navigation) StdoutLine: {'line': b'running install_lib\n'}
[0.795365] (hull_navigation) StdoutLine: {'line': b'copying /home/sione/ros2_hull/build/hull_navigation/build/lib/hull_navigation/send_nav_goal.py -> /home/sione/ros2_hull/install/hull_navigation/lib/python3.10/site-packages/hull_navigation\n'}
[0.795915] (hull_navigation) StdoutLine: {'line': b'byte-compiling /home/sione/ros2_hull/install/hull_navigation/lib/python3.10/site-packages/hull_navigation/send_nav_goal.py to send_nav_goal.cpython-310.pyc\n'}
[0.796477] (hull_navigation) StdoutLine: {'line': b'running install_data\n'}
[0.796669] (hull_navigation) StdoutLine: {'line': b'running install_egg_info\n'}
[0.798458] (hull_navigation) StdoutLine: {'line': b"removing '/home/sione/ros2_hull/install/hull_navigation/lib/python3.10/site-packages/hull_navigation-0.2.0-py3.10.egg-info' (and everything under it)\n"}
[0.798694] (hull_navigation) StdoutLine: {'line': b'Copying ../../build/hull_navigation/hull_navigation.egg-info to /home/sione/ros2_hull/install/hull_navigation/lib/python3.10/site-packages/hull_navigation-0.2.0-py3.10.egg-info\n'}
[0.799269] (hull_navigation) StdoutLine: {'line': b'running install_scripts\n'}
[0.801248] (-) TimerEvent: {}
[0.816939] (hull_navigation) StdoutLine: {'line': b'Installing cmd_vel_stub_node script to /home/sione/ros2_hull/install/hull_navigation/lib/hull_navigation\n'}
[0.817461] (hull_navigation) StdoutLine: {'line': b'Installing gps_goal_bridge_node script to /home/sione/ros2_hull/install/hull_navigation/lib/hull_navigation\n'}
[0.817657] (hull_navigation) StdoutLine: {'line': b'Installing gps_imu_fusion_node script to /home/sione/ros2_hull/install/hull_navigation/lib/hull_navigation\n'}
[0.817753] (hull_navigation) StdoutLine: {'line': b'Installing gps_navigator_node script to /home/sione/ros2_hull/install/hull_navigation/lib/hull_navigation\n'}
[0.817841] (hull_navigation) StdoutLine: {'line': b'Installing gps_velocity_adapter_node script to /home/sione/ros2_hull/install/hull_navigation/lib/hull_navigation\n'}
[0.817926] (hull_navigation) StdoutLine: {'line': b'Installing send_nav_goal script to /home/sione/ros2_hull/install/hull_navigation/lib/hull_navigation\n'}
[0.818008] (hull_navigation) StdoutLine: {'line': b"writing list of installed files to '/home/sione/ros2_hull/build/hull_navigation/install.log'\n"}
[0.846595] (hull_navigation) CommandEnded: {'returncode': 0}
[0.854778] (hull_navigation) JobEnded: {'identifier': 'hull_navigation', 'rc': 0}
[0.855247] (-) EventReactorShutdown: {}
