[0.000000] (-) TimerEvent: {}
[0.000191] (-) JobUnselected: {'identifier': 'hull_serial'}
[0.000628] (nmea_msgs) JobQueued: {'identifier': 'nmea_msgs', 'dependencies': OrderedDict()}
[0.000697] (wheeltec_gps_path) JobQueued: {'identifier': 'wheeltec_gps_path', 'dependencies': OrderedDict()}
[0.000805] (nmea_navsat_driver) JobQueued: {'identifier': 'nmea_navsat_driver', 'dependencies': OrderedDict([('nmea_msgs', '/home/sione/ros2_hull/install/nmea_msgs')])}
[0.000856] (nmea_msgs) JobStarted: {'identifier': 'nmea_msgs'}
[0.006787] (wheeltec_gps_path) JobStarted: {'identifier': 'wheeltec_gps_path'}
[0.010409] (nmea_msgs) JobProgress: {'identifier': 'nmea_msgs', 'progress': 'cmake'}
[0.010757] (nmea_msgs) Command: {'cmd': ['/usr/bin/cmake', '/home/sione/ros2_hull/src/nmea_msgs', '-DCMAKE_INSTALL_PREFIX=/home/sione/ros2_hull/install/nmea_msgs'], 'cwd': '/home/sione/ros2_hull/build/nmea_msgs', 'env': OrderedDict([('npm_config_devdir', '/tmp/cursor-sandbox-cache/9c4201ed962f614ada2f1dae1decbd1b/node-gyp'), ('LESSOPEN', '| /usr/bin/lesspipe %s'), ('VSCODE_CWD', '/home/sione/fox_download'), ('CURSOR_EXTENSION_HOST_ROLE', 'agent-exec'), ('VSCODE_ESM_ENTRYPOINT', 'vs/workbench/api/node/extensionHostProcess'), ('PUPPETEER_CACHE_DIR', '/tmp/cursor-sandbox-cache/9c4201ed962f614ada2f1dae1decbd1b/puppeteer'), ('HTTPS_PROXY', 'http://127.0.0.1:7892/'), ('no_proxy', 'localhost,127.0.0.0/8,::1'), ('LANGUAGE', 'zh_CN:zh:en_US:en'), ('USER', 'sione'), ('LC_TIME', 'zh_CN.UTF-8'), ('VSCODE_NLS_CONFIG', '{"userLocale":"zh-cn","osLocale":"zh-cn","resolvedLanguage":"zh-cn","defaultMessagesFile":"/usr/share/cursor/resources/app/out/nls.messages.json","languagePack":{"translationsConfigFile":"/home/sione/.config/Cursor/clp/240dc842c4237de79e180860b02f2dde.zh-cn/tcf.json","messagesFile":"/home/sione/.config/Cursor/clp/240dc842c4237de79e180860b02f2dde.zh-cn/e48ee6102a199492b0c9964699bf011886708ba0/nls.messages.json","corruptMarkerFile":"/home/sione/.config/Cursor/clp/240dc842c4237de79e180860b02f2dde.zh-cn/corrupted.info"},"locale":"zh-cn","availableLanguages":{"*":"zh-cn"},"_languagePackId":"240dc842c4237de79e180860b02f2dde.zh-cn","_languagePackSupport":true,"_translationsConfigFile":"/home/sione/.config/Cursor/clp/240dc842c4237de79e180860b02f2dde.zh-cn/tcf.json","_cacheRoot":"/home/sione/.config/Cursor/clp/240dc842c4237de79e180860b02f2dde.zh-cn","_resolvedLanguagePackCoreLocation":"/home/sione/.config/Cursor/clp/240dc842c4237de79e180860b02f2dde.zh-cn/e48ee6102a199492b0c9964699bf011886708ba0","_corruptedFile":"/home/sione/.config/Cursor/clp/240dc842c4237de79e180860b02f2dde.zh-cn/corrupted.info"}'), ('CARGO_TARGET_DIR', '/tmp/cursor-sandbox-cache/9c4201ed962f614ada2f1dae1decbd1b/cargo-target'), ('CCACHE_DIR', '/tmp/cursor-sandbox-cache/9c4201ed962f614ada2f1dae1decbd1b/ccache'), ('all_proxy', 'socks://127.0.0.1:7892/'), ('VSCODE_HANDLES_UNCAUGHT_ERRORS', 'true'), ('XDG_SESSION_TYPE', 'wayland'), ('CURSOR_RIPGREP_PATH', '/usr/share/cursor/resources/app/node_modules/@vscode/ripgrep/bin/rg'), ('PIP_CACHE_DIR', '/tmp/cursor-sandbox-cache/9c4201ed962f614ada2f1dae1decbd1b/pip'), ('STM32CubeMX_PATH', '/home/sione/STM32CubeMX'), ('NUGET_PACKAGES', '/tmp/cursor-sandbox-cache/9c4201ed962f614ada2f1dae1decbd1b/nuget'), ('HOMEBREW_CACHE', '/tmp/cursor-sandbox-cache/9c4201ed962f614ada2f1dae1decbd1b/homebrew'), ('SHLVL', '2'), ('LD_LIBRARY_PATH', '/opt/ros/humble/opt/rviz_ogre_vendor/lib:/opt/ros/humble/lib/x86_64-linux-gnu:/opt/ros/humble/lib'), ('HOME', '/home/sione'), ('CHROME_DESKTOP', 'cursor.desktop'), ('OLDPWD', '/home/sione/ros2_hull'), ('DESKTOP_SESSION', 'ubuntu'), ('NO_PROXY', 'localhost,127.0.0.0/8,::1'), ('VSCODE_IPC_HOOK', '/run/user/1000/vscode-74b0d4d1-3.7.-main.sock'), ('ROS_PYTHON_VERSION', '3'), ('GNOME_SHELL_SESSION_MODE', 'ubuntu'), ('GTK_MODULES', 'gail:atk-bridge'), ('CURSOR_ORIG_UID', '1000'), ('LC_MONETARY', 'zh_CN.UTF-8'), ('CURSOR_WORKSPACE_LABEL', 'ros2_hull'), ('SYSTEMD_EXEC_PID', '1969'), ('IM_CONFIG_CHECK_ENV', '1'), ('NO_COLOR', '1'), ('CONDA_PKGS_DIRS', '/tmp/cursor-sandbox-cache/9c4201ed962f614ada2f1dae1decbd1b/conda'), ('DBUS_SESSION_BUS_ADDRESS', 'unix:path=/run/user/1000/bus'), ('COLORTERM', 'truecolor'), ('VSCODE_CRASH_REPORTER_PROCESS_TYPE', 'extensionHost'), ('COMPOSER_HOME', '/tmp/cursor-sandbox-cache/9c4201ed962f614ada2f1dae1decbd1b/composer'), ('IM_CONFIG_PHASE', '1'), ('WAYLAND_DISPLAY', 'wayland-0'), ('https_proxy', 'http://127.0.0.1:7892/'), ('COLCON_PREFIX_PATH', '/home/sione/ros2_hull/install'), ('ROS_DISTRO', 'humble'), ('LOGNAME', 'sione'), ('FORCE_COLOR', '0'), ('ALL_PROXY', 'socks://127.0.0.1:7892/'), ('http_proxy', 'http://127.0.0.1:7892/'), ('BUN_INSTALL_CACHE_DIR', '/tmp/cursor-sandbox-cache/9c4201ed962f614ada2f1dae1decbd1b/bun'), ('_', '/usr/bin/colcon'), ('ROS_VERSION', '2'), ('CURSOR_LAYOUT', 'unifiedAgent'), ('GOMODCACHE', '/tmp/cursor-sandbox-cache/9c4201ed962f614ada2f1dae1decbd1b/go-mod'), ('XDG_SESSION_CLASS', 'user'), ('USERNAME', 'sione'), ('CP_HOME_DIR', '/tmp/cursor-sandbox-cache/9c4201ed962f614ada2f1dae1decbd1b/cocoapods'), ('TERM', 'dumb'), ('GNOME_DESKTOP_SESSION_ID', 'this-is-deprecated'), ('FC_FONTATIONS', '1'), ('ROS_LOCALHOST_ONLY', '0'), ('POETRY_CACHE_DIR', '/tmp/cursor-sandbox-cache/9c4201ed962f614ada2f1dae1decbd1b/poetry'), ('PATH', '/home/sione/.local/bin:/opt/ros/humble/bin:/usr/share/cursor/resources/app/node_modules/@vscode/ripgrep/bin:/home/sione/.local/bin:/usr/local/sbin:/usr/local/bin:/usr/sbin:/usr/bin:/sbin:/bin:/usr/games:/usr/local/games:/snap/bin:/snap/bin'), ('SESSION_MANAGER', 'local/sione-Redmi-Book-14:@/tmp/.ICE-unix/1771,unix/sione-Redmi-Book-14:/tmp/.ICE-unix/1771'), ('YARN_CACHE_FOLDER', '/tmp/cursor-sandbox-cache/9c4201ed962f614ada2f1dae1decbd1b/yarn'), ('UV_CACHE_DIR', '/tmp/cursor-sandbox-cache/9c4201ed962f614ada2f1dae1decbd1b/uv'), ('XDG_MENU_PREFIX', 'gnome-'), ('LC_ADDRESS', 'zh_CN.UTF-8'), ('VSCODE_PROCESS_TITLE', 'extension-host (agent-exec) ros2_hull [11-82]'), ('GNOME_TERMINAL_SCREEN', '/org/gnome/Terminal/screen/3715501e_3196_429b_885a_ed042fb15540'), ('PLAYWRIGHT_BROWSERS_PATH', '/tmp/cursor-sandbox-cache/9c4201ed962f614ada2f1dae1decbd1b/playwright'), ('GNOME_SETUP_DISPLAY', ':1'), ('XDG_RUNTIME_DIR', '/run/user/1000'), ('BUNDLE_PATH', '/tmp/cursor-sandbox-cache/9c4201ed962f614ada2f1dae1decbd1b/bundle'), ('GDK_BACKEND', 'wayland'), ('AGENT_TRANSCRIPTS', '/home/sione/.cursor/projects/home-sione-ros2-hull/agent-transcripts'), ('CURSOR_AGENT', '1'), ('DISPLAY', ':0'), ('LANG', 'zh_CN.UTF-8'), ('XDG_CURRENT_DESKTOP', 'ubuntu:GNOME'), ('NX_CACHE_DIRECTORY', '/tmp/cursor-sandbox-cache/9c4201ed962f614ada2f1dae1decbd1b/nx'), ('LC_TELEPHONE', 'zh_CN.UTF-8'), ('XMODIFIERS', '@im=ibus'), ('XDG_SESSION_DESKTOP', 'ubuntu'), ('XAUTHORITY', '/run/user/1000/.mutter-Xwaylandauth.RD3CQ3'), ('LS_COLORS', ''), ('CYPRESS_CACHE_FOLDER', '/tmp/cursor-sandbox-cache/9c4201ed962f614ada2f1dae1decbd1b/cypress'), ('GNOME_TERMINAL_SERVICE', ':1.154'), ('SSH_AGENT_LAUNCHER', 'gnome-keyring'), ('SSH_AUTH_SOCK', '/run/user/1000/keyring/ssh'), ('PNPM_STORE_PATH', '/tmp/cursor-sandbox-cache/9c4201ed962f614ada2f1dae1decbd1b/pnpm-store'), ('AMENT_PREFIX_PATH', '/home/sione/ros2_hull/install/hull_serial:/opt/ros/humble'), ('CURSOR_CLI_MODE', 'local'), ('SHELL', '/bin/bash'), ('LC_NAME', 'zh_CN.UTF-8'), ('GOCACHE', '/tmp/cursor-sandbox-cache/9c4201ed962f614ada2f1dae1decbd1b/go-build'), ('QT_ACCESSIBILITY', '1'), ('ELECTRON_RUN_AS_NODE', '1'), ('CURSOR_CLI', 'ELECTRON_RUN_AS_NODE=1 "/usr/share/cursor/bin/../cursor" "/usr/share/cursor/bin/../resources/app/out/cli.js"'), ('GDMSESSION', 'ubuntu'), ('LESSCLOSE', '/usr/bin/lesspipe %s %s'), ('LC_MEASUREMENT', 'zh_CN.UTF-8'), ('LC_IDENTIFICATION', 'zh_CN.UTF-8'), ('QT_IM_MODULE', 'ibus'), ('NPM_CONFIG_CACHE', '/tmp/cursor-sandbox-cache/9c4201ed962f614ada2f1dae1decbd1b/npm'), ('PWD', '/home/sione/ros2_hull/build/nmea_msgs'), ('VSCODE_CLI', '1'), ('GRADLE_USER_HOME', '/tmp/cursor-sandbox-cache/9c4201ed962f614ada2f1dae1decbd1b/gradle'), ('XDG_CONFIG_DIRS', '/etc/xdg/xdg-ubuntu:/etc/xdg'), ('VSCODE_CODE_CACHE_PATH', '/home/sione/.config/Cursor/CachedData/e48ee6102a199492b0c9964699bf011886708ba0'), ('CURSOR_ORIG_GID', '1000'), ('XDG_DATA_DIRS', '/usr/share/ubuntu:/home/sione/.local/share/flatpak/exports/share:/var/lib/flatpak/exports/share:/usr/local/share/:/usr/share/:/var/lib/snapd/desktop'), ('CURSOR_CONVERSATION_ID', 'a5ba1da7-2016-47b1-b53f-1b87de9a2e36'), ('PYTHONPATH', '/home/sione/ros2_hull/install/hull_serial/lib/python3.10/site-packages:/opt/ros/humble/lib/python3.10/site-packages:/opt/ros/humble/local/lib/python3.10/dist-packages'), ('HTTP_PROXY', 'http://127.0.0.1:7892/'), ('LC_NUMERIC', 'zh_CN.UTF-8'), ('TURBO_CACHE_DIR', '/tmp/cursor-sandbox-cache/9c4201ed962f614ada2f1dae1decbd1b/turbo'), ('LC_PAPER', 'zh_CN.UTF-8'), ('COLCON', '1'), ('_ZO_DOCTOR', '0'), ('VTE_VERSION', '6800'), ('GEM_SPEC_CACHE', '/tmp/cursor-sandbox-cache/9c4201ed962f614ada2f1dae1decbd1b/gem-specs'), ('ELECTRON_NO_ATTACH_CONSOLE', '1'), ('VSCODE_PID', '23108'), ('CMAKE_PREFIX_PATH', '/home/sione/ros2_hull/install/hull_serial:/opt/ros/humble')]), 'shell': False}
[0.012968] (wheeltec_gps_path) JobProgress: {'identifier': 'wheeltec_gps_path', 'progress': 'cmake'}
[0.013165] (wheeltec_gps_path) Command: {'cmd': ['/usr/bin/cmake', '/home/sione/ros2_hull/src/wheeltec_gps_path', '-DCMAKE_INSTALL_PREFIX=/home/sione/ros2_hull/install/wheeltec_gps_path'], 'cwd': '/home/sione/ros2_hull/build/wheeltec_gps_path', 'env': OrderedDict([('npm_config_devdir', '/tmp/cursor-sandbox-cache/9c4201ed962f614ada2f1dae1decbd1b/node-gyp'), ('LESSOPEN', '| /usr/bin/lesspipe %s'), ('VSCODE_CWD', '/home/sione/fox_download'), ('CURSOR_EXTENSION_HOST_ROLE', 'agent-exec'), ('VSCODE_ESM_ENTRYPOINT', 'vs/workbench/api/node/extensionHostProcess'), ('PUPPETEER_CACHE_DIR', '/tmp/cursor-sandbox-cache/9c4201ed962f614ada2f1dae1decbd1b/puppeteer'), ('HTTPS_PROXY', 'http://127.0.0.1:7892/'), ('no_proxy', 'localhost,127.0.0.0/8,::1'), ('LANGUAGE', 'zh_CN:zh:en_US:en'), ('USER', 'sione'), ('LC_TIME', 'zh_CN.UTF-8'), ('VSCODE_NLS_CONFIG', '{"userLocale":"zh-cn","osLocale":"zh-cn","resolvedLanguage":"zh-cn","defaultMessagesFile":"/usr/share/cursor/resources/app/out/nls.messages.json","languagePack":{"translationsConfigFile":"/home/sione/.config/Cursor/clp/240dc842c4237de79e180860b02f2dde.zh-cn/tcf.json","messagesFile":"/home/sione/.config/Cursor/clp/240dc842c4237de79e180860b02f2dde.zh-cn/e48ee6102a199492b0c9964699bf011886708ba0/nls.messages.json","corruptMarkerFile":"/home/sione/.config/Cursor/clp/240dc842c4237de79e180860b02f2dde.zh-cn/corrupted.info"},"locale":"zh-cn","availableLanguages":{"*":"zh-cn"},"_languagePackId":"240dc842c4237de79e180860b02f2dde.zh-cn","_languagePackSupport":true,"_translationsConfigFile":"/home/sione/.config/Cursor/clp/240dc842c4237de79e180860b02f2dde.zh-cn/tcf.json","_cacheRoot":"/home/sione/.config/Cursor/clp/240dc842c4237de79e180860b02f2dde.zh-cn","_resolvedLanguagePackCoreLocation":"/home/sione/.config/Cursor/clp/240dc842c4237de79e180860b02f2dde.zh-cn/e48ee6102a199492b0c9964699bf011886708ba0","_corruptedFile":"/home/sione/.config/Cursor/clp/240dc842c4237de79e180860b02f2dde.zh-cn/corrupted.info"}'), ('CARGO_TARGET_DIR', '/tmp/cursor-sandbox-cache/9c4201ed962f614ada2f1dae1decbd1b/cargo-target'), ('CCACHE_DIR', '/tmp/cursor-sandbox-cache/9c4201ed962f614ada2f1dae1decbd1b/ccache'), ('all_proxy', 'socks://127.0.0.1:7892/'), ('VSCODE_HANDLES_UNCAUGHT_ERRORS', 'true'), ('XDG_SESSION_TYPE', 'wayland'), ('CURSOR_RIPGREP_PATH', '/usr/share/cursor/resources/app/node_modules/@vscode/ripgrep/bin/rg'), ('PIP_CACHE_DIR', '/tmp/cursor-sandbox-cache/9c4201ed962f614ada2f1dae1decbd1b/pip'), ('STM32CubeMX_PATH', '/home/sione/STM32CubeMX'), ('NUGET_PACKAGES', '/tmp/cursor-sandbox-cache/9c4201ed962f614ada2f1dae1decbd1b/nuget'), ('HOMEBREW_CACHE', '/tmp/cursor-sandbox-cache/9c4201ed962f614ada2f1dae1decbd1b/homebrew'), ('SHLVL', '2'), ('LD_LIBRARY_PATH', '/opt/ros/humble/opt/rviz_ogre_vendor/lib:/opt/ros/humble/lib/x86_64-linux-gnu:/opt/ros/humble/lib'), ('HOME', '/home/sione'), ('CHROME_DESKTOP', 'cursor.desktop'), ('OLDPWD', '/home/sione/ros2_hull'), ('DESKTOP_SESSION', 'ubuntu'), ('NO_PROXY', 'localhost,127.0.0.0/8,::1'), ('VSCODE_IPC_HOOK', '/run/user/1000/vscode-74b0d4d1-3.7.-main.sock'), ('ROS_PYTHON_VERSION', '3'), ('GNOME_SHELL_SESSION_MODE', 'ubuntu'), ('GTK_MODULES', 'gail:atk-bridge'), ('CURSOR_ORIG_UID', '1000'), ('LC_MONETARY', 'zh_CN.UTF-8'), ('CURSOR_WORKSPACE_LABEL', 'ros2_hull'), ('SYSTEMD_EXEC_PID', '1969'), ('IM_CONFIG_CHECK_ENV', '1'), ('NO_COLOR', '1'), ('CONDA_PKGS_DIRS', '/tmp/cursor-sandbox-cache/9c4201ed962f614ada2f1dae1decbd1b/conda'), ('DBUS_SESSION_BUS_ADDRESS', 'unix:path=/run/user/1000/bus'), ('COLORTERM', 'truecolor'), ('VSCODE_CRASH_REPORTER_PROCESS_TYPE', 'extensionHost'), ('COMPOSER_HOME', '/tmp/cursor-sandbox-cache/9c4201ed962f614ada2f1dae1decbd1b/composer'), ('IM_CONFIG_PHASE', '1'), ('WAYLAND_DISPLAY', 'wayland-0'), ('https_proxy', 'http://127.0.0.1:7892/'), ('COLCON_PREFIX_PATH', '/home/sione/ros2_hull/install'), ('ROS_DISTRO', 'humble'), ('LOGNAME', 'sione'), ('FORCE_COLOR', '0'), ('ALL_PROXY', 'socks://127.0.0.1:7892/'), ('http_proxy', 'http://127.0.0.1:7892/'), ('BUN_INSTALL_CACHE_DIR', '/tmp/cursor-sandbox-cache/9c4201ed962f614ada2f1dae1decbd1b/bun'), ('_', '/usr/bin/colcon'), ('ROS_VERSION', '2'), ('CURSOR_LAYOUT', 'unifiedAgent'), ('GOMODCACHE', '/tmp/cursor-sandbox-cache/9c4201ed962f614ada2f1dae1decbd1b/go-mod'), ('XDG_SESSION_CLASS', 'user'), ('USERNAME', 'sione'), ('CP_HOME_DIR', '/tmp/cursor-sandbox-cache/9c4201ed962f614ada2f1dae1decbd1b/cocoapods'), ('TERM', 'dumb'), ('GNOME_DESKTOP_SESSION_ID', 'this-is-deprecated'), ('FC_FONTATIONS', '1'), ('ROS_LOCALHOST_ONLY', '0'), ('POETRY_CACHE_DIR', '/tmp/cursor-sandbox-cache/9c4201ed962f614ada2f1dae1decbd1b/poetry'), ('PATH', '/home/sione/.local/bin:/opt/ros/humble/bin:/usr/share/cursor/resources/app/node_modules/@vscode/ripgrep/bin:/home/sione/.local/bin:/usr/local/sbin:/usr/local/bin:/usr/sbin:/usr/bin:/sbin:/bin:/usr/games:/usr/local/games:/snap/bin:/snap/bin'), ('SESSION_MANAGER', 'local/sione-Redmi-Book-14:@/tmp/.ICE-unix/1771,unix/sione-Redmi-Book-14:/tmp/.ICE-unix/1771'), ('YARN_CACHE_FOLDER', '/tmp/cursor-sandbox-cache/9c4201ed962f614ada2f1dae1decbd1b/yarn'), ('UV_CACHE_DIR', '/tmp/cursor-sandbox-cache/9c4201ed962f614ada2f1dae1decbd1b/uv'), ('XDG_MENU_PREFIX', 'gnome-'), ('LC_ADDRESS', 'zh_CN.UTF-8'), ('VSCODE_PROCESS_TITLE', 'extension-host (agent-exec) ros2_hull [11-82]'), ('GNOME_TERMINAL_SCREEN', '/org/gnome/Terminal/screen/3715501e_3196_429b_885a_ed042fb15540'), ('PLAYWRIGHT_BROWSERS_PATH', '/tmp/cursor-sandbox-cache/9c4201ed962f614ada2f1dae1decbd1b/playwright'), ('GNOME_SETUP_DISPLAY', ':1'), ('XDG_RUNTIME_DIR', '/run/user/1000'), ('BUNDLE_PATH', '/tmp/cursor-sandbox-cache/9c4201ed962f614ada2f1dae1decbd1b/bundle'), ('GDK_BACKEND', 'wayland'), ('AGENT_TRANSCRIPTS', '/home/sione/.cursor/projects/home-sione-ros2-hull/agent-transcripts'), ('CURSOR_AGENT', '1'), ('DISPLAY', ':0'), ('LANG', 'zh_CN.UTF-8'), ('XDG_CURRENT_DESKTOP', 'ubuntu:GNOME'), ('NX_CACHE_DIRECTORY', '/tmp/cursor-sandbox-cache/9c4201ed962f614ada2f1dae1decbd1b/nx'), ('LC_TELEPHONE', 'zh_CN.UTF-8'), ('XMODIFIERS', '@im=ibus'), ('XDG_SESSION_DESKTOP', 'ubuntu'), ('XAUTHORITY', '/run/user/1000/.mutter-Xwaylandauth.RD3CQ3'), ('LS_COLORS', ''), ('CYPRESS_CACHE_FOLDER', '/tmp/cursor-sandbox-cache/9c4201ed962f614ada2f1dae1decbd1b/cypress'), ('GNOME_TERMINAL_SERVICE', ':1.154'), ('SSH_AGENT_LAUNCHER', 'gnome-keyring'), ('SSH_AUTH_SOCK', '/run/user/1000/keyring/ssh'), ('PNPM_STORE_PATH', '/tmp/cursor-sandbox-cache/9c4201ed962f614ada2f1dae1decbd1b/pnpm-store'), ('AMENT_PREFIX_PATH', '/home/sione/ros2_hull/install/hull_serial:/opt/ros/humble'), ('CURSOR_CLI_MODE', 'local'), ('SHELL', '/bin/bash'), ('LC_NAME', 'zh_CN.UTF-8'), ('GOCACHE', '/tmp/cursor-sandbox-cache/9c4201ed962f614ada2f1dae1decbd1b/go-build'), ('QT_ACCESSIBILITY', '1'), ('ELECTRON_RUN_AS_NODE', '1'), ('CURSOR_CLI', 'ELECTRON_RUN_AS_NODE=1 "/usr/share/cursor/bin/../cursor" "/usr/share/cursor/bin/../resources/app/out/cli.js"'), ('GDMSESSION', 'ubuntu'), ('LESSCLOSE', '/usr/bin/lesspipe %s %s'), ('LC_MEASUREMENT', 'zh_CN.UTF-8'), ('LC_IDENTIFICATION', 'zh_CN.UTF-8'), ('QT_IM_MODULE', 'ibus'), ('NPM_CONFIG_CACHE', '/tmp/cursor-sandbox-cache/9c4201ed962f614ada2f1dae1decbd1b/npm'), ('PWD', '/home/sione/ros2_hull/build/wheeltec_gps_path'), ('VSCODE_CLI', '1'), ('GRADLE_USER_HOME', '/tmp/cursor-sandbox-cache/9c4201ed962f614ada2f1dae1decbd1b/gradle'), ('XDG_CONFIG_DIRS', '/etc/xdg/xdg-ubuntu:/etc/xdg'), ('VSCODE_CODE_CACHE_PATH', '/home/sione/.config/Cursor/CachedData/e48ee6102a199492b0c9964699bf011886708ba0'), ('CURSOR_ORIG_GID', '1000'), ('XDG_DATA_DIRS', '/usr/share/ubuntu:/home/sione/.local/share/flatpak/exports/share:/var/lib/flatpak/exports/share:/usr/local/share/:/usr/share/:/var/lib/snapd/desktop'), ('CURSOR_CONVERSATION_ID', 'a5ba1da7-2016-47b1-b53f-1b87de9a2e36'), ('PYTHONPATH', '/home/sione/ros2_hull/install/hull_serial/lib/python3.10/site-packages:/opt/ros/humble/lib/python3.10/site-packages:/opt/ros/humble/local/lib/python3.10/dist-packages'), ('HTTP_PROXY', 'http://127.0.0.1:7892/'), ('LC_NUMERIC', 'zh_CN.UTF-8'), ('TURBO_CACHE_DIR', '/tmp/cursor-sandbox-cache/9c4201ed962f614ada2f1dae1decbd1b/turbo'), ('LC_PAPER', 'zh_CN.UTF-8'), ('COLCON', '1'), ('_ZO_DOCTOR', '0'), ('VTE_VERSION', '6800'), ('GEM_SPEC_CACHE', '/tmp/cursor-sandbox-cache/9c4201ed962f614ada2f1dae1decbd1b/gem-specs'), ('ELECTRON_NO_ATTACH_CONSOLE', '1'), ('VSCODE_PID', '23108'), ('CMAKE_PREFIX_PATH', '/home/sione/ros2_hull/install/hull_serial:/opt/ros/humble')]), 'shell': False}
[0.099788] (-) TimerEvent: {}
[0.129503] (nmea_msgs) StdoutLine: {'line': b'-- The C compiler identification is GNU 11.4.0\n'}
[0.132912] (wheeltec_gps_path) StdoutLine: {'line': b'-- The C compiler identification is GNU 11.4.0\n'}
[0.199901] (-) TimerEvent: {}
[0.209966] (nmea_msgs) StdoutLine: {'line': b'-- The CXX compiler identification is GNU 11.4.0\n'}
[0.212664] (wheeltec_gps_path) StdoutLine: {'line': b'-- The CXX compiler identification is GNU 11.4.0\n'}
[0.220791] (nmea_msgs) StdoutLine: {'line': b'-- Detecting C compiler ABI info\n'}
[0.221790] (wheeltec_gps_path) StdoutLine: {'line': b'-- Detecting C compiler ABI info\n'}
[0.296120] (nmea_msgs) StdoutLine: {'line': b'-- Detecting C compiler ABI info - done\n'}
[0.298591] (wheeltec_gps_path) StdoutLine: {'line': b'-- Detecting C compiler ABI info - done\n'}
[0.299999] (-) TimerEvent: {}
[0.305853] (nmea_msgs) StdoutLine: {'line': b'-- Check for working C compiler: /usr/bin/cc - skipped\n'}
[0.306108] (nmea_msgs) StdoutLine: {'line': b'-- Detecting C compile features\n'}
[0.306542] (nmea_msgs) StdoutLine: {'line': b'-- Detecting C compile features - done\n'}
[0.309059] (wheeltec_gps_path) StdoutLine: {'line': b'-- Check for working C compiler: /usr/bin/cc - skipped\n'}
[0.309357] (nmea_msgs) StdoutLine: {'line': b'-- Detecting CXX compiler ABI info\n'}
[0.309468] (wheeltec_gps_path) StdoutLine: {'line': b'-- Detecting C compile features\n'}
[0.309868] (wheeltec_gps_path) StdoutLine: {'line': b'-- Detecting C compile features - done\n'}
[0.313742] (wheeltec_gps_path) StdoutLine: {'line': b'-- Detecting CXX compiler ABI info\n'}
[0.391034] (nmea_msgs) StdoutLine: {'line': b'-- Detecting CXX compiler ABI info - done\n'}
[0.399781] (nmea_msgs) StdoutLine: {'line': b'-- Check for working CXX compiler: /usr/bin/c++ - skipped\n'}
[0.400129] (-) TimerEvent: {}
[0.400161] (nmea_msgs) StdoutLine: {'line': b'-- Detecting CXX compile features\n'}
[0.400378] (nmea_msgs) StdoutLine: {'line': b'-- Detecting CXX compile features - done\n'}
[0.404004] (nmea_msgs) StdoutLine: {'line': b'-- Found ament_cmake: 1.3.14 (/opt/ros/humble/share/ament_cmake/cmake)\n'}
[0.410483] (wheeltec_gps_path) StdoutLine: {'line': b'-- Detecting CXX compiler ABI info - done\n'}
[0.416962] (wheeltec_gps_path) StdoutLine: {'line': b'-- Check for working CXX compiler: /usr/bin/c++ - skipped\n'}
[0.417338] (wheeltec_gps_path) StdoutLine: {'line': b'-- Detecting CXX compile features\n'}
[0.417618] (wheeltec_gps_path) StdoutLine: {'line': b'-- Detecting CXX compile features - done\n'}
[0.419602] (wheeltec_gps_path) StdoutLine: {'line': b'-- Found ament_cmake: 1.3.14 (/opt/ros/humble/share/ament_cmake/cmake)\n'}
[0.500262] (-) TimerEvent: {}
[0.588056] (nmea_msgs) StdoutLine: {'line': b'-- Found Python3: /usr/bin/python3 (found version "3.10.12") found components: Interpreter \n'}
[0.600379] (-) TimerEvent: {}
[0.604844] (wheeltec_gps_path) StdoutLine: {'line': b'-- Found Python3: /usr/bin/python3 (found version "3.10.12") found components: Interpreter \n'}
[0.687983] (nmea_msgs) StdoutLine: {'line': b'-- Found rosidl_default_generators: 1.2.1 (/opt/ros/humble/share/rosidl_default_generators/cmake)\n'}
[0.692737] (nmea_msgs) StdoutLine: {'line': b'-- Using all available rosidl_typesupport_c: rosidl_typesupport_fastrtps_c;rosidl_typesupport_introspection_c\n'}
[0.699733] (nmea_msgs) StdoutLine: {'line': b'-- Found rosidl_adapter: 3.1.8 (/opt/ros/humble/share/rosidl_adapter/cmake)\n'}
[0.700449] (-) TimerEvent: {}
[0.707924] (wheeltec_gps_path) StdoutLine: {'line': b'-- Found geometry_msgs: 4.9.1 (/opt/ros/humble/share/geometry_msgs/cmake)\n'}
[0.739867] (wheeltec_gps_path) StdoutLine: {'line': b'-- Found rosidl_generator_c: 3.1.8 (/opt/ros/humble/share/rosidl_generator_c/cmake)\n'}
[0.740110] (nmea_msgs) StdoutLine: {'line': b'-- Using all available rosidl_typesupport_cpp: rosidl_typesupport_fastrtps_cpp;rosidl_typesupport_introspection_cpp\n'}
[0.743506] (wheeltec_gps_path) StdoutLine: {'line': b'-- Found rosidl_adapter: 3.1.8 (/opt/ros/humble/share/rosidl_adapter/cmake)\n'}
[0.749863] (wheeltec_gps_path) StdoutLine: {'line': b'-- Found rosidl_generator_cpp: 3.1.8 (/opt/ros/humble/share/rosidl_generator_cpp/cmake)\n'}
[0.759226] (wheeltec_gps_path) StdoutLine: {'line': b'-- Using all available rosidl_typesupport_c: rosidl_typesupport_fastrtps_c;rosidl_typesupport_introspection_c\n'}
[0.771404] (wheeltec_gps_path) StdoutLine: {'line': b'-- Using all available rosidl_typesupport_cpp: rosidl_typesupport_fastrtps_cpp;rosidl_typesupport_introspection_cpp\n'}
[0.775279] (nmea_msgs) StdoutLine: {'line': b'-- Found std_msgs: 4.9.1 (/opt/ros/humble/share/std_msgs/cmake)\n'}
[0.800578] (-) TimerEvent: {}
[0.820290] (wheeltec_gps_path) StderrLine: {'line': b'CMake Error at CMakeLists.txt:11 (find_package):\n'}
[0.820532] (wheeltec_gps_path) StderrLine: {'line': b'  By not providing "Findnav2_msgs.cmake" in CMAKE_MODULE_PATH this project\n'}
[0.820631] (wheeltec_gps_path) StderrLine: {'line': b'  has asked CMake to find a package configuration file provided by\n'}
[0.820713] (wheeltec_gps_path) StderrLine: {'line': b'  "nav2_msgs", but CMake did not find one.\n'}
[0.820793] (wheeltec_gps_path) StderrLine: {'line': b'\n'}
[0.820869] (wheeltec_gps_path) StderrLine: {'line': b'  Could not find a package configuration file provided by "nav2_msgs" with\n'}
[0.820943] (wheeltec_gps_path) StderrLine: {'line': b'  any of the following names:\n'}
[0.821015] (wheeltec_gps_path) StderrLine: {'line': b'\n'}
[0.821088] (wheeltec_gps_path) StderrLine: {'line': b'    nav2_msgsConfig.cmake\n'}
[0.821161] (wheeltec_gps_path) StderrLine: {'line': b'    nav2_msgs-config.cmake\n'}
[0.821233] (wheeltec_gps_path) StderrLine: {'line': b'\n'}
[0.821305] (wheeltec_gps_path) StderrLine: {'line': b'  Add the installation prefix of "nav2_msgs" to CMAKE_PREFIX_PATH or set\n'}
[0.821381] (wheeltec_gps_path) StderrLine: {'line': b'  "nav2_msgs_DIR" to a directory containing one of the above files.  If\n'}
[0.821457] (wheeltec_gps_path) StderrLine: {'line': b'  "nav2_msgs" provides a separate development package or SDK, be sure it has\n'}
[0.821554] (wheeltec_gps_path) StderrLine: {'line': b'  been installed.\n'}
[0.821645] (wheeltec_gps_path) StderrLine: {'line': b'\n'}
[0.821729] (wheeltec_gps_path) StderrLine: {'line': b'\n'}
[0.821815] (wheeltec_gps_path) StdoutLine: {'line': b'-- Configuring incomplete, errors occurred!\n'}
[0.821907] (wheeltec_gps_path) StdoutLine: {'line': b'See also "/home/sione/ros2_hull/build/wheeltec_gps_path/CMakeFiles/CMakeOutput.log".\n'}
[0.824958] (wheeltec_gps_path) CommandEnded: {'returncode': 1}
[0.851983] (wheeltec_gps_path) JobEnded: {'identifier': 'wheeltec_gps_path', 'rc': 1}
[0.900688] (-) TimerEvent: {}
[1.000913] (-) TimerEvent: {}
[1.083142] (nmea_msgs) StdoutLine: {'line': b'-- Found ament_cmake_ros: 0.10.0 (/opt/ros/humble/share/ament_cmake_ros/cmake)\n'}
[1.101041] (-) TimerEvent: {}
[1.201350] (-) TimerEvent: {}
[1.300245] (nmea_msgs) StdoutLine: {'line': b'-- Using all available rosidl_typesupport_c: rosidl_typesupport_fastrtps_c;rosidl_typesupport_introspection_c\n'}
[1.301450] (-) TimerEvent: {}
[1.401641] (-) TimerEvent: {}
[1.501851] (-) TimerEvent: {}
[1.596729] (nmea_msgs) StdoutLine: {'line': b'-- Using all available rosidl_typesupport_cpp: rosidl_typesupport_fastrtps_cpp;rosidl_typesupport_introspection_cpp\n'}
[1.601976] (-) TimerEvent: {}
[1.625730] (nmea_msgs) StdoutLine: {'line': b'-- Found PythonInterp: /usr/bin/python3 (found suitable version "3.10.12", minimum required is "3.6") \n'}
[1.628250] (nmea_msgs) StdoutLine: {'line': b'-- Found python_cmake_module: 0.10.0 (/opt/ros/humble/share/python_cmake_module/cmake)\n'}
[1.654848] (nmea_msgs) StdoutLine: {'line': b'-- Found PythonLibs: /usr/lib/x86_64-linux-gnu/libpython3.10.so (found suitable version "3.10.12", minimum required is "3.5") \n'}
[1.655059] (nmea_msgs) StdoutLine: {'line': b'-- Using PYTHON_EXECUTABLE: /usr/bin/python3\n'}
[1.655123] (nmea_msgs) StdoutLine: {'line': b'-- Using PYTHON_INCLUDE_DIRS: /usr/include/python3.10\n'}
[1.655182] (nmea_msgs) StdoutLine: {'line': b'-- Using PYTHON_LIBRARIES: /usr/lib/x86_64-linux-gnu/libpython3.10.so\n'}
[1.674492] (nmea_msgs) StdoutLine: {'line': b'-- Found PythonExtra: .so  \n'}
[1.702102] (-) TimerEvent: {}
[1.802336] (-) TimerEvent: {}
[1.809346] (nmea_msgs) StdoutLine: {'line': b'-- Configuring done\n'}
[1.843136] (nmea_msgs) StdoutLine: {'line': b'-- Generating done\n'}
[1.854009] (nmea_msgs) StdoutLine: {'line': b'-- Build files have been written to: /home/sione/ros2_hull/build/nmea_msgs\n'}
[1.860188] (nmea_msgs) JobEnded: {'identifier': 'nmea_msgs', 'rc': 'SIGINT'}
[1.870849] (nmea_navsat_driver) JobSkipped: {'identifier': 'nmea_navsat_driver'}
[1.870897] (-) EventReactorShutdown: {}
