[0.490s] Invoking command in '/home/sione/ros2_hull/src/hull_navigation': AMENT_PREFIX_PATH=/home/sione/ros2_hull/install/nmea_navsat_driver:/home/sione/ros2_hull/install/wheeltec_gps_path:/home/sione/ros2_hull/install/nmea_msgs:/home/sione/ros2_hull/install/hull_serial:${AMENT_PREFIX_PATH} CMAKE_PREFIX_PATH=/home/sione/ros2_hull/install/wheeltec_gps_path:/home/sione/ros2_hull/install/nmea_msgs LD_LIBRARY_PATH=/home/sione/ros2_hull/install/nmea_msgs/lib:${LD_LIBRARY_PATH} PYTHONPATH=/home/sione/ros2_hull/build/hull_navigation/prefix_override:/usr/lib/python3/dist-packages/colcon_core/task/python/colcon_distutils_commands:/home/sione/ros2_hull/install/hull_navigation/lib/python3.10/site-packages:/home/sione/ros2_hull/build/nmea_navsat_driver/src:/home/sione/ros2_hull/install/nmea_navsat_driver/lib/python3.10/site-packages:/home/sione/ros2_hull/install/nmea_msgs/local/lib/python3.10/dist-packages:/home/sione/ros2_hull/build/hull_serial:/home/sione/ros2_hull/install/hull_serial/lib/python3.10/site-packages:${PYTHONPATH} /usr/bin/python3 -W ignore:setup.py install is deprecated -W ignore:easy_install command is deprecated setup.py egg_info --egg-base ../../build/hull_navigation build --build-base /home/sione/ros2_hull/build/hull_navigation/build install --record /home/sione/ros2_hull/build/hull_navigation/install.log --single-version-externally-managed install_data
[0.693s] running egg_info
[0.695s] writing ../../build/hull_navigation/hull_navigation.egg-info/PKG-INFO
[0.695s] writing dependency_links to ../../build/hull_navigation/hull_navigation.egg-info/dependency_links.txt
[0.695s] writing entry points to ../../build/hull_navigation/hull_navigation.egg-info/entry_points.txt
[0.695s] writing requirements to ../../build/hull_navigation/hull_navigation.egg-info/requires.txt
[0.695s] writing top-level names to ../../build/hull_navigation/hull_navigation.egg-info/top_level.txt
[0.697s] reading manifest file '../../build/hull_navigation/hull_navigation.egg-info/SOURCES.txt'
[0.697s] writing manifest file '../../build/hull_navigation/hull_navigation.egg-info/SOURCES.txt'
[0.697s] running build
[0.697s] running build_py
[0.698s] running install
[0.698s] running install_lib
[0.699s] running install_data
[0.700s] running install_egg_info
[0.701s] removing '/home/sione/ros2_hull/install/hull_navigation/lib/python3.10/site-packages/hull_navigation-0.2.0-py3.10.egg-info' (and everything under it)
[0.701s] Copying ../../build/hull_navigation/hull_navigation.egg-info to /home/sione/ros2_hull/install/hull_navigation/lib/python3.10/site-packages/hull_navigation-0.2.0-py3.10.egg-info
[0.702s] running install_scripts
[0.725s] Installing cmd_vel_stub_node script to /home/sione/ros2_hull/install/hull_navigation/lib/hull_navigation
[0.725s] Installing gps_goal_bridge_node script to /home/sione/ros2_hull/install/hull_navigation/lib/hull_navigation
[0.725s] Installing gps_imu_fusion_node script to /home/sione/ros2_hull/install/hull_navigation/lib/hull_navigation
[0.726s] Installing gps_navigator_node script to /home/sione/ros2_hull/install/hull_navigation/lib/hull_navigation
[0.726s] Installing gps_velocity_adapter_node script to /home/sione/ros2_hull/install/hull_navigation/lib/hull_navigation
[0.726s] Installing send_nav_goal script to /home/sione/ros2_hull/install/hull_navigation/lib/hull_navigation
[0.727s] writing list of installed files to '/home/sione/ros2_hull/build/hull_navigation/install.log'
[0.752s] Invoked command in '/home/sione/ros2_hull/src/hull_navigation' returned '0': AMENT_PREFIX_PATH=/home/sione/ros2_hull/install/nmea_navsat_driver:/home/sione/ros2_hull/install/wheeltec_gps_path:/home/sione/ros2_hull/install/nmea_msgs:/home/sione/ros2_hull/install/hull_serial:${AMENT_PREFIX_PATH} CMAKE_PREFIX_PATH=/home/sione/ros2_hull/install/wheeltec_gps_path:/home/sione/ros2_hull/install/nmea_msgs LD_LIBRARY_PATH=/home/sione/ros2_hull/install/nmea_msgs/lib:${LD_LIBRARY_PATH} PYTHONPATH=/home/sione/ros2_hull/build/hull_navigation/prefix_override:/usr/lib/python3/dist-packages/colcon_core/task/python/colcon_distutils_commands:/home/sione/ros2_hull/install/hull_navigation/lib/python3.10/site-packages:/home/sione/ros2_hull/build/nmea_navsat_driver/src:/home/sione/ros2_hull/install/nmea_navsat_driver/lib/python3.10/site-packages:/home/sione/ros2_hull/install/nmea_msgs/local/lib/python3.10/dist-packages:/home/sione/ros2_hull/build/hull_serial:/home/sione/ros2_hull/install/hull_serial/lib/python3.10/site-packages:${PYTHONPATH} /usr/bin/python3 -W ignore:setup.py install is deprecated -W ignore:easy_install command is deprecated setup.py egg_info --egg-base ../../build/hull_navigation build --build-base /home/sione/ros2_hull/build/hull_navigation/build install --record /home/sione/ros2_hull/build/hull_navigation/install.log --single-version-externally-managed install_data
