[0.480s] Invoking command in '/home/sione/ros2_hull/src/hull_serial': PYTHONPATH=/home/sione/ros2_hull/build/hull_serial/prefix_override:/usr/lib/python3/dist-packages/colcon_core/task/python/colcon_distutils_commands:/home/sione/ros2_hull/install/hull_serial/lib/python3.10/site-packages:${PYTHONPATH} /usr/bin/python3 -W ignore:setup.py install is deprecated -W ignore:easy_install command is deprecated setup.py egg_info --egg-base ../../build/hull_serial build --build-base /home/sione/ros2_hull/build/hull_serial/build install --record /home/sione/ros2_hull/build/hull_serial/install.log --single-version-externally-managed install_data
[0.683s] running egg_info
[0.683s] writing ../../build/hull_serial/hull_serial.egg-info/PKG-INFO
[0.684s] writing dependency_links to ../../build/hull_serial/hull_serial.egg-info/dependency_links.txt
[0.684s] writing entry points to ../../build/hull_serial/hull_serial.egg-info/entry_points.txt
[0.684s] writing requirements to ../../build/hull_serial/hull_serial.egg-info/requires.txt
[0.684s] writing top-level names to ../../build/hull_serial/hull_serial.egg-info/top_level.txt
[0.686s] reading manifest file '../../build/hull_serial/hull_serial.egg-info/SOURCES.txt'
[0.688s] writing manifest file '../../build/hull_serial/hull_serial.egg-info/SOURCES.txt'
[0.688s] running build
[0.688s] running build_py
[0.688s] running install
[0.688s] running install_lib
[0.689s] running install_data
[0.689s] running install_egg_info
[0.691s] removing '/home/sione/ros2_hull/install/hull_serial/lib/python3.10/site-packages/hull_serial-0.1.0-py3.10.egg-info' (and everything under it)
[0.691s] Copying ../../build/hull_serial/hull_serial.egg-info to /home/sione/ros2_hull/install/hull_serial/lib/python3.10/site-packages/hull_serial-0.1.0-py3.10.egg-info
[0.691s] running install_scripts
[0.710s] Installing serial_imu_node script to /home/sione/ros2_hull/install/hull_serial/lib/hull_serial
[0.710s] writing list of installed files to '/home/sione/ros2_hull/build/hull_serial/install.log'
[0.734s] Invoked command in '/home/sione/ros2_hull/src/hull_serial' returned '0': PYTHONPATH=/home/sione/ros2_hull/build/hull_serial/prefix_override:/usr/lib/python3/dist-packages/colcon_core/task/python/colcon_distutils_commands:/home/sione/ros2_hull/install/hull_serial/lib/python3.10/site-packages:${PYTHONPATH} /usr/bin/python3 -W ignore:setup.py install is deprecated -W ignore:easy_install command is deprecated setup.py egg_info --egg-base ../../build/hull_serial build --build-base /home/sione/ros2_hull/build/hull_serial/build install --record /home/sione/ros2_hull/build/hull_serial/install.log --single-version-externally-managed install_data
