[0.568s] Invoking command in '/home/sione/ros2_hull/build/hull_serial': PYTHONPATH=/home/sione/ros2_hull/build/hull_serial/prefix_override:/usr/lib/python3/dist-packages/colcon_core/task/python/colcon_distutils_commands:/home/sione/ros2_hull/install/hull_serial/lib/python3.10/site-packages:${PYTHONPATH} /usr/bin/python3 -W ignore:setup.py install is deprecated -W ignore:easy_install command is deprecated setup.py develop --uninstall --editable --build-directory /home/sione/ros2_hull/build/hull_serial/build
[0.773s] running develop
[0.876s] Removing /home/sione/ros2_hull/install/hull_serial/lib/python3.10/site-packages/hull-serial.egg-link (link to .)
[0.904s] Invoked command in '/home/sione/ros2_hull/build/hull_serial' returned '0': PYTHONPATH=/home/sione/ros2_hull/build/hull_serial/prefix_override:/usr/lib/python3/dist-packages/colcon_core/task/python/colcon_distutils_commands:/home/sione/ros2_hull/install/hull_serial/lib/python3.10/site-packages:${PYTHONPATH} /usr/bin/python3 -W ignore:setup.py install is deprecated -W ignore:easy_install command is deprecated setup.py develop --uninstall --editable --build-directory /home/sione/ros2_hull/build/hull_serial/build
[0.907s] Invoking command in '/home/sione/ros2_hull/src/hull_serial': PYTHONPATH=/home/sione/ros2_hull/build/hull_serial/prefix_override:/usr/lib/python3/dist-packages/colcon_core/task/python/colcon_distutils_commands:/home/sione/ros2_hull/install/hull_serial/lib/python3.10/site-packages:${PYTHONPATH} /usr/bin/python3 -W ignore:setup.py install is deprecated -W ignore:easy_install command is deprecated setup.py egg_info --egg-base ../../build/hull_serial build --build-base /home/sione/ros2_hull/build/hull_serial/build install --record /home/sione/ros2_hull/build/hull_serial/install.log --single-version-externally-managed install_data --force
[1.098s] running egg_info
[1.098s] writing ../../build/hull_serial/hull_serial.egg-info/PKG-INFO
[1.099s] writing dependency_links to ../../build/hull_serial/hull_serial.egg-info/dependency_links.txt
[1.099s] writing entry points to ../../build/hull_serial/hull_serial.egg-info/entry_points.txt
[1.099s] writing requirements to ../../build/hull_serial/hull_serial.egg-info/requires.txt
[1.099s] writing top-level names to ../../build/hull_serial/hull_serial.egg-info/top_level.txt
[1.101s] reading manifest file '../../build/hull_serial/hull_serial.egg-info/SOURCES.txt'
[1.102s] writing manifest file '../../build/hull_serial/hull_serial.egg-info/SOURCES.txt'
[1.103s] running build
[1.103s] running build_py
[1.103s] creating /home/sione/ros2_hull/build/hull_serial/build
[1.103s] creating /home/sione/ros2_hull/build/hull_serial/build/lib
[1.103s] creating /home/sione/ros2_hull/build/hull_serial/build/lib/hull_serial
[1.103s] copying hull_serial/__init__.py -> /home/sione/ros2_hull/build/hull_serial/build/lib/hull_serial
[1.103s] copying hull_serial/gx_frame_parser.py -> /home/sione/ros2_hull/build/hull_serial/build/lib/hull_serial
[1.103s] copying hull_serial/serial_imu_node.py -> /home/sione/ros2_hull/build/hull_serial/build/lib/hull_serial
[1.104s] running install
[1.104s] running install_lib
[1.104s] creating /home/sione/ros2_hull/install/hull_serial/lib/python3.10/site-packages/hull_serial
[1.104s] copying /home/sione/ros2_hull/build/hull_serial/build/lib/hull_serial/__init__.py -> /home/sione/ros2_hull/install/hull_serial/lib/python3.10/site-packages/hull_serial
[1.104s] copying /home/sione/ros2_hull/build/hull_serial/build/lib/hull_serial/gx_frame_parser.py -> /home/sione/ros2_hull/install/hull_serial/lib/python3.10/site-packages/hull_serial
[1.105s] copying /home/sione/ros2_hull/build/hull_serial/build/lib/hull_serial/serial_imu_node.py -> /home/sione/ros2_hull/install/hull_serial/lib/python3.10/site-packages/hull_serial
[1.105s] byte-compiling /home/sione/ros2_hull/install/hull_serial/lib/python3.10/site-packages/hull_serial/__init__.py to __init__.cpython-310.pyc
[1.105s] byte-compiling /home/sione/ros2_hull/install/hull_serial/lib/python3.10/site-packages/hull_serial/gx_frame_parser.py to gx_frame_parser.cpython-310.pyc
[1.106s] byte-compiling /home/sione/ros2_hull/install/hull_serial/lib/python3.10/site-packages/hull_serial/serial_imu_node.py to serial_imu_node.cpython-310.pyc
[1.107s] running install_data
[1.107s] copying resource/hull_serial -> /home/sione/ros2_hull/install/hull_serial/share/ament_index/resource_index/packages
[1.107s] copying package.xml -> /home/sione/ros2_hull/install/hull_serial/share/hull_serial
[1.107s] copying launch/serial_imu.launch.py -> /home/sione/ros2_hull/install/hull_serial/share/hull_serial/launch
[1.107s] copying config/serial_imu.yaml -> /home/sione/ros2_hull/install/hull_serial/share/hull_serial/config
[1.108s] copying config/serial_imu.rviz -> /home/sione/ros2_hull/install/hull_serial/share/hull_serial/config
[1.108s] running install_egg_info
[1.109s] Copying ../../build/hull_serial/hull_serial.egg-info to /home/sione/ros2_hull/install/hull_serial/lib/python3.10/site-packages/hull_serial-0.1.0-py3.10.egg-info
[1.110s] running install_scripts
[1.128s] Installing serial_imu_node script to /home/sione/ros2_hull/install/hull_serial/lib/hull_serial
[1.129s] writing list of installed files to '/home/sione/ros2_hull/build/hull_serial/install.log'
[1.151s] Invoked command in '/home/sione/ros2_hull/src/hull_serial' returned '0': PYTHONPATH=/home/sione/ros2_hull/build/hull_serial/prefix_override:/usr/lib/python3/dist-packages/colcon_core/task/python/colcon_distutils_commands:/home/sione/ros2_hull/install/hull_serial/lib/python3.10/site-packages:${PYTHONPATH} /usr/bin/python3 -W ignore:setup.py install is deprecated -W ignore:easy_install command is deprecated setup.py egg_info --egg-base ../../build/hull_serial build --build-base /home/sione/ros2_hull/build/hull_serial/build install --record /home/sione/ros2_hull/build/hull_serial/install.log --single-version-externally-managed install_data --force
