[0.427s] Invoking command in '/home/sione/ros2_hull/src/nmea_navsat_driver': AMENT_PREFIX_PATH=/home/sione/ros2_hull/install/nmea_msgs:${AMENT_PREFIX_PATH} CMAKE_PREFIX_PATH=/home/sione/ros2_hull/install/nmea_msgs LD_LIBRARY_PATH=/home/sione/ros2_hull/install/nmea_msgs/lib:${LD_LIBRARY_PATH} PYTHONPATH=/home/sione/ros2_hull/build/nmea_navsat_driver/prefix_override:/usr/lib/python3/dist-packages/colcon_core/task/python/colcon_distutils_commands:/home/sione/ros2_hull/install/nmea_navsat_driver/lib/python3.10/site-packages:/home/sione/ros2_hull/install/nmea_msgs/local/lib/python3.10/dist-packages:${PYTHONPATH} /usr/bin/python3 -W ignore:setup.py install is deprecated -W ignore:easy_install command is deprecated setup.py egg_info --egg-base ../../build/nmea_navsat_driver build --build-base /home/sione/ros2_hull/build/nmea_navsat_driver/build install --record /home/sione/ros2_hull/build/nmea_navsat_driver/install.log --single-version-externally-managed install_data
[0.585s] running egg_info
[0.586s] writing ../../build/nmea_navsat_driver/nmea_navsat_driver.egg-info/PKG-INFO
[0.586s] writing dependency_links to ../../build/nmea_navsat_driver/nmea_navsat_driver.egg-info/dependency_links.txt
[0.586s] writing entry points to ../../build/nmea_navsat_driver/nmea_navsat_driver.egg-info/entry_points.txt
[0.586s] writing requirements to ../../build/nmea_navsat_driver/nmea_navsat_driver.egg-info/requires.txt
[0.586s] writing top-level names to ../../build/nmea_navsat_driver/nmea_navsat_driver.egg-info/top_level.txt
[0.588s] reading manifest file '../../build/nmea_navsat_driver/nmea_navsat_driver.egg-info/SOURCES.txt'
[0.588s] writing manifest file '../../build/nmea_navsat_driver/nmea_navsat_driver.egg-info/SOURCES.txt'
[0.588s] running build
[0.588s] running build_py
[0.589s] running install
[0.589s] running install_lib
[0.590s] running install_data
[0.590s] copying config/nmea_serial_driver.yaml -> /home/sione/ros2_hull/install/nmea_navsat_driver/share/nmea_navsat_driver/config
[0.590s] running install_egg_info
[0.592s] removing '/home/sione/ros2_hull/install/nmea_navsat_driver/lib/python3.10/site-packages/nmea_navsat_driver-2.0.0-py3.10.egg-info' (and everything under it)
[0.592s] Copying ../../build/nmea_navsat_driver/nmea_navsat_driver.egg-info to /home/sione/ros2_hull/install/nmea_navsat_driver/lib/python3.10/site-packages/nmea_navsat_driver-2.0.0-py3.10.egg-info
[0.592s] running install_scripts
[0.610s] Installing nmea_serial_driver script to /home/sione/ros2_hull/install/nmea_navsat_driver/lib/nmea_navsat_driver
[0.610s] Installing nmea_socket_driver script to /home/sione/ros2_hull/install/nmea_navsat_driver/lib/nmea_navsat_driver
[0.610s] Installing nmea_tcpclient_driver script to /home/sione/ros2_hull/install/nmea_navsat_driver/lib/nmea_navsat_driver
[0.610s] Installing nmea_topic_driver script to /home/sione/ros2_hull/install/nmea_navsat_driver/lib/nmea_navsat_driver
[0.610s] Installing nmea_topic_serial_reader script to /home/sione/ros2_hull/install/nmea_navsat_driver/lib/nmea_navsat_driver
[0.611s] writing list of installed files to '/home/sione/ros2_hull/build/nmea_navsat_driver/install.log'
[0.632s] Invoked command in '/home/sione/ros2_hull/src/nmea_navsat_driver' returned '0': AMENT_PREFIX_PATH=/home/sione/ros2_hull/install/nmea_msgs:${AMENT_PREFIX_PATH} CMAKE_PREFIX_PATH=/home/sione/ros2_hull/install/nmea_msgs LD_LIBRARY_PATH=/home/sione/ros2_hull/install/nmea_msgs/lib:${LD_LIBRARY_PATH} PYTHONPATH=/home/sione/ros2_hull/build/nmea_navsat_driver/prefix_override:/usr/lib/python3/dist-packages/colcon_core/task/python/colcon_distutils_commands:/home/sione/ros2_hull/install/nmea_navsat_driver/lib/python3.10/site-packages:/home/sione/ros2_hull/install/nmea_msgs/local/lib/python3.10/dist-packages:${PYTHONPATH} /usr/bin/python3 -W ignore:setup.py install is deprecated -W ignore:easy_install command is deprecated setup.py egg_info --egg-base ../../build/nmea_navsat_driver build --build-base /home/sione/ros2_hull/build/nmea_navsat_driver/build install --record /home/sione/ros2_hull/build/nmea_navsat_driver/install.log --single-version-externally-managed install_data
