[0.011s] Invoking command in '/home/sione/ros2_hull/build/wheeltec_gps_path': CMAKE_PREFIX_PATH=${CMAKE_PREFIX_PATH}:/home/sione/ros2_hull/install/hull_navigation:/home/sione/ros2_hull/install/nmea_navsat_driver:/home/sione/ros2_hull/install/hull_serial:/opt/ros/humble /usr/bin/cmake /home/sione/ros2_hull/src/wheeltec_gps_path -DCMAKE_INSTALL_PREFIX=/home/sione/ros2_hull/install/wheeltec_gps_path
[0.044s] -- Found ament_cmake: 1.3.14 (/opt/ros/humble/share/ament_cmake/cmake)
[0.161s] -- Override CMake install command with custom implementation using symlinks instead of copying resources
[0.172s] -- Found geometry_msgs: 4.9.1 (/opt/ros/humble/share/geometry_msgs/cmake)
[0.195s] -- Found rosidl_generator_c: 3.1.8 (/opt/ros/humble/share/rosidl_generator_c/cmake)
[0.197s] -- Found rosidl_adapter: 3.1.8 (/opt/ros/humble/share/rosidl_adapter/cmake)
[0.200s] -- Found rosidl_generator_cpp: 3.1.8 (/opt/ros/humble/share/rosidl_generator_cpp/cmake)
[0.208s] -- Using all available rosidl_typesupport_c: rosidl_typesupport_fastrtps_c;rosidl_typesupport_introspection_c
[0.217s] -- Using all available rosidl_typesupport_cpp: rosidl_typesupport_fastrtps_cpp;rosidl_typesupport_introspection_cpp
[0.244s] -- Found nav_msgs: 4.9.1 (/opt/ros/humble/share/nav_msgs/cmake)
[0.257s] -- Found rclcpp: 16.0.19 (/opt/ros/humble/share/rclcpp/cmake)
[0.278s] -- Found rmw_implementation_cmake: 6.1.2 (/opt/ros/humble/share/rmw_implementation_cmake/cmake)
[0.279s] -- Found rmw_fastrtps_cpp: 6.2.10 (/opt/ros/humble/share/rmw_fastrtps_cpp/cmake)
[0.365s] -- Using RMW implementation 'rmw_fastrtps_cpp' as default
[0.398s] -- Found rclpy: 3.3.21 (/opt/ros/humble/share/rclpy/cmake)
[0.398s] -- Found sensor_msgs: 4.9.1 (/opt/ros/humble/share/sensor_msgs/cmake)
[0.410s] -- Found tf2_geometry_msgs: 0.25.20 (/opt/ros/humble/share/tf2_geometry_msgs/cmake)
[0.414s] -- Found eigen3_cmake_module: 0.1.1 (/opt/ros/humble/share/eigen3_cmake_module/cmake)
[0.415s] -- Ensuring Eigen3 include directory is part of orocos-kdl CMake target
[0.481s] -- Found ament_lint_auto: 0.12.15 (/opt/ros/humble/share/ament_lint_auto/cmake)
[0.540s] -- Added test 'copyright' to check source files copyright and LICENSE
[0.542s] -- Added test 'cppcheck' to perform static code analysis on C / C++ code
[0.542s] -- Configured cppcheck include dirs: /home/sione/ros2_hull/src/wheeltec_gps_path/include
[0.542s] -- Configured cppcheck exclude dirs and/or files: 
[0.542s] -- Added test 'cpplint' to check C / C++ code against the Google style
[0.543s] -- Configured cpplint exclude dirs and/or files: 
[0.543s] -- Added test 'flake8' to check Python code syntax and style conventions
[0.543s] -- Added test 'lint_cmake' to check CMake code style
[0.543s] -- Added test 'pep257' to check Python code against some of the docstring style conventions in PEP 257
[0.544s] -- Added test 'uncrustify' to check C / C++ code style
[0.544s] -- Configured uncrustify additional arguments: 
[0.544s] -- Added test 'xmllint' to check XML markup files
[0.545s] -- Configuring done
[0.558s] -- Generating done
[0.562s] -- Build files have been written to: /home/sione/ros2_hull/build/wheeltec_gps_path
[0.570s] Invoked command in '/home/sione/ros2_hull/build/wheeltec_gps_path' returned '0': CMAKE_PREFIX_PATH=${CMAKE_PREFIX_PATH}:/home/sione/ros2_hull/install/hull_navigation:/home/sione/ros2_hull/install/nmea_navsat_driver:/home/sione/ros2_hull/install/hull_serial:/opt/ros/humble /usr/bin/cmake /home/sione/ros2_hull/src/wheeltec_gps_path -DCMAKE_INSTALL_PREFIX=/home/sione/ros2_hull/install/wheeltec_gps_path
[0.572s] Invoking command in '/home/sione/ros2_hull/build/wheeltec_gps_path': CMAKE_PREFIX_PATH=${CMAKE_PREFIX_PATH}:/home/sione/ros2_hull/install/hull_navigation:/home/sione/ros2_hull/install/nmea_navsat_driver:/home/sione/ros2_hull/install/hull_serial:/opt/ros/humble /usr/bin/cmake --build /home/sione/ros2_hull/build/wheeltec_gps_path -- -j16 -l16
[0.617s] Consolidate compiler generated dependencies of target gps_path
[0.639s] [100%] Built target gps_path
[0.650s] Invoked command in '/home/sione/ros2_hull/build/wheeltec_gps_path' returned '0': CMAKE_PREFIX_PATH=${CMAKE_PREFIX_PATH}:/home/sione/ros2_hull/install/hull_navigation:/home/sione/ros2_hull/install/nmea_navsat_driver:/home/sione/ros2_hull/install/hull_serial:/opt/ros/humble /usr/bin/cmake --build /home/sione/ros2_hull/build/wheeltec_gps_path -- -j16 -l16
[0.661s] Invoking command in '/home/sione/ros2_hull/build/wheeltec_gps_path': CMAKE_PREFIX_PATH=${CMAKE_PREFIX_PATH}:/home/sione/ros2_hull/install/hull_navigation:/home/sione/ros2_hull/install/nmea_navsat_driver:/home/sione/ros2_hull/install/hull_serial:/opt/ros/humble /usr/bin/cmake --install /home/sione/ros2_hull/build/wheeltec_gps_path
[0.667s] -- Install configuration: ""
[0.667s] -- Execute custom install script
[0.667s] -- Up-to-date symlink: /home/sione/ros2_hull/install/wheeltec_gps_path/lib/wheeltec_gps_path/gps_path
[0.667s] -- Up-to-date symlink: /home/sione/ros2_hull/install/wheeltec_gps_path/share/wheeltec_gps_path/launch/gps_path.launch.py
[0.667s] -- Up-to-date symlink: /home/sione/ros2_hull/install/wheeltec_gps_path/share/wheeltec_gps_path/launch/mapviz_path.launch.py
[0.667s] -- Up-to-date symlink: /home/sione/ros2_hull/install/wheeltec_gps_path/share/wheeltec_gps_path/config/blank_tile.jpg
[0.667s] -- Up-to-date symlink: /home/sione/ros2_hull/install/wheeltec_gps_path/share/wheeltec_gps_path/config/mapviz_local.mvc
[0.668s] -- Up-to-date symlink: /home/sione/ros2_hull/install/wheeltec_gps_path/lib/wheeltec_gps_path/bing_tile_server.py
[0.668s] -- Up-to-date symlink: /home/sione/ros2_hull/install/wheeltec_gps_path/share/ament_index/resource_index/package_run_dependencies/wheeltec_gps_path
[0.668s] -- Up-to-date symlink: /home/sione/ros2_hull/install/wheeltec_gps_path/share/ament_index/resource_index/parent_prefix_path/wheeltec_gps_path
[0.668s] -- Up-to-date symlink: /home/sione/ros2_hull/install/wheeltec_gps_path/share/wheeltec_gps_path/environment/ament_prefix_path.sh
[0.668s] -- Up-to-date symlink: /home/sione/ros2_hull/install/wheeltec_gps_path/share/wheeltec_gps_path/environment/ament_prefix_path.dsv
[0.668s] -- Up-to-date symlink: /home/sione/ros2_hull/install/wheeltec_gps_path/share/wheeltec_gps_path/environment/path.sh
[0.668s] -- Up-to-date symlink: /home/sione/ros2_hull/install/wheeltec_gps_path/share/wheeltec_gps_path/environment/path.dsv
[0.668s] -- Up-to-date symlink: /home/sione/ros2_hull/install/wheeltec_gps_path/share/wheeltec_gps_path/local_setup.bash
[0.668s] -- Up-to-date symlink: /home/sione/ros2_hull/install/wheeltec_gps_path/share/wheeltec_gps_path/local_setup.sh
[0.668s] -- Up-to-date symlink: /home/sione/ros2_hull/install/wheeltec_gps_path/share/wheeltec_gps_path/local_setup.zsh
[0.668s] -- Up-to-date symlink: /home/sione/ros2_hull/install/wheeltec_gps_path/share/wheeltec_gps_path/local_setup.dsv
[0.668s] -- Symlinking: /home/sione/ros2_hull/install/wheeltec_gps_path/share/wheeltec_gps_path/package.dsv
[0.677s] -- Up-to-date symlink: /home/sione/ros2_hull/install/wheeltec_gps_path/share/ament_index/resource_index/packages/wheeltec_gps_path
[0.677s] -- Up-to-date symlink: /home/sione/ros2_hull/install/wheeltec_gps_path/share/wheeltec_gps_path/cmake/wheeltec_gps_pathConfig.cmake
[0.677s] -- Up-to-date symlink: /home/sione/ros2_hull/install/wheeltec_gps_path/share/wheeltec_gps_path/cmake/wheeltec_gps_pathConfig-version.cmake
[0.677s] -- Up-to-date symlink: /home/sione/ros2_hull/install/wheeltec_gps_path/share/wheeltec_gps_path/package.xml
[0.678s] Invoked command in '/home/sione/ros2_hull/build/wheeltec_gps_path' returned '0': CMAKE_PREFIX_PATH=${CMAKE_PREFIX_PATH}:/home/sione/ros2_hull/install/hull_navigation:/home/sione/ros2_hull/install/nmea_navsat_driver:/home/sione/ros2_hull/install/hull_serial:/opt/ros/humble /usr/bin/cmake --install /home/sione/ros2_hull/build/wheeltec_gps_path
