[0.455s] Invoking command in '/home/sione/ros2_hull/src/hull_navigation': AMENT_PREFIX_PATH=/home/sione/ros2_hull/install/nmea_navsat_driver:/home/sione/ros2_hull/install/nmea_msgs:/home/sione/ros2_hull/install/hull_serial:${AMENT_PREFIX_PATH} CMAKE_PREFIX_PATH=/home/sione/ros2_hull/install/nmea_msgs LD_LIBRARY_PATH=/home/sione/ros2_hull/install/nmea_msgs/lib:${LD_LIBRARY_PATH} PYTHONPATH=/home/sione/ros2_hull/build/hull_navigation/prefix_override:/usr/lib/python3/dist-packages/colcon_core/task/python/colcon_distutils_commands:/home/sione/ros2_hull/install/hull_navigation/lib/python3.10/site-packages:/home/sione/ros2_hull/install/nmea_navsat_driver/lib/python3.10/site-packages:/home/sione/ros2_hull/install/nmea_msgs/local/lib/python3.10/dist-packages:/home/sione/ros2_hull/install/hull_serial/lib/python3.10/site-packages:${PYTHONPATH} /usr/bin/python3 -W ignore:setup.py install is deprecated -W ignore:easy_install command is deprecated setup.py egg_info --egg-base ../../build/hull_navigation build --build-base /home/sione/ros2_hull/build/hull_navigation/build install --record /home/sione/ros2_hull/build/hull_navigation/install.log --single-version-externally-managed install_data
[0.629s] running egg_info
[0.630s] writing ../../build/hull_navigation/hull_navigation.egg-info/PKG-INFO
[0.630s] writing dependency_links to ../../build/hull_navigation/hull_navigation.egg-info/dependency_links.txt
[0.630s] writing entry points to ../../build/hull_navigation/hull_navigation.egg-info/entry_points.txt
[0.630s] writing requirements to ../../build/hull_navigation/hull_navigation.egg-info/requires.txt
[0.630s] writing top-level names to ../../build/hull_navigation/hull_navigation.egg-info/top_level.txt
[0.631s] reading manifest file '../../build/hull_navigation/hull_navigation.egg-info/SOURCES.txt'
[0.632s] writing manifest file '../../build/hull_navigation/hull_navigation.egg-info/SOURCES.txt'
[0.632s] running build
[0.632s] running build_py
[0.633s] copying hull_navigation/__init__.py -> /home/sione/ros2_hull/build/hull_navigation/build/lib/hull_navigation
[0.633s] copying hull_navigation/gps_imu_fusion_node.py -> /home/sione/ros2_hull/build/hull_navigation/build/lib/hull_navigation
[0.633s] running install
[0.633s] running install_lib
[0.633s] copying /home/sione/ros2_hull/build/hull_navigation/build/lib/hull_navigation/__init__.py -> /home/sione/ros2_hull/install/hull_navigation/lib/python3.10/site-packages/hull_navigation
[0.634s] copying /home/sione/ros2_hull/build/hull_navigation/build/lib/hull_navigation/gps_imu_fusion_node.py -> /home/sione/ros2_hull/install/hull_navigation/lib/python3.10/site-packages/hull_navigation
[0.634s] byte-compiling /home/sione/ros2_hull/install/hull_navigation/lib/python3.10/site-packages/hull_navigation/__init__.py to __init__.cpython-310.pyc
[0.634s] byte-compiling /home/sione/ros2_hull/install/hull_navigation/lib/python3.10/site-packages/hull_navigation/gps_imu_fusion_node.py to gps_imu_fusion_node.cpython-310.pyc
[0.635s] running install_data
[0.635s] copying resource/hull_navigation -> /home/sione/ros2_hull/install/hull_navigation/share/ament_index/resource_index/packages
[0.636s] copying launch/navigation.launch.py -> /home/sione/ros2_hull/install/hull_navigation/share/hull_navigation/launch
[0.636s] creating /home/sione/ros2_hull/install/hull_navigation/share/hull_navigation/config
[0.636s] copying config/navigation.yaml -> /home/sione/ros2_hull/install/hull_navigation/share/hull_navigation/config
[0.636s] running install_egg_info
[0.637s] Copying ../../build/hull_navigation/hull_navigation.egg-info to /home/sione/ros2_hull/install/hull_navigation/lib/python3.10/site-packages/hull_navigation-0.1.0-py3.10.egg-info
[0.638s] running install_scripts
[0.652s] Installing gps_imu_fusion_node script to /home/sione/ros2_hull/install/hull_navigation/lib/hull_navigation
[0.652s] writing list of installed files to '/home/sione/ros2_hull/build/hull_navigation/install.log'
[0.670s] Invoked command in '/home/sione/ros2_hull/src/hull_navigation' returned '0': AMENT_PREFIX_PATH=/home/sione/ros2_hull/install/nmea_navsat_driver:/home/sione/ros2_hull/install/nmea_msgs:/home/sione/ros2_hull/install/hull_serial:${AMENT_PREFIX_PATH} CMAKE_PREFIX_PATH=/home/sione/ros2_hull/install/nmea_msgs LD_LIBRARY_PATH=/home/sione/ros2_hull/install/nmea_msgs/lib:${LD_LIBRARY_PATH} PYTHONPATH=/home/sione/ros2_hull/build/hull_navigation/prefix_override:/usr/lib/python3/dist-packages/colcon_core/task/python/colcon_distutils_commands:/home/sione/ros2_hull/install/hull_navigation/lib/python3.10/site-packages:/home/sione/ros2_hull/install/nmea_navsat_driver/lib/python3.10/site-packages:/home/sione/ros2_hull/install/nmea_msgs/local/lib/python3.10/dist-packages:/home/sione/ros2_hull/install/hull_serial/lib/python3.10/site-packages:${PYTHONPATH} /usr/bin/python3 -W ignore:setup.py install is deprecated -W ignore:easy_install command is deprecated setup.py egg_info --egg-base ../../build/hull_navigation build --build-base /home/sione/ros2_hull/build/hull_navigation/build install --record /home/sione/ros2_hull/build/hull_navigation/install.log --single-version-externally-managed install_data
