[0.012s] Invoking command in '/home/sione/ros2_hull/build/wheeltec_gps_path': /usr/bin/cmake --build /home/sione/ros2_hull/build/wheeltec_gps_path -- -j16 -l16
[0.045s] -- Found ament_cmake: 1.3.14 (/opt/ros/humble/share/ament_cmake/cmake)
[0.165s] -- Found geometry_msgs: 4.9.1 (/opt/ros/humble/share/geometry_msgs/cmake)
[0.190s] -- Found rosidl_generator_c: 3.1.8 (/opt/ros/humble/share/rosidl_generator_c/cmake)
[0.193s] -- Found rosidl_adapter: 3.1.8 (/opt/ros/humble/share/rosidl_adapter/cmake)
[0.199s] -- Found rosidl_generator_cpp: 3.1.8 (/opt/ros/humble/share/rosidl_generator_cpp/cmake)
[0.209s] -- Using all available rosidl_typesupport_c: rosidl_typesupport_fastrtps_c;rosidl_typesupport_introspection_c
[0.220s] -- Using all available rosidl_typesupport_cpp: rosidl_typesupport_fastrtps_cpp;rosidl_typesupport_introspection_cpp
[0.254s] -- Found nav_msgs: 4.9.1 (/opt/ros/humble/share/nav_msgs/cmake)
[0.270s] -- Found rclcpp: 16.0.19 (/opt/ros/humble/share/rclcpp/cmake)
[0.296s] -- Found rmw_implementation_cmake: 6.1.2 (/opt/ros/humble/share/rmw_implementation_cmake/cmake)
[0.297s] -- Found rmw_fastrtps_cpp: 6.2.10 (/opt/ros/humble/share/rmw_fastrtps_cpp/cmake)
[0.384s] -- Using RMW implementation 'rmw_fastrtps_cpp' as default
[0.426s] -- Found rclpy: 3.3.21 (/opt/ros/humble/share/rclpy/cmake)
[0.426s] -- Found sensor_msgs: 4.9.1 (/opt/ros/humble/share/sensor_msgs/cmake)
[0.443s] -- Found tf2_geometry_msgs: 0.25.20 (/opt/ros/humble/share/tf2_geometry_msgs/cmake)
[0.446s] -- Found eigen3_cmake_module: 0.1.1 (/opt/ros/humble/share/eigen3_cmake_module/cmake)
[0.448s] -- Ensuring Eigen3 include directory is part of orocos-kdl CMake target
[0.527s] -- Found ament_lint_auto: 0.12.15 (/opt/ros/humble/share/ament_lint_auto/cmake)
[0.576s] Error parsing '/home/sione/ros2_hull/src/wheeltec_gps_path/package.xml':
[0.626s] Traceback (most recent call last):
[0.626s]   File "/opt/ros/humble/share/ament_cmake_core/cmake/core/package_xml_2_cmake.py", line 150, in <module>
[0.626s]     main()
[0.626s]   File "/opt/ros/humble/share/ament_cmake_core/cmake/core/package_xml_2_cmake.py", line 53, in main
[0.626s]     raise e
[0.627s]   File "/opt/ros/humble/share/ament_cmake_core/cmake/core/package_xml_2_cmake.py", line 49, in main
[0.627s]     package = parse_package_string(
[0.627s]   File "/usr/lib/python3/dist-packages/catkin_pkg/package.py", line 786, in parse_package_string
[0.627s]     raise InvalidPackage('Error(s):%s' % (''.join(['\n- %s' % e for e in errors])), filename)
[0.627s] catkin_pkg.package.InvalidPackage: Error(s) in package '/home/sione/ros2_hull/src/wheeltec_gps_path/package.xml':
[0.627s] Error(s):
[0.627s] - The generic dependency on 'tf2_ros' is redundant with: exec_depend
[0.641s] CMake Error at /opt/ros/humble/share/ament_cmake_core/cmake/core/ament_package_xml.cmake:95 (message):
[0.641s]   execute_process(/usr/bin/python3
[0.641s]   /opt/ros/humble/share/ament_cmake_core/cmake/core/package_xml_2_cmake.py
[0.641s]   /home/sione/ros2_hull/src/wheeltec_gps_path/package.xml
[0.641s]   /home/sione/ros2_hull/build/wheeltec_gps_path/ament_cmake_core/package.cmake)
[0.641s]   returned error code 1
[0.641s] Call Stack (most recent call first):
[0.641s]   /opt/ros/humble/share/ament_cmake_core/cmake/core/ament_package_xml.cmake:49 (_ament_package_xml)
[0.641s]   /opt/ros/humble/share/ament_lint_auto/cmake/ament_lint_auto_find_test_dependencies.cmake:31 (ament_package_xml)
[0.641s]   CMakeLists.txt:39 (ament_lint_auto_find_test_dependencies)
[0.641s] 
[0.641s] 
[0.641s] -- Configuring incomplete, errors occurred!
[0.641s] See also "/home/sione/ros2_hull/build/wheeltec_gps_path/CMakeFiles/CMakeOutput.log".
[0.648s] gmake: *** [Makefile:267：cmake_check_build_system] 错误 1
[0.650s] Invoked command in '/home/sione/ros2_hull/build/wheeltec_gps_path' returned '2': /usr/bin/cmake --build /home/sione/ros2_hull/build/wheeltec_gps_path -- -j16 -l16
