[0.524s] Invoking command in '/home/sione/ros2_hull/build/hull_navigation': AMENT_PREFIX_PATH=/home/sione/ros2_hull/install/nmea_navsat_driver:/home/sione/ros2_hull/install/wheeltec_gps_path:/home/sione/ros2_hull/install/nmea_msgs:/home/sione/ros2_hull/install/hull_serial:${AMENT_PREFIX_PATH} CMAKE_PREFIX_PATH=/home/sione/ros2_hull/install/wheeltec_gps_path:/home/sione/ros2_hull/install/nmea_msgs LD_LIBRARY_PATH=/home/sione/ros2_hull/install/nmea_msgs/lib:${LD_LIBRARY_PATH} PYTHONPATH=/home/sione/ros2_hull/build/hull_navigation/prefix_override:/usr/lib/python3/dist-packages/colcon_core/task/python/colcon_distutils_commands:/home/sione/ros2_hull/install/hull_navigation/lib/python3.10/site-packages:/home/sione/ros2_hull/build/nmea_navsat_driver/src:/home/sione/ros2_hull/install/nmea_navsat_driver/lib/python3.10/site-packages:/home/sione/ros2_hull/install/nmea_msgs/local/lib/python3.10/dist-packages:/home/sione/ros2_hull/build/hull_serial:/home/sione/ros2_hull/install/hull_serial/lib/python3.10/site-packages:${PYTHONPATH} /usr/bin/python3 -W ignore:setup.py install is deprecated -W ignore:easy_install command is deprecated setup.py develop --uninstall --editable --build-directory /home/sione/ros2_hull/build/hull_navigation/build
[0.721s] running develop
[0.826s] Removing /home/sione/ros2_hull/install/hull_navigation/lib/python3.10/site-packages/hull-navigation.egg-link (link to .)
[0.853s] Invoked command in '/home/sione/ros2_hull/build/hull_navigation' returned '0': AMENT_PREFIX_PATH=/home/sione/ros2_hull/install/nmea_navsat_driver:/home/sione/ros2_hull/install/wheeltec_gps_path:/home/sione/ros2_hull/install/nmea_msgs:/home/sione/ros2_hull/install/hull_serial:${AMENT_PREFIX_PATH} CMAKE_PREFIX_PATH=/home/sione/ros2_hull/install/wheeltec_gps_path:/home/sione/ros2_hull/install/nmea_msgs LD_LIBRARY_PATH=/home/sione/ros2_hull/install/nmea_msgs/lib:${LD_LIBRARY_PATH} PYTHONPATH=/home/sione/ros2_hull/build/hull_navigation/prefix_override:/usr/lib/python3/dist-packages/colcon_core/task/python/colcon_distutils_commands:/home/sione/ros2_hull/install/hull_navigation/lib/python3.10/site-packages:/home/sione/ros2_hull/build/nmea_navsat_driver/src:/home/sione/ros2_hull/install/nmea_navsat_driver/lib/python3.10/site-packages:/home/sione/ros2_hull/install/nmea_msgs/local/lib/python3.10/dist-packages:/home/sione/ros2_hull/build/hull_serial:/home/sione/ros2_hull/install/hull_serial/lib/python3.10/site-packages:${PYTHONPATH} /usr/bin/python3 -W ignore:setup.py install is deprecated -W ignore:easy_install command is deprecated setup.py develop --uninstall --editable --build-directory /home/sione/ros2_hull/build/hull_navigation/build
[0.854s] Invoking command in '/home/sione/ros2_hull/src/hull_navigation': AMENT_PREFIX_PATH=/home/sione/ros2_hull/install/nmea_navsat_driver:/home/sione/ros2_hull/install/wheeltec_gps_path:/home/sione/ros2_hull/install/nmea_msgs:/home/sione/ros2_hull/install/hull_serial:${AMENT_PREFIX_PATH} CMAKE_PREFIX_PATH=/home/sione/ros2_hull/install/wheeltec_gps_path:/home/sione/ros2_hull/install/nmea_msgs LD_LIBRARY_PATH=/home/sione/ros2_hull/install/nmea_msgs/lib:${LD_LIBRARY_PATH} PYTHONPATH=/home/sione/ros2_hull/build/hull_navigation/prefix_override:/usr/lib/python3/dist-packages/colcon_core/task/python/colcon_distutils_commands:/home/sione/ros2_hull/install/hull_navigation/lib/python3.10/site-packages:/home/sione/ros2_hull/build/nmea_navsat_driver/src:/home/sione/ros2_hull/install/nmea_navsat_driver/lib/python3.10/site-packages:/home/sione/ros2_hull/install/nmea_msgs/local/lib/python3.10/dist-packages:/home/sione/ros2_hull/build/hull_serial:/home/sione/ros2_hull/install/hull_serial/lib/python3.10/site-packages:${PYTHONPATH} /usr/bin/python3 -W ignore:setup.py install is deprecated -W ignore:easy_install command is deprecated setup.py egg_info --egg-base ../../build/hull_navigation build --build-base /home/sione/ros2_hull/build/hull_navigation/build install --record /home/sione/ros2_hull/build/hull_navigation/install.log --single-version-externally-managed install_data --force
[1.049s] running egg_info
[1.049s] writing ../../build/hull_navigation/hull_navigation.egg-info/PKG-INFO
[1.050s] writing dependency_links to ../../build/hull_navigation/hull_navigation.egg-info/dependency_links.txt
[1.050s] writing entry points to ../../build/hull_navigation/hull_navigation.egg-info/entry_points.txt
[1.050s] writing requirements to ../../build/hull_navigation/hull_navigation.egg-info/requires.txt
[1.050s] writing top-level names to ../../build/hull_navigation/hull_navigation.egg-info/top_level.txt
[1.051s] reading manifest file '../../build/hull_navigation/hull_navigation.egg-info/SOURCES.txt'
[1.053s] writing manifest file '../../build/hull_navigation/hull_navigation.egg-info/SOURCES.txt'
[1.053s] running build
[1.053s] running build_py
[1.053s] copying hull_navigation/cmd_vel_stub_node.py -> /home/sione/ros2_hull/build/hull_navigation/build/lib/hull_navigation
[1.053s] copying hull_navigation/send_nav_goal.py -> /home/sione/ros2_hull/build/hull_navigation/build/lib/hull_navigation
[1.053s] copying hull_navigation/gps_goal_bridge_node.py -> /home/sione/ros2_hull/build/hull_navigation/build/lib/hull_navigation
[1.053s] copying hull_navigation/gps_velocity_adapter_node.py -> /home/sione/ros2_hull/build/hull_navigation/build/lib/hull_navigation
[1.054s] copying hull_navigation/geo_utils.py -> /home/sione/ros2_hull/build/hull_navigation/build/lib/hull_navigation
[1.054s] copying hull_navigation/gps_navigator_node.py -> /home/sione/ros2_hull/build/hull_navigation/build/lib/hull_navigation
[1.054s] copying hull_navigation/gps_imu_fusion_node.py -> /home/sione/ros2_hull/build/hull_navigation/build/lib/hull_navigation
[1.054s] running install
[1.054s] running install_lib
[1.055s] creating /home/sione/ros2_hull/install/hull_navigation/lib/python3.10/site-packages/hull_navigation
[1.056s] copying /home/sione/ros2_hull/build/hull_navigation/build/lib/hull_navigation/cmd_vel_stub_node.py -> /home/sione/ros2_hull/install/hull_navigation/lib/python3.10/site-packages/hull_navigation
[1.056s] copying /home/sione/ros2_hull/build/hull_navigation/build/lib/hull_navigation/__init__.py -> /home/sione/ros2_hull/install/hull_navigation/lib/python3.10/site-packages/hull_navigation
[1.056s] copying /home/sione/ros2_hull/build/hull_navigation/build/lib/hull_navigation/send_nav_goal.py -> /home/sione/ros2_hull/install/hull_navigation/lib/python3.10/site-packages/hull_navigation
[1.056s] copying /home/sione/ros2_hull/build/hull_navigation/build/lib/hull_navigation/gps_goal_bridge_node.py -> /home/sione/ros2_hull/install/hull_navigation/lib/python3.10/site-packages/hull_navigation
[1.056s] copying /home/sione/ros2_hull/build/hull_navigation/build/lib/hull_navigation/gps_velocity_adapter_node.py -> /home/sione/ros2_hull/install/hull_navigation/lib/python3.10/site-packages/hull_navigation
[1.056s] copying /home/sione/ros2_hull/build/hull_navigation/build/lib/hull_navigation/geo_utils.py -> /home/sione/ros2_hull/install/hull_navigation/lib/python3.10/site-packages/hull_navigation
[1.056s] copying /home/sione/ros2_hull/build/hull_navigation/build/lib/hull_navigation/gps_navigator_node.py -> /home/sione/ros2_hull/install/hull_navigation/lib/python3.10/site-packages/hull_navigation
[1.056s] copying /home/sione/ros2_hull/build/hull_navigation/build/lib/hull_navigation/gps_imu_fusion_node.py -> /home/sione/ros2_hull/install/hull_navigation/lib/python3.10/site-packages/hull_navigation
[1.056s] byte-compiling /home/sione/ros2_hull/install/hull_navigation/lib/python3.10/site-packages/hull_navigation/cmd_vel_stub_node.py to cmd_vel_stub_node.cpython-310.pyc
[1.057s] byte-compiling /home/sione/ros2_hull/install/hull_navigation/lib/python3.10/site-packages/hull_navigation/__init__.py to __init__.cpython-310.pyc
[1.057s] byte-compiling /home/sione/ros2_hull/install/hull_navigation/lib/python3.10/site-packages/hull_navigation/send_nav_goal.py to send_nav_goal.cpython-310.pyc
[1.057s] byte-compiling /home/sione/ros2_hull/install/hull_navigation/lib/python3.10/site-packages/hull_navigation/gps_goal_bridge_node.py to gps_goal_bridge_node.cpython-310.pyc
[1.058s] byte-compiling /home/sione/ros2_hull/install/hull_navigation/lib/python3.10/site-packages/hull_navigation/gps_velocity_adapter_node.py to gps_velocity_adapter_node.cpython-310.pyc
[1.060s] byte-compiling /home/sione/ros2_hull/install/hull_navigation/lib/python3.10/site-packages/hull_navigation/geo_utils.py to geo_utils.cpython-310.pyc
[1.061s] byte-compiling /home/sione/ros2_hull/install/hull_navigation/lib/python3.10/site-packages/hull_navigation/gps_navigator_node.py to gps_navigator_node.cpython-310.pyc
[1.063s] byte-compiling /home/sione/ros2_hull/install/hull_navigation/lib/python3.10/site-packages/hull_navigation/gps_imu_fusion_node.py to gps_imu_fusion_node.cpython-310.pyc
[1.063s] running install_data
[1.063s] copying resource/hull_navigation -> /home/sione/ros2_hull/install/hull_navigation/share/ament_index/resource_index/packages
[1.064s] copying package.xml -> /home/sione/ros2_hull/install/hull_navigation/share/hull_navigation
[1.064s] copying launch/navigation.launch.py -> /home/sione/ros2_hull/install/hull_navigation/share/hull_navigation/launch
[1.064s] copying launch/nav2_open_water.launch.py -> /home/sione/ros2_hull/install/hull_navigation/share/hull_navigation/launch
[1.064s] copying launch/localization.launch.py -> /home/sione/ros2_hull/install/hull_navigation/share/hull_navigation/launch
[1.064s] copying config/hardware_ports.yaml -> /home/sione/ros2_hull/install/hull_navigation/share/hull_navigation/config
[1.065s] copying config/navigation.yaml -> /home/sione/ros2_hull/install/hull_navigation/share/hull_navigation/config
[1.065s] copying config/nav2_params.yaml -> /home/sione/ros2_hull/install/hull_navigation/share/hull_navigation/config
[1.065s] copying config/ekf.yaml -> /home/sione/ros2_hull/install/hull_navigation/share/hull_navigation/config
[1.065s] running install_egg_info
[1.066s] Copying ../../build/hull_navigation/hull_navigation.egg-info to /home/sione/ros2_hull/install/hull_navigation/lib/python3.10/site-packages/hull_navigation-0.2.0-py3.10.egg-info
[1.067s] running install_scripts
[1.084s] Installing cmd_vel_stub_node script to /home/sione/ros2_hull/install/hull_navigation/lib/hull_navigation
[1.084s] Installing gps_goal_bridge_node script to /home/sione/ros2_hull/install/hull_navigation/lib/hull_navigation
[1.084s] Installing gps_imu_fusion_node script to /home/sione/ros2_hull/install/hull_navigation/lib/hull_navigation
[1.084s] Installing gps_navigator_node script to /home/sione/ros2_hull/install/hull_navigation/lib/hull_navigation
[1.084s] Installing gps_velocity_adapter_node script to /home/sione/ros2_hull/install/hull_navigation/lib/hull_navigation
[1.085s] Installing send_nav_goal script to /home/sione/ros2_hull/install/hull_navigation/lib/hull_navigation
[1.085s] writing list of installed files to '/home/sione/ros2_hull/build/hull_navigation/install.log'
[1.109s] Invoked command in '/home/sione/ros2_hull/src/hull_navigation' returned '0': AMENT_PREFIX_PATH=/home/sione/ros2_hull/install/nmea_navsat_driver:/home/sione/ros2_hull/install/wheeltec_gps_path:/home/sione/ros2_hull/install/nmea_msgs:/home/sione/ros2_hull/install/hull_serial:${AMENT_PREFIX_PATH} CMAKE_PREFIX_PATH=/home/sione/ros2_hull/install/wheeltec_gps_path:/home/sione/ros2_hull/install/nmea_msgs LD_LIBRARY_PATH=/home/sione/ros2_hull/install/nmea_msgs/lib:${LD_LIBRARY_PATH} PYTHONPATH=/home/sione/ros2_hull/build/hull_navigation/prefix_override:/usr/lib/python3/dist-packages/colcon_core/task/python/colcon_distutils_commands:/home/sione/ros2_hull/install/hull_navigation/lib/python3.10/site-packages:/home/sione/ros2_hull/build/nmea_navsat_driver/src:/home/sione/ros2_hull/install/nmea_navsat_driver/lib/python3.10/site-packages:/home/sione/ros2_hull/install/nmea_msgs/local/lib/python3.10/dist-packages:/home/sione/ros2_hull/build/hull_serial:/home/sione/ros2_hull/install/hull_serial/lib/python3.10/site-packages:${PYTHONPATH} /usr/bin/python3 -W ignore:setup.py install is deprecated -W ignore:easy_install command is deprecated setup.py egg_info --egg-base ../../build/hull_navigation build --build-base /home/sione/ros2_hull/build/hull_navigation/build install --record /home/sione/ros2_hull/build/hull_navigation/install.log --single-version-externally-managed install_data --force
