[0.007s] Invoking command in '/home/sione/ros2_hull/build/nmea_msgs': CMAKE_PREFIX_PATH=/opt/ros/humble /usr/bin/cmake --build /home/sione/ros2_hull/build/nmea_msgs -- -j16 -l16
[0.060s] [35m[1mConsolidate compiler generated dependencies of target nmea_msgs__rosidl_generator_c[0m
[0.068s] [  1%] Built target nmea_msgs__rs
[0.068s] [  2%] Built target nmea_msgs__cpp
[0.076s] [  2%] Built target ament_cmake_python_copy_nmea_msgs
[0.076s] [ 13%] Built target nmea_msgs__rosidl_generator_c
[0.081s] [35m[1mConsolidate compiler generated dependencies of target nmea_msgs__rosidl_typesupport_fastrtps_cpp[0m
[0.082s] [35m[1mConsolidate compiler generated dependencies of target nmea_msgs__rosidl_typesupport_cpp[0m
[0.082s] [35m[1mConsolidate compiler generated dependencies of target nmea_msgs__rosidl_typesupport_introspection_cpp[0m
[0.086s] [35m[1mConsolidate compiler generated dependencies of target nmea_msgs__rosidl_typesupport_c[0m
[0.087s] [35m[1mConsolidate compiler generated dependencies of target nmea_msgs__rosidl_typesupport_fastrtps_c[0m
[0.090s] [35m[1mConsolidate compiler generated dependencies of target nmea_msgs__rosidl_typesupport_introspection_c[0m
[0.095s] [ 25%] Built target nmea_msgs__rosidl_typesupport_c
[0.098s] [ 36%] Built target nmea_msgs__rosidl_typesupport_fastrtps_cpp
[0.099s] [ 47%] Built target nmea_msgs__rosidl_typesupport_cpp
[0.101s] [ 58%] Built target nmea_msgs__rosidl_typesupport_introspection_cpp
[0.103s] [ 70%] Built target nmea_msgs__rosidl_typesupport_fastrtps_c
[0.106s] [ 81%] Built target nmea_msgs__rosidl_typesupport_introspection_c
[0.128s] [ 81%] Built target nmea_msgs
[0.152s] [ 82%] Built target nmea_msgs__py
[0.166s] [35m[1mConsolidate compiler generated dependencies of target nmea_msgs__rosidl_generator_py[0m
[0.183s] [ 92%] Built target nmea_msgs__rosidl_generator_py
[0.196s] [35m[1mConsolidate compiler generated dependencies of target nmea_msgs__rosidl_typesupport_introspection_c__pyext[0m
[0.196s] [35m[1mConsolidate compiler generated dependencies of target nmea_msgs__rosidl_typesupport_fastrtps_c__pyext[0m
[0.196s] [35m[1mConsolidate compiler generated dependencies of target nmea_msgs__rosidl_typesupport_c__pyext[0m
[0.211s] [ 95%] Built target nmea_msgs__rosidl_typesupport_introspection_c__pyext
[0.212s] [100%] Built target nmea_msgs__rosidl_typesupport_c__pyext
[0.212s] [100%] Built target nmea_msgs__rosidl_typesupport_fastrtps_c__pyext
[0.260s] running egg_info
[0.261s] writing nmea_msgs.egg-info/PKG-INFO
[0.261s] writing dependency_links to nmea_msgs.egg-info/dependency_links.txt
[0.261s] writing top-level names to nmea_msgs.egg-info/top_level.txt
[0.263s] reading manifest file 'nmea_msgs.egg-info/SOURCES.txt'
[0.263s] writing manifest file 'nmea_msgs.egg-info/SOURCES.txt'
[0.288s] [100%] Built target ament_cmake_python_build_nmea_msgs_egg
[0.299s] Invoked command in '/home/sione/ros2_hull/build/nmea_msgs' returned '0': CMAKE_PREFIX_PATH=/opt/ros/humble /usr/bin/cmake --build /home/sione/ros2_hull/build/nmea_msgs -- -j16 -l16
[0.311s] Invoking command in '/home/sione/ros2_hull/build/nmea_msgs': CMAKE_PREFIX_PATH=/opt/ros/humble /usr/bin/cmake --install /home/sione/ros2_hull/build/nmea_msgs
[0.320s] -- Install configuration: ""
[0.321s] -- Up-to-date: /home/sione/ros2_hull/install/nmea_msgs/share/ament_index/resource_index/rosidl_interfaces/nmea_msgs
[0.321s] -- Up-to-date: /home/sione/ros2_hull/install/nmea_msgs/include/nmea_msgs/nmea_msgs
[0.321s] -- Up-to-date: /home/sione/ros2_hull/install/nmea_msgs/include/nmea_msgs/nmea_msgs/msg
[0.321s] -- Up-to-date: /home/sione/ros2_hull/install/nmea_msgs/include/nmea_msgs/nmea_msgs/msg/gpgsv_satellite.h
[0.321s] -- Up-to-date: /home/sione/ros2_hull/install/nmea_msgs/include/nmea_msgs/nmea_msgs/msg/rosidl_generator_c__visibility_control.h
[0.322s] -- Up-to-date: /home/sione/ros2_hull/install/nmea_msgs/include/nmea_msgs/nmea_msgs/msg/gpgsa.h
[0.322s] -- Up-to-date: /home/sione/ros2_hull/install/nmea_msgs/include/nmea_msgs/nmea_msgs/msg/sentence.h
[0.322s] -- Up-to-date: /home/sione/ros2_hull/install/nmea_msgs/include/nmea_msgs/nmea_msgs/msg/gprmc.h
[0.322s] -- Up-to-date: /home/sione/ros2_hull/install/nmea_msgs/include/nmea_msgs/nmea_msgs/msg/gpgsv.h
[0.322s] -- Up-to-date: /home/sione/ros2_hull/install/nmea_msgs/include/nmea_msgs/nmea_msgs/msg/detail
[0.322s] -- Up-to-date: /home/sione/ros2_hull/install/nmea_msgs/include/nmea_msgs/nmea_msgs/msg/detail/gpgsa__struct.h
[0.323s] -- Up-to-date: /home/sione/ros2_hull/install/nmea_msgs/include/nmea_msgs/nmea_msgs/msg/detail/gprmc__functions.c
[0.323s] -- Up-to-date: /home/sione/ros2_hull/install/nmea_msgs/include/nmea_msgs/nmea_msgs/msg/detail/gpgga__type_support.h
[0.323s] -- Up-to-date: /home/sione/ros2_hull/install/nmea_msgs/include/nmea_msgs/nmea_msgs/msg/detail/gpgsa__functions.h
[0.323s] -- Up-to-date: /home/sione/ros2_hull/install/nmea_msgs/include/nmea_msgs/nmea_msgs/msg/detail/gpgsv__type_support.h
[0.323s] -- Up-to-date: /home/sione/ros2_hull/install/nmea_msgs/include/nmea_msgs/nmea_msgs/msg/detail/gpgga__functions.c
[0.323s] -- Up-to-date: /home/sione/ros2_hull/install/nmea_msgs/include/nmea_msgs/nmea_msgs/msg/detail/gpgga__struct.h
[0.323s] -- Up-to-date: /home/sione/ros2_hull/install/nmea_msgs/include/nmea_msgs/nmea_msgs/msg/detail/gpgst__struct.h
[0.323s] -- Up-to-date: /home/sione/ros2_hull/install/nmea_msgs/include/nmea_msgs/nmea_msgs/msg/detail/gpgsa__type_support.h
[0.324s] -- Up-to-date: /home/sione/ros2_hull/install/nmea_msgs/include/nmea_msgs/nmea_msgs/msg/detail/gpgsv_satellite__functions.c
[0.324s] -- Up-to-date: /home/sione/ros2_hull/install/nmea_msgs/include/nmea_msgs/nmea_msgs/msg/detail/gpgsv__struct.h
[0.324s] -- Up-to-date: /home/sione/ros2_hull/install/nmea_msgs/include/nmea_msgs/nmea_msgs/msg/detail/gpgst__functions.h
[0.324s] -- Up-to-date: /home/sione/ros2_hull/install/nmea_msgs/include/nmea_msgs/nmea_msgs/msg/detail/gpgsv_satellite__functions.h
[0.324s] -- Up-to-date: /home/sione/ros2_hull/install/nmea_msgs/include/nmea_msgs/nmea_msgs/msg/detail/gpgst__functions.c
[0.324s] -- Up-to-date: /home/sione/ros2_hull/install/nmea_msgs/include/nmea_msgs/nmea_msgs/msg/detail/gprmc__struct.h
[0.324s] -- Up-to-date: /home/sione/ros2_hull/install/nmea_msgs/include/nmea_msgs/nmea_msgs/msg/detail/gprmc__functions.h
[0.324s] -- Up-to-date: /home/sione/ros2_hull/install/nmea_msgs/include/nmea_msgs/nmea_msgs/msg/detail/sentence__functions.h
[0.324s] -- Up-to-date: /home/sione/ros2_hull/install/nmea_msgs/include/nmea_msgs/nmea_msgs/msg/detail/gpgst__type_support.h
[0.324s] -- Up-to-date: /home/sione/ros2_hull/install/nmea_msgs/include/nmea_msgs/nmea_msgs/msg/detail/gpgsa__functions.c
[0.325s] -- Up-to-date: /home/sione/ros2_hull/install/nmea_msgs/include/nmea_msgs/nmea_msgs/msg/detail/sentence__functions.c
[0.325s] -- Up-to-date: /home/sione/ros2_hull/install/nmea_msgs/include/nmea_msgs/nmea_msgs/msg/detail/gpgsv_satellite__struct.h
[0.325s] -- Up-to-date: /home/sione/ros2_hull/install/nmea_msgs/include/nmea_msgs/nmea_msgs/msg/detail/sentence__type_support.h
[0.325s] -- Up-to-date: /home/sione/ros2_hull/install/nmea_msgs/include/nmea_msgs/nmea_msgs/msg/detail/gpgga__functions.h
[0.325s] -- Up-to-date: /home/sione/ros2_hull/install/nmea_msgs/include/nmea_msgs/nmea_msgs/msg/detail/gpgsv__functions.h
[0.325s] -- Up-to-date: /home/sione/ros2_hull/install/nmea_msgs/include/nmea_msgs/nmea_msgs/msg/detail/gprmc__type_support.h
[0.325s] -- Up-to-date: /home/sione/ros2_hull/install/nmea_msgs/include/nmea_msgs/nmea_msgs/msg/detail/gpgsv__functions.c
[0.325s] -- Up-to-date: /home/sione/ros2_hull/install/nmea_msgs/include/nmea_msgs/nmea_msgs/msg/detail/gpgsv_satellite__type_support.h
[0.325s] -- Up-to-date: /home/sione/ros2_hull/install/nmea_msgs/include/nmea_msgs/nmea_msgs/msg/detail/sentence__struct.h
[0.325s] -- Up-to-date: /home/sione/ros2_hull/install/nmea_msgs/include/nmea_msgs/nmea_msgs/msg/gpgst.h
[0.326s] -- Up-to-date: /home/sione/ros2_hull/install/nmea_msgs/include/nmea_msgs/nmea_msgs/msg/gpgga.h
[0.326s] -- Up-to-date: /home/sione/ros2_hull/install/nmea_msgs/share/nmea_msgs/environment/library_path.sh
[0.326s] -- Up-to-date: /home/sione/ros2_hull/install/nmea_msgs/share/nmea_msgs/environment/library_path.dsv
[0.326s] -- Up-to-date: /home/sione/ros2_hull/install/nmea_msgs/lib/libnmea_msgs__rosidl_generator_c.so
[0.326s] -- Up-to-date: /home/sione/ros2_hull/install/nmea_msgs/include/nmea_msgs/nmea_msgs
[0.326s] -- Up-to-date: /home/sione/ros2_hull/install/nmea_msgs/include/nmea_msgs/nmea_msgs/msg
[0.326s] -- Up-to-date: /home/sione/ros2_hull/install/nmea_msgs/include/nmea_msgs/nmea_msgs/msg/detail
[0.326s] -- Up-to-date: /home/sione/ros2_hull/install/nmea_msgs/include/nmea_msgs/nmea_msgs/msg/detail/gpgga__rosidl_typesupport_fastrtps_c.h
[0.326s] -- Up-to-date: /home/sione/ros2_hull/install/nmea_msgs/include/nmea_msgs/nmea_msgs/msg/detail/sentence__rosidl_typesupport_fastrtps_c.h
[0.326s] -- Up-to-date: /home/sione/ros2_hull/install/nmea_msgs/include/nmea_msgs/nmea_msgs/msg/detail/gpgsv_satellite__rosidl_typesupport_fastrtps_c.h
[0.326s] -- Up-to-date: /home/sione/ros2_hull/install/nmea_msgs/include/nmea_msgs/nmea_msgs/msg/detail/gpgsv__rosidl_typesupport_fastrtps_c.h
[0.327s] -- Up-to-date: /home/sione/ros2_hull/install/nmea_msgs/include/nmea_msgs/nmea_msgs/msg/detail/gprmc__rosidl_typesupport_fastrtps_c.h
[0.327s] -- Up-to-date: /home/sione/ros2_hull/install/nmea_msgs/include/nmea_msgs/nmea_msgs/msg/detail/gpgsa__rosidl_typesupport_fastrtps_c.h
[0.327s] -- Up-to-date: /home/sione/ros2_hull/install/nmea_msgs/include/nmea_msgs/nmea_msgs/msg/detail/gpgst__rosidl_typesupport_fastrtps_c.h
[0.327s] -- Up-to-date: /home/sione/ros2_hull/install/nmea_msgs/include/nmea_msgs/nmea_msgs/msg/rosidl_typesupport_fastrtps_c__visibility_control.h
[0.327s] -- Up-to-date: /home/sione/ros2_hull/install/nmea_msgs/lib/libnmea_msgs__rosidl_typesupport_fastrtps_c.so
[0.327s] -- Up-to-date: /home/sione/ros2_hull/install/nmea_msgs/include/nmea_msgs/nmea_msgs
[0.327s] -- Up-to-date: /home/sione/ros2_hull/install/nmea_msgs/include/nmea_msgs/nmea_msgs/msg
[0.327s] -- Up-to-date: /home/sione/ros2_hull/install/nmea_msgs/include/nmea_msgs/nmea_msgs/msg/rosidl_typesupport_introspection_c__visibility_control.h
[0.328s] -- Up-to-date: /home/sione/ros2_hull/install/nmea_msgs/include/nmea_msgs/nmea_msgs/msg/detail
[0.328s] -- Up-to-date: /home/sione/ros2_hull/install/nmea_msgs/include/nmea_msgs/nmea_msgs/msg/detail/sentence__type_support.c
[0.328s] -- Up-to-date: /home/sione/ros2_hull/install/nmea_msgs/include/nmea_msgs/nmea_msgs/msg/detail/gpgsv__type_support.c
[0.328s] -- Up-to-date: /home/sione/ros2_hull/install/nmea_msgs/include/nmea_msgs/nmea_msgs/msg/detail/gpgga__type_support.c
[0.328s] -- Up-to-date: /home/sione/ros2_hull/install/nmea_msgs/include/nmea_msgs/nmea_msgs/msg/detail/gpgsa__rosidl_typesupport_introspection_c.h
[0.328s] -- Up-to-date: /home/sione/ros2_hull/install/nmea_msgs/include/nmea_msgs/nmea_msgs/msg/detail/gpgga__rosidl_typesupport_introspection_c.h
[0.328s] -- Up-to-date: /home/sione/ros2_hull/install/nmea_msgs/include/nmea_msgs/nmea_msgs/msg/detail/sentence__rosidl_typesupport_introspection_c.h
[0.329s] -- Up-to-date: /home/sione/ros2_hull/install/nmea_msgs/include/nmea_msgs/nmea_msgs/msg/detail/gpgsv_satellite__type_support.c
[0.329s] -- Up-to-date: /home/sione/ros2_hull/install/nmea_msgs/include/nmea_msgs/nmea_msgs/msg/detail/gpgsv_satellite__rosidl_typesupport_introspection_c.h
[0.329s] -- Up-to-date: /home/sione/ros2_hull/install/nmea_msgs/include/nmea_msgs/nmea_msgs/msg/detail/gpgst__type_support.c
[0.329s] -- Up-to-date: /home/sione/ros2_hull/install/nmea_msgs/include/nmea_msgs/nmea_msgs/msg/detail/gpgsv__rosidl_typesupport_introspection_c.h
[0.329s] -- Up-to-date: /home/sione/ros2_hull/install/nmea_msgs/include/nmea_msgs/nmea_msgs/msg/detail/gpgsa__type_support.c
[0.329s] -- Up-to-date: /home/sione/ros2_hull/install/nmea_msgs/include/nmea_msgs/nmea_msgs/msg/detail/gprmc__type_support.c
[0.329s] -- Up-to-date: /home/sione/ros2_hull/install/nmea_msgs/include/nmea_msgs/nmea_msgs/msg/detail/gprmc__rosidl_typesupport_introspection_c.h
[0.329s] -- Up-to-date: /home/sione/ros2_hull/install/nmea_msgs/include/nmea_msgs/nmea_msgs/msg/detail/gpgst__rosidl_typesupport_introspection_c.h
[0.329s] -- Up-to-date: /home/sione/ros2_hull/install/nmea_msgs/lib/libnmea_msgs__rosidl_typesupport_introspection_c.so
[0.329s] -- Up-to-date: /home/sione/ros2_hull/install/nmea_msgs/lib/libnmea_msgs__rosidl_typesupport_c.so
[0.330s] -- Up-to-date: /home/sione/ros2_hull/install/nmea_msgs/include/nmea_msgs/nmea_msgs
[0.330s] -- Up-to-date: /home/sione/ros2_hull/install/nmea_msgs/include/nmea_msgs/nmea_msgs/msg
[0.330s] -- Up-to-date: /home/sione/ros2_hull/install/nmea_msgs/include/nmea_msgs/nmea_msgs/msg/gpgsa.hpp
[0.330s] -- Up-to-date: /home/sione/ros2_hull/install/nmea_msgs/include/nmea_msgs/nmea_msgs/msg/gpgga.hpp
[0.330s] -- Up-to-date: /home/sione/ros2_hull/install/nmea_msgs/include/nmea_msgs/nmea_msgs/msg/rosidl_generator_cpp__visibility_control.hpp
[0.330s] -- Up-to-date: /home/sione/ros2_hull/install/nmea_msgs/include/nmea_msgs/nmea_msgs/msg/sentence.hpp
[0.330s] -- Up-to-date: /home/sione/ros2_hull/install/nmea_msgs/include/nmea_msgs/nmea_msgs/msg/gpgsv_satellite.hpp
[0.330s] -- Up-to-date: /home/sione/ros2_hull/install/nmea_msgs/include/nmea_msgs/nmea_msgs/msg/gpgsv.hpp
[0.330s] -- Up-to-date: /home/sione/ros2_hull/install/nmea_msgs/include/nmea_msgs/nmea_msgs/msg/gprmc.hpp
[0.330s] -- Up-to-date: /home/sione/ros2_hull/install/nmea_msgs/include/nmea_msgs/nmea_msgs/msg/gpgst.hpp
[0.330s] -- Up-to-date: /home/sione/ros2_hull/install/nmea_msgs/include/nmea_msgs/nmea_msgs/msg/detail
[0.330s] -- Up-to-date: /home/sione/ros2_hull/install/nmea_msgs/include/nmea_msgs/nmea_msgs/msg/detail/gpgga__traits.hpp
[0.330s] -- Up-to-date: /home/sione/ros2_hull/install/nmea_msgs/include/nmea_msgs/nmea_msgs/msg/detail/gpgsv_satellite__type_support.hpp
[0.331s] -- Up-to-date: /home/sione/ros2_hull/install/nmea_msgs/include/nmea_msgs/nmea_msgs/msg/detail/gpgsv_satellite__traits.hpp
[0.331s] -- Up-to-date: /home/sione/ros2_hull/install/nmea_msgs/include/nmea_msgs/nmea_msgs/msg/detail/gpgga__type_support.hpp
[0.331s] -- Up-to-date: /home/sione/ros2_hull/install/nmea_msgs/include/nmea_msgs/nmea_msgs/msg/detail/gpgst__type_support.hpp
[0.331s] -- Up-to-date: /home/sione/ros2_hull/install/nmea_msgs/include/nmea_msgs/nmea_msgs/msg/detail/gprmc__struct.hpp
[0.331s] -- Up-to-date: /home/sione/ros2_hull/install/nmea_msgs/include/nmea_msgs/nmea_msgs/msg/detail/gpgsa__struct.hpp
[0.331s] -- Up-to-date: /home/sione/ros2_hull/install/nmea_msgs/include/nmea_msgs/nmea_msgs/msg/detail/gpgst__struct.hpp
[0.331s] -- Up-to-date: /home/sione/ros2_hull/install/nmea_msgs/include/nmea_msgs/nmea_msgs/msg/detail/gprmc__traits.hpp
[0.331s] -- Up-to-date: /home/sione/ros2_hull/install/nmea_msgs/include/nmea_msgs/nmea_msgs/msg/detail/gpgsa__traits.hpp
[0.331s] -- Up-to-date: /home/sione/ros2_hull/install/nmea_msgs/include/nmea_msgs/nmea_msgs/msg/detail/sentence__type_support.hpp
[0.331s] -- Up-to-date: /home/sione/ros2_hull/install/nmea_msgs/include/nmea_msgs/nmea_msgs/msg/detail/gpgsv__struct.hpp
[0.331s] -- Up-to-date: /home/sione/ros2_hull/install/nmea_msgs/include/nmea_msgs/nmea_msgs/msg/detail/gpgsv_satellite__struct.hpp
[0.332s] -- Up-to-date: /home/sione/ros2_hull/install/nmea_msgs/include/nmea_msgs/nmea_msgs/msg/detail/gpgst__traits.hpp
[0.332s] -- Up-to-date: /home/sione/ros2_hull/install/nmea_msgs/include/nmea_msgs/nmea_msgs/msg/detail/gpgsv__type_support.hpp
[0.332s] -- Up-to-date: /home/sione/ros2_hull/install/nmea_msgs/include/nmea_msgs/nmea_msgs/msg/detail/gpgga__builder.hpp
[0.332s] -- Up-to-date: /home/sione/ros2_hull/install/nmea_msgs/include/nmea_msgs/nmea_msgs/msg/detail/gpgsv__builder.hpp
[0.332s] -- Up-to-date: /home/sione/ros2_hull/install/nmea_msgs/include/nmea_msgs/nmea_msgs/msg/detail/sentence__builder.hpp
[0.332s] -- Up-to-date: /home/sione/ros2_hull/install/nmea_msgs/include/nmea_msgs/nmea_msgs/msg/detail/gprmc__type_support.hpp
[0.332s] -- Up-to-date: /home/sione/ros2_hull/install/nmea_msgs/include/nmea_msgs/nmea_msgs/msg/detail/gprmc__builder.hpp
[0.332s] -- Up-to-date: /home/sione/ros2_hull/install/nmea_msgs/include/nmea_msgs/nmea_msgs/msg/detail/gpgsa__type_support.hpp
[0.332s] -- Up-to-date: /home/sione/ros2_hull/install/nmea_msgs/include/nmea_msgs/nmea_msgs/msg/detail/sentence__struct.hpp
[0.332s] -- Up-to-date: /home/sione/ros2_hull/install/nmea_msgs/include/nmea_msgs/nmea_msgs/msg/detail/gpgsv_satellite__builder.hpp
[0.332s] -- Up-to-date: /home/sione/ros2_hull/install/nmea_msgs/include/nmea_msgs/nmea_msgs/msg/detail/gpgga__struct.hpp
[0.332s] -- Up-to-date: /home/sione/ros2_hull/install/nmea_msgs/include/nmea_msgs/nmea_msgs/msg/detail/gpgsa__builder.hpp
[0.333s] -- Up-to-date: /home/sione/ros2_hull/install/nmea_msgs/include/nmea_msgs/nmea_msgs/msg/detail/sentence__traits.hpp
[0.333s] -- Up-to-date: /home/sione/ros2_hull/install/nmea_msgs/include/nmea_msgs/nmea_msgs/msg/detail/gpgsv__traits.hpp
[0.333s] -- Up-to-date: /home/sione/ros2_hull/install/nmea_msgs/include/nmea_msgs/nmea_msgs/msg/detail/gpgst__builder.hpp
[0.333s] -- Up-to-date: /home/sione/ros2_hull/install/nmea_msgs/include/nmea_msgs/nmea_msgs
[0.333s] -- Up-to-date: /home/sione/ros2_hull/install/nmea_msgs/include/nmea_msgs/nmea_msgs/msg
[0.333s] -- Up-to-date: /home/sione/ros2_hull/install/nmea_msgs/include/nmea_msgs/nmea_msgs/msg/rosidl_typesupport_fastrtps_cpp__visibility_control.h
[0.333s] -- Up-to-date: /home/sione/ros2_hull/install/nmea_msgs/include/nmea_msgs/nmea_msgs/msg/detail
[0.333s] -- Up-to-date: /home/sione/ros2_hull/install/nmea_msgs/include/nmea_msgs/nmea_msgs/msg/detail/gpgsv_satellite__rosidl_typesupport_fastrtps_cpp.hpp
[0.333s] -- Up-to-date: /home/sione/ros2_hull/install/nmea_msgs/include/nmea_msgs/nmea_msgs/msg/detail/gpgst__rosidl_typesupport_fastrtps_cpp.hpp
[0.333s] -- Up-to-date: /home/sione/ros2_hull/install/nmea_msgs/include/nmea_msgs/nmea_msgs/msg/detail/gprmc__rosidl_typesupport_fastrtps_cpp.hpp
[0.334s] -- Up-to-date: /home/sione/ros2_hull/install/nmea_msgs/include/nmea_msgs/nmea_msgs/msg/detail/gpgsv__rosidl_typesupport_fastrtps_cpp.hpp
[0.334s] -- Up-to-date: /home/sione/ros2_hull/install/nmea_msgs/include/nmea_msgs/nmea_msgs/msg/detail/dds_fastrtps
[0.334s] -- Up-to-date: /home/sione/ros2_hull/install/nmea_msgs/include/nmea_msgs/nmea_msgs/msg/detail/gpgga__rosidl_typesupport_fastrtps_cpp.hpp
[0.334s] -- Up-to-date: /home/sione/ros2_hull/install/nmea_msgs/include/nmea_msgs/nmea_msgs/msg/detail/gpgsa__rosidl_typesupport_fastrtps_cpp.hpp
[0.334s] -- Up-to-date: /home/sione/ros2_hull/install/nmea_msgs/include/nmea_msgs/nmea_msgs/msg/detail/sentence__rosidl_typesupport_fastrtps_cpp.hpp
[0.334s] -- Up-to-date: /home/sione/ros2_hull/install/nmea_msgs/lib/libnmea_msgs__rosidl_typesupport_fastrtps_cpp.so
[0.334s] -- Up-to-date: /home/sione/ros2_hull/install/nmea_msgs/include/nmea_msgs/nmea_msgs
[0.334s] -- Up-to-date: /home/sione/ros2_hull/install/nmea_msgs/include/nmea_msgs/nmea_msgs/msg
[0.334s] -- Up-to-date: /home/sione/ros2_hull/install/nmea_msgs/include/nmea_msgs/nmea_msgs/msg/detail
[0.334s] -- Up-to-date: /home/sione/ros2_hull/install/nmea_msgs/include/nmea_msgs/nmea_msgs/msg/detail/gpgsa__rosidl_typesupport_introspection_cpp.hpp
[0.334s] -- Up-to-date: /home/sione/ros2_hull/install/nmea_msgs/include/nmea_msgs/nmea_msgs/msg/detail/gprmc__type_support.cpp
[0.334s] -- Up-to-date: /home/sione/ros2_hull/install/nmea_msgs/include/nmea_msgs/nmea_msgs/msg/detail/gpgga__rosidl_typesupport_introspection_cpp.hpp
[0.334s] -- Up-to-date: /home/sione/ros2_hull/install/nmea_msgs/include/nmea_msgs/nmea_msgs/msg/detail/gpgst__rosidl_typesupport_introspection_cpp.hpp
[0.334s] -- Up-to-date: /home/sione/ros2_hull/install/nmea_msgs/include/nmea_msgs/nmea_msgs/msg/detail/sentence__rosidl_typesupport_introspection_cpp.hpp
[0.334s] -- Up-to-date: /home/sione/ros2_hull/install/nmea_msgs/include/nmea_msgs/nmea_msgs/msg/detail/gpgsa__type_support.cpp
[0.334s] -- Up-to-date: /home/sione/ros2_hull/install/nmea_msgs/include/nmea_msgs/nmea_msgs/msg/detail/gpgst__type_support.cpp
[0.334s] -- Up-to-date: /home/sione/ros2_hull/install/nmea_msgs/include/nmea_msgs/nmea_msgs/msg/detail/gpgsv_satellite__rosidl_typesupport_introspection_cpp.hpp
[0.334s] -- Up-to-date: /home/sione/ros2_hull/install/nmea_msgs/include/nmea_msgs/nmea_msgs/msg/detail/gpgga__type_support.cpp
[0.334s] -- Up-to-date: /home/sione/ros2_hull/install/nmea_msgs/include/nmea_msgs/nmea_msgs/msg/detail/gpgsv_satellite__type_support.cpp
[0.334s] -- Up-to-date: /home/sione/ros2_hull/install/nmea_msgs/include/nmea_msgs/nmea_msgs/msg/detail/gpgsv__rosidl_typesupport_introspection_cpp.hpp
[0.334s] -- Up-to-date: /home/sione/ros2_hull/install/nmea_msgs/include/nmea_msgs/nmea_msgs/msg/detail/gprmc__rosidl_typesupport_introspection_cpp.hpp
[0.334s] -- Up-to-date: /home/sione/ros2_hull/install/nmea_msgs/include/nmea_msgs/nmea_msgs/msg/detail/sentence__type_support.cpp
[0.334s] -- Up-to-date: /home/sione/ros2_hull/install/nmea_msgs/include/nmea_msgs/nmea_msgs/msg/detail/gpgsv__type_support.cpp
[0.334s] -- Up-to-date: /home/sione/ros2_hull/install/nmea_msgs/lib/libnmea_msgs__rosidl_typesupport_introspection_cpp.so
[0.335s] -- Up-to-date: /home/sione/ros2_hull/install/nmea_msgs/lib/libnmea_msgs__rosidl_typesupport_cpp.so
[0.335s] -- Up-to-date: /home/sione/ros2_hull/install/nmea_msgs/share/nmea_msgs/environment/pythonpath.sh
[0.335s] -- Up-to-date: /home/sione/ros2_hull/install/nmea_msgs/share/nmea_msgs/environment/pythonpath.dsv
[0.335s] -- Up-to-date: /home/sione/ros2_hull/install/nmea_msgs/local/lib/python3.10/dist-packages/nmea_msgs-2.0.0-py3.10.egg-info
[0.335s] -- Installing: /home/sione/ros2_hull/install/nmea_msgs/local/lib/python3.10/dist-packages/nmea_msgs-2.0.0-py3.10.egg-info/SOURCES.txt
[0.335s] -- Installing: /home/sione/ros2_hull/install/nmea_msgs/local/lib/python3.10/dist-packages/nmea_msgs-2.0.0-py3.10.egg-info/top_level.txt
[0.335s] -- Installing: /home/sione/ros2_hull/install/nmea_msgs/local/lib/python3.10/dist-packages/nmea_msgs-2.0.0-py3.10.egg-info/PKG-INFO
[0.335s] -- Installing: /home/sione/ros2_hull/install/nmea_msgs/local/lib/python3.10/dist-packages/nmea_msgs-2.0.0-py3.10.egg-info/dependency_links.txt
[0.335s] -- Up-to-date: /home/sione/ros2_hull/install/nmea_msgs/local/lib/python3.10/dist-packages/nmea_msgs
[0.335s] -- Up-to-date: /home/sione/ros2_hull/install/nmea_msgs/local/lib/python3.10/dist-packages/nmea_msgs/__init__.py
[0.335s] -- Up-to-date: /home/sione/ros2_hull/install/nmea_msgs/local/lib/python3.10/dist-packages/nmea_msgs/libnmea_msgs__rosidl_generator_py.so
[0.335s] -- Up-to-date: /home/sione/ros2_hull/install/nmea_msgs/local/lib/python3.10/dist-packages/nmea_msgs/nmea_msgs_s__rosidl_typesupport_introspection_c.cpython-310-x86_64-linux-gnu.so
[0.335s] -- Up-to-date: /home/sione/ros2_hull/install/nmea_msgs/local/lib/python3.10/dist-packages/nmea_msgs/nmea_msgs_s__rosidl_typesupport_c.cpython-310-x86_64-linux-gnu.so
[0.335s] -- Up-to-date: /home/sione/ros2_hull/install/nmea_msgs/local/lib/python3.10/dist-packages/nmea_msgs/msg
[0.335s] -- Up-to-date: /home/sione/ros2_hull/install/nmea_msgs/local/lib/python3.10/dist-packages/nmea_msgs/msg/_sentence.py
[0.335s] -- Up-to-date: /home/sione/ros2_hull/install/nmea_msgs/local/lib/python3.10/dist-packages/nmea_msgs/msg/_gpgsa_s.c
[0.335s] -- Up-to-date: /home/sione/ros2_hull/install/nmea_msgs/local/lib/python3.10/dist-packages/nmea_msgs/msg/_gpgsv_satellite_s.c
[0.335s] -- Up-to-date: /home/sione/ros2_hull/install/nmea_msgs/local/lib/python3.10/dist-packages/nmea_msgs/msg/__init__.py
[0.335s] -- Up-to-date: /home/sione/ros2_hull/install/nmea_msgs/local/lib/python3.10/dist-packages/nmea_msgs/msg/_gprmc_s.c
[0.335s] -- Up-to-date: /home/sione/ros2_hull/install/nmea_msgs/local/lib/python3.10/dist-packages/nmea_msgs/msg/_sentence_s.c
[0.335s] -- Up-to-date: /home/sione/ros2_hull/install/nmea_msgs/local/lib/python3.10/dist-packages/nmea_msgs/msg/_gpgsv_satellite.py
[0.335s] -- Up-to-date: /home/sione/ros2_hull/install/nmea_msgs/local/lib/python3.10/dist-packages/nmea_msgs/msg/_gpgsv.py
[0.335s] -- Up-to-date: /home/sione/ros2_hull/install/nmea_msgs/local/lib/python3.10/dist-packages/nmea_msgs/msg/_gpgga.py
[0.335s] -- Up-to-date: /home/sione/ros2_hull/install/nmea_msgs/local/lib/python3.10/dist-packages/nmea_msgs/msg/_gpgsv_s.c
[0.335s] -- Up-to-date: /home/sione/ros2_hull/install/nmea_msgs/local/lib/python3.10/dist-packages/nmea_msgs/msg/_gprmc.py
[0.335s] -- Up-to-date: /home/sione/ros2_hull/install/nmea_msgs/local/lib/python3.10/dist-packages/nmea_msgs/msg/_gpgst.py
[0.335s] -- Up-to-date: /home/sione/ros2_hull/install/nmea_msgs/local/lib/python3.10/dist-packages/nmea_msgs/msg/_gpgga_s.c
[0.335s] -- Up-to-date: /home/sione/ros2_hull/install/nmea_msgs/local/lib/python3.10/dist-packages/nmea_msgs/msg/_gpgsa.py
[0.335s] -- Up-to-date: /home/sione/ros2_hull/install/nmea_msgs/local/lib/python3.10/dist-packages/nmea_msgs/msg/_gpgst_s.c
[0.336s] -- Up-to-date: /home/sione/ros2_hull/install/nmea_msgs/local/lib/python3.10/dist-packages/nmea_msgs/_nmea_msgs_s.ep.rosidl_typesupport_introspection_c.c
[0.336s] -- Up-to-date: /home/sione/ros2_hull/install/nmea_msgs/local/lib/python3.10/dist-packages/nmea_msgs/_nmea_msgs_s.ep.rosidl_typesupport_c.c
[0.336s] -- Up-to-date: /home/sione/ros2_hull/install/nmea_msgs/local/lib/python3.10/dist-packages/nmea_msgs/nmea_msgs_s__rosidl_typesupport_fastrtps_c.cpython-310-x86_64-linux-gnu.so
[0.336s] -- Up-to-date: /home/sione/ros2_hull/install/nmea_msgs/local/lib/python3.10/dist-packages/nmea_msgs/_nmea_msgs_s.ep.rosidl_typesupport_fastrtps_c.c
[0.358s] Listing '/home/sione/ros2_hull/install/nmea_msgs/local/lib/python3.10/dist-packages/nmea_msgs'...
[0.358s] Listing '/home/sione/ros2_hull/install/nmea_msgs/local/lib/python3.10/dist-packages/nmea_msgs/msg'...
[0.361s] -- Up-to-date: /home/sione/ros2_hull/install/nmea_msgs/local/lib/python3.10/dist-packages/nmea_msgs/nmea_msgs_s__rosidl_typesupport_fastrtps_c.cpython-310-x86_64-linux-gnu.so
[0.361s] -- Up-to-date: /home/sione/ros2_hull/install/nmea_msgs/local/lib/python3.10/dist-packages/nmea_msgs/nmea_msgs_s__rosidl_typesupport_introspection_c.cpython-310-x86_64-linux-gnu.so
[0.361s] -- Up-to-date: /home/sione/ros2_hull/install/nmea_msgs/local/lib/python3.10/dist-packages/nmea_msgs/nmea_msgs_s__rosidl_typesupport_c.cpython-310-x86_64-linux-gnu.so
[0.361s] -- Up-to-date: /home/sione/ros2_hull/install/nmea_msgs/lib/libnmea_msgs__rosidl_generator_py.so
[0.361s] -- Up-to-date: /home/sione/ros2_hull/install/nmea_msgs/share/ament_index/resource_index/rust_packages/nmea_msgs
[0.362s] -- Up-to-date: /home/sione/ros2_hull/install/nmea_msgs/share/nmea_msgs/rust
[0.362s] -- Up-to-date: /home/sione/ros2_hull/install/nmea_msgs/share/nmea_msgs/rust/src
[0.362s] -- Up-to-date: /home/sione/ros2_hull/install/nmea_msgs/share/nmea_msgs/rust/src/msg
[0.362s] -- Up-to-date: /home/sione/ros2_hull/install/nmea_msgs/share/nmea_msgs/rust/src/msg/rmw.rs
[0.362s] -- Up-to-date: /home/sione/ros2_hull/install/nmea_msgs/share/nmea_msgs/rust/src/msg.rs
[0.362s] -- Up-to-date: /home/sione/ros2_hull/install/nmea_msgs/share/nmea_msgs/rust/src/lib.rs
[0.362s] -- Up-to-date: /home/sione/ros2_hull/install/nmea_msgs/share/nmea_msgs/rust/build.rs
[0.362s] -- Up-to-date: /home/sione/ros2_hull/install/nmea_msgs/share/nmea_msgs/rust/Cargo.toml
[0.362s] -- Up-to-date: /home/sione/ros2_hull/install/nmea_msgs/share/nmea_msgs/msg/Sentence.idl
[0.363s] -- Up-to-date: /home/sione/ros2_hull/install/nmea_msgs/share/nmea_msgs/msg/Gpgga.idl
[0.363s] -- Up-to-date: /home/sione/ros2_hull/install/nmea_msgs/share/nmea_msgs/msg/Gpgsa.idl
[0.363s] -- Up-to-date: /home/sione/ros2_hull/install/nmea_msgs/share/nmea_msgs/msg/Gpgst.idl
[0.363s] -- Up-to-date: /home/sione/ros2_hull/install/nmea_msgs/share/nmea_msgs/msg/Gpgsv.idl
[0.363s] -- Up-to-date: /home/sione/ros2_hull/install/nmea_msgs/share/nmea_msgs/msg/GpgsvSatellite.idl
[0.363s] -- Up-to-date: /home/sione/ros2_hull/install/nmea_msgs/share/nmea_msgs/msg/Gprmc.idl
[0.363s] -- Up-to-date: /home/sione/ros2_hull/install/nmea_msgs/share/nmea_msgs/msg/Sentence.msg
[0.363s] -- Up-to-date: /home/sione/ros2_hull/install/nmea_msgs/share/nmea_msgs/msg/Gpgga.msg
[0.363s] -- Up-to-date: /home/sione/ros2_hull/install/nmea_msgs/share/nmea_msgs/msg/Gpgsa.msg
[0.363s] -- Up-to-date: /home/sione/ros2_hull/install/nmea_msgs/share/nmea_msgs/msg/Gpgst.msg
[0.364s] -- Up-to-date: /home/sione/ros2_hull/install/nmea_msgs/share/nmea_msgs/msg/Gpgsv.msg
[0.364s] -- Up-to-date: /home/sione/ros2_hull/install/nmea_msgs/share/nmea_msgs/msg/GpgsvSatellite.msg
[0.364s] -- Up-to-date: /home/sione/ros2_hull/install/nmea_msgs/share/nmea_msgs/msg/Gprmc.msg
[0.364s] -- Up-to-date: /home/sione/ros2_hull/install/nmea_msgs/share/ament_index/resource_index/package_run_dependencies/nmea_msgs
[0.364s] -- Up-to-date: /home/sione/ros2_hull/install/nmea_msgs/share/ament_index/resource_index/parent_prefix_path/nmea_msgs
[0.364s] -- Up-to-date: /home/sione/ros2_hull/install/nmea_msgs/share/nmea_msgs/environment/ament_prefix_path.sh
[0.364s] -- Up-to-date: /home/sione/ros2_hull/install/nmea_msgs/share/nmea_msgs/environment/ament_prefix_path.dsv
[0.364s] -- Up-to-date: /home/sione/ros2_hull/install/nmea_msgs/share/nmea_msgs/environment/path.sh
[0.364s] -- Up-to-date: /home/sione/ros2_hull/install/nmea_msgs/share/nmea_msgs/environment/path.dsv
[0.364s] -- Up-to-date: /home/sione/ros2_hull/install/nmea_msgs/share/nmea_msgs/local_setup.bash
[0.364s] -- Up-to-date: /home/sione/ros2_hull/install/nmea_msgs/share/nmea_msgs/local_setup.sh
[0.364s] -- Up-to-date: /home/sione/ros2_hull/install/nmea_msgs/share/nmea_msgs/local_setup.zsh
[0.365s] -- Up-to-date: /home/sione/ros2_hull/install/nmea_msgs/share/nmea_msgs/local_setup.dsv
[0.365s] -- Installing: /home/sione/ros2_hull/install/nmea_msgs/share/nmea_msgs/package.dsv
[0.365s] -- Up-to-date: /home/sione/ros2_hull/install/nmea_msgs/share/ament_index/resource_index/packages/nmea_msgs
[0.365s] -- Up-to-date: /home/sione/ros2_hull/install/nmea_msgs/share/nmea_msgs/cmake/export_nmea_msgs__rosidl_generator_cExport.cmake
[0.365s] -- Up-to-date: /home/sione/ros2_hull/install/nmea_msgs/share/nmea_msgs/cmake/export_nmea_msgs__rosidl_generator_cExport-noconfig.cmake
[0.365s] -- Up-to-date: /home/sione/ros2_hull/install/nmea_msgs/share/nmea_msgs/cmake/export_nmea_msgs__rosidl_typesupport_fastrtps_cExport.cmake
[0.366s] -- Up-to-date: /home/sione/ros2_hull/install/nmea_msgs/share/nmea_msgs/cmake/export_nmea_msgs__rosidl_typesupport_fastrtps_cExport-noconfig.cmake
[0.366s] -- Up-to-date: /home/sione/ros2_hull/install/nmea_msgs/share/nmea_msgs/cmake/nmea_msgs__rosidl_typesupport_introspection_cExport.cmake
[0.366s] -- Up-to-date: /home/sione/ros2_hull/install/nmea_msgs/share/nmea_msgs/cmake/nmea_msgs__rosidl_typesupport_introspection_cExport-noconfig.cmake
[0.367s] -- Up-to-date: /home/sione/ros2_hull/install/nmea_msgs/share/nmea_msgs/cmake/nmea_msgs__rosidl_typesupport_cExport.cmake
[0.367s] -- Up-to-date: /home/sione/ros2_hull/install/nmea_msgs/share/nmea_msgs/cmake/nmea_msgs__rosidl_typesupport_cExport-noconfig.cmake
[0.367s] -- Up-to-date: /home/sione/ros2_hull/install/nmea_msgs/share/nmea_msgs/cmake/export_nmea_msgs__rosidl_generator_cppExport.cmake
[0.367s] -- Up-to-date: /home/sione/ros2_hull/install/nmea_msgs/share/nmea_msgs/cmake/export_nmea_msgs__rosidl_typesupport_fastrtps_cppExport.cmake
[0.367s] -- Up-to-date: /home/sione/ros2_hull/install/nmea_msgs/share/nmea_msgs/cmake/export_nmea_msgs__rosidl_typesupport_fastrtps_cppExport-noconfig.cmake
[0.367s] -- Up-to-date: /home/sione/ros2_hull/install/nmea_msgs/share/nmea_msgs/cmake/nmea_msgs__rosidl_typesupport_introspection_cppExport.cmake
[0.367s] -- Up-to-date: /home/sione/ros2_hull/install/nmea_msgs/share/nmea_msgs/cmake/nmea_msgs__rosidl_typesupport_introspection_cppExport-noconfig.cmake
[0.367s] -- Up-to-date: /home/sione/ros2_hull/install/nmea_msgs/share/nmea_msgs/cmake/nmea_msgs__rosidl_typesupport_cppExport.cmake
[0.367s] -- Up-to-date: /home/sione/ros2_hull/install/nmea_msgs/share/nmea_msgs/cmake/nmea_msgs__rosidl_typesupport_cppExport-noconfig.cmake
[0.367s] -- Up-to-date: /home/sione/ros2_hull/install/nmea_msgs/share/nmea_msgs/cmake/export_nmea_msgs__rosidl_generator_pyExport.cmake
[0.367s] -- Up-to-date: /home/sione/ros2_hull/install/nmea_msgs/share/nmea_msgs/cmake/export_nmea_msgs__rosidl_generator_pyExport-noconfig.cmake
[0.367s] -- Up-to-date: /home/sione/ros2_hull/install/nmea_msgs/share/nmea_msgs/cmake/rosidl_cmake-extras.cmake
[0.367s] -- Up-to-date: /home/sione/ros2_hull/install/nmea_msgs/share/nmea_msgs/cmake/ament_cmake_export_dependencies-extras.cmake
[0.367s] -- Up-to-date: /home/sione/ros2_hull/install/nmea_msgs/share/nmea_msgs/cmake/ament_cmake_export_include_directories-extras.cmake
[0.367s] -- Up-to-date: /home/sione/ros2_hull/install/nmea_msgs/share/nmea_msgs/cmake/ament_cmake_export_libraries-extras.cmake
[0.367s] -- Up-to-date: /home/sione/ros2_hull/install/nmea_msgs/share/nmea_msgs/cmake/ament_cmake_export_targets-extras.cmake
[0.368s] -- Up-to-date: /home/sione/ros2_hull/install/nmea_msgs/share/nmea_msgs/cmake/rosidl_cmake_export_typesupport_targets-extras.cmake
[0.368s] -- Up-to-date: /home/sione/ros2_hull/install/nmea_msgs/share/nmea_msgs/cmake/rosidl_cmake_export_typesupport_libraries-extras.cmake
[0.368s] -- Up-to-date: /home/sione/ros2_hull/install/nmea_msgs/share/nmea_msgs/cmake/nmea_msgsConfig.cmake
[0.368s] -- Up-to-date: /home/sione/ros2_hull/install/nmea_msgs/share/nmea_msgs/cmake/nmea_msgsConfig-version.cmake
[0.368s] -- Up-to-date: /home/sione/ros2_hull/install/nmea_msgs/share/nmea_msgs/package.xml
[0.368s] Invoked command in '/home/sione/ros2_hull/build/nmea_msgs' returned '0': CMAKE_PREFIX_PATH=/opt/ros/humble /usr/bin/cmake --install /home/sione/ros2_hull/build/nmea_msgs
