[0.574s] Invoking command in '/home/sione/ros2_hull/build/hull_serial': PYTHONPATH=/home/sione/ros2_hull/build/hull_serial/prefix_override:/usr/lib/python3/dist-packages/colcon_core/task/python/colcon_distutils_commands:/home/sione/ros2_hull/install/hull_serial/lib/python3.10/site-packages:${PYTHONPATH} /usr/bin/python3 -W ignore:setup.py install is deprecated -W ignore:easy_install command is deprecated setup.py develop --editable --build-directory /home/sione/ros2_hull/build/hull_serial/build --no-deps symlink_data
[0.815s] running develop
[0.950s] running egg_info
[0.950s] creating hull_serial.egg-info
[0.950s] writing hull_serial.egg-info/PKG-INFO
[0.951s] writing dependency_links to hull_serial.egg-info/dependency_links.txt
[0.951s] writing entry points to hull_serial.egg-info/entry_points.txt
[0.951s] writing requirements to hull_serial.egg-info/requires.txt
[0.951s] writing top-level names to hull_serial.egg-info/top_level.txt
[0.951s] writing manifest file 'hull_serial.egg-info/SOURCES.txt'
[0.952s] reading manifest file 'hull_serial.egg-info/SOURCES.txt'
[0.953s] writing manifest file 'hull_serial.egg-info/SOURCES.txt'
[0.954s] running build_ext
[0.954s] Creating /home/sione/ros2_hull/install/hull_serial/lib/python3.10/site-packages/hull-serial.egg-link (link to .)
[0.955s] Installing serial_imu_node script to /home/sione/ros2_hull/install/hull_serial/lib/hull_serial
[0.955s] 
[0.955s] Installed /home/sione/ros2_hull/build/hull_serial
[0.955s] running symlink_data
[0.955s] creating /home/sione/ros2_hull/install/hull_serial/share/ament_index
[0.955s] creating /home/sione/ros2_hull/install/hull_serial/share/ament_index/resource_index
[0.956s] creating /home/sione/ros2_hull/install/hull_serial/share/ament_index/resource_index/packages
[0.956s] symbolically linking /home/sione/ros2_hull/build/hull_serial/resource/hull_serial -> /home/sione/ros2_hull/install/hull_serial/share/ament_index/resource_index/packages
[0.956s] symbolically linking /home/sione/ros2_hull/build/hull_serial/package.xml -> /home/sione/ros2_hull/install/hull_serial/share/hull_serial
[0.956s] creating /home/sione/ros2_hull/install/hull_serial/share/hull_serial/launch
[0.956s] symbolically linking /home/sione/ros2_hull/build/hull_serial/launch/serial_imu.launch.py -> /home/sione/ros2_hull/install/hull_serial/share/hull_serial/launch
[0.956s] creating /home/sione/ros2_hull/install/hull_serial/share/hull_serial/config
[0.956s] symbolically linking /home/sione/ros2_hull/build/hull_serial/config/serial_imu.yaml -> /home/sione/ros2_hull/install/hull_serial/share/hull_serial/config
[0.983s] Invoked command in '/home/sione/ros2_hull/build/hull_serial' returned '0': PYTHONPATH=/home/sione/ros2_hull/build/hull_serial/prefix_override:/usr/lib/python3/dist-packages/colcon_core/task/python/colcon_distutils_commands:/home/sione/ros2_hull/install/hull_serial/lib/python3.10/site-packages:${PYTHONPATH} /usr/bin/python3 -W ignore:setup.py install is deprecated -W ignore:easy_install command is deprecated setup.py develop --editable --build-directory /home/sione/ros2_hull/build/hull_serial/build --no-deps symlink_data
