[0.007s] Invoking command in '/home/sione/ros2_hull/build/wheeltec_gps_path': CMAKE_PREFIX_PATH=/home/sione/ros2_hull/install/hull_serial:/opt/ros/humble /usr/bin/cmake /home/sione/ros2_hull/src/wheeltec_gps_path -DCMAKE_INSTALL_PREFIX=/home/sione/ros2_hull/install/wheeltec_gps_path
[0.126s] -- The C compiler identification is GNU 11.4.0
[0.206s] -- The CXX compiler identification is GNU 11.4.0
[0.215s] -- Detecting C compiler ABI info
[0.292s] -- Detecting C compiler ABI info - done
[0.302s] -- Check for working C compiler: /usr/bin/cc - skipped
[0.302s] -- Detecting C compile features
[0.303s] -- Detecting C compile features - done
[0.307s] -- Detecting CXX compiler ABI info
[0.403s] -- Detecting CXX compiler ABI info - done
[0.410s] -- Check for working CXX compiler: /usr/bin/c++ - skipped
[0.410s] -- Detecting CXX compile features
[0.410s] -- Detecting CXX compile features - done
[0.413s] -- Found ament_cmake: 1.3.14 (/opt/ros/humble/share/ament_cmake/cmake)
[0.598s] -- Found Python3: /usr/bin/python3 (found version "3.10.12") found components: Interpreter 
[0.701s] -- Found geometry_msgs: 4.9.1 (/opt/ros/humble/share/geometry_msgs/cmake)
[0.733s] -- Found rosidl_generator_c: 3.1.8 (/opt/ros/humble/share/rosidl_generator_c/cmake)
[0.737s] -- Found rosidl_adapter: 3.1.8 (/opt/ros/humble/share/rosidl_adapter/cmake)
[0.743s] -- Found rosidl_generator_cpp: 3.1.8 (/opt/ros/humble/share/rosidl_generator_cpp/cmake)
[0.752s] -- Using all available rosidl_typesupport_c: rosidl_typesupport_fastrtps_c;rosidl_typesupport_introspection_c
[0.764s] -- Using all available rosidl_typesupport_cpp: rosidl_typesupport_fastrtps_cpp;rosidl_typesupport_introspection_cpp
[0.813s] CMake Error at CMakeLists.txt:11 (find_package):
[0.813s]   By not providing "Findnav2_msgs.cmake" in CMAKE_MODULE_PATH this project
[0.813s]   has asked CMake to find a package configuration file provided by
[0.814s]   "nav2_msgs", but CMake did not find one.
[0.814s] 
[0.814s]   Could not find a package configuration file provided by "nav2_msgs" with
[0.814s]   any of the following names:
[0.814s] 
[0.814s]     nav2_msgsConfig.cmake
[0.814s]     nav2_msgs-config.cmake
[0.814s] 
[0.814s]   Add the installation prefix of "nav2_msgs" to CMAKE_PREFIX_PATH or set
[0.814s]   "nav2_msgs_DIR" to a directory containing one of the above files.  If
[0.814s]   "nav2_msgs" provides a separate development package or SDK, be sure it has
[0.814s]   been installed.
[0.814s] 
[0.815s] 
[0.815s] -- Configuring incomplete, errors occurred!
[0.815s] See also "/home/sione/ros2_hull/build/wheeltec_gps_path/CMakeFiles/CMakeOutput.log".
[0.818s] Invoked command in '/home/sione/ros2_hull/build/wheeltec_gps_path' returned '1': CMAKE_PREFIX_PATH=/home/sione/ros2_hull/install/hull_serial:/opt/ros/humble /usr/bin/cmake /home/sione/ros2_hull/src/wheeltec_gps_path -DCMAKE_INSTALL_PREFIX=/home/sione/ros2_hull/install/wheeltec_gps_path
