[0.014s] Invoking command in '/home/sione/ros2_hull/build/wheeltec_gps_path': CMAKE_PREFIX_PATH=/opt/ros/humble /usr/bin/cmake /home/sione/ros2_hull/src/wheeltec_gps_path -DCMAKE_INSTALL_PREFIX=/home/sione/ros2_hull/install/wheeltec_gps_path
[0.046s] -- Found ament_cmake: 1.3.14 (/opt/ros/humble/share/ament_cmake/cmake)
[0.187s] -- Found geometry_msgs: 4.9.1 (/opt/ros/humble/share/geometry_msgs/cmake)
[0.225s] -- Found rosidl_generator_c: 3.1.8 (/opt/ros/humble/share/rosidl_generator_c/cmake)
[0.227s] -- Found rosidl_adapter: 3.1.8 (/opt/ros/humble/share/rosidl_adapter/cmake)
[0.236s] -- Found rosidl_generator_cpp: 3.1.8 (/opt/ros/humble/share/rosidl_generator_cpp/cmake)
[0.247s] -- Using all available rosidl_typesupport_c: rosidl_typesupport_fastrtps_c;rosidl_typesupport_introspection_c
[0.261s] -- Using all available rosidl_typesupport_cpp: rosidl_typesupport_fastrtps_cpp;rosidl_typesupport_introspection_cpp
[0.308s] CMake Error at CMakeLists.txt:11 (find_package):
[0.308s]   By not providing "Findnav2_msgs.cmake" in CMAKE_MODULE_PATH this project
[0.308s]   has asked CMake to find a package configuration file provided by
[0.308s]   "nav2_msgs", but CMake did not find one.
[0.308s] 
[0.308s]   Could not find a package configuration file provided by "nav2_msgs" with
[0.309s]   any of the following names:
[0.309s] 
[0.309s]     nav2_msgsConfig.cmake
[0.309s]     nav2_msgs-config.cmake
[0.309s] 
[0.309s]   Add the installation prefix of "nav2_msgs" to CMAKE_PREFIX_PATH or set
[0.309s]   "nav2_msgs_DIR" to a directory containing one of the above files.  If
[0.309s]   "nav2_msgs" provides a separate development package or SDK, be sure it has
[0.309s]   been installed.
[0.309s] 
[0.309s] 
[0.309s] -- Configuring incomplete, errors occurred!
[0.309s] See also "/home/sione/ros2_hull/build/wheeltec_gps_path/CMakeFiles/CMakeOutput.log".
[0.313s] Invoked command in '/home/sione/ros2_hull/build/wheeltec_gps_path' returned '1': CMAKE_PREFIX_PATH=/opt/ros/humble /usr/bin/cmake /home/sione/ros2_hull/src/wheeltec_gps_path -DCMAKE_INSTALL_PREFIX=/home/sione/ros2_hull/install/wheeltec_gps_path
