running egg_info
writing ../../build/hull_serial/hull_serial.egg-info/PKG-INFO
writing dependency_links to ../../build/hull_serial/hull_serial.egg-info/dependency_links.txt
writing entry points to ../../build/hull_serial/hull_serial.egg-info/entry_points.txt
writing requirements to ../../build/hull_serial/hull_serial.egg-info/requires.txt
writing top-level names to ../../build/hull_serial/hull_serial.egg-info/top_level.txt
reading manifest file '../../build/hull_serial/hull_serial.egg-info/SOURCES.txt'
writing manifest file '../../build/hull_serial/hull_serial.egg-info/SOURCES.txt'
running build
running build_py
copying hull_serial/imu_frame_adapter.py -> /home/sione/ros2_hull/build/hull_serial/build/lib/hull_serial
copying hull_serial/serial_imu_node.py -> /home/sione/ros2_hull/build/hull_serial/build/lib/hull_serial
running install
running install_lib
copying /home/sione/ros2_hull/build/hull_serial/build/lib/hull_serial/imu_frame_adapter.py -> /home/sione/ros2_hull/install/hull_serial/lib/python3.10/site-packages/hull_serial
copying /home/sione/ros2_hull/build/hull_serial/build/lib/hull_serial/serial_imu_node.py -> /home/sione/ros2_hull/install/hull_serial/lib/python3.10/site-packages/hull_serial
byte-compiling /home/sione/ros2_hull/install/hull_serial/lib/python3.10/site-packages/hull_serial/imu_frame_adapter.py to imu_frame_adapter.cpython-310.pyc
byte-compiling /home/sione/ros2_hull/install/hull_serial/lib/python3.10/site-packages/hull_serial/serial_imu_node.py to serial_imu_node.cpython-310.pyc
running install_data
copying config/serial_imu.yaml -> /home/sione/ros2_hull/install/hull_serial/share/hull_serial/config
running install_egg_info
removing '/home/sione/ros2_hull/install/hull_serial/lib/python3.10/site-packages/hull_serial-0.1.0-py3.10.egg-info' (and everything under it)
Copying ../../build/hull_serial/hull_serial.egg-info to /home/sione/ros2_hull/install/hull_serial/lib/python3.10/site-packages/hull_serial-0.1.0-py3.10.egg-info
running install_scripts
Installing serial_imu_node script to /home/sione/ros2_hull/install/hull_serial/lib/hull_serial
writing list of installed files to '/home/sione/ros2_hull/build/hull_serial/install.log'
