[  1%] Generating C code for ROS interfaces
[  3%] Generating Rust code for ROS interfaces
[  3%] Generating C++ code for ROS interfaces
[  3%] Built target ament_cmake_python_copy_nmea_msgs
running egg_info
creating nmea_msgs.egg-info
writing nmea_msgs.egg-info/PKG-INFO
writing dependency_links to nmea_msgs.egg-info/dependency_links.txt
writing top-level names to nmea_msgs.egg-info/top_level.txt
writing manifest file 'nmea_msgs.egg-info/SOURCES.txt'
reading manifest file 'nmea_msgs.egg-info/SOURCES.txt'
writing manifest file 'nmea_msgs.egg-info/SOURCES.txt'
[  3%] Built target ament_cmake_python_build_nmea_msgs_egg
[  3%] Built target nmea_msgs__rs
[  7%] Building C object CMakeFiles/nmea_msgs__rosidl_generator_c.dir/rosidl_generator_c/nmea_msgs/msg/detail/gpgsa__functions.c.o
[  7%] Building C object CMakeFiles/nmea_msgs__rosidl_generator_c.dir/rosidl_generator_c/nmea_msgs/msg/detail/gpgsv_satellite__functions.c.o
[  7%] Building C object CMakeFiles/nmea_msgs__rosidl_generator_c.dir/rosidl_generator_c/nmea_msgs/msg/detail/gpgsv__functions.c.o
[ 10%] Building C object CMakeFiles/nmea_msgs__rosidl_generator_c.dir/rosidl_generator_c/nmea_msgs/msg/detail/sentence__functions.c.o
[ 10%] Building C object CMakeFiles/nmea_msgs__rosidl_generator_c.dir/rosidl_generator_c/nmea_msgs/msg/detail/gpgga__functions.c.o
[ 11%] Building C object CMakeFiles/nmea_msgs__rosidl_generator_c.dir/rosidl_generator_c/nmea_msgs/msg/detail/gprmc__functions.c.o
[ 12%] Building C object CMakeFiles/nmea_msgs__rosidl_generator_c.dir/rosidl_generator_c/nmea_msgs/msg/detail/gpgst__functions.c.o
[ 13%] Linking C shared library libnmea_msgs__rosidl_generator_c.so
[ 13%] Built target nmea_msgs__rosidl_generator_c
[ 16%] Generating C type support for eProsima Fast-RTPS
[ 16%] Generating C introspection for ROS interfaces
[ 17%] Generating C type support dispatch for ROS interfaces
[ 17%] Built target nmea_msgs__cpp
[ 18%] Generating C++ type support for eProsima Fast-RTPS
[ 20%] Generating C++ introspection for ROS interfaces
[ 21%] Generating C++ type support dispatch for ROS interfaces
[ 22%] Building C object CMakeFiles/nmea_msgs__rosidl_typesupport_introspection_c.dir/rosidl_typesupport_introspection_c/nmea_msgs/msg/detail/sentence__type_support.c.o
[ 23%] Building C object CMakeFiles/nmea_msgs__rosidl_typesupport_introspection_c.dir/rosidl_typesupport_introspection_c/nmea_msgs/msg/detail/gprmc__type_support.c.o
[ 25%] Building C object CMakeFiles/nmea_msgs__rosidl_typesupport_introspection_c.dir/rosidl_typesupport_introspection_c/nmea_msgs/msg/detail/gpgsv_satellite__type_support.c.o
[ 26%] Building C object CMakeFiles/nmea_msgs__rosidl_typesupport_introspection_c.dir/rosidl_typesupport_introspection_c/nmea_msgs/msg/detail/gpgga__type_support.c.o
[ 27%] Building C object CMakeFiles/nmea_msgs__rosidl_typesupport_introspection_c.dir/rosidl_typesupport_introspection_c/nmea_msgs/msg/detail/gpgsa__type_support.c.o
[ 28%] Building C object CMakeFiles/nmea_msgs__rosidl_typesupport_introspection_c.dir/rosidl_typesupport_introspection_c/nmea_msgs/msg/detail/gpgst__type_support.c.o
[ 30%] Building C object CMakeFiles/nmea_msgs__rosidl_typesupport_introspection_c.dir/rosidl_typesupport_introspection_c/nmea_msgs/msg/detail/gpgsv__type_support.c.o
[ 31%] Linking C shared library libnmea_msgs__rosidl_typesupport_introspection_c.so
[ 31%] Built target nmea_msgs__rosidl_typesupport_introspection_c
[ 33%] Building CXX object CMakeFiles/nmea_msgs__rosidl_typesupport_c.dir/rosidl_typesupport_c/nmea_msgs/msg/gpgga__type_support.cpp.o
[ 33%] Building CXX object CMakeFiles/nmea_msgs__rosidl_typesupport_c.dir/rosidl_typesupport_c/nmea_msgs/msg/gpgst__type_support.cpp.o
[ 36%] Building CXX object CMakeFiles/nmea_msgs__rosidl_typesupport_c.dir/rosidl_typesupport_c/nmea_msgs/msg/gpgsa__type_support.cpp.o
[ 37%] Building CXX object CMakeFiles/nmea_msgs__rosidl_typesupport_c.dir/rosidl_typesupport_c/nmea_msgs/msg/gprmc__type_support.cpp.o
[ 36%] Building CXX object CMakeFiles/nmea_msgs__rosidl_typesupport_c.dir/rosidl_typesupport_c/nmea_msgs/msg/gpgsv_satellite__type_support.cpp.o
[ 38%] Building CXX object CMakeFiles/nmea_msgs__rosidl_typesupport_c.dir/rosidl_typesupport_c/nmea_msgs/msg/sentence__type_support.cpp.o
[ 40%] Building CXX object CMakeFiles/nmea_msgs__rosidl_typesupport_c.dir/rosidl_typesupport_c/nmea_msgs/msg/gpgsv__type_support.cpp.o
[ 41%] Building CXX object CMakeFiles/nmea_msgs__rosidl_typesupport_fastrtps_cpp.dir/rosidl_typesupport_fastrtps_cpp/nmea_msgs/msg/detail/dds_fastrtps/sentence__type_support.cpp.o
[ 42%] Building CXX object CMakeFiles/nmea_msgs__rosidl_typesupport_fastrtps_cpp.dir/rosidl_typesupport_fastrtps_cpp/nmea_msgs/msg/detail/dds_fastrtps/gpgsa__type_support.cpp.o
[ 43%] Building CXX object CMakeFiles/nmea_msgs__rosidl_typesupport_fastrtps_cpp.dir/rosidl_typesupport_fastrtps_cpp/nmea_msgs/msg/detail/dds_fastrtps/gpgga__type_support.cpp.o
[ 45%] Building CXX object CMakeFiles/nmea_msgs__rosidl_typesupport_fastrtps_cpp.dir/rosidl_typesupport_fastrtps_cpp/nmea_msgs/msg/detail/dds_fastrtps/gpgst__type_support.cpp.o
[ 46%] Building CXX object CMakeFiles/nmea_msgs__rosidl_typesupport_fastrtps_cpp.dir/rosidl_typesupport_fastrtps_cpp/nmea_msgs/msg/detail/dds_fastrtps/gpgsv__type_support.cpp.o
[ 47%] Building CXX object CMakeFiles/nmea_msgs__rosidl_typesupport_fastrtps_cpp.dir/rosidl_typesupport_fastrtps_cpp/nmea_msgs/msg/detail/dds_fastrtps/gpgsv_satellite__type_support.cpp.o
[ 48%] Building CXX object CMakeFiles/nmea_msgs__rosidl_typesupport_introspection_cpp.dir/rosidl_typesupport_introspection_cpp/nmea_msgs/msg/detail/sentence__type_support.cpp.o
[ 50%] Building CXX object CMakeFiles/nmea_msgs__rosidl_typesupport_introspection_cpp.dir/rosidl_typesupport_introspection_cpp/nmea_msgs/msg/detail/gpgga__type_support.cpp.o
[ 51%] Building CXX object CMakeFiles/nmea_msgs__rosidl_typesupport_introspection_cpp.dir/rosidl_typesupport_introspection_cpp/nmea_msgs/msg/detail/gpgsa__type_support.cpp.o
[ 52%] Building CXX object CMakeFiles/nmea_msgs__rosidl_typesupport_introspection_cpp.dir/rosidl_typesupport_introspection_cpp/nmea_msgs/msg/detail/gpgst__type_support.cpp.o
[ 53%] Building CXX object CMakeFiles/nmea_msgs__rosidl_typesupport_fastrtps_cpp.dir/rosidl_typesupport_fastrtps_cpp/nmea_msgs/msg/detail/dds_fastrtps/gprmc__type_support.cpp.o
[ 55%] Building CXX object CMakeFiles/nmea_msgs__rosidl_typesupport_introspection_cpp.dir/rosidl_typesupport_introspection_cpp/nmea_msgs/msg/detail/gpgsv_satellite__type_support.cpp.o
[ 56%] Building CXX object CMakeFiles/nmea_msgs__rosidl_typesupport_introspection_cpp.dir/rosidl_typesupport_introspection_cpp/nmea_msgs/msg/detail/gpgsv__type_support.cpp.o
[ 57%] Linking CXX shared library libnmea_msgs__rosidl_typesupport_c.so
[ 57%] Built target nmea_msgs__rosidl_typesupport_c
[ 58%] Building CXX object CMakeFiles/nmea_msgs__rosidl_typesupport_introspection_cpp.dir/rosidl_typesupport_introspection_cpp/nmea_msgs/msg/detail/gprmc__type_support.cpp.o
[ 60%] Building CXX object CMakeFiles/nmea_msgs__rosidl_typesupport_cpp.dir/rosidl_typesupport_cpp/nmea_msgs/msg/sentence__type_support.cpp.o
[ 61%] Building CXX object CMakeFiles/nmea_msgs__rosidl_typesupport_fastrtps_c.dir/rosidl_typesupport_fastrtps_c/nmea_msgs/msg/detail/sentence__type_support_c.cpp.o
[ 62%] Building CXX object CMakeFiles/nmea_msgs__rosidl_typesupport_fastrtps_c.dir/rosidl_typesupport_fastrtps_c/nmea_msgs/msg/detail/gpgga__type_support_c.cpp.o
[ 63%] Building CXX object CMakeFiles/nmea_msgs__rosidl_typesupport_cpp.dir/rosidl_typesupport_cpp/nmea_msgs/msg/gpgga__type_support.cpp.o
[ 65%] Building CXX object CMakeFiles/nmea_msgs__rosidl_typesupport_cpp.dir/rosidl_typesupport_cpp/nmea_msgs/msg/gpgsa__type_support.cpp.o
[ 66%] Building CXX object CMakeFiles/nmea_msgs__rosidl_typesupport_fastrtps_c.dir/rosidl_typesupport_fastrtps_c/nmea_msgs/msg/detail/gpgsa__type_support_c.cpp.o
[ 67%] Building CXX object CMakeFiles/nmea_msgs__rosidl_typesupport_fastrtps_c.dir/rosidl_typesupport_fastrtps_c/nmea_msgs/msg/detail/gpgst__type_support_c.cpp.o
[ 68%] Building CXX object CMakeFiles/nmea_msgs__rosidl_typesupport_fastrtps_c.dir/rosidl_typesupport_fastrtps_c/nmea_msgs/msg/detail/gpgsv__type_support_c.cpp.o
[ 70%] Building CXX object CMakeFiles/nmea_msgs__rosidl_typesupport_cpp.dir/rosidl_typesupport_cpp/nmea_msgs/msg/gpgst__type_support.cpp.o
[ 71%] Building CXX object CMakeFiles/nmea_msgs__rosidl_typesupport_cpp.dir/rosidl_typesupport_cpp/nmea_msgs/msg/gpgsv__type_support.cpp.o
[ 72%] Building CXX object CMakeFiles/nmea_msgs__rosidl_typesupport_cpp.dir/rosidl_typesupport_cpp/nmea_msgs/msg/gpgsv_satellite__type_support.cpp.o
[ 73%] Building CXX object CMakeFiles/nmea_msgs__rosidl_typesupport_fastrtps_c.dir/rosidl_typesupport_fastrtps_c/nmea_msgs/msg/detail/gpgsv_satellite__type_support_c.cpp.o
[ 75%] Building CXX object CMakeFiles/nmea_msgs__rosidl_typesupport_cpp.dir/rosidl_typesupport_cpp/nmea_msgs/msg/gprmc__type_support.cpp.o
[ 76%] Building CXX object CMakeFiles/nmea_msgs__rosidl_typesupport_fastrtps_c.dir/rosidl_typesupport_fastrtps_c/nmea_msgs/msg/detail/gprmc__type_support_c.cpp.o
[ 77%] Linking CXX shared library libnmea_msgs__rosidl_typesupport_introspection_cpp.so
[ 78%] Linking CXX shared library libnmea_msgs__rosidl_typesupport_fastrtps_cpp.so
[ 78%] Built target nmea_msgs__rosidl_typesupport_introspection_cpp
[ 78%] Built target nmea_msgs__rosidl_typesupport_fastrtps_cpp
[ 80%] Linking CXX shared library libnmea_msgs__rosidl_typesupport_cpp.so
[ 80%] Built target nmea_msgs__rosidl_typesupport_cpp
[ 81%] Linking CXX shared library libnmea_msgs__rosidl_typesupport_fastrtps_c.so
[ 81%] Built target nmea_msgs__rosidl_typesupport_fastrtps_c
[ 81%] Built target nmea_msgs
[ 82%] Generating Python code for ROS interfaces
[ 82%] Built target nmea_msgs__py
[ 83%] Building C object CMakeFiles/nmea_msgs__rosidl_generator_py.dir/rosidl_generator_py/nmea_msgs/msg/_gpgga_s.c.o
[ 85%] Building C object CMakeFiles/nmea_msgs__rosidl_generator_py.dir/rosidl_generator_py/nmea_msgs/msg/_gpgsv_s.c.o
[ 86%] Building C object CMakeFiles/nmea_msgs__rosidl_generator_py.dir/rosidl_generator_py/nmea_msgs/msg/_gpgsv_satellite_s.c.o
[ 87%] Building C object CMakeFiles/nmea_msgs__rosidl_generator_py.dir/rosidl_generator_py/nmea_msgs/msg/_sentence_s.c.o
[ 90%] Building C object CMakeFiles/nmea_msgs__rosidl_generator_py.dir/rosidl_generator_py/nmea_msgs/msg/_gpgst_s.c.o
[ 90%] Building C object CMakeFiles/nmea_msgs__rosidl_generator_py.dir/rosidl_generator_py/nmea_msgs/msg/_gpgsa_s.c.o
[ 91%] Building C object CMakeFiles/nmea_msgs__rosidl_generator_py.dir/rosidl_generator_py/nmea_msgs/msg/_gprmc_s.c.o
[ 92%] Linking C shared library rosidl_generator_py/nmea_msgs/libnmea_msgs__rosidl_generator_py.so
[ 92%] Built target nmea_msgs__rosidl_generator_py
[ 93%] Building C object CMakeFiles/nmea_msgs__rosidl_typesupport_c__pyext.dir/rosidl_generator_py/nmea_msgs/_nmea_msgs_s.ep.rosidl_typesupport_c.c.o
[ 95%] Building C object CMakeFiles/nmea_msgs__rosidl_typesupport_fastrtps_c__pyext.dir/rosidl_generator_py/nmea_msgs/_nmea_msgs_s.ep.rosidl_typesupport_fastrtps_c.c.o
[ 96%] Building C object CMakeFiles/nmea_msgs__rosidl_typesupport_introspection_c__pyext.dir/rosidl_generator_py/nmea_msgs/_nmea_msgs_s.ep.rosidl_typesupport_introspection_c.c.o
[ 97%] Linking C shared library rosidl_generator_py/nmea_msgs/nmea_msgs_s__rosidl_typesupport_c.cpython-310-x86_64-linux-gnu.so
[ 98%] Linking C shared library rosidl_generator_py/nmea_msgs/nmea_msgs_s__rosidl_typesupport_introspection_c.cpython-310-x86_64-linux-gnu.so
[100%] Linking C shared library rosidl_generator_py/nmea_msgs/nmea_msgs_s__rosidl_typesupport_fastrtps_c.cpython-310-x86_64-linux-gnu.so
[100%] Built target nmea_msgs__rosidl_typesupport_c__pyext
[100%] Built target nmea_msgs__rosidl_typesupport_introspection_c__pyext
[100%] Built target nmea_msgs__rosidl_typesupport_fastrtps_c__pyext
-- Install configuration: ""
-- Installing: /home/sione/ros2_hull/install/nmea_msgs/share/ament_index/resource_index/rosidl_interfaces/nmea_msgs
-- Installing: /home/sione/ros2_hull/install/nmea_msgs/include/nmea_msgs/nmea_msgs
-- Installing: /home/sione/ros2_hull/install/nmea_msgs/include/nmea_msgs/nmea_msgs/msg
-- Installing: /home/sione/ros2_hull/install/nmea_msgs/include/nmea_msgs/nmea_msgs/msg/gpgsv_satellite.h
-- Installing: /home/sione/ros2_hull/install/nmea_msgs/include/nmea_msgs/nmea_msgs/msg/rosidl_generator_c__visibility_control.h
-- Installing: /home/sione/ros2_hull/install/nmea_msgs/include/nmea_msgs/nmea_msgs/msg/gpgsa.h
-- Installing: /home/sione/ros2_hull/install/nmea_msgs/include/nmea_msgs/nmea_msgs/msg/sentence.h
-- Installing: /home/sione/ros2_hull/install/nmea_msgs/include/nmea_msgs/nmea_msgs/msg/gprmc.h
-- Installing: /home/sione/ros2_hull/install/nmea_msgs/include/nmea_msgs/nmea_msgs/msg/gpgsv.h
-- Installing: /home/sione/ros2_hull/install/nmea_msgs/include/nmea_msgs/nmea_msgs/msg/detail
-- Installing: /home/sione/ros2_hull/install/nmea_msgs/include/nmea_msgs/nmea_msgs/msg/detail/gpgsa__struct.h
-- Installing: /home/sione/ros2_hull/install/nmea_msgs/include/nmea_msgs/nmea_msgs/msg/detail/gprmc__functions.c
-- Installing: /home/sione/ros2_hull/install/nmea_msgs/include/nmea_msgs/nmea_msgs/msg/detail/gpgga__type_support.h
-- Installing: /home/sione/ros2_hull/install/nmea_msgs/include/nmea_msgs/nmea_msgs/msg/detail/gpgsa__functions.h
-- Installing: /home/sione/ros2_hull/install/nmea_msgs/include/nmea_msgs/nmea_msgs/msg/detail/gpgsv__type_support.h
-- Installing: /home/sione/ros2_hull/install/nmea_msgs/include/nmea_msgs/nmea_msgs/msg/detail/gpgga__functions.c
-- Installing: /home/sione/ros2_hull/install/nmea_msgs/include/nmea_msgs/nmea_msgs/msg/detail/gpgga__struct.h
-- Installing: /home/sione/ros2_hull/install/nmea_msgs/include/nmea_msgs/nmea_msgs/msg/detail/gpgst__struct.h
-- Installing: /home/sione/ros2_hull/install/nmea_msgs/include/nmea_msgs/nmea_msgs/msg/detail/gpgsa__type_support.h
-- Installing: /home/sione/ros2_hull/install/nmea_msgs/include/nmea_msgs/nmea_msgs/msg/detail/gpgsv_satellite__functions.c
-- Installing: /home/sione/ros2_hull/install/nmea_msgs/include/nmea_msgs/nmea_msgs/msg/detail/gpgsv__struct.h
-- Installing: /home/sione/ros2_hull/install/nmea_msgs/include/nmea_msgs/nmea_msgs/msg/detail/gpgst__functions.h
-- Installing: /home/sione/ros2_hull/install/nmea_msgs/include/nmea_msgs/nmea_msgs/msg/detail/gpgsv_satellite__functions.h
-- Installing: /home/sione/ros2_hull/install/nmea_msgs/include/nmea_msgs/nmea_msgs/msg/detail/gpgst__functions.c
-- Installing: /home/sione/ros2_hull/install/nmea_msgs/include/nmea_msgs/nmea_msgs/msg/detail/gprmc__struct.h
-- Installing: /home/sione/ros2_hull/install/nmea_msgs/include/nmea_msgs/nmea_msgs/msg/detail/gprmc__functions.h
-- Installing: /home/sione/ros2_hull/install/nmea_msgs/include/nmea_msgs/nmea_msgs/msg/detail/sentence__functions.h
-- Installing: /home/sione/ros2_hull/install/nmea_msgs/include/nmea_msgs/nmea_msgs/msg/detail/gpgst__type_support.h
-- Installing: /home/sione/ros2_hull/install/nmea_msgs/include/nmea_msgs/nmea_msgs/msg/detail/gpgsa__functions.c
-- Installing: /home/sione/ros2_hull/install/nmea_msgs/include/nmea_msgs/nmea_msgs/msg/detail/sentence__functions.c
-- Installing: /home/sione/ros2_hull/install/nmea_msgs/include/nmea_msgs/nmea_msgs/msg/detail/gpgsv_satellite__struct.h
-- Installing: /home/sione/ros2_hull/install/nmea_msgs/include/nmea_msgs/nmea_msgs/msg/detail/sentence__type_support.h
-- Installing: /home/sione/ros2_hull/install/nmea_msgs/include/nmea_msgs/nmea_msgs/msg/detail/gpgga__functions.h
-- Installing: /home/sione/ros2_hull/install/nmea_msgs/include/nmea_msgs/nmea_msgs/msg/detail/gpgsv__functions.h
-- Installing: /home/sione/ros2_hull/install/nmea_msgs/include/nmea_msgs/nmea_msgs/msg/detail/gprmc__type_support.h
-- Installing: /home/sione/ros2_hull/install/nmea_msgs/include/nmea_msgs/nmea_msgs/msg/detail/gpgsv__functions.c
-- Installing: /home/sione/ros2_hull/install/nmea_msgs/include/nmea_msgs/nmea_msgs/msg/detail/gpgsv_satellite__type_support.h
-- Installing: /home/sione/ros2_hull/install/nmea_msgs/include/nmea_msgs/nmea_msgs/msg/detail/sentence__struct.h
-- Installing: /home/sione/ros2_hull/install/nmea_msgs/include/nmea_msgs/nmea_msgs/msg/gpgst.h
-- Installing: /home/sione/ros2_hull/install/nmea_msgs/include/nmea_msgs/nmea_msgs/msg/gpgga.h
-- Installing: /home/sione/ros2_hull/install/nmea_msgs/share/nmea_msgs/environment/library_path.sh
-- Installing: /home/sione/ros2_hull/install/nmea_msgs/share/nmea_msgs/environment/library_path.dsv
-- Installing: /home/sione/ros2_hull/install/nmea_msgs/lib/libnmea_msgs__rosidl_generator_c.so
-- Set runtime path of "/home/sione/ros2_hull/install/nmea_msgs/lib/libnmea_msgs__rosidl_generator_c.so" to ""
-- Up-to-date: /home/sione/ros2_hull/install/nmea_msgs/include/nmea_msgs/nmea_msgs
-- Up-to-date: /home/sione/ros2_hull/install/nmea_msgs/include/nmea_msgs/nmea_msgs/msg
-- Up-to-date: /home/sione/ros2_hull/install/nmea_msgs/include/nmea_msgs/nmea_msgs/msg/detail
-- Installing: /home/sione/ros2_hull/install/nmea_msgs/include/nmea_msgs/nmea_msgs/msg/detail/gpgga__rosidl_typesupport_fastrtps_c.h
-- Installing: /home/sione/ros2_hull/install/nmea_msgs/include/nmea_msgs/nmea_msgs/msg/detail/sentence__rosidl_typesupport_fastrtps_c.h
-- Installing: /home/sione/ros2_hull/install/nmea_msgs/include/nmea_msgs/nmea_msgs/msg/detail/gpgsv_satellite__rosidl_typesupport_fastrtps_c.h
-- Installing: /home/sione/ros2_hull/install/nmea_msgs/include/nmea_msgs/nmea_msgs/msg/detail/gpgsv__rosidl_typesupport_fastrtps_c.h
-- Installing: /home/sione/ros2_hull/install/nmea_msgs/include/nmea_msgs/nmea_msgs/msg/detail/gprmc__rosidl_typesupport_fastrtps_c.h
-- Installing: /home/sione/ros2_hull/install/nmea_msgs/include/nmea_msgs/nmea_msgs/msg/detail/gpgsa__rosidl_typesupport_fastrtps_c.h
-- Installing: /home/sione/ros2_hull/install/nmea_msgs/include/nmea_msgs/nmea_msgs/msg/detail/gpgst__rosidl_typesupport_fastrtps_c.h
-- Installing: /home/sione/ros2_hull/install/nmea_msgs/include/nmea_msgs/nmea_msgs/msg/rosidl_typesupport_fastrtps_c__visibility_control.h
-- Installing: /home/sione/ros2_hull/install/nmea_msgs/lib/libnmea_msgs__rosidl_typesupport_fastrtps_c.so
-- Set runtime path of "/home/sione/ros2_hull/install/nmea_msgs/lib/libnmea_msgs__rosidl_typesupport_fastrtps_c.so" to ""
-- Up-to-date: /home/sione/ros2_hull/install/nmea_msgs/include/nmea_msgs/nmea_msgs
-- Up-to-date: /home/sione/ros2_hull/install/nmea_msgs/include/nmea_msgs/nmea_msgs/msg
-- Installing: /home/sione/ros2_hull/install/nmea_msgs/include/nmea_msgs/nmea_msgs/msg/rosidl_typesupport_introspection_c__visibility_control.h
-- Up-to-date: /home/sione/ros2_hull/install/nmea_msgs/include/nmea_msgs/nmea_msgs/msg/detail
-- Installing: /home/sione/ros2_hull/install/nmea_msgs/include/nmea_msgs/nmea_msgs/msg/detail/sentence__type_support.c
-- Installing: /home/sione/ros2_hull/install/nmea_msgs/include/nmea_msgs/nmea_msgs/msg/detail/gpgsv__type_support.c
-- Installing: /home/sione/ros2_hull/install/nmea_msgs/include/nmea_msgs/nmea_msgs/msg/detail/gpgga__type_support.c
-- Installing: /home/sione/ros2_hull/install/nmea_msgs/include/nmea_msgs/nmea_msgs/msg/detail/gpgsa__rosidl_typesupport_introspection_c.h
-- Installing: /home/sione/ros2_hull/install/nmea_msgs/include/nmea_msgs/nmea_msgs/msg/detail/gpgga__rosidl_typesupport_introspection_c.h
-- Installing: /home/sione/ros2_hull/install/nmea_msgs/include/nmea_msgs/nmea_msgs/msg/detail/sentence__rosidl_typesupport_introspection_c.h
-- Installing: /home/sione/ros2_hull/install/nmea_msgs/include/nmea_msgs/nmea_msgs/msg/detail/gpgsv_satellite__type_support.c
-- Installing: /home/sione/ros2_hull/install/nmea_msgs/include/nmea_msgs/nmea_msgs/msg/detail/gpgsv_satellite__rosidl_typesupport_introspection_c.h
-- Installing: /home/sione/ros2_hull/install/nmea_msgs/include/nmea_msgs/nmea_msgs/msg/detail/gpgst__type_support.c
-- Installing: /home/sione/ros2_hull/install/nmea_msgs/include/nmea_msgs/nmea_msgs/msg/detail/gpgsv__rosidl_typesupport_introspection_c.h
-- Installing: /home/sione/ros2_hull/install/nmea_msgs/include/nmea_msgs/nmea_msgs/msg/detail/gpgsa__type_support.c
-- Installing: /home/sione/ros2_hull/install/nmea_msgs/include/nmea_msgs/nmea_msgs/msg/detail/gprmc__type_support.c
-- Installing: /home/sione/ros2_hull/install/nmea_msgs/include/nmea_msgs/nmea_msgs/msg/detail/gprmc__rosidl_typesupport_introspection_c.h
-- Installing: /home/sione/ros2_hull/install/nmea_msgs/include/nmea_msgs/nmea_msgs/msg/detail/gpgst__rosidl_typesupport_introspection_c.h
-- Installing: /home/sione/ros2_hull/install/nmea_msgs/lib/libnmea_msgs__rosidl_typesupport_introspection_c.so
-- Set runtime path of "/home/sione/ros2_hull/install/nmea_msgs/lib/libnmea_msgs__rosidl_typesupport_introspection_c.so" to ""
-- Installing: /home/sione/ros2_hull/install/nmea_msgs/lib/libnmea_msgs__rosidl_typesupport_c.so
-- Set runtime path of "/home/sione/ros2_hull/install/nmea_msgs/lib/libnmea_msgs__rosidl_typesupport_c.so" to ""
-- Up-to-date: /home/sione/ros2_hull/install/nmea_msgs/include/nmea_msgs/nmea_msgs
-- Up-to-date: /home/sione/ros2_hull/install/nmea_msgs/include/nmea_msgs/nmea_msgs/msg
-- Installing: /home/sione/ros2_hull/install/nmea_msgs/include/nmea_msgs/nmea_msgs/msg/gpgsa.hpp
-- Installing: /home/sione/ros2_hull/install/nmea_msgs/include/nmea_msgs/nmea_msgs/msg/gpgga.hpp
-- Installing: /home/sione/ros2_hull/install/nmea_msgs/include/nmea_msgs/nmea_msgs/msg/rosidl_generator_cpp__visibility_control.hpp
-- Installing: /home/sione/ros2_hull/install/nmea_msgs/include/nmea_msgs/nmea_msgs/msg/sentence.hpp
-- Installing: /home/sione/ros2_hull/install/nmea_msgs/include/nmea_msgs/nmea_msgs/msg/gpgsv_satellite.hpp
-- Installing: /home/sione/ros2_hull/install/nmea_msgs/include/nmea_msgs/nmea_msgs/msg/gpgsv.hpp
-- Installing: /home/sione/ros2_hull/install/nmea_msgs/include/nmea_msgs/nmea_msgs/msg/gprmc.hpp
-- Installing: /home/sione/ros2_hull/install/nmea_msgs/include/nmea_msgs/nmea_msgs/msg/gpgst.hpp
-- Up-to-date: /home/sione/ros2_hull/install/nmea_msgs/include/nmea_msgs/nmea_msgs/msg/detail
-- Installing: /home/sione/ros2_hull/install/nmea_msgs/include/nmea_msgs/nmea_msgs/msg/detail/gpgga__traits.hpp
-- Installing: /home/sione/ros2_hull/install/nmea_msgs/include/nmea_msgs/nmea_msgs/msg/detail/gpgsv_satellite__type_support.hpp
-- Installing: /home/sione/ros2_hull/install/nmea_msgs/include/nmea_msgs/nmea_msgs/msg/detail/gpgsv_satellite__traits.hpp
-- Installing: /home/sione/ros2_hull/install/nmea_msgs/include/nmea_msgs/nmea_msgs/msg/detail/gpgga__type_support.hpp
-- Installing: /home/sione/ros2_hull/install/nmea_msgs/include/nmea_msgs/nmea_msgs/msg/detail/gpgst__type_support.hpp
-- Installing: /home/sione/ros2_hull/install/nmea_msgs/include/nmea_msgs/nmea_msgs/msg/detail/gprmc__struct.hpp
-- Installing: /home/sione/ros2_hull/install/nmea_msgs/include/nmea_msgs/nmea_msgs/msg/detail/gpgsa__struct.hpp
-- Installing: /home/sione/ros2_hull/install/nmea_msgs/include/nmea_msgs/nmea_msgs/msg/detail/gpgst__struct.hpp
-- Installing: /home/sione/ros2_hull/install/nmea_msgs/include/nmea_msgs/nmea_msgs/msg/detail/gprmc__traits.hpp
-- Installing: /home/sione/ros2_hull/install/nmea_msgs/include/nmea_msgs/nmea_msgs/msg/detail/gpgsa__traits.hpp
-- Installing: /home/sione/ros2_hull/install/nmea_msgs/include/nmea_msgs/nmea_msgs/msg/detail/sentence__type_support.hpp
-- Installing: /home/sione/ros2_hull/install/nmea_msgs/include/nmea_msgs/nmea_msgs/msg/detail/gpgsv__struct.hpp
-- Installing: /home/sione/ros2_hull/install/nmea_msgs/include/nmea_msgs/nmea_msgs/msg/detail/gpgsv_satellite__struct.hpp
-- Installing: /home/sione/ros2_hull/install/nmea_msgs/include/nmea_msgs/nmea_msgs/msg/detail/gpgst__traits.hpp
-- Installing: /home/sione/ros2_hull/install/nmea_msgs/include/nmea_msgs/nmea_msgs/msg/detail/gpgsv__type_support.hpp
-- Installing: /home/sione/ros2_hull/install/nmea_msgs/include/nmea_msgs/nmea_msgs/msg/detail/gpgga__builder.hpp
-- Installing: /home/sione/ros2_hull/install/nmea_msgs/include/nmea_msgs/nmea_msgs/msg/detail/gpgsv__builder.hpp
-- Installing: /home/sione/ros2_hull/install/nmea_msgs/include/nmea_msgs/nmea_msgs/msg/detail/sentence__builder.hpp
-- Installing: /home/sione/ros2_hull/install/nmea_msgs/include/nmea_msgs/nmea_msgs/msg/detail/gprmc__type_support.hpp
-- Installing: /home/sione/ros2_hull/install/nmea_msgs/include/nmea_msgs/nmea_msgs/msg/detail/gprmc__builder.hpp
-- Installing: /home/sione/ros2_hull/install/nmea_msgs/include/nmea_msgs/nmea_msgs/msg/detail/gpgsa__type_support.hpp
-- Installing: /home/sione/ros2_hull/install/nmea_msgs/include/nmea_msgs/nmea_msgs/msg/detail/sentence__struct.hpp
-- Installing: /home/sione/ros2_hull/install/nmea_msgs/include/nmea_msgs/nmea_msgs/msg/detail/gpgsv_satellite__builder.hpp
-- Installing: /home/sione/ros2_hull/install/nmea_msgs/include/nmea_msgs/nmea_msgs/msg/detail/gpgga__struct.hpp
-- Installing: /home/sione/ros2_hull/install/nmea_msgs/include/nmea_msgs/nmea_msgs/msg/detail/gpgsa__builder.hpp
-- Installing: /home/sione/ros2_hull/install/nmea_msgs/include/nmea_msgs/nmea_msgs/msg/detail/sentence__traits.hpp
-- Installing: /home/sione/ros2_hull/install/nmea_msgs/include/nmea_msgs/nmea_msgs/msg/detail/gpgsv__traits.hpp
-- Installing: /home/sione/ros2_hull/install/nmea_msgs/include/nmea_msgs/nmea_msgs/msg/detail/gpgst__builder.hpp
-- Up-to-date: /home/sione/ros2_hull/install/nmea_msgs/include/nmea_msgs/nmea_msgs
-- Up-to-date: /home/sione/ros2_hull/install/nmea_msgs/include/nmea_msgs/nmea_msgs/msg
-- Installing: /home/sione/ros2_hull/install/nmea_msgs/include/nmea_msgs/nmea_msgs/msg/rosidl_typesupport_fastrtps_cpp__visibility_control.h
-- Up-to-date: /home/sione/ros2_hull/install/nmea_msgs/include/nmea_msgs/nmea_msgs/msg/detail
-- Installing: /home/sione/ros2_hull/install/nmea_msgs/include/nmea_msgs/nmea_msgs/msg/detail/gpgsv_satellite__rosidl_typesupport_fastrtps_cpp.hpp
-- Installing: /home/sione/ros2_hull/install/nmea_msgs/include/nmea_msgs/nmea_msgs/msg/detail/gpgst__rosidl_typesupport_fastrtps_cpp.hpp
-- Installing: /home/sione/ros2_hull/install/nmea_msgs/include/nmea_msgs/nmea_msgs/msg/detail/gprmc__rosidl_typesupport_fastrtps_cpp.hpp
-- Installing: /home/sione/ros2_hull/install/nmea_msgs/include/nmea_msgs/nmea_msgs/msg/detail/gpgsv__rosidl_typesupport_fastrtps_cpp.hpp
-- Installing: /home/sione/ros2_hull/install/nmea_msgs/include/nmea_msgs/nmea_msgs/msg/detail/dds_fastrtps
-- Installing: /home/sione/ros2_hull/install/nmea_msgs/include/nmea_msgs/nmea_msgs/msg/detail/gpgga__rosidl_typesupport_fastrtps_cpp.hpp
-- Installing: /home/sione/ros2_hull/install/nmea_msgs/include/nmea_msgs/nmea_msgs/msg/detail/gpgsa__rosidl_typesupport_fastrtps_cpp.hpp
-- Installing: /home/sione/ros2_hull/install/nmea_msgs/include/nmea_msgs/nmea_msgs/msg/detail/sentence__rosidl_typesupport_fastrtps_cpp.hpp
-- Installing: /home/sione/ros2_hull/install/nmea_msgs/lib/libnmea_msgs__rosidl_typesupport_fastrtps_cpp.so
-- Set runtime path of "/home/sione/ros2_hull/install/nmea_msgs/lib/libnmea_msgs__rosidl_typesupport_fastrtps_cpp.so" to ""
-- Up-to-date: /home/sione/ros2_hull/install/nmea_msgs/include/nmea_msgs/nmea_msgs
-- Up-to-date: /home/sione/ros2_hull/install/nmea_msgs/include/nmea_msgs/nmea_msgs/msg
-- Up-to-date: /home/sione/ros2_hull/install/nmea_msgs/include/nmea_msgs/nmea_msgs/msg/detail
-- Installing: /home/sione/ros2_hull/install/nmea_msgs/include/nmea_msgs/nmea_msgs/msg/detail/gpgsa__rosidl_typesupport_introspection_cpp.hpp
-- Installing: /home/sione/ros2_hull/install/nmea_msgs/include/nmea_msgs/nmea_msgs/msg/detail/gprmc__type_support.cpp
-- Installing: /home/sione/ros2_hull/install/nmea_msgs/include/nmea_msgs/nmea_msgs/msg/detail/gpgga__rosidl_typesupport_introspection_cpp.hpp
-- Installing: /home/sione/ros2_hull/install/nmea_msgs/include/nmea_msgs/nmea_msgs/msg/detail/gpgst__rosidl_typesupport_introspection_cpp.hpp
-- Installing: /home/sione/ros2_hull/install/nmea_msgs/include/nmea_msgs/nmea_msgs/msg/detail/sentence__rosidl_typesupport_introspection_cpp.hpp
-- Installing: /home/sione/ros2_hull/install/nmea_msgs/include/nmea_msgs/nmea_msgs/msg/detail/gpgsa__type_support.cpp
-- Installing: /home/sione/ros2_hull/install/nmea_msgs/include/nmea_msgs/nmea_msgs/msg/detail/gpgst__type_support.cpp
-- Installing: /home/sione/ros2_hull/install/nmea_msgs/include/nmea_msgs/nmea_msgs/msg/detail/gpgsv_satellite__rosidl_typesupport_introspection_cpp.hpp
-- Installing: /home/sione/ros2_hull/install/nmea_msgs/include/nmea_msgs/nmea_msgs/msg/detail/gpgga__type_support.cpp
-- Installing: /home/sione/ros2_hull/install/nmea_msgs/include/nmea_msgs/nmea_msgs/msg/detail/gpgsv_satellite__type_support.cpp
-- Installing: /home/sione/ros2_hull/install/nmea_msgs/include/nmea_msgs/nmea_msgs/msg/detail/gpgsv__rosidl_typesupport_introspection_cpp.hpp
-- Installing: /home/sione/ros2_hull/install/nmea_msgs/include/nmea_msgs/nmea_msgs/msg/detail/gprmc__rosidl_typesupport_introspection_cpp.hpp
-- Installing: /home/sione/ros2_hull/install/nmea_msgs/include/nmea_msgs/nmea_msgs/msg/detail/sentence__type_support.cpp
-- Installing: /home/sione/ros2_hull/install/nmea_msgs/include/nmea_msgs/nmea_msgs/msg/detail/gpgsv__type_support.cpp
-- Installing: /home/sione/ros2_hull/install/nmea_msgs/lib/libnmea_msgs__rosidl_typesupport_introspection_cpp.so
-- Set runtime path of "/home/sione/ros2_hull/install/nmea_msgs/lib/libnmea_msgs__rosidl_typesupport_introspection_cpp.so" to ""
-- Installing: /home/sione/ros2_hull/install/nmea_msgs/lib/libnmea_msgs__rosidl_typesupport_cpp.so
-- Set runtime path of "/home/sione/ros2_hull/install/nmea_msgs/lib/libnmea_msgs__rosidl_typesupport_cpp.so" to ""
-- Installing: /home/sione/ros2_hull/install/nmea_msgs/share/nmea_msgs/environment/pythonpath.sh
-- Installing: /home/sione/ros2_hull/install/nmea_msgs/share/nmea_msgs/environment/pythonpath.dsv
-- Installing: /home/sione/ros2_hull/install/nmea_msgs/local/lib/python3.10/dist-packages/nmea_msgs-2.0.0-py3.10.egg-info
-- Installing: /home/sione/ros2_hull/install/nmea_msgs/local/lib/python3.10/dist-packages/nmea_msgs-2.0.0-py3.10.egg-info/SOURCES.txt
-- Installing: /home/sione/ros2_hull/install/nmea_msgs/local/lib/python3.10/dist-packages/nmea_msgs-2.0.0-py3.10.egg-info/top_level.txt
-- Installing: /home/sione/ros2_hull/install/nmea_msgs/local/lib/python3.10/dist-packages/nmea_msgs-2.0.0-py3.10.egg-info/PKG-INFO
-- Installing: /home/sione/ros2_hull/install/nmea_msgs/local/lib/python3.10/dist-packages/nmea_msgs-2.0.0-py3.10.egg-info/dependency_links.txt
-- Installing: /home/sione/ros2_hull/install/nmea_msgs/local/lib/python3.10/dist-packages/nmea_msgs
-- Installing: /home/sione/ros2_hull/install/nmea_msgs/local/lib/python3.10/dist-packages/nmea_msgs/__init__.py
-- Installing: /home/sione/ros2_hull/install/nmea_msgs/local/lib/python3.10/dist-packages/nmea_msgs/libnmea_msgs__rosidl_generator_py.so
-- Installing: /home/sione/ros2_hull/install/nmea_msgs/local/lib/python3.10/dist-packages/nmea_msgs/nmea_msgs_s__rosidl_typesupport_introspection_c.cpython-310-x86_64-linux-gnu.so
-- Installing: /home/sione/ros2_hull/install/nmea_msgs/local/lib/python3.10/dist-packages/nmea_msgs/nmea_msgs_s__rosidl_typesupport_c.cpython-310-x86_64-linux-gnu.so
-- Installing: /home/sione/ros2_hull/install/nmea_msgs/local/lib/python3.10/dist-packages/nmea_msgs/msg
-- Installing: /home/sione/ros2_hull/install/nmea_msgs/local/lib/python3.10/dist-packages/nmea_msgs/msg/_sentence.py
-- Installing: /home/sione/ros2_hull/install/nmea_msgs/local/lib/python3.10/dist-packages/nmea_msgs/msg/_gpgsa_s.c
-- Installing: /home/sione/ros2_hull/install/nmea_msgs/local/lib/python3.10/dist-packages/nmea_msgs/msg/_gpgsv_satellite_s.c
-- Installing: /home/sione/ros2_hull/install/nmea_msgs/local/lib/python3.10/dist-packages/nmea_msgs/msg/__init__.py
-- Installing: /home/sione/ros2_hull/install/nmea_msgs/local/lib/python3.10/dist-packages/nmea_msgs/msg/_gprmc_s.c
-- Installing: /home/sione/ros2_hull/install/nmea_msgs/local/lib/python3.10/dist-packages/nmea_msgs/msg/_sentence_s.c
-- Installing: /home/sione/ros2_hull/install/nmea_msgs/local/lib/python3.10/dist-packages/nmea_msgs/msg/_gpgsv_satellite.py
-- Installing: /home/sione/ros2_hull/install/nmea_msgs/local/lib/python3.10/dist-packages/nmea_msgs/msg/_gpgsv.py
-- Installing: /home/sione/ros2_hull/install/nmea_msgs/local/lib/python3.10/dist-packages/nmea_msgs/msg/_gpgga.py
-- Installing: /home/sione/ros2_hull/install/nmea_msgs/local/lib/python3.10/dist-packages/nmea_msgs/msg/_gpgsv_s.c
-- Installing: /home/sione/ros2_hull/install/nmea_msgs/local/lib/python3.10/dist-packages/nmea_msgs/msg/_gprmc.py
-- Installing: /home/sione/ros2_hull/install/nmea_msgs/local/lib/python3.10/dist-packages/nmea_msgs/msg/_gpgst.py
-- Installing: /home/sione/ros2_hull/install/nmea_msgs/local/lib/python3.10/dist-packages/nmea_msgs/msg/_gpgga_s.c
-- Installing: /home/sione/ros2_hull/install/nmea_msgs/local/lib/python3.10/dist-packages/nmea_msgs/msg/_gpgsa.py
-- Installing: /home/sione/ros2_hull/install/nmea_msgs/local/lib/python3.10/dist-packages/nmea_msgs/msg/_gpgst_s.c
-- Installing: /home/sione/ros2_hull/install/nmea_msgs/local/lib/python3.10/dist-packages/nmea_msgs/_nmea_msgs_s.ep.rosidl_typesupport_introspection_c.c
-- Installing: /home/sione/ros2_hull/install/nmea_msgs/local/lib/python3.10/dist-packages/nmea_msgs/_nmea_msgs_s.ep.rosidl_typesupport_c.c
-- Installing: /home/sione/ros2_hull/install/nmea_msgs/local/lib/python3.10/dist-packages/nmea_msgs/nmea_msgs_s__rosidl_typesupport_fastrtps_c.cpython-310-x86_64-linux-gnu.so
-- Installing: /home/sione/ros2_hull/install/nmea_msgs/local/lib/python3.10/dist-packages/nmea_msgs/_nmea_msgs_s.ep.rosidl_typesupport_fastrtps_c.c
Listing '/home/sione/ros2_hull/install/nmea_msgs/local/lib/python3.10/dist-packages/nmea_msgs'...
Compiling '/home/sione/ros2_hull/install/nmea_msgs/local/lib/python3.10/dist-packages/nmea_msgs/__init__.py'...
Listing '/home/sione/ros2_hull/install/nmea_msgs/local/lib/python3.10/dist-packages/nmea_msgs/msg'...
Compiling '/home/sione/ros2_hull/install/nmea_msgs/local/lib/python3.10/dist-packages/nmea_msgs/msg/__init__.py'...
Compiling '/home/sione/ros2_hull/install/nmea_msgs/local/lib/python3.10/dist-packages/nmea_msgs/msg/_gpgga.py'...
Compiling '/home/sione/ros2_hull/install/nmea_msgs/local/lib/python3.10/dist-packages/nmea_msgs/msg/_gpgsa.py'...
Compiling '/home/sione/ros2_hull/install/nmea_msgs/local/lib/python3.10/dist-packages/nmea_msgs/msg/_gpgst.py'...
Compiling '/home/sione/ros2_hull/install/nmea_msgs/local/lib/python3.10/dist-packages/nmea_msgs/msg/_gpgsv.py'...
Compiling '/home/sione/ros2_hull/install/nmea_msgs/local/lib/python3.10/dist-packages/nmea_msgs/msg/_gpgsv_satellite.py'...
Compiling '/home/sione/ros2_hull/install/nmea_msgs/local/lib/python3.10/dist-packages/nmea_msgs/msg/_gprmc.py'...
Compiling '/home/sione/ros2_hull/install/nmea_msgs/local/lib/python3.10/dist-packages/nmea_msgs/msg/_sentence.py'...
-- Installing: /home/sione/ros2_hull/install/nmea_msgs/local/lib/python3.10/dist-packages/nmea_msgs/nmea_msgs_s__rosidl_typesupport_fastrtps_c.cpython-310-x86_64-linux-gnu.so
-- Set runtime path of "/home/sione/ros2_hull/install/nmea_msgs/local/lib/python3.10/dist-packages/nmea_msgs/nmea_msgs_s__rosidl_typesupport_fastrtps_c.cpython-310-x86_64-linux-gnu.so" to ""
-- Installing: /home/sione/ros2_hull/install/nmea_msgs/local/lib/python3.10/dist-packages/nmea_msgs/nmea_msgs_s__rosidl_typesupport_introspection_c.cpython-310-x86_64-linux-gnu.so
-- Set runtime path of "/home/sione/ros2_hull/install/nmea_msgs/local/lib/python3.10/dist-packages/nmea_msgs/nmea_msgs_s__rosidl_typesupport_introspection_c.cpython-310-x86_64-linux-gnu.so" to ""
-- Installing: /home/sione/ros2_hull/install/nmea_msgs/local/lib/python3.10/dist-packages/nmea_msgs/nmea_msgs_s__rosidl_typesupport_c.cpython-310-x86_64-linux-gnu.so
-- Set runtime path of "/home/sione/ros2_hull/install/nmea_msgs/local/lib/python3.10/dist-packages/nmea_msgs/nmea_msgs_s__rosidl_typesupport_c.cpython-310-x86_64-linux-gnu.so" to ""
-- Installing: /home/sione/ros2_hull/install/nmea_msgs/lib/libnmea_msgs__rosidl_generator_py.so
-- Set runtime path of "/home/sione/ros2_hull/install/nmea_msgs/lib/libnmea_msgs__rosidl_generator_py.so" to ""
-- Installing: /home/sione/ros2_hull/install/nmea_msgs/share/ament_index/resource_index/rust_packages/nmea_msgs
-- Installing: /home/sione/ros2_hull/install/nmea_msgs/share/nmea_msgs/rust
-- Installing: /home/sione/ros2_hull/install/nmea_msgs/share/nmea_msgs/rust/src
-- Installing: /home/sione/ros2_hull/install/nmea_msgs/share/nmea_msgs/rust/src/msg
-- Installing: /home/sione/ros2_hull/install/nmea_msgs/share/nmea_msgs/rust/src/msg/rmw.rs
-- Installing: /home/sione/ros2_hull/install/nmea_msgs/share/nmea_msgs/rust/src/msg.rs
-- Installing: /home/sione/ros2_hull/install/nmea_msgs/share/nmea_msgs/rust/src/lib.rs
-- Installing: /home/sione/ros2_hull/install/nmea_msgs/share/nmea_msgs/rust/build.rs
-- Installing: /home/sione/ros2_hull/install/nmea_msgs/share/nmea_msgs/rust/Cargo.toml
-- Installing: /home/sione/ros2_hull/install/nmea_msgs/share/nmea_msgs/msg/Sentence.idl
-- Installing: /home/sione/ros2_hull/install/nmea_msgs/share/nmea_msgs/msg/Gpgga.idl
-- Installing: /home/sione/ros2_hull/install/nmea_msgs/share/nmea_msgs/msg/Gpgsa.idl
-- Installing: /home/sione/ros2_hull/install/nmea_msgs/share/nmea_msgs/msg/Gpgst.idl
-- Installing: /home/sione/ros2_hull/install/nmea_msgs/share/nmea_msgs/msg/Gpgsv.idl
-- Installing: /home/sione/ros2_hull/install/nmea_msgs/share/nmea_msgs/msg/GpgsvSatellite.idl
-- Installing: /home/sione/ros2_hull/install/nmea_msgs/share/nmea_msgs/msg/Gprmc.idl
-- Installing: /home/sione/ros2_hull/install/nmea_msgs/share/nmea_msgs/msg/Sentence.msg
-- Installing: /home/sione/ros2_hull/install/nmea_msgs/share/nmea_msgs/msg/Gpgga.msg
-- Installing: /home/sione/ros2_hull/install/nmea_msgs/share/nmea_msgs/msg/Gpgsa.msg
-- Installing: /home/sione/ros2_hull/install/nmea_msgs/share/nmea_msgs/msg/Gpgst.msg
-- Installing: /home/sione/ros2_hull/install/nmea_msgs/share/nmea_msgs/msg/Gpgsv.msg
-- Installing: /home/sione/ros2_hull/install/nmea_msgs/share/nmea_msgs/msg/GpgsvSatellite.msg
-- Installing: /home/sione/ros2_hull/install/nmea_msgs/share/nmea_msgs/msg/Gprmc.msg
-- Installing: /home/sione/ros2_hull/install/nmea_msgs/share/ament_index/resource_index/package_run_dependencies/nmea_msgs
-- Installing: /home/sione/ros2_hull/install/nmea_msgs/share/ament_index/resource_index/parent_prefix_path/nmea_msgs
-- Installing: /home/sione/ros2_hull/install/nmea_msgs/share/nmea_msgs/environment/ament_prefix_path.sh
-- Installing: /home/sione/ros2_hull/install/nmea_msgs/share/nmea_msgs/environment/ament_prefix_path.dsv
-- Installing: /home/sione/ros2_hull/install/nmea_msgs/share/nmea_msgs/environment/path.sh
-- Installing: /home/sione/ros2_hull/install/nmea_msgs/share/nmea_msgs/environment/path.dsv
-- Installing: /home/sione/ros2_hull/install/nmea_msgs/share/nmea_msgs/local_setup.bash
-- Installing: /home/sione/ros2_hull/install/nmea_msgs/share/nmea_msgs/local_setup.sh
-- Installing: /home/sione/ros2_hull/install/nmea_msgs/share/nmea_msgs/local_setup.zsh
-- Installing: /home/sione/ros2_hull/install/nmea_msgs/share/nmea_msgs/local_setup.dsv
-- Installing: /home/sione/ros2_hull/install/nmea_msgs/share/nmea_msgs/package.dsv
-- Installing: /home/sione/ros2_hull/install/nmea_msgs/share/ament_index/resource_index/packages/nmea_msgs
-- Installing: /home/sione/ros2_hull/install/nmea_msgs/share/nmea_msgs/cmake/export_nmea_msgs__rosidl_generator_cExport.cmake
-- Installing: /home/sione/ros2_hull/install/nmea_msgs/share/nmea_msgs/cmake/export_nmea_msgs__rosidl_generator_cExport-noconfig.cmake
-- Installing: /home/sione/ros2_hull/install/nmea_msgs/share/nmea_msgs/cmake/export_nmea_msgs__rosidl_typesupport_fastrtps_cExport.cmake
-- Installing: /home/sione/ros2_hull/install/nmea_msgs/share/nmea_msgs/cmake/export_nmea_msgs__rosidl_typesupport_fastrtps_cExport-noconfig.cmake
-- Installing: /home/sione/ros2_hull/install/nmea_msgs/share/nmea_msgs/cmake/nmea_msgs__rosidl_typesupport_introspection_cExport.cmake
-- Installing: /home/sione/ros2_hull/install/nmea_msgs/share/nmea_msgs/cmake/nmea_msgs__rosidl_typesupport_introspection_cExport-noconfig.cmake
-- Installing: /home/sione/ros2_hull/install/nmea_msgs/share/nmea_msgs/cmake/nmea_msgs__rosidl_typesupport_cExport.cmake
-- Installing: /home/sione/ros2_hull/install/nmea_msgs/share/nmea_msgs/cmake/nmea_msgs__rosidl_typesupport_cExport-noconfig.cmake
-- Installing: /home/sione/ros2_hull/install/nmea_msgs/share/nmea_msgs/cmake/export_nmea_msgs__rosidl_generator_cppExport.cmake
-- Installing: /home/sione/ros2_hull/install/nmea_msgs/share/nmea_msgs/cmake/export_nmea_msgs__rosidl_typesupport_fastrtps_cppExport.cmake
-- Installing: /home/sione/ros2_hull/install/nmea_msgs/share/nmea_msgs/cmake/export_nmea_msgs__rosidl_typesupport_fastrtps_cppExport-noconfig.cmake
-- Installing: /home/sione/ros2_hull/install/nmea_msgs/share/nmea_msgs/cmake/nmea_msgs__rosidl_typesupport_introspection_cppExport.cmake
-- Installing: /home/sione/ros2_hull/install/nmea_msgs/share/nmea_msgs/cmake/nmea_msgs__rosidl_typesupport_introspection_cppExport-noconfig.cmake
-- Installing: /home/sione/ros2_hull/install/nmea_msgs/share/nmea_msgs/cmake/nmea_msgs__rosidl_typesupport_cppExport.cmake
-- Installing: /home/sione/ros2_hull/install/nmea_msgs/share/nmea_msgs/cmake/nmea_msgs__rosidl_typesupport_cppExport-noconfig.cmake
-- Installing: /home/sione/ros2_hull/install/nmea_msgs/share/nmea_msgs/cmake/export_nmea_msgs__rosidl_generator_pyExport.cmake
-- Installing: /home/sione/ros2_hull/install/nmea_msgs/share/nmea_msgs/cmake/export_nmea_msgs__rosidl_generator_pyExport-noconfig.cmake
-- Installing: /home/sione/ros2_hull/install/nmea_msgs/share/nmea_msgs/cmake/rosidl_cmake-extras.cmake
-- Installing: /home/sione/ros2_hull/install/nmea_msgs/share/nmea_msgs/cmake/ament_cmake_export_dependencies-extras.cmake
-- Installing: /home/sione/ros2_hull/install/nmea_msgs/share/nmea_msgs/cmake/ament_cmake_export_include_directories-extras.cmake
-- Installing: /home/sione/ros2_hull/install/nmea_msgs/share/nmea_msgs/cmake/ament_cmake_export_libraries-extras.cmake
-- Installing: /home/sione/ros2_hull/install/nmea_msgs/share/nmea_msgs/cmake/ament_cmake_export_targets-extras.cmake
-- Installing: /home/sione/ros2_hull/install/nmea_msgs/share/nmea_msgs/cmake/rosidl_cmake_export_typesupport_targets-extras.cmake
-- Installing: /home/sione/ros2_hull/install/nmea_msgs/share/nmea_msgs/cmake/rosidl_cmake_export_typesupport_libraries-extras.cmake
-- Installing: /home/sione/ros2_hull/install/nmea_msgs/share/nmea_msgs/cmake/nmea_msgsConfig.cmake
-- Installing: /home/sione/ros2_hull/install/nmea_msgs/share/nmea_msgs/cmake/nmea_msgsConfig-version.cmake
-- Installing: /home/sione/ros2_hull/install/nmea_msgs/share/nmea_msgs/package.xml
