[0.010s] Invoking command in '/home/sione/ros2_hull/build/nmea_msgs': CMAKE_PREFIX_PATH=/home/sione/ros2_hull/install/hull_serial:/opt/ros/humble /usr/bin/cmake --build /home/sione/ros2_hull/build/nmea_msgs -- -j16 -l16
[0.052s] [  1%] Generating C code for ROS interfaces
[0.068s] [  3%] Generating Rust code for ROS interfaces
[0.068s] [  3%] Generating C++ code for ROS interfaces
[0.074s] [  3%] Built target ament_cmake_python_copy_nmea_msgs
[0.367s] running egg_info
[0.369s] creating nmea_msgs.egg-info
[0.369s] writing nmea_msgs.egg-info/PKG-INFO
[0.369s] writing dependency_links to nmea_msgs.egg-info/dependency_links.txt
[0.369s] writing top-level names to nmea_msgs.egg-info/top_level.txt
[0.369s] writing manifest file 'nmea_msgs.egg-info/SOURCES.txt'
[0.373s] reading manifest file 'nmea_msgs.egg-info/SOURCES.txt'
[0.373s] writing manifest file 'nmea_msgs.egg-info/SOURCES.txt'
[0.409s] [  3%] Built target ament_cmake_python_build_nmea_msgs_egg
[0.584s] [  3%] Built target nmea_msgs__rs
[0.778s] [  7%] Building C object CMakeFiles/nmea_msgs__rosidl_generator_c.dir/rosidl_generator_c/nmea_msgs/msg/detail/gpgsa__functions.c.o
[0.778s] [  7%] Building C object CMakeFiles/nmea_msgs__rosidl_generator_c.dir/rosidl_generator_c/nmea_msgs/msg/detail/gpgsv_satellite__functions.c.o
[0.778s] [  7%] Building C object CMakeFiles/nmea_msgs__rosidl_generator_c.dir/rosidl_generator_c/nmea_msgs/msg/detail/gpgsv__functions.c.o
[0.780s] [ 10%] Building C object CMakeFiles/nmea_msgs__rosidl_generator_c.dir/rosidl_generator_c/nmea_msgs/msg/detail/sentence__functions.c.o
[0.780s] [ 10%] Building C object CMakeFiles/nmea_msgs__rosidl_generator_c.dir/rosidl_generator_c/nmea_msgs/msg/detail/gpgga__functions.c.o
[0.782s] [ 11%] Building C object CMakeFiles/nmea_msgs__rosidl_generator_c.dir/rosidl_generator_c/nmea_msgs/msg/detail/gprmc__functions.c.o
[0.782s] [ 12%] Building C object CMakeFiles/nmea_msgs__rosidl_generator_c.dir/rosidl_generator_c/nmea_msgs/msg/detail/gpgst__functions.c.o
[0.851s] [ 13%] Linking C shared library libnmea_msgs__rosidl_generator_c.so
[0.895s] [ 13%] Built target nmea_msgs__rosidl_generator_c
[0.910s] [ 16%] Generating C type support for eProsima Fast-RTPS
[0.910s] [ 16%] Generating C introspection for ROS interfaces
[0.910s] [ 17%] Generating C type support dispatch for ROS interfaces
[0.984s] [ 17%] Built target nmea_msgs__cpp
[0.995s] [ 18%] Generating C++ type support for eProsima Fast-RTPS
[0.998s] [ 20%] Generating C++ introspection for ROS interfaces
[1.000s] [ 21%] Generating C++ type support dispatch for ROS interfaces
[1.562s] [ 22%] Building C object CMakeFiles/nmea_msgs__rosidl_typesupport_introspection_c.dir/rosidl_typesupport_introspection_c/nmea_msgs/msg/detail/sentence__type_support.c.o
[1.564s] [ 23%] Building C object CMakeFiles/nmea_msgs__rosidl_typesupport_introspection_c.dir/rosidl_typesupport_introspection_c/nmea_msgs/msg/detail/gprmc__type_support.c.o
[1.564s] [ 25%] Building C object CMakeFiles/nmea_msgs__rosidl_typesupport_introspection_c.dir/rosidl_typesupport_introspection_c/nmea_msgs/msg/detail/gpgsv_satellite__type_support.c.o
[1.564s] [ 26%] Building C object CMakeFiles/nmea_msgs__rosidl_typesupport_introspection_c.dir/rosidl_typesupport_introspection_c/nmea_msgs/msg/detail/gpgga__type_support.c.o
[1.565s] [ 27%] Building C object CMakeFiles/nmea_msgs__rosidl_typesupport_introspection_c.dir/rosidl_typesupport_introspection_c/nmea_msgs/msg/detail/gpgsa__type_support.c.o
[1.565s] [ 28%] Building C object CMakeFiles/nmea_msgs__rosidl_typesupport_introspection_c.dir/rosidl_typesupport_introspection_c/nmea_msgs/msg/detail/gpgst__type_support.c.o
[1.566s] [ 30%] Building C object CMakeFiles/nmea_msgs__rosidl_typesupport_introspection_c.dir/rosidl_typesupport_introspection_c/nmea_msgs/msg/detail/gpgsv__type_support.c.o
[1.626s] [ 31%] Linking C shared library libnmea_msgs__rosidl_typesupport_introspection_c.so
[1.679s] [ 31%] Built target nmea_msgs__rosidl_typesupport_introspection_c
[1.683s] [ 33%] Building CXX object CMakeFiles/nmea_msgs__rosidl_typesupport_c.dir/rosidl_typesupport_c/nmea_msgs/msg/gpgga__type_support.cpp.o
[1.683s] [ 33%] Building CXX object CMakeFiles/nmea_msgs__rosidl_typesupport_c.dir/rosidl_typesupport_c/nmea_msgs/msg/gpgst__type_support.cpp.o
[1.685s] [ 36%] Building CXX object CMakeFiles/nmea_msgs__rosidl_typesupport_c.dir/rosidl_typesupport_c/nmea_msgs/msg/gpgsa__type_support.cpp.o
[1.685s] [ 37%] Building CXX object CMakeFiles/nmea_msgs__rosidl_typesupport_c.dir/rosidl_typesupport_c/nmea_msgs/msg/gprmc__type_support.cpp.o
[1.685s] [ 36%] Building CXX object CMakeFiles/nmea_msgs__rosidl_typesupport_c.dir/rosidl_typesupport_c/nmea_msgs/msg/gpgsv_satellite__type_support.cpp.o
[1.685s] [ 38%] Building CXX object CMakeFiles/nmea_msgs__rosidl_typesupport_c.dir/rosidl_typesupport_c/nmea_msgs/msg/sentence__type_support.cpp.o
[1.685s] [ 40%] Building CXX object CMakeFiles/nmea_msgs__rosidl_typesupport_c.dir/rosidl_typesupport_c/nmea_msgs/msg/gpgsv__type_support.cpp.o
[1.686s] [ 41%] Building CXX object CMakeFiles/nmea_msgs__rosidl_typesupport_fastrtps_cpp.dir/rosidl_typesupport_fastrtps_cpp/nmea_msgs/msg/detail/dds_fastrtps/sentence__type_support.cpp.o
[1.686s] [ 42%] Building CXX object CMakeFiles/nmea_msgs__rosidl_typesupport_fastrtps_cpp.dir/rosidl_typesupport_fastrtps_cpp/nmea_msgs/msg/detail/dds_fastrtps/gpgsa__type_support.cpp.o
[1.688s] [ 43%] Building CXX object CMakeFiles/nmea_msgs__rosidl_typesupport_fastrtps_cpp.dir/rosidl_typesupport_fastrtps_cpp/nmea_msgs/msg/detail/dds_fastrtps/gpgga__type_support.cpp.o
[1.690s] [ 45%] Building CXX object CMakeFiles/nmea_msgs__rosidl_typesupport_fastrtps_cpp.dir/rosidl_typesupport_fastrtps_cpp/nmea_msgs/msg/detail/dds_fastrtps/gpgst__type_support.cpp.o
[1.691s] [ 46%] Building CXX object CMakeFiles/nmea_msgs__rosidl_typesupport_fastrtps_cpp.dir/rosidl_typesupport_fastrtps_cpp/nmea_msgs/msg/detail/dds_fastrtps/gpgsv__type_support.cpp.o
[1.692s] [ 47%] Building CXX object CMakeFiles/nmea_msgs__rosidl_typesupport_fastrtps_cpp.dir/rosidl_typesupport_fastrtps_cpp/nmea_msgs/msg/detail/dds_fastrtps/gpgsv_satellite__type_support.cpp.o
[1.698s] [ 48%] Building CXX object CMakeFiles/nmea_msgs__rosidl_typesupport_introspection_cpp.dir/rosidl_typesupport_introspection_cpp/nmea_msgs/msg/detail/sentence__type_support.cpp.o
[1.729s] [ 50%] Building CXX object CMakeFiles/nmea_msgs__rosidl_typesupport_introspection_cpp.dir/rosidl_typesupport_introspection_cpp/nmea_msgs/msg/detail/gpgga__type_support.cpp.o
[1.730s] [ 51%] Building CXX object CMakeFiles/nmea_msgs__rosidl_typesupport_introspection_cpp.dir/rosidl_typesupport_introspection_cpp/nmea_msgs/msg/detail/gpgsa__type_support.cpp.o
[1.730s] [ 52%] Building CXX object CMakeFiles/nmea_msgs__rosidl_typesupport_introspection_cpp.dir/rosidl_typesupport_introspection_cpp/nmea_msgs/msg/detail/gpgst__type_support.cpp.o
[1.732s] [ 53%] Building CXX object CMakeFiles/nmea_msgs__rosidl_typesupport_fastrtps_cpp.dir/rosidl_typesupport_fastrtps_cpp/nmea_msgs/msg/detail/dds_fastrtps/gprmc__type_support.cpp.o
[1.737s] [ 55%] Building CXX object CMakeFiles/nmea_msgs__rosidl_typesupport_introspection_cpp.dir/rosidl_typesupport_introspection_cpp/nmea_msgs/msg/detail/gpgsv_satellite__type_support.cpp.o
[1.737s] [ 56%] Building CXX object CMakeFiles/nmea_msgs__rosidl_typesupport_introspection_cpp.dir/rosidl_typesupport_introspection_cpp/nmea_msgs/msg/detail/gpgsv__type_support.cpp.o
[1.737s] [ 57%] Linking CXX shared library libnmea_msgs__rosidl_typesupport_c.so
[1.801s] [ 57%] Built target nmea_msgs__rosidl_typesupport_c
[1.819s] [ 58%] Building CXX object CMakeFiles/nmea_msgs__rosidl_typesupport_introspection_cpp.dir/rosidl_typesupport_introspection_cpp/nmea_msgs/msg/detail/gprmc__type_support.cpp.o
[2.028s] [ 60%] Building CXX object CMakeFiles/nmea_msgs__rosidl_typesupport_cpp.dir/rosidl_typesupport_cpp/nmea_msgs/msg/sentence__type_support.cpp.o
[2.268s] [ 61%] Building CXX object CMakeFiles/nmea_msgs__rosidl_typesupport_fastrtps_c.dir/rosidl_typesupport_fastrtps_c/nmea_msgs/msg/detail/sentence__type_support_c.cpp.o
[2.360s] [ 62%] Building CXX object CMakeFiles/nmea_msgs__rosidl_typesupport_fastrtps_c.dir/rosidl_typesupport_fastrtps_c/nmea_msgs/msg/detail/gpgga__type_support_c.cpp.o
[2.443s] [ 63%] Building CXX object CMakeFiles/nmea_msgs__rosidl_typesupport_cpp.dir/rosidl_typesupport_cpp/nmea_msgs/msg/gpgga__type_support.cpp.o
[2.444s] [ 65%] Building CXX object CMakeFiles/nmea_msgs__rosidl_typesupport_cpp.dir/rosidl_typesupport_cpp/nmea_msgs/msg/gpgsa__type_support.cpp.o
[2.447s] [ 66%] Building CXX object CMakeFiles/nmea_msgs__rosidl_typesupport_fastrtps_c.dir/rosidl_typesupport_fastrtps_c/nmea_msgs/msg/detail/gpgsa__type_support_c.cpp.o
[2.455s] [ 67%] Building CXX object CMakeFiles/nmea_msgs__rosidl_typesupport_fastrtps_c.dir/rosidl_typesupport_fastrtps_c/nmea_msgs/msg/detail/gpgst__type_support_c.cpp.o
[2.491s] [ 68%] Building CXX object CMakeFiles/nmea_msgs__rosidl_typesupport_fastrtps_c.dir/rosidl_typesupport_fastrtps_c/nmea_msgs/msg/detail/gpgsv__type_support_c.cpp.o
[2.512s] [ 70%] Building CXX object CMakeFiles/nmea_msgs__rosidl_typesupport_cpp.dir/rosidl_typesupport_cpp/nmea_msgs/msg/gpgst__type_support.cpp.o
[2.517s] [ 71%] Building CXX object CMakeFiles/nmea_msgs__rosidl_typesupport_cpp.dir/rosidl_typesupport_cpp/nmea_msgs/msg/gpgsv__type_support.cpp.o
[2.536s] [ 72%] Building CXX object CMakeFiles/nmea_msgs__rosidl_typesupport_cpp.dir/rosidl_typesupport_cpp/nmea_msgs/msg/gpgsv_satellite__type_support.cpp.o
[2.552s] [ 73%] Building CXX object CMakeFiles/nmea_msgs__rosidl_typesupport_fastrtps_c.dir/rosidl_typesupport_fastrtps_c/nmea_msgs/msg/detail/gpgsv_satellite__type_support_c.cpp.o
[2.559s] [ 75%] Building CXX object CMakeFiles/nmea_msgs__rosidl_typesupport_cpp.dir/rosidl_typesupport_cpp/nmea_msgs/msg/gprmc__type_support.cpp.o
[2.587s] [ 76%] Building CXX object CMakeFiles/nmea_msgs__rosidl_typesupport_fastrtps_c.dir/rosidl_typesupport_fastrtps_c/nmea_msgs/msg/detail/gprmc__type_support_c.cpp.o
[2.632s] [ 77%] Linking CXX shared library libnmea_msgs__rosidl_typesupport_introspection_cpp.so
[2.646s] [ 78%] Linking CXX shared library libnmea_msgs__rosidl_typesupport_fastrtps_cpp.so
[2.812s] [ 78%] Built target nmea_msgs__rosidl_typesupport_introspection_cpp
[2.827s] [ 78%] Built target nmea_msgs__rosidl_typesupport_fastrtps_cpp
[3.003s] [ 80%] Linking CXX shared library libnmea_msgs__rosidl_typesupport_cpp.so
[3.049s] [ 80%] Built target nmea_msgs__rosidl_typesupport_cpp
[3.120s] [ 81%] Linking CXX shared library libnmea_msgs__rosidl_typesupport_fastrtps_c.so
[3.192s] [ 81%] Built target nmea_msgs__rosidl_typesupport_fastrtps_c
[3.212s] [ 81%] Built target nmea_msgs
[3.233s] [ 82%] Generating Python code for ROS interfaces
[4.200s] [ 82%] Built target nmea_msgs__py
[4.220s] [ 83%] Building C object CMakeFiles/nmea_msgs__rosidl_generator_py.dir/rosidl_generator_py/nmea_msgs/msg/_gpgga_s.c.o
[4.221s] [ 85%] Building C object CMakeFiles/nmea_msgs__rosidl_generator_py.dir/rosidl_generator_py/nmea_msgs/msg/_gpgsv_s.c.o
[4.221s] [ 86%] Building C object CMakeFiles/nmea_msgs__rosidl_generator_py.dir/rosidl_generator_py/nmea_msgs/msg/_gpgsv_satellite_s.c.o
[4.221s] [ 87%] Building C object CMakeFiles/nmea_msgs__rosidl_generator_py.dir/rosidl_generator_py/nmea_msgs/msg/_sentence_s.c.o
[4.224s] [ 90%] Building C object CMakeFiles/nmea_msgs__rosidl_generator_py.dir/rosidl_generator_py/nmea_msgs/msg/_gpgst_s.c.o
[4.224s] [ 90%] Building C object CMakeFiles/nmea_msgs__rosidl_generator_py.dir/rosidl_generator_py/nmea_msgs/msg/_gpgsa_s.c.o
[4.226s] [ 91%] Building C object CMakeFiles/nmea_msgs__rosidl_generator_py.dir/rosidl_generator_py/nmea_msgs/msg/_gprmc_s.c.o
[4.364s] [ 92%] Linking C shared library rosidl_generator_py/nmea_msgs/libnmea_msgs__rosidl_generator_py.so
[4.407s] [ 92%] Built target nmea_msgs__rosidl_generator_py
[4.427s] [ 93%] Building C object CMakeFiles/nmea_msgs__rosidl_typesupport_c__pyext.dir/rosidl_generator_py/nmea_msgs/_nmea_msgs_s.ep.rosidl_typesupport_c.c.o
[4.427s] [ 95%] Building C object CMakeFiles/nmea_msgs__rosidl_typesupport_fastrtps_c__pyext.dir/rosidl_generator_py/nmea_msgs/_nmea_msgs_s.ep.rosidl_typesupport_fastrtps_c.c.o
[4.428s] [ 96%] Building C object CMakeFiles/nmea_msgs__rosidl_typesupport_introspection_c__pyext.dir/rosidl_generator_py/nmea_msgs/_nmea_msgs_s.ep.rosidl_typesupport_introspection_c.c.o
[4.525s] [ 97%] Linking C shared library rosidl_generator_py/nmea_msgs/nmea_msgs_s__rosidl_typesupport_c.cpython-310-x86_64-linux-gnu.so
[4.525s] [ 98%] Linking C shared library rosidl_generator_py/nmea_msgs/nmea_msgs_s__rosidl_typesupport_introspection_c.cpython-310-x86_64-linux-gnu.so
[4.540s] [100%] Linking C shared library rosidl_generator_py/nmea_msgs/nmea_msgs_s__rosidl_typesupport_fastrtps_c.cpython-310-x86_64-linux-gnu.so
[4.563s] [100%] Built target nmea_msgs__rosidl_typesupport_c__pyext
[4.572s] [100%] Built target nmea_msgs__rosidl_typesupport_introspection_c__pyext
[4.576s] [100%] Built target nmea_msgs__rosidl_typesupport_fastrtps_c__pyext
[4.588s] Invoked command in '/home/sione/ros2_hull/build/nmea_msgs' returned '0': CMAKE_PREFIX_PATH=/home/sione/ros2_hull/install/hull_serial:/opt/ros/humble /usr/bin/cmake --build /home/sione/ros2_hull/build/nmea_msgs -- -j16 -l16
[4.598s] Invoking command in '/home/sione/ros2_hull/build/nmea_msgs': CMAKE_PREFIX_PATH=/home/sione/ros2_hull/install/hull_serial:/opt/ros/humble /usr/bin/cmake --install /home/sione/ros2_hull/build/nmea_msgs
[4.606s] -- Install configuration: ""
[4.607s] -- Installing: /home/sione/ros2_hull/install/nmea_msgs/share/ament_index/resource_index/rosidl_interfaces/nmea_msgs
[4.607s] -- Installing: /home/sione/ros2_hull/install/nmea_msgs/include/nmea_msgs/nmea_msgs
[4.607s] -- Installing: /home/sione/ros2_hull/install/nmea_msgs/include/nmea_msgs/nmea_msgs/msg
[4.607s] -- Installing: /home/sione/ros2_hull/install/nmea_msgs/include/nmea_msgs/nmea_msgs/msg/gpgsv_satellite.h
[4.607s] -- Installing: /home/sione/ros2_hull/install/nmea_msgs/include/nmea_msgs/nmea_msgs/msg/rosidl_generator_c__visibility_control.h
[4.607s] -- Installing: /home/sione/ros2_hull/install/nmea_msgs/include/nmea_msgs/nmea_msgs/msg/gpgsa.h
[4.608s] -- Installing: /home/sione/ros2_hull/install/nmea_msgs/include/nmea_msgs/nmea_msgs/msg/sentence.h
[4.608s] -- Installing: /home/sione/ros2_hull/install/nmea_msgs/include/nmea_msgs/nmea_msgs/msg/gprmc.h
[4.608s] -- Installing: /home/sione/ros2_hull/install/nmea_msgs/include/nmea_msgs/nmea_msgs/msg/gpgsv.h
[4.608s] -- Installing: /home/sione/ros2_hull/install/nmea_msgs/include/nmea_msgs/nmea_msgs/msg/detail
[4.608s] -- Installing: /home/sione/ros2_hull/install/nmea_msgs/include/nmea_msgs/nmea_msgs/msg/detail/gpgsa__struct.h
[4.608s] -- Installing: /home/sione/ros2_hull/install/nmea_msgs/include/nmea_msgs/nmea_msgs/msg/detail/gprmc__functions.c
[4.609s] -- Installing: /home/sione/ros2_hull/install/nmea_msgs/include/nmea_msgs/nmea_msgs/msg/detail/gpgga__type_support.h
[4.609s] -- Installing: /home/sione/ros2_hull/install/nmea_msgs/include/nmea_msgs/nmea_msgs/msg/detail/gpgsa__functions.h
[4.609s] -- Installing: /home/sione/ros2_hull/install/nmea_msgs/include/nmea_msgs/nmea_msgs/msg/detail/gpgsv__type_support.h
[4.609s] -- Installing: /home/sione/ros2_hull/install/nmea_msgs/include/nmea_msgs/nmea_msgs/msg/detail/gpgga__functions.c
[4.609s] -- Installing: /home/sione/ros2_hull/install/nmea_msgs/include/nmea_msgs/nmea_msgs/msg/detail/gpgga__struct.h
[4.609s] -- Installing: /home/sione/ros2_hull/install/nmea_msgs/include/nmea_msgs/nmea_msgs/msg/detail/gpgst__struct.h
[4.609s] -- Installing: /home/sione/ros2_hull/install/nmea_msgs/include/nmea_msgs/nmea_msgs/msg/detail/gpgsa__type_support.h
[4.610s] -- Installing: /home/sione/ros2_hull/install/nmea_msgs/include/nmea_msgs/nmea_msgs/msg/detail/gpgsv_satellite__functions.c
[4.610s] -- Installing: /home/sione/ros2_hull/install/nmea_msgs/include/nmea_msgs/nmea_msgs/msg/detail/gpgsv__struct.h
[4.610s] -- Installing: /home/sione/ros2_hull/install/nmea_msgs/include/nmea_msgs/nmea_msgs/msg/detail/gpgst__functions.h
[4.610s] -- Installing: /home/sione/ros2_hull/install/nmea_msgs/include/nmea_msgs/nmea_msgs/msg/detail/gpgsv_satellite__functions.h
[4.612s] -- Installing: /home/sione/ros2_hull/install/nmea_msgs/include/nmea_msgs/nmea_msgs/msg/detail/gpgst__functions.c
[4.612s] -- Installing: /home/sione/ros2_hull/install/nmea_msgs/include/nmea_msgs/nmea_msgs/msg/detail/gprmc__struct.h
[4.612s] -- Installing: /home/sione/ros2_hull/install/nmea_msgs/include/nmea_msgs/nmea_msgs/msg/detail/gprmc__functions.h
[4.612s] -- Installing: /home/sione/ros2_hull/install/nmea_msgs/include/nmea_msgs/nmea_msgs/msg/detail/sentence__functions.h
[4.612s] -- Installing: /home/sione/ros2_hull/install/nmea_msgs/include/nmea_msgs/nmea_msgs/msg/detail/gpgst__type_support.h
[4.613s] -- Installing: /home/sione/ros2_hull/install/nmea_msgs/include/nmea_msgs/nmea_msgs/msg/detail/gpgsa__functions.c
[4.613s] -- Installing: /home/sione/ros2_hull/install/nmea_msgs/include/nmea_msgs/nmea_msgs/msg/detail/sentence__functions.c
[4.613s] -- Installing: /home/sione/ros2_hull/install/nmea_msgs/include/nmea_msgs/nmea_msgs/msg/detail/gpgsv_satellite__struct.h
[4.613s] -- Installing: /home/sione/ros2_hull/install/nmea_msgs/include/nmea_msgs/nmea_msgs/msg/detail/sentence__type_support.h
[4.613s] -- Installing: /home/sione/ros2_hull/install/nmea_msgs/include/nmea_msgs/nmea_msgs/msg/detail/gpgga__functions.h
[4.613s] -- Installing: /home/sione/ros2_hull/install/nmea_msgs/include/nmea_msgs/nmea_msgs/msg/detail/gpgsv__functions.h
[4.613s] -- Installing: /home/sione/ros2_hull/install/nmea_msgs/include/nmea_msgs/nmea_msgs/msg/detail/gprmc__type_support.h
[4.613s] -- Installing: /home/sione/ros2_hull/install/nmea_msgs/include/nmea_msgs/nmea_msgs/msg/detail/gpgsv__functions.c
[4.613s] -- Installing: /home/sione/ros2_hull/install/nmea_msgs/include/nmea_msgs/nmea_msgs/msg/detail/gpgsv_satellite__type_support.h
[4.613s] -- Installing: /home/sione/ros2_hull/install/nmea_msgs/include/nmea_msgs/nmea_msgs/msg/detail/sentence__struct.h
[4.613s] -- Installing: /home/sione/ros2_hull/install/nmea_msgs/include/nmea_msgs/nmea_msgs/msg/gpgst.h
[4.613s] -- Installing: /home/sione/ros2_hull/install/nmea_msgs/include/nmea_msgs/nmea_msgs/msg/gpgga.h
[4.613s] -- Installing: /home/sione/ros2_hull/install/nmea_msgs/share/nmea_msgs/environment/library_path.sh
[4.613s] -- Installing: /home/sione/ros2_hull/install/nmea_msgs/share/nmea_msgs/environment/library_path.dsv
[4.613s] -- Installing: /home/sione/ros2_hull/install/nmea_msgs/lib/libnmea_msgs__rosidl_generator_c.so
[4.613s] -- Set runtime path of "/home/sione/ros2_hull/install/nmea_msgs/lib/libnmea_msgs__rosidl_generator_c.so" to ""
[4.613s] -- Up-to-date: /home/sione/ros2_hull/install/nmea_msgs/include/nmea_msgs/nmea_msgs
[4.613s] -- Up-to-date: /home/sione/ros2_hull/install/nmea_msgs/include/nmea_msgs/nmea_msgs/msg
[4.613s] -- Up-to-date: /home/sione/ros2_hull/install/nmea_msgs/include/nmea_msgs/nmea_msgs/msg/detail
[4.613s] -- Installing: /home/sione/ros2_hull/install/nmea_msgs/include/nmea_msgs/nmea_msgs/msg/detail/gpgga__rosidl_typesupport_fastrtps_c.h
[4.614s] -- Installing: /home/sione/ros2_hull/install/nmea_msgs/include/nmea_msgs/nmea_msgs/msg/detail/sentence__rosidl_typesupport_fastrtps_c.h
[4.614s] -- Installing: /home/sione/ros2_hull/install/nmea_msgs/include/nmea_msgs/nmea_msgs/msg/detail/gpgsv_satellite__rosidl_typesupport_fastrtps_c.h
[4.614s] -- Installing: /home/sione/ros2_hull/install/nmea_msgs/include/nmea_msgs/nmea_msgs/msg/detail/gpgsv__rosidl_typesupport_fastrtps_c.h
[4.614s] -- Installing: /home/sione/ros2_hull/install/nmea_msgs/include/nmea_msgs/nmea_msgs/msg/detail/gprmc__rosidl_typesupport_fastrtps_c.h
[4.614s] -- Installing: /home/sione/ros2_hull/install/nmea_msgs/include/nmea_msgs/nmea_msgs/msg/detail/gpgsa__rosidl_typesupport_fastrtps_c.h
[4.614s] -- Installing: /home/sione/ros2_hull/install/nmea_msgs/include/nmea_msgs/nmea_msgs/msg/detail/gpgst__rosidl_typesupport_fastrtps_c.h
[4.614s] -- Installing: /home/sione/ros2_hull/install/nmea_msgs/include/nmea_msgs/nmea_msgs/msg/rosidl_typesupport_fastrtps_c__visibility_control.h
[4.614s] -- Installing: /home/sione/ros2_hull/install/nmea_msgs/lib/libnmea_msgs__rosidl_typesupport_fastrtps_c.so
[4.614s] -- Set runtime path of "/home/sione/ros2_hull/install/nmea_msgs/lib/libnmea_msgs__rosidl_typesupport_fastrtps_c.so" to ""
[4.614s] -- Up-to-date: /home/sione/ros2_hull/install/nmea_msgs/include/nmea_msgs/nmea_msgs
[4.614s] -- Up-to-date: /home/sione/ros2_hull/install/nmea_msgs/include/nmea_msgs/nmea_msgs/msg
[4.614s] -- Installing: /home/sione/ros2_hull/install/nmea_msgs/include/nmea_msgs/nmea_msgs/msg/rosidl_typesupport_introspection_c__visibility_control.h
[4.614s] -- Up-to-date: /home/sione/ros2_hull/install/nmea_msgs/include/nmea_msgs/nmea_msgs/msg/detail
[4.614s] -- Installing: /home/sione/ros2_hull/install/nmea_msgs/include/nmea_msgs/nmea_msgs/msg/detail/sentence__type_support.c
[4.614s] -- Installing: /home/sione/ros2_hull/install/nmea_msgs/include/nmea_msgs/nmea_msgs/msg/detail/gpgsv__type_support.c
[4.614s] -- Installing: /home/sione/ros2_hull/install/nmea_msgs/include/nmea_msgs/nmea_msgs/msg/detail/gpgga__type_support.c
[4.614s] -- Installing: /home/sione/ros2_hull/install/nmea_msgs/include/nmea_msgs/nmea_msgs/msg/detail/gpgsa__rosidl_typesupport_introspection_c.h
[4.614s] -- Installing: /home/sione/ros2_hull/install/nmea_msgs/include/nmea_msgs/nmea_msgs/msg/detail/gpgga__rosidl_typesupport_introspection_c.h
[4.614s] -- Installing: /home/sione/ros2_hull/install/nmea_msgs/include/nmea_msgs/nmea_msgs/msg/detail/sentence__rosidl_typesupport_introspection_c.h
[4.614s] -- Installing: /home/sione/ros2_hull/install/nmea_msgs/include/nmea_msgs/nmea_msgs/msg/detail/gpgsv_satellite__type_support.c
[4.614s] -- Installing: /home/sione/ros2_hull/install/nmea_msgs/include/nmea_msgs/nmea_msgs/msg/detail/gpgsv_satellite__rosidl_typesupport_introspection_c.h
[4.614s] -- Installing: /home/sione/ros2_hull/install/nmea_msgs/include/nmea_msgs/nmea_msgs/msg/detail/gpgst__type_support.c
[4.614s] -- Installing: /home/sione/ros2_hull/install/nmea_msgs/include/nmea_msgs/nmea_msgs/msg/detail/gpgsv__rosidl_typesupport_introspection_c.h
[4.614s] -- Installing: /home/sione/ros2_hull/install/nmea_msgs/include/nmea_msgs/nmea_msgs/msg/detail/gpgsa__type_support.c
[4.615s] -- Installing: /home/sione/ros2_hull/install/nmea_msgs/include/nmea_msgs/nmea_msgs/msg/detail/gprmc__type_support.c
[4.615s] -- Installing: /home/sione/ros2_hull/install/nmea_msgs/include/nmea_msgs/nmea_msgs/msg/detail/gprmc__rosidl_typesupport_introspection_c.h
[4.615s] -- Installing: /home/sione/ros2_hull/install/nmea_msgs/include/nmea_msgs/nmea_msgs/msg/detail/gpgst__rosidl_typesupport_introspection_c.h
[4.615s] -- Installing: /home/sione/ros2_hull/install/nmea_msgs/lib/libnmea_msgs__rosidl_typesupport_introspection_c.so
[4.615s] -- Set runtime path of "/home/sione/ros2_hull/install/nmea_msgs/lib/libnmea_msgs__rosidl_typesupport_introspection_c.so" to ""
[4.615s] -- Installing: /home/sione/ros2_hull/install/nmea_msgs/lib/libnmea_msgs__rosidl_typesupport_c.so
[4.615s] -- Set runtime path of "/home/sione/ros2_hull/install/nmea_msgs/lib/libnmea_msgs__rosidl_typesupport_c.so" to ""
[4.615s] -- Up-to-date: /home/sione/ros2_hull/install/nmea_msgs/include/nmea_msgs/nmea_msgs
[4.615s] -- Up-to-date: /home/sione/ros2_hull/install/nmea_msgs/include/nmea_msgs/nmea_msgs/msg
[4.615s] -- Installing: /home/sione/ros2_hull/install/nmea_msgs/include/nmea_msgs/nmea_msgs/msg/gpgsa.hpp
[4.615s] -- Installing: /home/sione/ros2_hull/install/nmea_msgs/include/nmea_msgs/nmea_msgs/msg/gpgga.hpp
[4.615s] -- Installing: /home/sione/ros2_hull/install/nmea_msgs/include/nmea_msgs/nmea_msgs/msg/rosidl_generator_cpp__visibility_control.hpp
[4.615s] -- Installing: /home/sione/ros2_hull/install/nmea_msgs/include/nmea_msgs/nmea_msgs/msg/sentence.hpp
[4.615s] -- Installing: /home/sione/ros2_hull/install/nmea_msgs/include/nmea_msgs/nmea_msgs/msg/gpgsv_satellite.hpp
[4.615s] -- Installing: /home/sione/ros2_hull/install/nmea_msgs/include/nmea_msgs/nmea_msgs/msg/gpgsv.hpp
[4.615s] -- Installing: /home/sione/ros2_hull/install/nmea_msgs/include/nmea_msgs/nmea_msgs/msg/gprmc.hpp
[4.615s] -- Installing: /home/sione/ros2_hull/install/nmea_msgs/include/nmea_msgs/nmea_msgs/msg/gpgst.hpp
[4.615s] -- Up-to-date: /home/sione/ros2_hull/install/nmea_msgs/include/nmea_msgs/nmea_msgs/msg/detail
[4.615s] -- Installing: /home/sione/ros2_hull/install/nmea_msgs/include/nmea_msgs/nmea_msgs/msg/detail/gpgga__traits.hpp
[4.615s] -- Installing: /home/sione/ros2_hull/install/nmea_msgs/include/nmea_msgs/nmea_msgs/msg/detail/gpgsv_satellite__type_support.hpp
[4.615s] -- Installing: /home/sione/ros2_hull/install/nmea_msgs/include/nmea_msgs/nmea_msgs/msg/detail/gpgsv_satellite__traits.hpp
[4.615s] -- Installing: /home/sione/ros2_hull/install/nmea_msgs/include/nmea_msgs/nmea_msgs/msg/detail/gpgga__type_support.hpp
[4.615s] -- Installing: /home/sione/ros2_hull/install/nmea_msgs/include/nmea_msgs/nmea_msgs/msg/detail/gpgst__type_support.hpp
[4.615s] -- Installing: /home/sione/ros2_hull/install/nmea_msgs/include/nmea_msgs/nmea_msgs/msg/detail/gprmc__struct.hpp
[4.615s] -- Installing: /home/sione/ros2_hull/install/nmea_msgs/include/nmea_msgs/nmea_msgs/msg/detail/gpgsa__struct.hpp
[4.615s] -- Installing: /home/sione/ros2_hull/install/nmea_msgs/include/nmea_msgs/nmea_msgs/msg/detail/gpgst__struct.hpp
[4.616s] -- Installing: /home/sione/ros2_hull/install/nmea_msgs/include/nmea_msgs/nmea_msgs/msg/detail/gprmc__traits.hpp
[4.616s] -- Installing: /home/sione/ros2_hull/install/nmea_msgs/include/nmea_msgs/nmea_msgs/msg/detail/gpgsa__traits.hpp
[4.616s] -- Installing: /home/sione/ros2_hull/install/nmea_msgs/include/nmea_msgs/nmea_msgs/msg/detail/sentence__type_support.hpp
[4.616s] -- Installing: /home/sione/ros2_hull/install/nmea_msgs/include/nmea_msgs/nmea_msgs/msg/detail/gpgsv__struct.hpp
[4.616s] -- Installing: /home/sione/ros2_hull/install/nmea_msgs/include/nmea_msgs/nmea_msgs/msg/detail/gpgsv_satellite__struct.hpp
[4.616s] -- Installing: /home/sione/ros2_hull/install/nmea_msgs/include/nmea_msgs/nmea_msgs/msg/detail/gpgst__traits.hpp
[4.616s] -- Installing: /home/sione/ros2_hull/install/nmea_msgs/include/nmea_msgs/nmea_msgs/msg/detail/gpgsv__type_support.hpp
[4.616s] -- Installing: /home/sione/ros2_hull/install/nmea_msgs/include/nmea_msgs/nmea_msgs/msg/detail/gpgga__builder.hpp
[4.616s] -- Installing: /home/sione/ros2_hull/install/nmea_msgs/include/nmea_msgs/nmea_msgs/msg/detail/gpgsv__builder.hpp
[4.616s] -- Installing: /home/sione/ros2_hull/install/nmea_msgs/include/nmea_msgs/nmea_msgs/msg/detail/sentence__builder.hpp
[4.616s] -- Installing: /home/sione/ros2_hull/install/nmea_msgs/include/nmea_msgs/nmea_msgs/msg/detail/gprmc__type_support.hpp
[4.616s] -- Installing: /home/sione/ros2_hull/install/nmea_msgs/include/nmea_msgs/nmea_msgs/msg/detail/gprmc__builder.hpp
[4.616s] -- Installing: /home/sione/ros2_hull/install/nmea_msgs/include/nmea_msgs/nmea_msgs/msg/detail/gpgsa__type_support.hpp
[4.616s] -- Installing: /home/sione/ros2_hull/install/nmea_msgs/include/nmea_msgs/nmea_msgs/msg/detail/sentence__struct.hpp
[4.616s] -- Installing: /home/sione/ros2_hull/install/nmea_msgs/include/nmea_msgs/nmea_msgs/msg/detail/gpgsv_satellite__builder.hpp
[4.616s] -- Installing: /home/sione/ros2_hull/install/nmea_msgs/include/nmea_msgs/nmea_msgs/msg/detail/gpgga__struct.hpp
[4.616s] -- Installing: /home/sione/ros2_hull/install/nmea_msgs/include/nmea_msgs/nmea_msgs/msg/detail/gpgsa__builder.hpp
[4.616s] -- Installing: /home/sione/ros2_hull/install/nmea_msgs/include/nmea_msgs/nmea_msgs/msg/detail/sentence__traits.hpp
[4.616s] -- Installing: /home/sione/ros2_hull/install/nmea_msgs/include/nmea_msgs/nmea_msgs/msg/detail/gpgsv__traits.hpp
[4.616s] -- Installing: /home/sione/ros2_hull/install/nmea_msgs/include/nmea_msgs/nmea_msgs/msg/detail/gpgst__builder.hpp
[4.616s] -- Up-to-date: /home/sione/ros2_hull/install/nmea_msgs/include/nmea_msgs/nmea_msgs
[4.616s] -- Up-to-date: /home/sione/ros2_hull/install/nmea_msgs/include/nmea_msgs/nmea_msgs/msg
[4.616s] -- Installing: /home/sione/ros2_hull/install/nmea_msgs/include/nmea_msgs/nmea_msgs/msg/rosidl_typesupport_fastrtps_cpp__visibility_control.h
[4.617s] -- Up-to-date: /home/sione/ros2_hull/install/nmea_msgs/include/nmea_msgs/nmea_msgs/msg/detail
[4.617s] -- Installing: /home/sione/ros2_hull/install/nmea_msgs/include/nmea_msgs/nmea_msgs/msg/detail/gpgsv_satellite__rosidl_typesupport_fastrtps_cpp.hpp
[4.617s] -- Installing: /home/sione/ros2_hull/install/nmea_msgs/include/nmea_msgs/nmea_msgs/msg/detail/gpgst__rosidl_typesupport_fastrtps_cpp.hpp
[4.617s] -- Installing: /home/sione/ros2_hull/install/nmea_msgs/include/nmea_msgs/nmea_msgs/msg/detail/gprmc__rosidl_typesupport_fastrtps_cpp.hpp
[4.617s] -- Installing: /home/sione/ros2_hull/install/nmea_msgs/include/nmea_msgs/nmea_msgs/msg/detail/gpgsv__rosidl_typesupport_fastrtps_cpp.hpp
[4.617s] -- Installing: /home/sione/ros2_hull/install/nmea_msgs/include/nmea_msgs/nmea_msgs/msg/detail/dds_fastrtps
[4.617s] -- Installing: /home/sione/ros2_hull/install/nmea_msgs/include/nmea_msgs/nmea_msgs/msg/detail/gpgga__rosidl_typesupport_fastrtps_cpp.hpp
[4.617s] -- Installing: /home/sione/ros2_hull/install/nmea_msgs/include/nmea_msgs/nmea_msgs/msg/detail/gpgsa__rosidl_typesupport_fastrtps_cpp.hpp
[4.617s] -- Installing: /home/sione/ros2_hull/install/nmea_msgs/include/nmea_msgs/nmea_msgs/msg/detail/sentence__rosidl_typesupport_fastrtps_cpp.hpp
[4.617s] -- Installing: /home/sione/ros2_hull/install/nmea_msgs/lib/libnmea_msgs__rosidl_typesupport_fastrtps_cpp.so
[4.617s] -- Set runtime path of "/home/sione/ros2_hull/install/nmea_msgs/lib/libnmea_msgs__rosidl_typesupport_fastrtps_cpp.so" to ""
[4.617s] -- Up-to-date: /home/sione/ros2_hull/install/nmea_msgs/include/nmea_msgs/nmea_msgs
[4.617s] -- Up-to-date: /home/sione/ros2_hull/install/nmea_msgs/include/nmea_msgs/nmea_msgs/msg
[4.618s] -- Up-to-date: /home/sione/ros2_hull/install/nmea_msgs/include/nmea_msgs/nmea_msgs/msg/detail
[4.618s] -- Installing: /home/sione/ros2_hull/install/nmea_msgs/include/nmea_msgs/nmea_msgs/msg/detail/gpgsa__rosidl_typesupport_introspection_cpp.hpp
[4.618s] -- Installing: /home/sione/ros2_hull/install/nmea_msgs/include/nmea_msgs/nmea_msgs/msg/detail/gprmc__type_support.cpp
[4.618s] -- Installing: /home/sione/ros2_hull/install/nmea_msgs/include/nmea_msgs/nmea_msgs/msg/detail/gpgga__rosidl_typesupport_introspection_cpp.hpp
[4.618s] -- Installing: /home/sione/ros2_hull/install/nmea_msgs/include/nmea_msgs/nmea_msgs/msg/detail/gpgst__rosidl_typesupport_introspection_cpp.hpp
[4.618s] -- Installing: /home/sione/ros2_hull/install/nmea_msgs/include/nmea_msgs/nmea_msgs/msg/detail/sentence__rosidl_typesupport_introspection_cpp.hpp
[4.618s] -- Installing: /home/sione/ros2_hull/install/nmea_msgs/include/nmea_msgs/nmea_msgs/msg/detail/gpgsa__type_support.cpp
[4.618s] -- Installing: /home/sione/ros2_hull/install/nmea_msgs/include/nmea_msgs/nmea_msgs/msg/detail/gpgst__type_support.cpp
[4.618s] -- Installing: /home/sione/ros2_hull/install/nmea_msgs/include/nmea_msgs/nmea_msgs/msg/detail/gpgsv_satellite__rosidl_typesupport_introspection_cpp.hpp
[4.618s] -- Installing: /home/sione/ros2_hull/install/nmea_msgs/include/nmea_msgs/nmea_msgs/msg/detail/gpgga__type_support.cpp
[4.618s] -- Installing: /home/sione/ros2_hull/install/nmea_msgs/include/nmea_msgs/nmea_msgs/msg/detail/gpgsv_satellite__type_support.cpp
[4.618s] -- Installing: /home/sione/ros2_hull/install/nmea_msgs/include/nmea_msgs/nmea_msgs/msg/detail/gpgsv__rosidl_typesupport_introspection_cpp.hpp
[4.619s] -- Installing: /home/sione/ros2_hull/install/nmea_msgs/include/nmea_msgs/nmea_msgs/msg/detail/gprmc__rosidl_typesupport_introspection_cpp.hpp
[4.619s] -- Installing: /home/sione/ros2_hull/install/nmea_msgs/include/nmea_msgs/nmea_msgs/msg/detail/sentence__type_support.cpp
[4.619s] -- Installing: /home/sione/ros2_hull/install/nmea_msgs/include/nmea_msgs/nmea_msgs/msg/detail/gpgsv__type_support.cpp
[4.619s] -- Installing: /home/sione/ros2_hull/install/nmea_msgs/lib/libnmea_msgs__rosidl_typesupport_introspection_cpp.so
[4.619s] -- Set runtime path of "/home/sione/ros2_hull/install/nmea_msgs/lib/libnmea_msgs__rosidl_typesupport_introspection_cpp.so" to ""
[4.619s] -- Installing: /home/sione/ros2_hull/install/nmea_msgs/lib/libnmea_msgs__rosidl_typesupport_cpp.so
[4.619s] -- Set runtime path of "/home/sione/ros2_hull/install/nmea_msgs/lib/libnmea_msgs__rosidl_typesupport_cpp.so" to ""
[4.619s] -- Installing: /home/sione/ros2_hull/install/nmea_msgs/share/nmea_msgs/environment/pythonpath.sh
[4.619s] -- Installing: /home/sione/ros2_hull/install/nmea_msgs/share/nmea_msgs/environment/pythonpath.dsv
[4.619s] -- Installing: /home/sione/ros2_hull/install/nmea_msgs/local/lib/python3.10/dist-packages/nmea_msgs-2.0.0-py3.10.egg-info
[4.619s] -- Installing: /home/sione/ros2_hull/install/nmea_msgs/local/lib/python3.10/dist-packages/nmea_msgs-2.0.0-py3.10.egg-info/SOURCES.txt
[4.619s] -- Installing: /home/sione/ros2_hull/install/nmea_msgs/local/lib/python3.10/dist-packages/nmea_msgs-2.0.0-py3.10.egg-info/top_level.txt
[4.619s] -- Installing: /home/sione/ros2_hull/install/nmea_msgs/local/lib/python3.10/dist-packages/nmea_msgs-2.0.0-py3.10.egg-info/PKG-INFO
[4.619s] -- Installing: /home/sione/ros2_hull/install/nmea_msgs/local/lib/python3.10/dist-packages/nmea_msgs-2.0.0-py3.10.egg-info/dependency_links.txt
[4.619s] -- Installing: /home/sione/ros2_hull/install/nmea_msgs/local/lib/python3.10/dist-packages/nmea_msgs
[4.619s] -- Installing: /home/sione/ros2_hull/install/nmea_msgs/local/lib/python3.10/dist-packages/nmea_msgs/__init__.py
[4.619s] -- Installing: /home/sione/ros2_hull/install/nmea_msgs/local/lib/python3.10/dist-packages/nmea_msgs/libnmea_msgs__rosidl_generator_py.so
[4.620s] -- Installing: /home/sione/ros2_hull/install/nmea_msgs/local/lib/python3.10/dist-packages/nmea_msgs/nmea_msgs_s__rosidl_typesupport_introspection_c.cpython-310-x86_64-linux-gnu.so
[4.620s] -- Installing: /home/sione/ros2_hull/install/nmea_msgs/local/lib/python3.10/dist-packages/nmea_msgs/nmea_msgs_s__rosidl_typesupport_c.cpython-310-x86_64-linux-gnu.so
[4.620s] -- Installing: /home/sione/ros2_hull/install/nmea_msgs/local/lib/python3.10/dist-packages/nmea_msgs/msg
[4.620s] -- Installing: /home/sione/ros2_hull/install/nmea_msgs/local/lib/python3.10/dist-packages/nmea_msgs/msg/_sentence.py
[4.620s] -- Installing: /home/sione/ros2_hull/install/nmea_msgs/local/lib/python3.10/dist-packages/nmea_msgs/msg/_gpgsa_s.c
[4.620s] -- Installing: /home/sione/ros2_hull/install/nmea_msgs/local/lib/python3.10/dist-packages/nmea_msgs/msg/_gpgsv_satellite_s.c
[4.620s] -- Installing: /home/sione/ros2_hull/install/nmea_msgs/local/lib/python3.10/dist-packages/nmea_msgs/msg/__init__.py
[4.620s] -- Installing: /home/sione/ros2_hull/install/nmea_msgs/local/lib/python3.10/dist-packages/nmea_msgs/msg/_gprmc_s.c
[4.621s] -- Installing: /home/sione/ros2_hull/install/nmea_msgs/local/lib/python3.10/dist-packages/nmea_msgs/msg/_sentence_s.c
[4.621s] -- Installing: /home/sione/ros2_hull/install/nmea_msgs/local/lib/python3.10/dist-packages/nmea_msgs/msg/_gpgsv_satellite.py
[4.621s] -- Installing: /home/sione/ros2_hull/install/nmea_msgs/local/lib/python3.10/dist-packages/nmea_msgs/msg/_gpgsv.py
[4.621s] -- Installing: /home/sione/ros2_hull/install/nmea_msgs/local/lib/python3.10/dist-packages/nmea_msgs/msg/_gpgga.py
[4.621s] -- Installing: /home/sione/ros2_hull/install/nmea_msgs/local/lib/python3.10/dist-packages/nmea_msgs/msg/_gpgsv_s.c
[4.621s] -- Installing: /home/sione/ros2_hull/install/nmea_msgs/local/lib/python3.10/dist-packages/nmea_msgs/msg/_gprmc.py
[4.621s] -- Installing: /home/sione/ros2_hull/install/nmea_msgs/local/lib/python3.10/dist-packages/nmea_msgs/msg/_gpgst.py
[4.621s] -- Installing: /home/sione/ros2_hull/install/nmea_msgs/local/lib/python3.10/dist-packages/nmea_msgs/msg/_gpgga_s.c
[4.621s] -- Installing: /home/sione/ros2_hull/install/nmea_msgs/local/lib/python3.10/dist-packages/nmea_msgs/msg/_gpgsa.py
[4.621s] -- Installing: /home/sione/ros2_hull/install/nmea_msgs/local/lib/python3.10/dist-packages/nmea_msgs/msg/_gpgst_s.c
[4.621s] -- Installing: /home/sione/ros2_hull/install/nmea_msgs/local/lib/python3.10/dist-packages/nmea_msgs/_nmea_msgs_s.ep.rosidl_typesupport_introspection_c.c
[4.621s] -- Installing: /home/sione/ros2_hull/install/nmea_msgs/local/lib/python3.10/dist-packages/nmea_msgs/_nmea_msgs_s.ep.rosidl_typesupport_c.c
[4.621s] -- Installing: /home/sione/ros2_hull/install/nmea_msgs/local/lib/python3.10/dist-packages/nmea_msgs/nmea_msgs_s__rosidl_typesupport_fastrtps_c.cpython-310-x86_64-linux-gnu.so
[4.621s] -- Installing: /home/sione/ros2_hull/install/nmea_msgs/local/lib/python3.10/dist-packages/nmea_msgs/_nmea_msgs_s.ep.rosidl_typesupport_fastrtps_c.c
[4.657s] Listing '/home/sione/ros2_hull/install/nmea_msgs/local/lib/python3.10/dist-packages/nmea_msgs'...
[4.657s] Compiling '/home/sione/ros2_hull/install/nmea_msgs/local/lib/python3.10/dist-packages/nmea_msgs/__init__.py'...
[4.657s] Listing '/home/sione/ros2_hull/install/nmea_msgs/local/lib/python3.10/dist-packages/nmea_msgs/msg'...
[4.657s] Compiling '/home/sione/ros2_hull/install/nmea_msgs/local/lib/python3.10/dist-packages/nmea_msgs/msg/__init__.py'...
[4.657s] Compiling '/home/sione/ros2_hull/install/nmea_msgs/local/lib/python3.10/dist-packages/nmea_msgs/msg/_gpgga.py'...
[4.657s] Compiling '/home/sione/ros2_hull/install/nmea_msgs/local/lib/python3.10/dist-packages/nmea_msgs/msg/_gpgsa.py'...
[4.657s] Compiling '/home/sione/ros2_hull/install/nmea_msgs/local/lib/python3.10/dist-packages/nmea_msgs/msg/_gpgst.py'...
[4.657s] Compiling '/home/sione/ros2_hull/install/nmea_msgs/local/lib/python3.10/dist-packages/nmea_msgs/msg/_gpgsv.py'...
[4.657s] Compiling '/home/sione/ros2_hull/install/nmea_msgs/local/lib/python3.10/dist-packages/nmea_msgs/msg/_gpgsv_satellite.py'...
[4.657s] Compiling '/home/sione/ros2_hull/install/nmea_msgs/local/lib/python3.10/dist-packages/nmea_msgs/msg/_gprmc.py'...
[4.657s] Compiling '/home/sione/ros2_hull/install/nmea_msgs/local/lib/python3.10/dist-packages/nmea_msgs/msg/_sentence.py'...
[4.660s] -- Installing: /home/sione/ros2_hull/install/nmea_msgs/local/lib/python3.10/dist-packages/nmea_msgs/nmea_msgs_s__rosidl_typesupport_fastrtps_c.cpython-310-x86_64-linux-gnu.so
[4.660s] -- Set runtime path of "/home/sione/ros2_hull/install/nmea_msgs/local/lib/python3.10/dist-packages/nmea_msgs/nmea_msgs_s__rosidl_typesupport_fastrtps_c.cpython-310-x86_64-linux-gnu.so" to ""
[4.660s] -- Installing: /home/sione/ros2_hull/install/nmea_msgs/local/lib/python3.10/dist-packages/nmea_msgs/nmea_msgs_s__rosidl_typesupport_introspection_c.cpython-310-x86_64-linux-gnu.so
[4.661s] -- Set runtime path of "/home/sione/ros2_hull/install/nmea_msgs/local/lib/python3.10/dist-packages/nmea_msgs/nmea_msgs_s__rosidl_typesupport_introspection_c.cpython-310-x86_64-linux-gnu.so" to ""
[4.661s] -- Installing: /home/sione/ros2_hull/install/nmea_msgs/local/lib/python3.10/dist-packages/nmea_msgs/nmea_msgs_s__rosidl_typesupport_c.cpython-310-x86_64-linux-gnu.so
[4.661s] -- Set runtime path of "/home/sione/ros2_hull/install/nmea_msgs/local/lib/python3.10/dist-packages/nmea_msgs/nmea_msgs_s__rosidl_typesupport_c.cpython-310-x86_64-linux-gnu.so" to ""
[4.661s] -- Installing: /home/sione/ros2_hull/install/nmea_msgs/lib/libnmea_msgs__rosidl_generator_py.so
[4.661s] -- Set runtime path of "/home/sione/ros2_hull/install/nmea_msgs/lib/libnmea_msgs__rosidl_generator_py.so" to ""
[4.662s] -- Installing: /home/sione/ros2_hull/install/nmea_msgs/share/ament_index/resource_index/rust_packages/nmea_msgs
[4.662s] -- Installing: /home/sione/ros2_hull/install/nmea_msgs/share/nmea_msgs/rust
[4.662s] -- Installing: /home/sione/ros2_hull/install/nmea_msgs/share/nmea_msgs/rust/src
[4.662s] -- Installing: /home/sione/ros2_hull/install/nmea_msgs/share/nmea_msgs/rust/src/msg
[4.662s] -- Installing: /home/sione/ros2_hull/install/nmea_msgs/share/nmea_msgs/rust/src/msg/rmw.rs
[4.662s] -- Installing: /home/sione/ros2_hull/install/nmea_msgs/share/nmea_msgs/rust/src/msg.rs
[4.662s] -- Installing: /home/sione/ros2_hull/install/nmea_msgs/share/nmea_msgs/rust/src/lib.rs
[4.662s] -- Installing: /home/sione/ros2_hull/install/nmea_msgs/share/nmea_msgs/rust/build.rs
[4.662s] -- Installing: /home/sione/ros2_hull/install/nmea_msgs/share/nmea_msgs/rust/Cargo.toml
[4.662s] -- Installing: /home/sione/ros2_hull/install/nmea_msgs/share/nmea_msgs/msg/Sentence.idl
[4.662s] -- Installing: /home/sione/ros2_hull/install/nmea_msgs/share/nmea_msgs/msg/Gpgga.idl
[4.662s] -- Installing: /home/sione/ros2_hull/install/nmea_msgs/share/nmea_msgs/msg/Gpgsa.idl
[4.662s] -- Installing: /home/sione/ros2_hull/install/nmea_msgs/share/nmea_msgs/msg/Gpgst.idl
[4.662s] -- Installing: /home/sione/ros2_hull/install/nmea_msgs/share/nmea_msgs/msg/Gpgsv.idl
[4.662s] -- Installing: /home/sione/ros2_hull/install/nmea_msgs/share/nmea_msgs/msg/GpgsvSatellite.idl
[4.662s] -- Installing: /home/sione/ros2_hull/install/nmea_msgs/share/nmea_msgs/msg/Gprmc.idl
[4.663s] -- Installing: /home/sione/ros2_hull/install/nmea_msgs/share/nmea_msgs/msg/Sentence.msg
[4.663s] -- Installing: /home/sione/ros2_hull/install/nmea_msgs/share/nmea_msgs/msg/Gpgga.msg
[4.664s] -- Installing: /home/sione/ros2_hull/install/nmea_msgs/share/nmea_msgs/msg/Gpgsa.msg
[4.664s] -- Installing: /home/sione/ros2_hull/install/nmea_msgs/share/nmea_msgs/msg/Gpgst.msg
[4.664s] -- Installing: /home/sione/ros2_hull/install/nmea_msgs/share/nmea_msgs/msg/Gpgsv.msg
[4.664s] -- Installing: /home/sione/ros2_hull/install/nmea_msgs/share/nmea_msgs/msg/GpgsvSatellite.msg
[4.664s] -- Installing: /home/sione/ros2_hull/install/nmea_msgs/share/nmea_msgs/msg/Gprmc.msg
[4.664s] -- Installing: /home/sione/ros2_hull/install/nmea_msgs/share/ament_index/resource_index/package_run_dependencies/nmea_msgs
[4.664s] -- Installing: /home/sione/ros2_hull/install/nmea_msgs/share/ament_index/resource_index/parent_prefix_path/nmea_msgs
[4.664s] -- Installing: /home/sione/ros2_hull/install/nmea_msgs/share/nmea_msgs/environment/ament_prefix_path.sh
[4.665s] -- Installing: /home/sione/ros2_hull/install/nmea_msgs/share/nmea_msgs/environment/ament_prefix_path.dsv
[4.665s] -- Installing: /home/sione/ros2_hull/install/nmea_msgs/share/nmea_msgs/environment/path.sh
[4.665s] -- Installing: /home/sione/ros2_hull/install/nmea_msgs/share/nmea_msgs/environment/path.dsv
[4.665s] -- Installing: /home/sione/ros2_hull/install/nmea_msgs/share/nmea_msgs/local_setup.bash
[4.665s] -- Installing: /home/sione/ros2_hull/install/nmea_msgs/share/nmea_msgs/local_setup.sh
[4.665s] -- Installing: /home/sione/ros2_hull/install/nmea_msgs/share/nmea_msgs/local_setup.zsh
[4.665s] -- Installing: /home/sione/ros2_hull/install/nmea_msgs/share/nmea_msgs/local_setup.dsv
[4.665s] -- Installing: /home/sione/ros2_hull/install/nmea_msgs/share/nmea_msgs/package.dsv
[4.665s] -- Installing: /home/sione/ros2_hull/install/nmea_msgs/share/ament_index/resource_index/packages/nmea_msgs
[4.666s] -- Installing: /home/sione/ros2_hull/install/nmea_msgs/share/nmea_msgs/cmake/export_nmea_msgs__rosidl_generator_cExport.cmake
[4.666s] -- Installing: /home/sione/ros2_hull/install/nmea_msgs/share/nmea_msgs/cmake/export_nmea_msgs__rosidl_generator_cExport-noconfig.cmake
[4.666s] -- Installing: /home/sione/ros2_hull/install/nmea_msgs/share/nmea_msgs/cmake/export_nmea_msgs__rosidl_typesupport_fastrtps_cExport.cmake
[4.666s] -- Installing: /home/sione/ros2_hull/install/nmea_msgs/share/nmea_msgs/cmake/export_nmea_msgs__rosidl_typesupport_fastrtps_cExport-noconfig.cmake
[4.666s] -- Installing: /home/sione/ros2_hull/install/nmea_msgs/share/nmea_msgs/cmake/nmea_msgs__rosidl_typesupport_introspection_cExport.cmake
[4.666s] -- Installing: /home/sione/ros2_hull/install/nmea_msgs/share/nmea_msgs/cmake/nmea_msgs__rosidl_typesupport_introspection_cExport-noconfig.cmake
[4.666s] -- Installing: /home/sione/ros2_hull/install/nmea_msgs/share/nmea_msgs/cmake/nmea_msgs__rosidl_typesupport_cExport.cmake
[4.666s] -- Installing: /home/sione/ros2_hull/install/nmea_msgs/share/nmea_msgs/cmake/nmea_msgs__rosidl_typesupport_cExport-noconfig.cmake
[4.667s] -- Installing: /home/sione/ros2_hull/install/nmea_msgs/share/nmea_msgs/cmake/export_nmea_msgs__rosidl_generator_cppExport.cmake
[4.667s] -- Installing: /home/sione/ros2_hull/install/nmea_msgs/share/nmea_msgs/cmake/export_nmea_msgs__rosidl_typesupport_fastrtps_cppExport.cmake
[4.667s] -- Installing: /home/sione/ros2_hull/install/nmea_msgs/share/nmea_msgs/cmake/export_nmea_msgs__rosidl_typesupport_fastrtps_cppExport-noconfig.cmake
[4.667s] -- Installing: /home/sione/ros2_hull/install/nmea_msgs/share/nmea_msgs/cmake/nmea_msgs__rosidl_typesupport_introspection_cppExport.cmake
[4.667s] -- Installing: /home/sione/ros2_hull/install/nmea_msgs/share/nmea_msgs/cmake/nmea_msgs__rosidl_typesupport_introspection_cppExport-noconfig.cmake
[4.667s] -- Installing: /home/sione/ros2_hull/install/nmea_msgs/share/nmea_msgs/cmake/nmea_msgs__rosidl_typesupport_cppExport.cmake
[4.667s] -- Installing: /home/sione/ros2_hull/install/nmea_msgs/share/nmea_msgs/cmake/nmea_msgs__rosidl_typesupport_cppExport-noconfig.cmake
[4.667s] -- Installing: /home/sione/ros2_hull/install/nmea_msgs/share/nmea_msgs/cmake/export_nmea_msgs__rosidl_generator_pyExport.cmake
[4.668s] -- Installing: /home/sione/ros2_hull/install/nmea_msgs/share/nmea_msgs/cmake/export_nmea_msgs__rosidl_generator_pyExport-noconfig.cmake
[4.668s] -- Installing: /home/sione/ros2_hull/install/nmea_msgs/share/nmea_msgs/cmake/rosidl_cmake-extras.cmake
[4.668s] -- Installing: /home/sione/ros2_hull/install/nmea_msgs/share/nmea_msgs/cmake/ament_cmake_export_dependencies-extras.cmake
[4.668s] -- Installing: /home/sione/ros2_hull/install/nmea_msgs/share/nmea_msgs/cmake/ament_cmake_export_include_directories-extras.cmake
[4.668s] -- Installing: /home/sione/ros2_hull/install/nmea_msgs/share/nmea_msgs/cmake/ament_cmake_export_libraries-extras.cmake
[4.668s] -- Installing: /home/sione/ros2_hull/install/nmea_msgs/share/nmea_msgs/cmake/ament_cmake_export_targets-extras.cmake
[4.668s] -- Installing: /home/sione/ros2_hull/install/nmea_msgs/share/nmea_msgs/cmake/rosidl_cmake_export_typesupport_targets-extras.cmake
[4.668s] -- Installing: /home/sione/ros2_hull/install/nmea_msgs/share/nmea_msgs/cmake/rosidl_cmake_export_typesupport_libraries-extras.cmake
[4.668s] -- Installing: /home/sione/ros2_hull/install/nmea_msgs/share/nmea_msgs/cmake/nmea_msgsConfig.cmake
[4.668s] -- Installing: /home/sione/ros2_hull/install/nmea_msgs/share/nmea_msgs/cmake/nmea_msgsConfig-version.cmake
[4.668s] -- Installing: /home/sione/ros2_hull/install/nmea_msgs/share/nmea_msgs/package.xml
[4.670s] Invoked command in '/home/sione/ros2_hull/build/nmea_msgs' returned '0': CMAKE_PREFIX_PATH=/home/sione/ros2_hull/install/hull_serial:/opt/ros/humble /usr/bin/cmake --install /home/sione/ros2_hull/build/nmea_msgs
