-- Found ament_cmake: 1.3.14 (/opt/ros/humble/share/ament_cmake/cmake)
-- Found geometry_msgs: 4.9.1 (/opt/ros/humble/share/geometry_msgs/cmake)
-- Found rosidl_generator_c: 3.1.8 (/opt/ros/humble/share/rosidl_generator_c/cmake)
-- Found rosidl_adapter: 3.1.8 (/opt/ros/humble/share/rosidl_adapter/cmake)
-- Found rosidl_generator_cpp: 3.1.8 (/opt/ros/humble/share/rosidl_generator_cpp/cmake)
-- Using all available rosidl_typesupport_c: rosidl_typesupport_fastrtps_c;rosidl_typesupport_introspection_c
-- Using all available rosidl_typesupport_cpp: rosidl_typesupport_fastrtps_cpp;rosidl_typesupport_introspection_cpp
-- Found nav_msgs: 4.9.1 (/opt/ros/humble/share/nav_msgs/cmake)
-- Found rclcpp: 16.0.19 (/opt/ros/humble/share/rclcpp/cmake)
-- Found rmw_implementation_cmake: 6.1.2 (/opt/ros/humble/share/rmw_implementation_cmake/cmake)
-- Found rmw_fastrtps_cpp: 6.2.10 (/opt/ros/humble/share/rmw_fastrtps_cpp/cmake)
-- Using RMW implementation 'rmw_fastrtps_cpp' as default
-- Found rclpy: 3.3.21 (/opt/ros/humble/share/rclpy/cmake)
-- Found sensor_msgs: 4.9.1 (/opt/ros/humble/share/sensor_msgs/cmake)
-- Found tf2_geometry_msgs: 0.25.20 (/opt/ros/humble/share/tf2_geometry_msgs/cmake)
-- Found eigen3_cmake_module: 0.1.1 (/opt/ros/humble/share/eigen3_cmake_module/cmake)
-- Ensuring Eigen3 include directory is part of orocos-kdl CMake target
-- Found ament_lint_auto: 0.12.15 (/opt/ros/humble/share/ament_lint_auto/cmake)
-- Added test 'copyright' to check source files copyright and LICENSE
-- Added test 'cppcheck' to perform static code analysis on C / C++ code
-- Configured cppcheck include dirs: /home/sione/ros2_hull/src/wheeltec_gps_path/include
-- Configured cppcheck exclude dirs and/or files: 
-- Added test 'cpplint' to check C / C++ code against the Google style
-- Configured cpplint exclude dirs and/or files: 
-- Added test 'flake8' to check Python code syntax and style conventions
-- Added test 'lint_cmake' to check CMake code style
-- Added test 'pep257' to check Python code against some of the docstring style conventions in PEP 257
-- Added test 'uncrustify' to check C / C++ code style
-- Configured uncrustify additional arguments: 
-- Added test 'xmllint' to check XML markup files
-- Configuring done
-- Generating done
-- Build files have been written to: /home/sione/ros2_hull/build/wheeltec_gps_path
[ 50%] Building CXX object CMakeFiles/gps_path.dir/src/gps_path.cpp.o
[100%] Linking CXX executable gps_path
[100%] Built target gps_path
-- Install configuration: ""
-- Installing: /home/sione/ros2_hull/install/wheeltec_gps_path/lib/wheeltec_gps_path/gps_path
-- Set runtime path of "/home/sione/ros2_hull/install/wheeltec_gps_path/lib/wheeltec_gps_path/gps_path" to ""
-- Installing: /home/sione/ros2_hull/install/wheeltec_gps_path/share/wheeltec_gps_path/launch
-- Installing: /home/sione/ros2_hull/install/wheeltec_gps_path/share/wheeltec_gps_path/launch/gps_path.launch.py
-- Installing: /home/sione/ros2_hull/install/wheeltec_gps_path/share/wheeltec_gps_path/launch/mapviz_path.launch.py
-- Installing: /home/sione/ros2_hull/install/wheeltec_gps_path/share/ament_index/resource_index/package_run_dependencies/wheeltec_gps_path
-- Installing: /home/sione/ros2_hull/install/wheeltec_gps_path/share/ament_index/resource_index/parent_prefix_path/wheeltec_gps_path
-- Installing: /home/sione/ros2_hull/install/wheeltec_gps_path/share/wheeltec_gps_path/environment/ament_prefix_path.sh
-- Installing: /home/sione/ros2_hull/install/wheeltec_gps_path/share/wheeltec_gps_path/environment/ament_prefix_path.dsv
-- Installing: /home/sione/ros2_hull/install/wheeltec_gps_path/share/wheeltec_gps_path/environment/path.sh
-- Installing: /home/sione/ros2_hull/install/wheeltec_gps_path/share/wheeltec_gps_path/environment/path.dsv
-- Installing: /home/sione/ros2_hull/install/wheeltec_gps_path/share/wheeltec_gps_path/local_setup.bash
-- Installing: /home/sione/ros2_hull/install/wheeltec_gps_path/share/wheeltec_gps_path/local_setup.sh
-- Installing: /home/sione/ros2_hull/install/wheeltec_gps_path/share/wheeltec_gps_path/local_setup.zsh
-- Installing: /home/sione/ros2_hull/install/wheeltec_gps_path/share/wheeltec_gps_path/local_setup.dsv
-- Installing: /home/sione/ros2_hull/install/wheeltec_gps_path/share/wheeltec_gps_path/package.dsv
-- Installing: /home/sione/ros2_hull/install/wheeltec_gps_path/share/ament_index/resource_index/packages/wheeltec_gps_path
-- Installing: /home/sione/ros2_hull/install/wheeltec_gps_path/share/wheeltec_gps_path/cmake/wheeltec_gps_pathConfig.cmake
-- Installing: /home/sione/ros2_hull/install/wheeltec_gps_path/share/wheeltec_gps_path/cmake/wheeltec_gps_pathConfig-version.cmake
-- Installing: /home/sione/ros2_hull/install/wheeltec_gps_path/share/wheeltec_gps_path/package.xml
