Consolidate compiler generated dependencies of target gps_path
[ 50%] Linking CXX executable gps_path
[100%] Built target gps_path
-- Install configuration: ""
-- Execute custom install script
-- Symlinking: /home/sione/ros2_hull/install/wheeltec_gps_path/lib/wheeltec_gps_path/gps_path
-- Symlinking: /home/sione/ros2_hull/install/wheeltec_gps_path/share/wheeltec_gps_path/launch/gps_path.launch.py
-- Symlinking: /home/sione/ros2_hull/install/wheeltec_gps_path/share/wheeltec_gps_path/launch/mapviz_path.launch.py
-- Symlinking: /home/sione/ros2_hull/install/wheeltec_gps_path/share/wheeltec_gps_path/config/blank_tile.jpg
-- Symlinking: /home/sione/ros2_hull/install/wheeltec_gps_path/share/wheeltec_gps_path/config/mapviz_local.mvc
-- Symlinking: /home/sione/ros2_hull/install/wheeltec_gps_path/lib/wheeltec_gps_path/bing_tile_server.py
-- Symlinking: /home/sione/ros2_hull/install/wheeltec_gps_path/share/ament_index/resource_index/package_run_dependencies/wheeltec_gps_path
-- Symlinking: /home/sione/ros2_hull/install/wheeltec_gps_path/share/ament_index/resource_index/parent_prefix_path/wheeltec_gps_path
-- Symlinking: /home/sione/ros2_hull/install/wheeltec_gps_path/share/wheeltec_gps_path/environment/ament_prefix_path.sh
-- Symlinking: /home/sione/ros2_hull/install/wheeltec_gps_path/share/wheeltec_gps_path/environment/ament_prefix_path.dsv
-- Symlinking: /home/sione/ros2_hull/install/wheeltec_gps_path/share/wheeltec_gps_path/environment/path.sh
-- Symlinking: /home/sione/ros2_hull/install/wheeltec_gps_path/share/wheeltec_gps_path/environment/path.dsv
-- Symlinking: /home/sione/ros2_hull/install/wheeltec_gps_path/share/wheeltec_gps_path/local_setup.bash
-- Symlinking: /home/sione/ros2_hull/install/wheeltec_gps_path/share/wheeltec_gps_path/local_setup.sh
-- Symlinking: /home/sione/ros2_hull/install/wheeltec_gps_path/share/wheeltec_gps_path/local_setup.zsh
-- Symlinking: /home/sione/ros2_hull/install/wheeltec_gps_path/share/wheeltec_gps_path/local_setup.dsv
-- Symlinking: /home/sione/ros2_hull/install/wheeltec_gps_path/share/wheeltec_gps_path/package.dsv
-- Symlinking: /home/sione/ros2_hull/install/wheeltec_gps_path/share/ament_index/resource_index/packages/wheeltec_gps_path
-- Symlinking: /home/sione/ros2_hull/install/wheeltec_gps_path/share/wheeltec_gps_path/cmake/wheeltec_gps_pathConfig.cmake
-- Symlinking: /home/sione/ros2_hull/install/wheeltec_gps_path/share/wheeltec_gps_path/cmake/wheeltec_gps_pathConfig-version.cmake
-- Symlinking: /home/sione/ros2_hull/install/wheeltec_gps_path/share/wheeltec_gps_path/package.xml
