[0.011s] Invoking command in '/home/sione/ros2_hull/build/wheeltec_gps_path': CMAKE_PREFIX_PATH=/opt/ros/humble /usr/bin/cmake --build /home/sione/ros2_hull/build/wheeltec_gps_path -- -j16 -l16
[0.065s] Consolidate compiler generated dependencies of target gps_path
[0.081s] [100%] Built target gps_path
[0.093s] Invoked command in '/home/sione/ros2_hull/build/wheeltec_gps_path' returned '0': CMAKE_PREFIX_PATH=/opt/ros/humble /usr/bin/cmake --build /home/sione/ros2_hull/build/wheeltec_gps_path -- -j16 -l16
[0.101s] Invoking command in '/home/sione/ros2_hull/build/wheeltec_gps_path': CMAKE_PREFIX_PATH=/opt/ros/humble /usr/bin/cmake --install /home/sione/ros2_hull/build/wheeltec_gps_path
[0.110s] -- Install configuration: ""
[0.110s] -- Up-to-date: /home/sione/ros2_hull/install/wheeltec_gps_path/lib/wheeltec_gps_path/gps_path
[0.110s] -- Up-to-date: /home/sione/ros2_hull/install/wheeltec_gps_path/share/wheeltec_gps_path/launch
[0.110s] -- Up-to-date: /home/sione/ros2_hull/install/wheeltec_gps_path/share/wheeltec_gps_path/launch/gps_path.launch.py
[0.110s] -- Installing: /home/sione/ros2_hull/install/wheeltec_gps_path/share/wheeltec_gps_path/launch/mapviz_path.launch.py
[0.110s] -- Up-to-date: /home/sione/ros2_hull/install/wheeltec_gps_path/share/wheeltec_gps_path/config
[0.110s] -- Installing: /home/sione/ros2_hull/install/wheeltec_gps_path/share/wheeltec_gps_path/config/mapviz_local.mvc
[0.110s] -- Installing: /home/sione/ros2_hull/install/wheeltec_gps_path/share/wheeltec_gps_path/config/blank_tile.jpg
[0.110s] -- Installing: /home/sione/ros2_hull/install/wheeltec_gps_path/lib/wheeltec_gps_path/bing_tile_server.py
[0.110s] -- Up-to-date: /home/sione/ros2_hull/install/wheeltec_gps_path/share/ament_index/resource_index/package_run_dependencies/wheeltec_gps_path
[0.110s] -- Up-to-date: /home/sione/ros2_hull/install/wheeltec_gps_path/share/ament_index/resource_index/parent_prefix_path/wheeltec_gps_path
[0.111s] -- Up-to-date: /home/sione/ros2_hull/install/wheeltec_gps_path/share/wheeltec_gps_path/environment/ament_prefix_path.sh
[0.111s] -- Up-to-date: /home/sione/ros2_hull/install/wheeltec_gps_path/share/wheeltec_gps_path/environment/ament_prefix_path.dsv
[0.111s] -- Up-to-date: /home/sione/ros2_hull/install/wheeltec_gps_path/share/wheeltec_gps_path/environment/path.sh
[0.111s] -- Up-to-date: /home/sione/ros2_hull/install/wheeltec_gps_path/share/wheeltec_gps_path/environment/path.dsv
[0.111s] -- Up-to-date: /home/sione/ros2_hull/install/wheeltec_gps_path/share/wheeltec_gps_path/local_setup.bash
[0.111s] -- Up-to-date: /home/sione/ros2_hull/install/wheeltec_gps_path/share/wheeltec_gps_path/local_setup.sh
[0.111s] -- Up-to-date: /home/sione/ros2_hull/install/wheeltec_gps_path/share/wheeltec_gps_path/local_setup.zsh
[0.111s] -- Up-to-date: /home/sione/ros2_hull/install/wheeltec_gps_path/share/wheeltec_gps_path/local_setup.dsv
[0.111s] -- Installing: /home/sione/ros2_hull/install/wheeltec_gps_path/share/wheeltec_gps_path/package.dsv
[0.111s] -- Up-to-date: /home/sione/ros2_hull/install/wheeltec_gps_path/share/ament_index/resource_index/packages/wheeltec_gps_path
[0.111s] -- Up-to-date: /home/sione/ros2_hull/install/wheeltec_gps_path/share/wheeltec_gps_path/cmake/wheeltec_gps_pathConfig.cmake
[0.111s] -- Up-to-date: /home/sione/ros2_hull/install/wheeltec_gps_path/share/wheeltec_gps_path/cmake/wheeltec_gps_pathConfig-version.cmake
[0.111s] -- Up-to-date: /home/sione/ros2_hull/install/wheeltec_gps_path/share/wheeltec_gps_path/package.xml
[0.113s] Invoked command in '/home/sione/ros2_hull/build/wheeltec_gps_path' returned '0': CMAKE_PREFIX_PATH=/opt/ros/humble /usr/bin/cmake --install /home/sione/ros2_hull/build/wheeltec_gps_path
