[0.075s] DEBUG:colcon:Command line arguments: ['/usr/bin/colcon', 'build', '--packages-select', 'nmea_msgs', 'nmea_navsat_driver']
[0.075s] DEBUG:colcon:Parsed command line arguments: Namespace(log_base=None, log_level=None, verb_name='build', build_base='build', install_base='install', merge_install=False, symlink_install=False, test_result_base=None, continue_on_error=False, executor='parallel', parallel_workers=16, event_handlers=None, ignore_user_meta=False, metas=['./colcon.meta'], base_paths=['.'], packages_ignore=None, packages_ignore_regex=None, paths=None, packages_up_to=None, packages_up_to_regex=None, packages_above=None, packages_above_and_dependencies=None, packages_above_depth=None, packages_select_by_dep=None, packages_skip_by_dep=None, packages_skip_up_to=None, packages_select_build_failed=False, packages_skip_build_finished=False, packages_select_test_failures=False, packages_skip_test_passed=False, packages_select=['nmea_msgs', 'nmea_navsat_driver'], packages_skip=None, packages_select_regex=None, packages_skip_regex=None, packages_start=None, packages_end=None, allow_overriding=[], cmake_args=None, cmake_target=None, cmake_target_skip_unavailable=False, cmake_clean_cache=False, cmake_clean_first=False, cmake_force_configure=False, ament_cmake_args=None, catkin_cmake_args=None, catkin_skip_building_tests=False, verb_parser=<colcon_defaults.argument_parser.defaults.DefaultArgumentsDecorator object at 0x759e9215c580>, verb_extension=<colcon_core.verb.build.BuildVerb object at 0x759e9212bfa0>, main=<bound method BuildVerb.main of <colcon_core.verb.build.BuildVerb object at 0x759e9212bfa0>>)
[0.181s] Level 1:colcon.colcon_core.package_discovery:discover_packages(colcon_meta) check parameters
[0.182s] Level 1:colcon.colcon_core.package_discovery:discover_packages(recursive) check parameters
[0.182s] Level 1:colcon.colcon_core.package_discovery:discover_packages(ignore) check parameters
[0.182s] Level 1:colcon.colcon_core.package_discovery:discover_packages(path) check parameters
[0.182s] Level 1:colcon.colcon_core.package_discovery:discover_packages(colcon_meta) discover
[0.182s] Level 1:colcon.colcon_core.package_discovery:discover_packages(recursive) discover
[0.182s] INFO:colcon.colcon_core.package_discovery:Crawling recursively for packages in '/home/sione/ros2_hull'
[0.182s] Level 1:colcon.colcon_core.package_identification:_identify(.) by extensions ['ignore', 'ignore_ament_install']
[0.182s] Level 1:colcon.colcon_core.package_identification:_identify(.) by extension 'ignore'
[0.182s] Level 1:colcon.colcon_core.package_identification:_identify(.) by extension 'ignore_ament_install'
[0.182s] Level 1:colcon.colcon_core.package_identification:_identify(.) by extensions ['colcon_pkg']
[0.182s] Level 1:colcon.colcon_core.package_identification:_identify(.) by extension 'colcon_pkg'
[0.182s] Level 1:colcon.colcon_core.package_identification:_identify(.) by extensions ['colcon_meta']
[0.182s] Level 1:colcon.colcon_core.package_identification:_identify(.) by extension 'colcon_meta'
[0.182s] Level 1:colcon.colcon_core.package_identification:_identify(.) by extensions ['ros']
[0.182s] Level 1:colcon.colcon_core.package_identification:_identify(.) by extension 'ros'
[0.192s] Level 1:colcon.colcon_core.package_identification:_identify(.) by extensions ['cmake', 'python']
[0.192s] Level 1:colcon.colcon_core.package_identification:_identify(.) by extension 'cmake'
[0.192s] Level 1:colcon.colcon_core.package_identification:_identify(.) by extension 'python'
[0.192s] Level 1:colcon.colcon_core.package_identification:_identify(.) by extensions ['python_setup_py']
[0.192s] Level 1:colcon.colcon_core.package_identification:_identify(.) by extension 'python_setup_py'
[0.192s] Level 1:colcon.colcon_core.package_identification:_identify(build) by extensions ['ignore', 'ignore_ament_install']
[0.192s] Level 1:colcon.colcon_core.package_identification:_identify(build) by extension 'ignore'
[0.192s] Level 1:colcon.colcon_core.package_identification:_identify(build) ignored
[0.192s] Level 1:colcon.colcon_core.package_identification:_identify(install) by extensions ['ignore', 'ignore_ament_install']
[0.193s] Level 1:colcon.colcon_core.package_identification:_identify(install) by extension 'ignore'
[0.193s] Level 1:colcon.colcon_core.package_identification:_identify(install) ignored
[0.193s] Level 1:colcon.colcon_core.package_identification:_identify(log) by extensions ['ignore', 'ignore_ament_install']
[0.193s] Level 1:colcon.colcon_core.package_identification:_identify(log) by extension 'ignore'
[0.193s] Level 1:colcon.colcon_core.package_identification:_identify(log) ignored
[0.193s] Level 1:colcon.colcon_core.package_identification:_identify(src) by extensions ['ignore', 'ignore_ament_install']
[0.193s] Level 1:colcon.colcon_core.package_identification:_identify(src) by extension 'ignore'
[0.193s] Level 1:colcon.colcon_core.package_identification:_identify(src) by extension 'ignore_ament_install'
[0.193s] Level 1:colcon.colcon_core.package_identification:_identify(src) by extensions ['colcon_pkg']
[0.193s] Level 1:colcon.colcon_core.package_identification:_identify(src) by extension 'colcon_pkg'
[0.193s] Level 1:colcon.colcon_core.package_identification:_identify(src) by extensions ['colcon_meta']
[0.193s] Level 1:colcon.colcon_core.package_identification:_identify(src) by extension 'colcon_meta'
[0.193s] Level 1:colcon.colcon_core.package_identification:_identify(src) by extensions ['ros']
[0.193s] Level 1:colcon.colcon_core.package_identification:_identify(src) by extension 'ros'
[0.193s] Level 1:colcon.colcon_core.package_identification:_identify(src) by extensions ['cmake', 'python']
[0.193s] Level 1:colcon.colcon_core.package_identification:_identify(src) by extension 'cmake'
[0.193s] Level 1:colcon.colcon_core.package_identification:_identify(src) by extension 'python'
[0.193s] Level 1:colcon.colcon_core.package_identification:_identify(src) by extensions ['python_setup_py']
[0.193s] Level 1:colcon.colcon_core.package_identification:_identify(src) by extension 'python_setup_py'
[0.193s] Level 1:colcon.colcon_core.package_identification:_identify(src/hull_serial) by extensions ['ignore', 'ignore_ament_install']
[0.193s] Level 1:colcon.colcon_core.package_identification:_identify(src/hull_serial) by extension 'ignore'
[0.194s] Level 1:colcon.colcon_core.package_identification:_identify(src/hull_serial) by extension 'ignore_ament_install'
[0.194s] Level 1:colcon.colcon_core.package_identification:_identify(src/hull_serial) by extensions ['colcon_pkg']
[0.194s] Level 1:colcon.colcon_core.package_identification:_identify(src/hull_serial) by extension 'colcon_pkg'
[0.194s] Level 1:colcon.colcon_core.package_identification:_identify(src/hull_serial) by extensions ['colcon_meta']
[0.194s] Level 1:colcon.colcon_core.package_identification:_identify(src/hull_serial) by extension 'colcon_meta'
[0.194s] Level 1:colcon.colcon_core.package_identification:_identify(src/hull_serial) by extensions ['ros']
[0.194s] Level 1:colcon.colcon_core.package_identification:_identify(src/hull_serial) by extension 'ros'
[0.197s] DEBUG:colcon.colcon_core.package_identification:Package 'src/hull_serial' with type 'ros.ament_python' and name 'hull_serial'
[0.197s] Level 1:colcon.colcon_core.package_identification:_identify(src/nmea_msgs) by extensions ['ignore', 'ignore_ament_install']
[0.197s] Level 1:colcon.colcon_core.package_identification:_identify(src/nmea_msgs) by extension 'ignore'
[0.197s] Level 1:colcon.colcon_core.package_identification:_identify(src/nmea_msgs) by extension 'ignore_ament_install'
[0.197s] Level 1:colcon.colcon_core.package_identification:_identify(src/nmea_msgs) by extensions ['colcon_pkg']
[0.197s] Level 1:colcon.colcon_core.package_identification:_identify(src/nmea_msgs) by extension 'colcon_pkg'
[0.197s] Level 1:colcon.colcon_core.package_identification:_identify(src/nmea_msgs) by extensions ['colcon_meta']
[0.197s] Level 1:colcon.colcon_core.package_identification:_identify(src/nmea_msgs) by extension 'colcon_meta'
[0.197s] Level 1:colcon.colcon_core.package_identification:_identify(src/nmea_msgs) by extensions ['ros']
[0.197s] Level 1:colcon.colcon_core.package_identification:_identify(src/nmea_msgs) by extension 'ros'
[0.198s] DEBUG:colcon.colcon_core.package_identification:Package 'src/nmea_msgs' with type 'ros.ament_cmake' and name 'nmea_msgs'
[0.198s] Level 1:colcon.colcon_core.package_identification:_identify(src/nmea_navsat_driver) by extensions ['ignore', 'ignore_ament_install']
[0.198s] Level 1:colcon.colcon_core.package_identification:_identify(src/nmea_navsat_driver) by extension 'ignore'
[0.198s] Level 1:colcon.colcon_core.package_identification:_identify(src/nmea_navsat_driver) by extension 'ignore_ament_install'
[0.198s] Level 1:colcon.colcon_core.package_identification:_identify(src/nmea_navsat_driver) by extensions ['colcon_pkg']
[0.198s] Level 1:colcon.colcon_core.package_identification:_identify(src/nmea_navsat_driver) by extension 'colcon_pkg'
[0.198s] Level 1:colcon.colcon_core.package_identification:_identify(src/nmea_navsat_driver) by extensions ['colcon_meta']
[0.198s] Level 1:colcon.colcon_core.package_identification:_identify(src/nmea_navsat_driver) by extension 'colcon_meta'
[0.198s] Level 1:colcon.colcon_core.package_identification:_identify(src/nmea_navsat_driver) by extensions ['ros']
[0.198s] Level 1:colcon.colcon_core.package_identification:_identify(src/nmea_navsat_driver) by extension 'ros'
[0.199s] DEBUG:colcon.colcon_core.package_identification:Package 'src/nmea_navsat_driver' with type 'ros.ament_python' and name 'nmea_navsat_driver'
[0.199s] Level 1:colcon.colcon_core.package_identification:_identify(src/wheeltec_gps_path) by extensions ['ignore', 'ignore_ament_install']
[0.199s] Level 1:colcon.colcon_core.package_identification:_identify(src/wheeltec_gps_path) by extension 'ignore'
[0.199s] Level 1:colcon.colcon_core.package_identification:_identify(src/wheeltec_gps_path) by extension 'ignore_ament_install'
[0.199s] Level 1:colcon.colcon_core.package_identification:_identify(src/wheeltec_gps_path) by extensions ['colcon_pkg']
[0.199s] Level 1:colcon.colcon_core.package_identification:_identify(src/wheeltec_gps_path) by extension 'colcon_pkg'
[0.199s] Level 1:colcon.colcon_core.package_identification:_identify(src/wheeltec_gps_path) by extensions ['colcon_meta']
[0.199s] Level 1:colcon.colcon_core.package_identification:_identify(src/wheeltec_gps_path) by extension 'colcon_meta'
[0.199s] Level 1:colcon.colcon_core.package_identification:_identify(src/wheeltec_gps_path) by extensions ['ros']
[0.199s] Level 1:colcon.colcon_core.package_identification:_identify(src/wheeltec_gps_path) by extension 'ros'
[0.200s] DEBUG:colcon.colcon_core.package_identification:Package 'src/wheeltec_gps_path' with type 'ros.ament_cmake' and name 'wheeltec_gps_path'
[0.200s] Level 1:colcon.colcon_core.package_discovery:discover_packages(recursive) using defaults
[0.200s] Level 1:colcon.colcon_core.package_discovery:discover_packages(ignore) discover
[0.200s] Level 1:colcon.colcon_core.package_discovery:discover_packages(ignore) using defaults
[0.200s] Level 1:colcon.colcon_core.package_discovery:discover_packages(path) discover
[0.200s] Level 1:colcon.colcon_core.package_discovery:discover_packages(path) using defaults
[0.225s] INFO:colcon.colcon_core.package_selection:Skipping not selected package 'hull_serial' in 'src/hull_serial'
[0.225s] INFO:colcon.colcon_core.package_selection:Skipping not selected package 'wheeltec_gps_path' in 'src/wheeltec_gps_path'
[0.226s] Level 1:colcon.colcon_core.package_discovery:discover_packages(prefix_path) check parameters
[0.226s] Level 1:colcon.colcon_core.package_discovery:discover_packages(prefix_path) discover
[0.227s] DEBUG:colcon.colcon_installed_package_information.package_discovery:Found 2 installed packages in /home/sione/ros2_hull/install
[0.228s] DEBUG:colcon.colcon_installed_package_information.package_discovery:Found 273 installed packages in /opt/ros/humble
[0.229s] Level 1:colcon.colcon_core.package_discovery:discover_packages(prefix_path) using defaults
[0.254s] Level 5:colcon.colcon_core.verb:set package 'nmea_msgs' build argument 'cmake_args' from command line to 'None'
[0.254s] Level 5:colcon.colcon_core.verb:set package 'nmea_msgs' build argument 'cmake_target' from command line to 'None'
[0.254s] Level 5:colcon.colcon_core.verb:set package 'nmea_msgs' build argument 'cmake_target_skip_unavailable' from command line to 'False'
[0.254s] Level 5:colcon.colcon_core.verb:set package 'nmea_msgs' build argument 'cmake_clean_cache' from command line to 'False'
[0.254s] Level 5:colcon.colcon_core.verb:set package 'nmea_msgs' build argument 'cmake_clean_first' from command line to 'False'
[0.254s] Level 5:colcon.colcon_core.verb:set package 'nmea_msgs' build argument 'cmake_force_configure' from command line to 'False'
[0.254s] Level 5:colcon.colcon_core.verb:set package 'nmea_msgs' build argument 'ament_cmake_args' from command line to 'None'
[0.254s] Level 5:colcon.colcon_core.verb:set package 'nmea_msgs' build argument 'catkin_cmake_args' from command line to 'None'
[0.254s] Level 5:colcon.colcon_core.verb:set package 'nmea_msgs' build argument 'catkin_skip_building_tests' from command line to 'False'
[0.254s] DEBUG:colcon.colcon_core.verb:Building package 'nmea_msgs' with the following arguments: {'ament_cmake_args': None, 'build_base': '/home/sione/ros2_hull/build/nmea_msgs', 'catkin_cmake_args': None, 'catkin_skip_building_tests': False, 'cmake_args': None, 'cmake_clean_cache': False, 'cmake_clean_first': False, 'cmake_force_configure': False, 'cmake_target': None, 'cmake_target_skip_unavailable': False, 'install_base': '/home/sione/ros2_hull/install/nmea_msgs', 'merge_install': False, 'path': '/home/sione/ros2_hull/src/nmea_msgs', 'symlink_install': False, 'test_result_base': None}
[0.254s] Level 5:colcon.colcon_core.verb:set package 'nmea_navsat_driver' build argument 'cmake_args' from command line to 'None'
[0.254s] Level 5:colcon.colcon_core.verb:set package 'nmea_navsat_driver' build argument 'cmake_target' from command line to 'None'
[0.254s] Level 5:colcon.colcon_core.verb:set package 'nmea_navsat_driver' build argument 'cmake_target_skip_unavailable' from command line to 'False'
[0.254s] Level 5:colcon.colcon_core.verb:set package 'nmea_navsat_driver' build argument 'cmake_clean_cache' from command line to 'False'
[0.254s] Level 5:colcon.colcon_core.verb:set package 'nmea_navsat_driver' build argument 'cmake_clean_first' from command line to 'False'
[0.254s] Level 5:colcon.colcon_core.verb:set package 'nmea_navsat_driver' build argument 'cmake_force_configure' from command line to 'False'
[0.254s] Level 5:colcon.colcon_core.verb:set package 'nmea_navsat_driver' build argument 'ament_cmake_args' from command line to 'None'
[0.254s] Level 5:colcon.colcon_core.verb:set package 'nmea_navsat_driver' build argument 'catkin_cmake_args' from command line to 'None'
[0.254s] Level 5:colcon.colcon_core.verb:set package 'nmea_navsat_driver' build argument 'catkin_skip_building_tests' from command line to 'False'
[0.254s] DEBUG:colcon.colcon_core.verb:Building package 'nmea_navsat_driver' with the following arguments: {'ament_cmake_args': None, 'build_base': '/home/sione/ros2_hull/build/nmea_navsat_driver', 'catkin_cmake_args': None, 'catkin_skip_building_tests': False, 'cmake_args': None, 'cmake_clean_cache': False, 'cmake_clean_first': False, 'cmake_force_configure': False, 'cmake_target': None, 'cmake_target_skip_unavailable': False, 'install_base': '/home/sione/ros2_hull/install/nmea_navsat_driver', 'merge_install': False, 'path': '/home/sione/ros2_hull/src/nmea_navsat_driver', 'symlink_install': False, 'test_result_base': None}
[0.254s] INFO:colcon.colcon_core.executor:Executing jobs using 'parallel' executor
[0.255s] DEBUG:colcon.colcon_parallel_executor.executor.parallel:run_until_complete
[0.256s] INFO:colcon.colcon_ros.task.ament_cmake.build:Building ROS package in '/home/sione/ros2_hull/src/nmea_msgs' with build type 'ament_cmake'
[0.256s] INFO:colcon.colcon_cmake.task.cmake.build:Building CMake package in '/home/sione/ros2_hull/src/nmea_msgs'
[0.257s] INFO:colcon.colcon_core.plugin_system:Skipping extension 'colcon_core.shell.bat': Not used on non-Windows systems
[0.257s] INFO:colcon.colcon_core.shell:Skip shell extension 'powershell' for command environment: Not usable outside of PowerShell
[0.257s] DEBUG:colcon.colcon_core.shell:Skip shell extension 'dsv' for command environment
[0.266s] DEBUG:colcon.colcon_core.event_handler.log_command:Invoking command in '/home/sione/ros2_hull/build/nmea_msgs': CMAKE_PREFIX_PATH=/home/sione/ros2_hull/install/hull_serial:/opt/ros/humble /usr/bin/cmake --build /home/sione/ros2_hull/build/nmea_msgs -- -j16 -l16
[4.844s] DEBUG:colcon.colcon_core.event_handler.log_command:Invoked command in '/home/sione/ros2_hull/build/nmea_msgs' returned '0': CMAKE_PREFIX_PATH=/home/sione/ros2_hull/install/hull_serial:/opt/ros/humble /usr/bin/cmake --build /home/sione/ros2_hull/build/nmea_msgs -- -j16 -l16
[4.853s] DEBUG:colcon.colcon_core.event_handler.log_command:Invoking command in '/home/sione/ros2_hull/build/nmea_msgs': CMAKE_PREFIX_PATH=/home/sione/ros2_hull/install/hull_serial:/opt/ros/humble /usr/bin/cmake --install /home/sione/ros2_hull/build/nmea_msgs
[4.925s] Level 1:colcon.colcon_core.environment:create_environment_scripts_only(nmea_msgs)
[4.926s] DEBUG:colcon.colcon_core.event_handler.log_command:Invoked command in '/home/sione/ros2_hull/build/nmea_msgs' returned '0': CMAKE_PREFIX_PATH=/home/sione/ros2_hull/install/hull_serial:/opt/ros/humble /usr/bin/cmake --install /home/sione/ros2_hull/build/nmea_msgs
[4.928s] Level 1:colcon.colcon_core.environment:checking '/home/sione/ros2_hull/install/nmea_msgs' for CMake module files
[4.929s] Level 1:colcon.colcon_core.environment:checking '/home/sione/ros2_hull/install/nmea_msgs' for CMake config files
[4.929s] Level 1:colcon.colcon_core.shell:create_environment_hook('nmea_msgs', 'cmake_prefix_path')
[4.930s] INFO:colcon.colcon_core.shell:Creating environment hook '/home/sione/ros2_hull/install/nmea_msgs/share/nmea_msgs/hook/cmake_prefix_path.ps1'
[4.931s] INFO:colcon.colcon_core.shell:Creating environment descriptor '/home/sione/ros2_hull/install/nmea_msgs/share/nmea_msgs/hook/cmake_prefix_path.dsv'
[4.931s] INFO:colcon.colcon_core.shell:Creating environment hook '/home/sione/ros2_hull/install/nmea_msgs/share/nmea_msgs/hook/cmake_prefix_path.sh'
[4.932s] Level 1:colcon.colcon_core.environment:checking '/home/sione/ros2_hull/install/nmea_msgs/lib'
[4.933s] Level 1:colcon.colcon_core.shell:create_environment_hook('nmea_msgs', 'ld_library_path_lib')
[4.933s] INFO:colcon.colcon_core.shell:Creating environment hook '/home/sione/ros2_hull/install/nmea_msgs/share/nmea_msgs/hook/ld_library_path_lib.ps1'
[4.933s] INFO:colcon.colcon_core.shell:Creating environment descriptor '/home/sione/ros2_hull/install/nmea_msgs/share/nmea_msgs/hook/ld_library_path_lib.dsv'
[4.933s] INFO:colcon.colcon_core.shell:Creating environment hook '/home/sione/ros2_hull/install/nmea_msgs/share/nmea_msgs/hook/ld_library_path_lib.sh'
[4.933s] Level 1:colcon.colcon_core.environment:checking '/home/sione/ros2_hull/install/nmea_msgs/bin'
[4.934s] Level 1:colcon.colcon_core.environment:checking '/home/sione/ros2_hull/install/nmea_msgs/lib/pkgconfig/nmea_msgs.pc'
[4.934s] Level 1:colcon.colcon_core.environment:checking '/home/sione/ros2_hull/install/nmea_msgs/lib/python3.10/site-packages'
[4.934s] Level 1:colcon.colcon_core.environment:checking '/home/sione/ros2_hull/install/nmea_msgs/bin'
[4.934s] INFO:colcon.colcon_core.shell:Creating package script '/home/sione/ros2_hull/install/nmea_msgs/share/nmea_msgs/package.ps1'
[4.935s] INFO:colcon.colcon_core.shell:Creating package descriptor '/home/sione/ros2_hull/install/nmea_msgs/share/nmea_msgs/package.dsv'
[4.935s] INFO:colcon.colcon_core.shell:Creating package script '/home/sione/ros2_hull/install/nmea_msgs/share/nmea_msgs/package.sh'
[4.936s] INFO:colcon.colcon_core.shell:Creating package script '/home/sione/ros2_hull/install/nmea_msgs/share/nmea_msgs/package.bash'
[4.936s] INFO:colcon.colcon_core.shell:Creating package script '/home/sione/ros2_hull/install/nmea_msgs/share/nmea_msgs/package.zsh'
[4.936s] Level 1:colcon.colcon_core.environment:create_file_with_runtime_dependencies(/home/sione/ros2_hull/install/nmea_msgs/share/colcon-core/packages/nmea_msgs)
[4.937s] Level 1:colcon.colcon_core.environment:create_environment_scripts_only(nmea_msgs)
[4.937s] Level 1:colcon.colcon_core.environment:checking '/home/sione/ros2_hull/install/nmea_msgs' for CMake module files
[4.937s] Level 1:colcon.colcon_core.environment:checking '/home/sione/ros2_hull/install/nmea_msgs' for CMake config files
[4.937s] Level 1:colcon.colcon_core.shell:create_environment_hook('nmea_msgs', 'cmake_prefix_path')
[4.938s] INFO:colcon.colcon_core.shell:Creating environment hook '/home/sione/ros2_hull/install/nmea_msgs/share/nmea_msgs/hook/cmake_prefix_path.ps1'
[4.938s] INFO:colcon.colcon_core.shell:Creating environment descriptor '/home/sione/ros2_hull/install/nmea_msgs/share/nmea_msgs/hook/cmake_prefix_path.dsv'
[4.938s] INFO:colcon.colcon_core.shell:Creating environment hook '/home/sione/ros2_hull/install/nmea_msgs/share/nmea_msgs/hook/cmake_prefix_path.sh'
[4.938s] Level 1:colcon.colcon_core.environment:checking '/home/sione/ros2_hull/install/nmea_msgs/lib'
[4.938s] Level 1:colcon.colcon_core.shell:create_environment_hook('nmea_msgs', 'ld_library_path_lib')
[4.938s] INFO:colcon.colcon_core.shell:Creating environment hook '/home/sione/ros2_hull/install/nmea_msgs/share/nmea_msgs/hook/ld_library_path_lib.ps1'
[4.939s] INFO:colcon.colcon_core.shell:Creating environment descriptor '/home/sione/ros2_hull/install/nmea_msgs/share/nmea_msgs/hook/ld_library_path_lib.dsv'
[4.939s] INFO:colcon.colcon_core.shell:Creating environment hook '/home/sione/ros2_hull/install/nmea_msgs/share/nmea_msgs/hook/ld_library_path_lib.sh'
[4.939s] Level 1:colcon.colcon_core.environment:checking '/home/sione/ros2_hull/install/nmea_msgs/bin'
[4.939s] Level 1:colcon.colcon_core.environment:checking '/home/sione/ros2_hull/install/nmea_msgs/lib/pkgconfig/nmea_msgs.pc'
[4.939s] Level 1:colcon.colcon_core.environment:checking '/home/sione/ros2_hull/install/nmea_msgs/lib/python3.10/site-packages'
[4.940s] Level 1:colcon.colcon_core.environment:checking '/home/sione/ros2_hull/install/nmea_msgs/bin'
[4.940s] INFO:colcon.colcon_core.shell:Creating package script '/home/sione/ros2_hull/install/nmea_msgs/share/nmea_msgs/package.ps1'
[4.940s] INFO:colcon.colcon_core.shell:Creating package descriptor '/home/sione/ros2_hull/install/nmea_msgs/share/nmea_msgs/package.dsv'
[4.941s] INFO:colcon.colcon_core.shell:Creating package script '/home/sione/ros2_hull/install/nmea_msgs/share/nmea_msgs/package.sh'
[4.941s] INFO:colcon.colcon_core.shell:Creating package script '/home/sione/ros2_hull/install/nmea_msgs/share/nmea_msgs/package.bash'
[4.941s] INFO:colcon.colcon_core.shell:Creating package script '/home/sione/ros2_hull/install/nmea_msgs/share/nmea_msgs/package.zsh'
[4.942s] Level 1:colcon.colcon_core.environment:create_file_with_runtime_dependencies(/home/sione/ros2_hull/install/nmea_msgs/share/colcon-core/packages/nmea_msgs)
[4.942s] INFO:colcon.colcon_ros.task.ament_python.build:Building ROS package in '/home/sione/ros2_hull/src/nmea_navsat_driver' with build type 'ament_python'
[4.942s] Level 1:colcon.colcon_core.shell:create_environment_hook('nmea_navsat_driver', 'ament_prefix_path')
[4.942s] INFO:colcon.colcon_core.shell:Creating environment hook '/home/sione/ros2_hull/install/nmea_navsat_driver/share/nmea_navsat_driver/hook/ament_prefix_path.ps1'
[4.944s] INFO:colcon.colcon_core.shell:Creating environment descriptor '/home/sione/ros2_hull/install/nmea_navsat_driver/share/nmea_navsat_driver/hook/ament_prefix_path.dsv'
[4.945s] INFO:colcon.colcon_core.shell:Creating environment hook '/home/sione/ros2_hull/install/nmea_navsat_driver/share/nmea_navsat_driver/hook/ament_prefix_path.sh'
[4.946s] INFO:colcon.colcon_core.shell:Skip shell extension 'powershell' for command environment: Not usable outside of PowerShell
[4.946s] DEBUG:colcon.colcon_core.shell:Skip shell extension 'dsv' for command environment
[5.140s] INFO:colcon.colcon_core.task.python.build:Building Python package in '/home/sione/ros2_hull/src/nmea_navsat_driver'
[5.140s] INFO:colcon.colcon_core.shell:Skip shell extension 'powershell' for command environment: Not usable outside of PowerShell
[5.140s] DEBUG:colcon.colcon_core.shell:Skip shell extension 'dsv' for command environment
[5.415s] DEBUG:colcon.colcon_core.event_handler.log_command:Invoking command in '/home/sione/ros2_hull/src/nmea_navsat_driver': AMENT_PREFIX_PATH=/home/sione/ros2_hull/install/nmea_msgs:${AMENT_PREFIX_PATH} CMAKE_PREFIX_PATH=/home/sione/ros2_hull/install/nmea_msgs LD_LIBRARY_PATH=/home/sione/ros2_hull/install/nmea_msgs/lib:${LD_LIBRARY_PATH} PYTHONPATH=/home/sione/ros2_hull/build/nmea_navsat_driver/prefix_override:/usr/lib/python3/dist-packages/colcon_core/task/python/colcon_distutils_commands:/home/sione/ros2_hull/install/nmea_navsat_driver/lib/python3.10/site-packages:/home/sione/ros2_hull/install/nmea_msgs/local/lib/python3.10/dist-packages:${PYTHONPATH} /usr/bin/python3 -W ignore:setup.py install is deprecated -W ignore:easy_install command is deprecated setup.py egg_info --egg-base ../../build/nmea_navsat_driver build --build-base /home/sione/ros2_hull/build/nmea_navsat_driver/build install --record /home/sione/ros2_hull/build/nmea_navsat_driver/install.log --single-version-externally-managed install_data
[5.653s] Level 1:colcon.colcon_core.environment:checking '/home/sione/ros2_hull/install/nmea_navsat_driver' for CMake module files
[5.654s] DEBUG:colcon.colcon_core.event_handler.log_command:Invoked command in '/home/sione/ros2_hull/src/nmea_navsat_driver' returned '0': AMENT_PREFIX_PATH=/home/sione/ros2_hull/install/nmea_msgs:${AMENT_PREFIX_PATH} CMAKE_PREFIX_PATH=/home/sione/ros2_hull/install/nmea_msgs LD_LIBRARY_PATH=/home/sione/ros2_hull/install/nmea_msgs/lib:${LD_LIBRARY_PATH} PYTHONPATH=/home/sione/ros2_hull/build/nmea_navsat_driver/prefix_override:/usr/lib/python3/dist-packages/colcon_core/task/python/colcon_distutils_commands:/home/sione/ros2_hull/install/nmea_navsat_driver/lib/python3.10/site-packages:/home/sione/ros2_hull/install/nmea_msgs/local/lib/python3.10/dist-packages:${PYTHONPATH} /usr/bin/python3 -W ignore:setup.py install is deprecated -W ignore:easy_install command is deprecated setup.py egg_info --egg-base ../../build/nmea_navsat_driver build --build-base /home/sione/ros2_hull/build/nmea_navsat_driver/build install --record /home/sione/ros2_hull/build/nmea_navsat_driver/install.log --single-version-externally-managed install_data
[5.654s] Level 1:colcon.colcon_core.environment:checking '/home/sione/ros2_hull/install/nmea_navsat_driver' for CMake config files
[5.655s] Level 1:colcon.colcon_core.environment:checking '/home/sione/ros2_hull/install/nmea_navsat_driver/lib'
[5.655s] Level 1:colcon.colcon_core.environment:checking '/home/sione/ros2_hull/install/nmea_navsat_driver/bin'
[5.655s] Level 1:colcon.colcon_core.environment:checking '/home/sione/ros2_hull/install/nmea_navsat_driver/lib/pkgconfig/nmea_navsat_driver.pc'
[5.656s] Level 1:colcon.colcon_core.environment:checking '/home/sione/ros2_hull/install/nmea_navsat_driver/lib/python3.10/site-packages'
[5.656s] Level 1:colcon.colcon_core.shell:create_environment_hook('nmea_navsat_driver', 'pythonpath')
[5.656s] INFO:colcon.colcon_core.shell:Creating environment hook '/home/sione/ros2_hull/install/nmea_navsat_driver/share/nmea_navsat_driver/hook/pythonpath.ps1'
[5.657s] INFO:colcon.colcon_core.shell:Creating environment descriptor '/home/sione/ros2_hull/install/nmea_navsat_driver/share/nmea_navsat_driver/hook/pythonpath.dsv'
[5.657s] INFO:colcon.colcon_core.shell:Creating environment hook '/home/sione/ros2_hull/install/nmea_navsat_driver/share/nmea_navsat_driver/hook/pythonpath.sh'
[5.657s] Level 1:colcon.colcon_core.environment:checking '/home/sione/ros2_hull/install/nmea_navsat_driver/bin'
[5.657s] Level 1:colcon.colcon_core.environment:create_environment_scripts_only(nmea_navsat_driver)
[5.658s] INFO:colcon.colcon_core.shell:Creating package script '/home/sione/ros2_hull/install/nmea_navsat_driver/share/nmea_navsat_driver/package.ps1'
[5.658s] INFO:colcon.colcon_core.shell:Creating package descriptor '/home/sione/ros2_hull/install/nmea_navsat_driver/share/nmea_navsat_driver/package.dsv'
[5.658s] INFO:colcon.colcon_core.shell:Creating package script '/home/sione/ros2_hull/install/nmea_navsat_driver/share/nmea_navsat_driver/package.sh'
[5.659s] INFO:colcon.colcon_core.shell:Creating package script '/home/sione/ros2_hull/install/nmea_navsat_driver/share/nmea_navsat_driver/package.bash'
[5.659s] INFO:colcon.colcon_core.shell:Creating package script '/home/sione/ros2_hull/install/nmea_navsat_driver/share/nmea_navsat_driver/package.zsh'
[5.659s] Level 1:colcon.colcon_core.environment:create_file_with_runtime_dependencies(/home/sione/ros2_hull/install/nmea_navsat_driver/share/colcon-core/packages/nmea_navsat_driver)
[5.660s] DEBUG:colcon.colcon_parallel_executor.executor.parallel:closing loop
[5.660s] DEBUG:colcon.colcon_parallel_executor.executor.parallel:loop closed
[5.660s] DEBUG:colcon.colcon_parallel_executor.executor.parallel:run_until_complete finished with '0'
[5.660s] DEBUG:colcon.colcon_core.event_reactor:joining thread
[5.667s] INFO:colcon.colcon_core.plugin_system:Skipping extension 'colcon_notification.desktop_notification.terminal_notifier': Not used on non-Darwin systems
[5.667s] INFO:colcon.colcon_core.plugin_system:Skipping extension 'colcon_notification.desktop_notification.win32': Not used on non-Windows systems
[5.667s] INFO:colcon.colcon_notification.desktop_notification:Sending desktop notification using 'notify2'
[5.676s] DEBUG:colcon.colcon_core.event_reactor:joined thread
[5.677s] INFO:colcon.colcon_core.shell:Creating prefix script '/home/sione/ros2_hull/install/local_setup.ps1'
[5.678s] INFO:colcon.colcon_core.shell:Creating prefix util module '/home/sione/ros2_hull/install/_local_setup_util_ps1.py'
[5.679s] INFO:colcon.colcon_core.shell:Creating prefix chain script '/home/sione/ros2_hull/install/setup.ps1'
[5.680s] INFO:colcon.colcon_core.shell:Creating prefix script '/home/sione/ros2_hull/install/local_setup.sh'
[5.681s] INFO:colcon.colcon_core.shell:Creating prefix util module '/home/sione/ros2_hull/install/_local_setup_util_sh.py'
[5.681s] INFO:colcon.colcon_core.shell:Creating prefix chain script '/home/sione/ros2_hull/install/setup.sh'
[5.682s] INFO:colcon.colcon_core.shell:Creating prefix script '/home/sione/ros2_hull/install/local_setup.bash'
[5.683s] INFO:colcon.colcon_core.shell:Creating prefix chain script '/home/sione/ros2_hull/install/setup.bash'
[5.683s] INFO:colcon.colcon_core.shell:Creating prefix script '/home/sione/ros2_hull/install/local_setup.zsh'
[5.684s] INFO:colcon.colcon_core.shell:Creating prefix chain script '/home/sione/ros2_hull/install/setup.zsh'
