[0.461s] Invoking command in '/home/sione/ros2_hull/src/hull_navigation': AMENT_PREFIX_PATH=/home/sione/ros2_hull/install/nmea_navsat_driver:/home/sione/ros2_hull/install/hull_serial:/home/sione/ros2_hull/install/wheeltec_gps_path:/home/sione/ros2_hull/install/nmea_msgs:/opt/ros/humble CMAKE_PREFIX_PATH=/home/sione/ros2_hull/install/nmea_msgs:/home/sione/ros2_hull/install/wheeltec_gps_path PYTHONPATH=/home/sione/ros2_hull/build/hull_navigation/prefix_override:/usr/lib/python3/dist-packages/colcon_core/task/python/colcon_distutils_commands:/home/sione/ros2_hull/install/hull_navigation/lib/python3.10/site-packages:/home/sione/ros2_hull/install/nmea_navsat_driver/lib/python3.10/site-packages:/home/sione/ros2_hull/install/hull_serial/lib/python3.10/site-packages:/home/sione/ros2_hull/install/nmea_msgs/local/lib/python3.10/dist-packages:/opt/ros/humble/lib/python3.10/site-packages:/opt/ros/humble/local/lib/python3.10/dist-packages /usr/bin/python3 -W ignore:setup.py install is deprecated -W ignore:easy_install command is deprecated setup.py egg_info --egg-base ../../build/hull_navigation build --build-base /home/sione/ros2_hull/build/hull_navigation/build install --record /home/sione/ros2_hull/build/hull_navigation/install.log --single-version-externally-managed install_data
[0.629s] running egg_info
[0.629s] creating ../../build/hull_navigation/hull_navigation.egg-info
[0.630s] writing ../../build/hull_navigation/hull_navigation.egg-info/PKG-INFO
[0.630s] writing dependency_links to ../../build/hull_navigation/hull_navigation.egg-info/dependency_links.txt
[0.630s] writing entry points to ../../build/hull_navigation/hull_navigation.egg-info/entry_points.txt
[0.630s] writing requirements to ../../build/hull_navigation/hull_navigation.egg-info/requires.txt
[0.630s] writing top-level names to ../../build/hull_navigation/hull_navigation.egg-info/top_level.txt
[0.630s] writing manifest file '../../build/hull_navigation/hull_navigation.egg-info/SOURCES.txt'
[0.631s] reading manifest file '../../build/hull_navigation/hull_navigation.egg-info/SOURCES.txt'
[0.632s] writing manifest file '../../build/hull_navigation/hull_navigation.egg-info/SOURCES.txt'
[0.632s] running build
[0.632s] running build_py
[0.632s] creating /home/sione/ros2_hull/build/hull_navigation/build
[0.632s] creating /home/sione/ros2_hull/build/hull_navigation/build/lib
[0.632s] creating /home/sione/ros2_hull/build/hull_navigation/build/lib/hull_navigation
[0.632s] copying hull_navigation/__init__.py -> /home/sione/ros2_hull/build/hull_navigation/build/lib/hull_navigation
[0.632s] running install
[0.633s] running install_lib
[0.633s] creating /home/sione/ros2_hull/install/hull_navigation/lib/python3.10/site-packages/hull_navigation
[0.633s] copying /home/sione/ros2_hull/build/hull_navigation/build/lib/hull_navigation/__init__.py -> /home/sione/ros2_hull/install/hull_navigation/lib/python3.10/site-packages/hull_navigation
[0.634s] byte-compiling /home/sione/ros2_hull/install/hull_navigation/lib/python3.10/site-packages/hull_navigation/__init__.py to __init__.cpython-310.pyc
[0.634s] running install_data
[0.634s] creating /home/sione/ros2_hull/install/hull_navigation/share/ament_index
[0.634s] creating /home/sione/ros2_hull/install/hull_navigation/share/ament_index/resource_index
[0.634s] creating /home/sione/ros2_hull/install/hull_navigation/share/ament_index/resource_index/packages
[0.634s] copying resource/hull_navigation -> /home/sione/ros2_hull/install/hull_navigation/share/ament_index/resource_index/packages
[0.634s] copying package.xml -> /home/sione/ros2_hull/install/hull_navigation/share/hull_navigation
[0.634s] creating /home/sione/ros2_hull/install/hull_navigation/share/hull_navigation/launch
[0.634s] error: can't copy 'launch/navigation.launch.py': doesn't exist or not a regular file
[0.652s] Invoked command in '/home/sione/ros2_hull/src/hull_navigation' returned '1': AMENT_PREFIX_PATH=/home/sione/ros2_hull/install/nmea_navsat_driver:/home/sione/ros2_hull/install/hull_serial:/home/sione/ros2_hull/install/wheeltec_gps_path:/home/sione/ros2_hull/install/nmea_msgs:/opt/ros/humble CMAKE_PREFIX_PATH=/home/sione/ros2_hull/install/nmea_msgs:/home/sione/ros2_hull/install/wheeltec_gps_path PYTHONPATH=/home/sione/ros2_hull/build/hull_navigation/prefix_override:/usr/lib/python3/dist-packages/colcon_core/task/python/colcon_distutils_commands:/home/sione/ros2_hull/install/hull_navigation/lib/python3.10/site-packages:/home/sione/ros2_hull/install/nmea_navsat_driver/lib/python3.10/site-packages:/home/sione/ros2_hull/install/hull_serial/lib/python3.10/site-packages:/home/sione/ros2_hull/install/nmea_msgs/local/lib/python3.10/dist-packages:/opt/ros/humble/lib/python3.10/site-packages:/opt/ros/humble/local/lib/python3.10/dist-packages /usr/bin/python3 -W ignore:setup.py install is deprecated -W ignore:easy_install command is deprecated setup.py egg_info --egg-base ../../build/hull_navigation build --build-base /home/sione/ros2_hull/build/hull_navigation/build install --record /home/sione/ros2_hull/build/hull_navigation/install.log --single-version-externally-managed install_data
